[2026-01-05T04:27:02.865Z] 
🚀 === BATCH FUNCTION ENTRY === 🚀
[2026-01-05T04:27:02.867Z] [BATCH_ENTRY] Function called at: 2026-01-05T04:27:02.867Z
[2026-01-05T04:27:02.868Z] [BATCH_ENTRY] jobName: TDB_BILL
[2026-01-05T04:27:02.868Z] [BATCH_ENTRY] collectionPath: D:\danal-external-api-monitor\collections\Danal_Teledit_v1.0
[2026-01-05T04:27:02.868Z] [BATCH_ENTRY] Function parameters received successfully
[2026-01-05T04:27:02.875Z] 
📂 === FILE FILTERING RESULT === 📂
[2026-01-05T04:27:02.875Z] [FILE_FILTER] Total YAML files found: 10
[2026-01-05T04:27:02.875Z] [FILE_FILTER] After exclude patterns: 9
[2026-01-05T04:27:02.876Z] [FILE_FILTER] Files to process:: [
  "CJH.yaml",
  "Fail_SKL.yaml",
  "KCT.yaml",
  "KT.yaml",
  "KT_MVNO.yaml",
  "LGU+.yaml",
  "LGU+_MVNO.yaml",
  "SKL.yaml",
  "SKT.yaml"
]
[2026-01-05T04:29:45.368Z] 
🚀 === BATCH FUNCTION ENTRY === 🚀
[2026-01-05T04:29:45.369Z] [BATCH_ENTRY] Function called at: 2026-01-05T04:29:45.369Z
[2026-01-05T04:29:45.369Z] [BATCH_ENTRY] jobName: TDB_BILL
[2026-01-05T04:29:45.369Z] [BATCH_ENTRY] collectionPath: D:\danal-external-api-monitor\collections\Danal_Teledit_v1.0
[2026-01-05T04:29:45.369Z] [BATCH_ENTRY] Function parameters received successfully
[2026-01-05T04:29:45.375Z] 
📂 === FILE FILTERING RESULT === 📂
[2026-01-05T04:29:45.376Z] [FILE_FILTER] Total YAML files found: 10
[2026-01-05T04:29:45.376Z] [FILE_FILTER] After exclude patterns: 9
[2026-01-05T04:29:45.376Z] [FILE_FILTER] Files to process:: [
  "CJH.yaml",
  "Fail_SKL.yaml",
  "KCT.yaml",
  "KT.yaml",
  "KT_MVNO.yaml",
  "LGU+.yaml",
  "LGU+_MVNO.yaml",
  "SKL.yaml",
  "SKT.yaml"
]
[2026-01-05T04:34:57.976Z] 
🚀 === BATCH FUNCTION ENTRY === 🚀
[2026-01-05T04:34:57.976Z] [BATCH_ENTRY] Function called at: 2026-01-05T04:34:57.976Z
[2026-01-05T04:34:57.977Z] [BATCH_ENTRY] jobName: TDB_D_CANCEL
[2026-01-05T04:34:57.977Z] [BATCH_ENTRY] collectionPath: D:\danal-external-api-monitor\collections\Danal_Teledit_Cancel_D_v1.0
[2026-01-05T04:34:57.978Z] [BATCH_ENTRY] Function parameters received successfully
[2026-01-05T04:34:57.986Z] 
📂 === FILE FILTERING RESULT === 📂
[2026-01-05T04:34:57.986Z] [FILE_FILTER] Total YAML files found: 10
[2026-01-05T04:34:57.987Z] [FILE_FILTER] After exclude patterns: 9
[2026-01-05T04:34:57.987Z] [FILE_FILTER] Files to process:: [
  "EXPREBILL-BILL_CANCEL.yaml",
  "EXPREBILL-CANCEL-C.yaml",
  "EXPREBILL-CANCEL-P.yaml",
  "EXPREBILL-PARTCANCEL-MVNO.yaml",
  "EXPREBILL-PARTCANCEL.yaml",
  "EXPREBILL-PART_CANCEL-MVNO.yaml",
  "EXPREBILL-PART_CANCEL.yaml",
  "EXPREBILL-PCancel.yaml",
  "Fail_EXPREBILL-PART_CANCEL.yaml"
]
[2026-01-05T06:21:44.759Z] 
🚀 === BATCH FUNCTION ENTRY === 🚀
[2026-01-05T06:21:44.760Z] [BATCH_ENTRY] Function called at: 2026-01-05T06:21:44.760Z
[2026-01-05T06:21:44.760Z] [BATCH_ENTRY] jobName: TDB_BILL
[2026-01-05T06:21:44.761Z] [BATCH_ENTRY] collectionPath: D:\danal-external-api-monitor\collections\Danal_Teledit_v1.0
[2026-01-05T06:21:44.761Z] [BATCH_ENTRY] Function parameters received successfully
[2026-01-05T06:21:44.769Z] 
📂 === FILE FILTERING RESULT === 📂
[2026-01-05T06:21:44.769Z] [FILE_FILTER] Total YAML files found: 10
[2026-01-05T06:21:44.769Z] [FILE_FILTER] After exclude patterns: 9
[2026-01-05T06:21:44.770Z] [FILE_FILTER] Files to process:: [
  "Fail_SKL.yaml",
  "TEST01_SKT.yaml",
  "TEST02_KT.yaml",
  "TEST03_LGU+.yaml",
  "TEST04_CJH.yaml",
  "TEST05_KCT.yaml",
  "TEST06_SKL.yaml",
  "TEST07_KT_MVNO.yaml",
  "TEST08_LGU+_MVNO.yaml"
]
[2026-01-05T06:22:25.857Z] 
🚀 === BATCH FUNCTION ENTRY === 🚀
[2026-01-05T06:22:25.857Z] [BATCH_ENTRY] Function called at: 2026-01-05T06:22:25.857Z
[2026-01-05T06:22:25.858Z] [BATCH_ENTRY] jobName: TDB_D_CANCEL
[2026-01-05T06:22:25.858Z] [BATCH_ENTRY] collectionPath: D:\danal-external-api-monitor\collections\Danal_Teledit_Cancel_D_v1.0
[2026-01-05T06:22:25.859Z] [BATCH_ENTRY] Function parameters received successfully
[2026-01-05T06:22:25.865Z] 
📂 === FILE FILTERING RESULT === 📂
[2026-01-05T06:22:25.865Z] [FILE_FILTER] Total YAML files found: 10
[2026-01-05T06:22:25.866Z] [FILE_FILTER] After exclude patterns: 9
[2026-01-05T06:22:25.866Z] [FILE_FILTER] Files to process:: [
  "TEST01_EXPREBILL-BILL_CANCEL.yaml",
  "TEST02_EXPREBILL-CANCEL-C.yaml",
  "TEST03_EXPREBILL-CANCEL-P.yaml",
  "TEST04_EXPREBILL-PART_CANCEL-MVNO.yaml",
  "TEST05_EXPREBILL-PART_CANCEL.yaml",
  "TEST06_EXPREBILL-PARTCANCEL-MVNO.yaml",
  "TEST07_EXPREBILL-PARTCANCEL.yaml",
  "TEST08_EXPREBILL-PCancel.yaml",
  "TEST09_EXPREBILL-COUPANG_CANCEL.yaml"
]
[2026-01-05T06:23:57.557Z] 
🚀 === BATCH FUNCTION ENTRY === 🚀
[2026-01-05T06:23:57.557Z] [BATCH_ENTRY] Function called at: 2026-01-05T06:23:57.557Z
[2026-01-05T06:23:57.558Z] [BATCH_ENTRY] jobName: TDB_M_CANCEL
[2026-01-05T06:23:57.558Z] [BATCH_ENTRY] collectionPath: D:\danal-external-api-monitor\collections\Danal_Teledit_Cancel_M_v1.0
[2026-01-05T06:23:57.558Z] [BATCH_ENTRY] Function parameters received successfully
[2026-01-05T06:23:57.565Z] 
📂 === FILE FILTERING RESULT === 📂
[2026-01-05T06:23:57.565Z] [FILE_FILTER] Total YAML files found: 9
[2026-01-05T06:23:57.566Z] [FILE_FILTER] After exclude patterns: 8
[2026-01-05T06:23:57.566Z] [FILE_FILTER] Files to process:: [
  "TEST01_EXPREBILL-BILL_CANCEL.yaml",
  "TEST02_EXPREBILL-CANCEL-C.yaml",
  "TEST03_EXPREBILL-CANCEL-P.yaml",
  "TEST04_EXPREBILL-PART_CANCEL.yaml",
  "TEST05_EXPREBILL-PARTCANCEL-MVNO.yaml",
  "TEST06_EXPREBILL-PARTCANCEL.yaml",
  "TEST07_EXPREBILL-PCancel.yaml",
  "TEST09.EXPREBILL-COUPANG_CANCEL.yaml"
]
[2026-01-05T06:33:36.188Z] 
🚀 === BATCH FUNCTION ENTRY === 🚀
[2026-01-05T06:33:36.188Z] [BATCH_ENTRY] Function called at: 2026-01-05T06:33:36.188Z
[2026-01-05T06:33:36.189Z] [BATCH_ENTRY] jobName: TDB_BILL
[2026-01-05T06:33:36.189Z] [BATCH_ENTRY] collectionPath: D:\danal-external-api-monitor\collections\Danal_Teledit_v1.0
[2026-01-05T06:33:36.189Z] [BATCH_ENTRY] Function parameters received successfully
[2026-01-05T06:33:36.197Z] 
📂 === FILE FILTERING RESULT === 📂
[2026-01-05T06:33:36.197Z] [FILE_FILTER] Total YAML files found: 10
[2026-01-05T06:33:36.198Z] [FILE_FILTER] After exclude patterns: 9
[2026-01-05T06:33:36.198Z] [FILE_FILTER] Files to process:: [
  "Fail_SKL.yaml",
  "TEST01_SKT.yaml",
  "TEST02_KT.yaml",
  "TEST03_LGU+.yaml",
  "TEST04_CJH.yaml",
  "TEST05_KCT.yaml",
  "TEST06_SKL.yaml",
  "TEST07_KT_MVNO.yaml",
  "TEST08_LGU+_MVNO.yaml"
]
[2026-01-05T07:35:53.452Z] 
🚀 === BATCH FUNCTION ENTRY === 🚀
[2026-01-05T07:35:53.453Z] [BATCH_ENTRY] Function called at: 2026-01-05T07:35:53.453Z
[2026-01-05T07:35:53.453Z] [BATCH_ENTRY] jobName: TDB_BILL
[2026-01-05T07:35:53.454Z] [BATCH_ENTRY] collectionPath: D:\danal-external-api-monitor\collections\Danal_Teledit_v1.0
[2026-01-05T07:35:53.454Z] [BATCH_ENTRY] Function parameters received successfully
[2026-01-05T07:35:53.462Z] 
📂 === FILE FILTERING RESULT === 📂
[2026-01-05T07:35:53.463Z] [FILE_FILTER] Total YAML files found: 10
[2026-01-05T07:35:53.463Z] [FILE_FILTER] After exclude patterns: 9
[2026-01-05T07:35:53.463Z] [FILE_FILTER] Files to process:: [
  "Fail_SKL.yaml",
  "TEST01_SKT.yaml",
  "TEST02_KT.yaml",
  "TEST03_LGU+.yaml",
  "TEST04_CJH.yaml",
  "TEST05_KCT.yaml",
  "TEST06_SKL.yaml",
  "TEST07_KT_MVNO.yaml",
  "TEST08_LGU+_MVNO.yaml"
]
