[2026. 1. 5. 오후 1:26:07] [INFO] === PM2 헬스체크 데몬 시작 ===
[2026. 1. 5. 오후 1:26:07] [INFO] 대상 프로세스: 2uknow-api-monitor
[2026. 1. 5. 오후 1:26:07] [INFO] 체크 주기: 300초
[2026. 1. 5. 오후 1:26:07] [INFO] HTTP 엔드포인트: http://localhost:3001/
[2026. 1. 5. 오후 1:26:07] [INFO] 연속 실패 허용: 3회
[2026. 1. 5. 오후 1:26:07] [ERROR] 좀비 프로세스 감지! status=online, pid=13084, memory=0
[2026. 1. 5. 오후 1:31:08] [ERROR] 좀비 프로세스 감지! status=online, pid=13084, memory=0
[2026. 1. 5. 오후 1:36:08] [ERROR] 좀비 프로세스 감지! status=online, pid=13864, memory=0
[2026. 1. 5. 오후 1:36:08] [WARN] PM2 데몬 재시작 시도 (전체 리셋)...
[2026. 1. 5. 오후 3:15:21] [INFO] === PM2 헬스체크 데몬 시작 ===
[2026. 1. 5. 오후 3:15:21] [INFO] 대상 프로세스: 2uknow-api-monitor
[2026. 1. 5. 오후 3:15:21] [INFO] 체크 주기: 300초
[2026. 1. 5. 오후 3:15:21] [INFO] HTTP 엔드포인트: http://localhost:3001/
[2026. 1. 5. 오후 3:15:21] [INFO] 연속 실패 허용: 3회
[2026. 1. 5. 오후 3:15:22] [ERROR] 좀비 프로세스 감지! status=online, pid=22780, memory=0
[2026. 1. 5. 오후 3:19:56] [INFO] === PM2 헬스체크 데몬 시작 ===
[2026. 1. 5. 오후 3:19:57] [INFO] 대상 프로세스: 2uknow-api-monitor
[2026. 1. 5. 오후 3:19:57] [INFO] 체크 주기: 300초
[2026. 1. 5. 오후 3:19:57] [INFO] HTTP 엔드포인트: http://localhost:3001/
[2026. 1. 5. 오후 3:19:57] [INFO] 연속 실패 허용: 3회
[2026. 1. 5. 오후 3:19:57] [ERROR] 좀비 프로세스 감지! status=online, pid=22828, memory=0
[2026. 1. 5. 오후 3:24:57] [ERROR] 좀비 프로세스 감지! status=online, pid=23004, memory=0
[2026. 1. 5. 오후 3:29:57] [ERROR] 좀비 프로세스 감지! status=online, pid=23004, memory=0
[2026. 1. 5. 오후 3:29:57] [WARN] PM2 데몬 재시작 시도 (전체 리셋)...
[2026. 1. 5. 오후 3:32:06] [INFO] === PM2 헬스체크 데몬 시작 ===
[2026. 1. 5. 오후 3:32:06] [INFO] 대상 프로세스: 2uknow-api-monitor
[2026. 1. 5. 오후 3:32:06] [INFO] 체크 주기: 300초
[2026. 1. 5. 오후 3:32:06] [INFO] HTTP 엔드포인트: http://localhost:3001/
[2026. 1. 5. 오후 3:32:06] [INFO] 연속 실패 허용: 3회
[2026. 1. 5. 오후 3:32:07] [ERROR] 좀비 프로세스 감지! status=online, pid=24044, memory=0
[2026. 1. 5. 오후 3:34:27] [INFO] === PM2 헬스체크 데몬 시작 ===
[2026. 1. 5. 오후 3:34:27] [INFO] 대상 프로세스: 2uknow-api-monitor
[2026. 1. 5. 오후 3:34:27] [INFO] 체크 주기: 300초
[2026. 1. 5. 오후 3:34:27] [INFO] HTTP 엔드포인트: http://localhost:3001/
[2026. 1. 5. 오후 3:34:27] [INFO] 연속 실패 허용: 3회
[2026. 1. 5. 오후 3:34:27] [ERROR] 좀비 프로세스 감지! status=online, pid=23352, memory=0
[2026. 1. 5. 오후 3:38:55] [INFO] === PM2 헬스체크 데몬 시작 ===
[2026. 1. 5. 오후 3:38:55] [INFO] 대상 프로세스: 2uknow-api-monitor
[2026. 1. 5. 오후 3:38:55] [INFO] 체크 주기: 300초
[2026. 1. 5. 오후 3:38:55] [INFO] HTTP 엔드포인트: http://localhost:3001/
[2026. 1. 5. 오후 3:38:55] [INFO] 연속 실패 허용: 3회
[2026. 1. 5. 오후 3:38:56] [ERROR] 좀비 프로세스 감지! status=online, pid=24844, memory=0
[2026. 1. 5. 오후 3:43:56] [ERROR] 좀비 프로세스 감지! status=online, pid=24844, memory=0
[2026. 1. 5. 오후 3:48:56] [ERROR] 좀비 프로세스 감지! status=online, pid=24844, memory=0
[2026. 1. 5. 오후 3:48:56] [WARN] PM2 데몬 재시작 시도 (전체 리셋)...
[2026. 1. 5. 오후 4:23:27] [INFO] === PM2 헬스체크 데몬 시작 ===
[2026. 1. 5. 오후 4:23:27] [INFO] 대상 프로세스: 2uknow-api-monitor
[2026. 1. 5. 오후 4:23:27] [INFO] 체크 주기: 300초
[2026. 1. 5. 오후 4:23:27] [INFO] HTTP 엔드포인트: http://localhost:3001/
[2026. 1. 5. 오후 4:23:27] [INFO] 연속 실패 허용: 3회
[2026. 1. 5. 오후 4:23:27] [ERROR] 좀비 프로세스 감지! status=online, pid=24152, memory=0
[2026. 1. 5. 오후 4:27:22] [INFO] === PM2 헬스체크 데몬 시작 ===
[2026. 1. 5. 오후 4:27:22] [INFO] 대상 프로세스: 2uknow-api-monitor
[2026. 1. 5. 오후 4:27:22] [INFO] 체크 주기: 300초
[2026. 1. 5. 오후 4:27:22] [INFO] HTTP 엔드포인트: http://localhost:3001/
[2026. 1. 5. 오후 4:27:22] [INFO] 연속 실패 허용: 3회
[2026. 1. 5. 오후 4:27:22] [ERROR] 좀비 프로세스 감지! status=online, pid=23740, memory=0
[2026. 1. 5. 오후 4:32:23] [ERROR] 좀비 프로세스 감지! status=online, pid=22756, memory=0
[2026. 1. 5. 오후 4:37:23] [ERROR] 좀비 프로세스 감지! status=online, pid=22756, memory=0
[2026. 1. 5. 오후 4:37:23] [WARN] PM2 데몬 재시작 시도 (전체 리셋)...
[2026. 1. 5. 오후 4:45:30] [INFO] === PM2 헬스체크 데몬 시작 ===
[2026. 1. 5. 오후 4:45:30] [INFO] 대상 프로세스: 2uknow-api-monitor
[2026. 1. 5. 오후 4:45:30] [INFO] 체크 주기: 300초
[2026. 1. 5. 오후 4:45:30] [INFO] HTTP 엔드포인트: http://localhost:3001/
[2026. 1. 5. 오후 4:45:30] [INFO] 연속 실패 허용: 3회
[2026. 1. 5. 오후 4:45:31] [WARN] HTTP 헬스체크 실패
[2026. 1. 5. 오후 5:30:31] [INFO] 정상 동작 중 - 총 체크: 10, 복구: 0, PID: 15300, Memory: 0MB
[2026. 1. 5. 오후 6:20:31] [INFO] 정상 동작 중 - 총 체크: 20, 복구: 0, PID: 15300, Memory: 0MB
[2026. 1. 5. 오후 7:10:32] [INFO] 정상 동작 중 - 총 체크: 30, 복구: 0, PID: 15300, Memory: 0MB
[2026. 1. 5. 오후 8:00:32] [INFO] 정상 동작 중 - 총 체크: 40, 복구: 0, PID: 15300, Memory: 0MB
[2026. 1. 5. 오후 8:50:32] [INFO] 정상 동작 중 - 총 체크: 50, 복구: 0, PID: 15300, Memory: 0MB
[2026. 1. 5. 오후 9:40:32] [INFO] 정상 동작 중 - 총 체크: 60, 복구: 0, PID: 15300, Memory: 0MB
[2026. 1. 5. 오후 10:30:32] [INFO] 정상 동작 중 - 총 체크: 70, 복구: 0, PID: 15300, Memory: 0MB
[2026. 1. 5. 오후 11:20:32] [INFO] 정상 동작 중 - 총 체크: 80, 복구: 0, PID: 15300, Memory: 0MB
[2026. 1. 6. 오전 12:10:32] [INFO] 정상 동작 중 - 총 체크: 90, 복구: 0, PID: 15300, Memory: 0MB
[2026. 1. 6. 오전 1:00:32] [INFO] 정상 동작 중 - 총 체크: 100, 복구: 0, PID: 15300, Memory: 0MB
[2026. 1. 6. 오전 1:50:32] [INFO] 정상 동작 중 - 총 체크: 110, 복구: 0, PID: 15300, Memory: 0MB
[2026. 1. 6. 오전 2:40:32] [INFO] 정상 동작 중 - 총 체크: 120, 복구: 0, PID: 15300, Memory: 0MB
[2026. 1. 6. 오전 3:30:32] [INFO] 정상 동작 중 - 총 체크: 130, 복구: 0, PID: 15300, Memory: 0MB
[2026. 1. 6. 오전 4:20:32] [INFO] 정상 동작 중 - 총 체크: 140, 복구: 0, PID: 15300, Memory: 0MB
[2026. 1. 6. 오전 5:10:32] [INFO] 정상 동작 중 - 총 체크: 150, 복구: 0, PID: 15300, Memory: 0MB
[2026. 1. 6. 오전 6:00:33] [INFO] 정상 동작 중 - 총 체크: 160, 복구: 0, PID: 15300, Memory: 0MB
[2026. 1. 6. 오전 6:50:33] [INFO] 정상 동작 중 - 총 체크: 170, 복구: 0, PID: 15300, Memory: 0MB
[2026. 1. 6. 오전 7:40:33] [INFO] 정상 동작 중 - 총 체크: 180, 복구: 0, PID: 15300, Memory: 0MB
[2026. 1. 6. 오전 8:30:33] [INFO] 정상 동작 중 - 총 체크: 190, 복구: 0, PID: 15300, Memory: 0MB
[2026. 1. 6. 오전 9:04:32] [INFO] === PM2 헬스체크 데몬 시작 ===
[2026. 1. 6. 오전 9:04:32] [INFO] 대상 프로세스: 2uknow-api-monitor
[2026. 1. 6. 오전 9:04:32] [INFO] 체크 주기: 300초
[2026. 1. 6. 오전 9:04:32] [INFO] HTTP 엔드포인트: http://localhost:3001/
[2026. 1. 6. 오전 9:04:32] [INFO] 연속 실패 허용: 3회
[2026. 1. 6. 오전 9:04:32] [WARN] HTTP 헬스체크 실패
[2026. 1. 6. 오전 9:05:45] [INFO] === PM2 헬스체크 데몬 시작 ===
[2026. 1. 6. 오전 9:05:45] [INFO] 대상 프로세스: 2uknow-api-monitor
[2026. 1. 6. 오전 9:05:45] [INFO] 체크 주기: 300초
[2026. 1. 6. 오전 9:05:45] [INFO] HTTP 엔드포인트: http://localhost:3001/
[2026. 1. 6. 오전 9:05:45] [INFO] 연속 실패 허용: 3회
[2026. 1. 6. 오전 9:26:02] [INFO] === PM2 헬스체크 데몬 시작 ===
[2026. 1. 6. 오전 9:26:02] [INFO] 대상 프로세스: 2uknow-api-monitor
[2026. 1. 6. 오전 9:26:02] [INFO] 체크 주기: 300초
[2026. 1. 6. 오전 9:26:02] [INFO] HTTP 엔드포인트: http://localhost:3001/
[2026. 1. 6. 오전 9:26:02] [INFO] 연속 실패 허용: 3회
[2026. 1. 6. 오전 9:26:31] [INFO] === PM2 헬스체크 데몬 시작 ===
[2026. 1. 6. 오전 9:26:31] [INFO] 대상 프로세스: 2uknow-api-monitor
[2026. 1. 6. 오전 9:26:31] [INFO] 체크 주기: 10800초
[2026. 1. 6. 오전 9:26:31] [INFO] HTTP 엔드포인트: http://localhost:3001/
[2026. 1. 6. 오전 9:26:31] [INFO] 연속 실패 허용: 3회
[2026. 1. 6. 오전 10:22:21] [INFO] === PM2 헬스체크 데몬 시작 ===
[2026. 1. 6. 오전 10:22:21] [INFO] 대상 프로세스: 2uknow-api-monitor
[2026. 1. 6. 오전 10:22:21] [INFO] 체크 주기: 10800초
[2026. 1. 6. 오전 10:22:21] [INFO] HTTP 엔드포인트: http://localhost:3001/
[2026. 1. 6. 오전 10:22:21] [INFO] 연속 실패 허용: 3회
[2026. 1. 6. 오전 10:22:22] [WARN] HTTP 헬스체크 실패
[2026. 1. 6. 오후 2:09:27] [INFO] === PM2 헬스체크 데몬 시작 ===
[2026. 1. 6. 오후 2:09:27] [INFO] 대상 프로세스: 2uknow-api-monitor
[2026. 1. 6. 오후 2:09:27] [INFO] 체크 주기: 10800초
[2026. 1. 6. 오후 2:09:27] [INFO] HTTP 엔드포인트: http://localhost:3001/
[2026. 1. 6. 오후 2:09:27] [INFO] 연속 실패 허용: 3회
[2026. 1. 6. 오후 2:09:27] [WARN] HTTP 헬스체크 실패
[2026. 1. 6. 오후 2:26:47] [INFO] === PM2 헬스체크 데몬 시작 ===
[2026. 1. 6. 오후 2:26:47] [INFO] 대상 프로세스: 2uknow-api-monitor
[2026. 1. 6. 오후 2:26:47] [INFO] 체크 주기: 10800초
[2026. 1. 6. 오후 2:26:47] [INFO] HTTP 엔드포인트: http://localhost:3001/
[2026. 1. 6. 오후 2:26:47] [INFO] 연속 실패 허용: 3회
[2026. 1. 6. 오후 2:26:48] [WARN] HTTP 헬스체크 실패
[2026. 1. 6. 오후 3:05:32] [INFO] === PM2 헬스체크 데몬 시작 ===
[2026. 1. 6. 오후 3:05:32] [INFO] 대상 프로세스: 2uknow-api-monitor
[2026. 1. 6. 오후 3:05:32] [INFO] 체크 주기: 10800초
[2026. 1. 6. 오후 3:05:32] [INFO] HTTP 엔드포인트: http://localhost:3001/
[2026. 1. 6. 오후 3:05:32] [INFO] 연속 실패 허용: 3회
[2026. 1. 6. 오후 3:05:33] [WARN] HTTP 헬스체크 실패
[2026. 1. 7. 오전 10:59:10] [INFO] === PM2 헬스체크 데몬 시작 ===
[2026. 1. 7. 오전 10:59:10] [INFO] 대상 프로세스: 2uknow-api-monitor
[2026. 1. 7. 오전 10:59:10] [INFO] 체크 주기: 10800초
[2026. 1. 7. 오전 10:59:10] [INFO] HTTP 엔드포인트: http://localhost:3001/
[2026. 1. 7. 오전 10:59:10] [INFO] 연속 실패 허용: 3회
[2026. 1. 7. 오전 10:59:11] [WARN] HTTP 헬스체크 실패
[2026. 1. 7. 오후 1:47:00] [INFO] === PM2 헬스체크 데몬 시작 ===
[2026. 1. 7. 오후 1:47:00] [INFO] 대상 프로세스: 2uknow-api-monitor
[2026. 1. 7. 오후 1:47:00] [INFO] 체크 주기: 10800초
[2026. 1. 7. 오후 1:47:00] [INFO] HTTP 엔드포인트: http://localhost:3001/
[2026. 1. 7. 오후 1:47:00] [INFO] 연속 실패 허용: 3회
[2026. 1. 8. 오전 10:00:30] [INFO] === PM2 헬스체크 데몬 시작 ===
[2026. 1. 8. 오전 10:00:30] [INFO] 대상 프로세스: 2uknow-api-monitor
[2026. 1. 8. 오전 10:00:30] [INFO] 체크 주기: 10800초
[2026. 1. 8. 오전 10:00:30] [INFO] HTTP 엔드포인트: http://localhost:3001/
[2026. 1. 8. 오전 10:00:30] [INFO] 연속 실패 허용: 3회
[2026. 1. 8. 오전 10:00:30] [WARN] HTTP 헬스체크 실패
[2026. 1. 8. 오후 3:23:35] [INFO] === PM2 헬스체크 데몬 시작 ===
[2026. 1. 8. 오후 3:23:35] [INFO] 대상 프로세스: 2uknow-api-monitor
[2026. 1. 8. 오후 3:23:35] [INFO] 체크 주기: 10800초
[2026. 1. 8. 오후 3:23:35] [INFO] HTTP 엔드포인트: http://localhost:3001/
[2026. 1. 8. 오후 3:23:35] [INFO] 연속 실패 허용: 3회
[2026. 1. 8. 오후 3:23:36] [WARN] HTTP 헬스체크 실패
