[0mnewman[0m

[0mDanal_CreditRebill_v1.0[0m

â–¡ [0mCP ë° ì •ê¸°ê²°ì œ ìš”ì²­ ì „ì†¡[0m
â”” [0mREADY - BATCH[0m
[33m  â”Œ[39m
[33m[39m[90m  [33mâ”‚[90m [90m`Using "CryptoJS" is deprecated. Use "require('cr[39m
[90m  [33mâ”‚[90m ypto-js')" instead.`[90m[39m
[90m[39m[33m  â””[39m
[33m[39m  [90mPOST[39m [90mhttps://tx-creditcard.danalpay.com/credit/?CPID=A010037544&DATA=wcpoTy27mkzR%2FoCmuhu%2BEL1VevUN6wQgs96fAg0NJdKChw9Ccm7hXXJcj%2FUGj%2Bb8z5dq8TvydwIj3RXPjUXi4PJAgyNbIM2hLz3kcfuDNAuCqSPVhBCpg6V8SYW3jJ%2FZIfE36F%2BlYYpMSgxO77gr%2BDwLH0n%2BtJG7ZAyj6rsqbDI3wCKhX4bzlTMTVKd8c%2BGAYmpCZ3i8%2BtXuuBm6g2NRznUDXGC09xQFVhQa4p6tQyOn5eKksesgLSgIMzKa6kDqC5%2BLzMcAl8IF7qCGgIqWAazfqDqnE0a5U%2BZ8p2HIn%2FENLsoKdJRXIlRiPnCOj5yDVfIQWasCSQLbccOu1NheelnZWQGZ5rGm%2FTC5F8i9Vs5%2BjHsIKtlMOIqeb%2BdxblE4thUJb9NDu3NPdadnhpnr9g%3D%3D[39m  
  200 OK [90mâ˜…[39m 118ms [90mtime[39m [90mâ˜…[39m 795B[90mâ†‘[39m 996B[90mâ†“[39m [90msize[39m [90mâ˜…[39m 9[90mâ†‘[39m 5[90mâ†“[39m [90mheaders[39m [90mâ˜…[39m 0 [90mcookies[39m
  [37mâ”Œ[39m [37mâ†“[39m text/plain [90mâ˜…[39m text [90mâ˜…[39m plain [90mâ˜…[39m euc-kr [90mâ˜…[39m 781B
[90m  [37mâ”‚[90m DATA=bH6El5elON5883LB3RlfF1OF1H8eZTXv49wXL8%2FAVeUPd%2[39m
[90m  [37mâ”‚[90m BK0HnOxWTiKRFfoHkbh44XuFo%2F1YFe43srRQ4OJOxhLs95VAra5s[39m
[90m  [37mâ”‚[90m %2FVSLkz2ecI5qQP1JD7FiD808s7HiPd47XkJ1NntIGHG7zscw9xj%[39m
[90m  [37mâ”‚[90m 2BVCwn6DBWwUp6MCj6IV2iOZ2KG3gK1bgHf1xwraOtw7tydElcIKre[39m
[90m  [37mâ”‚[90m 2%2FyamZxs3MpscwtoD7aeJz%2BfUAvqvrdqQdqMLhtf2gpIHj3GKE[39m
[90m  [37mâ”‚[90m 1W83jffC8EPzqrUnXuz6dwt7mD77qVKhfB4LDnre2ryJ8vqjnseP8U[39m
[90m  [37mâ”‚[90m iC2JxXNuCrjangu8XsdK6gCmcDAhxPqwZJXwXXhK8G9C3cSBGdok2X[39m
[90m  [37mâ”‚[90m %2BSdYFcpY2iCdVN4B%2FINSoUr8iSNFNQHYZP3relRKBnyqAhBReq[39m
[90m  [37mâ”‚[90m OyHLU6rT%2F1shJahT%2BDDp%2Fu4FeaSfquYjFprydHgOdBooDwCZ[39m
[90m  [37mâ”‚[90m Bhf1MTexyz5rLpItz%2BOBQ0gRUkZawdfU2XXMPM2rXR1sb7gXOzG8[39m
[90m  [37mâ”‚[90m hCzGYcgBUnJjiBcsR%2FfOj41r30NuNUWPpaZaoxT0k%2F179m6KuV[39m
[90m  [37mâ”‚[90m qOg95ocj34R3VTC17JU5iW3l73oHsXkK13FVdY6i%2B60wY3qbhnva[39m
[90m  [37mâ”‚[90m mIzKErWnvNMKODLVP76RaKpUvzFYKC%2F%2BqufK76pOg2py5%2FNK[39m
[90m  [37mâ”‚[90m uhQutpjXX1EggpswnL%2FE9jWWJ%2B%2Bm0uEzyXu8zmV26a4wCNJS[39m
[90m  [37mâ”‚[90m 0XkOJsCVKeKciKs8Isg%3D%3D[39m
[90m[39m[37m  â””[39m
  [37mprepare[39m   [37mwait[39m   [37mdns-lookup[39m   [37mtcp-handshake[39m   [37mssl-handshake[39m   [37mtransfer-start[39m   [37mdownload[39m   [37mprocess[39m   [37mtotal[39m 
  [90m5ms[39m       [90m18ms[39m   [90m37ms[39m         [90m3ms[39m             [90m9ms[39m             [90m44ms[39m             [90m3ms[39m        [90m187Âµs[39m     [90m122ms[39m 

[33m  â”Œ[39m
[33m[39m[90m  [33mâ”‚[90m [90m`Using "CryptoJS" is deprecated. Use "require('cr[39m
[90m  [33mâ”‚[90m ypto-js')" instead.`[90m[39m
[90m[39m[90m  [90mâ”‚[90m [90m'ë³µí˜¸í™” ê²°ê³¼ : '[90m[37m, [90m[90m'RETURNCODE=0000[39m
[90m  [90mâ”‚[90m &RETURNMSG=%BC%BA%B0%F8&STARTURL=https%3A%2F%2Fcheckou[39m
[90m  [90mâ”‚[90m t.teledit.com%2Fcreditcard_recurring%2Fweb&TID=2026010[39m
[90m  [90mâ”‚[90m 61905038598743400&ORDERID=&STARTPARAMS=4q3MUdEXw%2Ft4R[39m
[90m  [90mâ”‚[90m CqJf7Xl4aYFUdUW81bBSi3gc0lip%2FkDz0FtAv%2BRV4GT3WMDzlM[39m
[90m  [90mâ”‚[90m PbJMOI3PhXcKYzF0ebcWy%2FxjyahXw8C7uQJYC1Tta3eb1ZCinr5O[39m
[90m  [90mâ”‚[90m 7cP17t%2BWvYUyPdzYCyzWTujVhH%2B8qH4jKHkaLGuyrglhQylrtJ[39m
[90m  [90mâ”‚[90m EHco7lUi2Fr4%2Fo4RtWMiuIXbdCgYH0LKukmh2nSwHvHAN36AA9S7[39m
[90m  [90mâ”‚[90m T8qmR48aSzqTG19VKV7APCJPeJAwsrH02WcPqEBTlPWzwc1OclTWY7[39m
[90m  [90mâ”‚[90m anntlk2rcr6OBNoSWz6Q7z9%2F5pDoSxYpF%2FTNvzcQkBtv4nH8hO[39m
[90m  [90mâ”‚[90m 7hkAf2SzBVPBLl16QvhkA%3D%3D&AMOUNT=301'[90m[39m
[90m[39m[90m  [90mâ”‚[90m [90m'STARTURL(ë””ì½”ë”©):'[90m[37m, [90m[90m'https://ch[39m
[90m  [90mâ”‚[90m eckout.teledit.com/creditcard_recurring/web'[90m[39m
[90m[39m[90m  â””[39m
[90m[39m[32m  âˆš [39m [90mê²°ê³¼ì½”ë“œ(RETURNCODE) ì •ìƒì¶œë ¥[39m
[32m  âˆš [39m [90mê²°ê³¼ë©”ì‹œì§€(RETURNMSG) ì •ìƒì¶œë ¥[39m
[32m  âˆš [39m [90mì •ê¸°ê²°ì œ ì´ˆê¸°ì¸ì¦ í‘œì¤€í˜ì´ì§€ ì‹œì‘ URL(STARTURL) ì •ìƒì¶œë ¥[39m
[32m  âˆš [39m [90më‹¤ë‚  ê±°ë˜ í‚¤(TID) ì •ìƒì¶œë ¥[39m
[32m  âˆš [39m [90mê°€ë§¹ì  ì£¼ë¬¸ë²ˆí˜¸(ORDERID) ë¹ˆê°’ í™•ì¸[39m
[32m  âˆš [39m [90mìœ„ í‘œì¤€í˜ì´ì§€ ì‹œì‘ URL ì „ì†¡ íŒŒë¼ë¯¸í„°(STARTPARAMS) ì •ìƒì¶œë ¥[39m
[32m  âˆš [39m [90mê²°ì œê¸ˆì•¡(AMOUNT) ì •ìƒì¶œë ¥[39m

â”” [0mREADY - DANALCARD[0m
[33m  â”Œ[39m
[33m[39m[90m  [33mâ”‚[90m [90m`Using "CryptoJS" is deprecated. Use "require('cr[39m
[90m  [33mâ”‚[90m ypto-js')" instead.`[90m[39m
[90m[39m[33m  â””[39m
[33m[39m  [90mPOST[39m [90mhttps://tx-creditcard.danalpay.com/credit/?CPID=A010037544&DATA=wcpoTy27mkzR%2FoCmuhu%2BEL1VevUN6wQgs96fAg0NJdKChw9Ccm7hXXJcj%2FUGj%2Bb8z5dq8TvydwIj3RXPjUXi4PJAgyNbIM2hLz3kcfuDNAsCL18rdUmVCzFjEXB9wjgQ82IteFWZK11Um66aaXg9%2BmJBA%2BzStWEMjr0dSocIEm%2Bbu9cYhIHHrFuuMeAbp0%2FaOn9YPjFswBAcVkFCl4MZNYRXi9%2BMiA7xwR%2FFNE00HJ0pC21O5yf5imQNizmVqk2bD03K20FpT3Fs3h%2FUCOJ0UXofslr6lyNGsyvb6DemiNcWC4LE3zCDhJmfdiJa9ITHGb2ToWrxU2XD3B50so4Ru4EZtRrOIrbszRI9doqcDx5dZKeCsMBh%2Ff1PMU0qTPX5ctV%2BHYz%2F289vKWnUu4B9CA%3D%3D[39m  
  200 OK [90mâ˜…[39m 33ms [90mtime[39m [90mâ˜…[39m 822B[90mâ†‘[39m 902B[90mâ†“[39m [90msize[39m [90mâ˜…[39m 10[90mâ†‘[39m 4[90mâ†“[39m [90mheaders[39m [90mâ˜…[39m 0 [90mcookies[39m
  [37mâ”Œ[39m [37mâ†“[39m text/plain [90mâ˜…[39m text [90mâ˜…[39m plain [90mâ˜…[39m euc-kr [90mâ˜…[39m 769B
[90m  [37mâ”‚[90m DATA=bH6El5elON5883LB3RlfF1OF1H8eZTXv49wXL8%2FAVeUPd%2[39m
[90m  [37mâ”‚[90m BK0HnOxWTiKRFfoHkbh44XuFo%2F1YFe43srRQ4OJOxhLs95VAra5s[39m
[90m  [37mâ”‚[90m %2FVSLkz2ecI5qQP1JD7FiD808s7HiPd4aiFvBjr3qYozdHQ5Xzgj5[39m
[90m  [37mâ”‚[90m H%2Fpl6lIcRETthrbw%2F52NFCT3PG3XayUVHrFQja3mSZq3WcSG4%[39m
[90m  [37mâ”‚[90m 2F9GWI7uTEMWgJG8EKjbnS%2BiZw1fXHaOj1eT9v0hCdipe1aHRz0z[39m
[90m  [37mâ”‚[90m yGfP6lvWdhFBEPcB%2Fgod4lbWkOmLkN9e1u%2BYO3qgLYcXWO2Bm4[39m
[90m  [37mâ”‚[90m eSROyRspJEPGIz1uXk8Ssc%2B3b4qtlQ7uZ6t5Do7nVNPVh3lYBTV5[39m
[90m  [37mâ”‚[90m pmYKOQdlLPLXQQi6VxIg9epz3M2YatJRA%2FTJH8YqmXFUvseQ8G%2[39m
[90m  [37mâ”‚[90m F5y9ZYWWcKGQir3q0jo7SkRGM9ykLVufJyauIUIhYV3gBoOcaZUJex[39m
[90m  [37mâ”‚[90m cddbduhCIqcdTplbcoghtgsPPbizc5nD8ENHOwJld5SGwFHULUpYAl[39m
[90m  [37mâ”‚[90m qgNTtbPFRTqX6lzXJMAW8vvkhoc6ucXNaZwA710cHU9I8OgGJZbMUz[39m
[90m  [37mâ”‚[90m gyUZJN%2FzhWw1geBNvJC59fNLGeXEBgdxBamGWj8MLjLddEUotpCB[39m
[90m  [37mâ”‚[90m 9VxFzBRZohN4uDknltYi435iyisuQWiWZzmxtl8aNJ5rl%2F0i0Udb[39m
[90m  [37mâ”‚[90m HazW68muZc5qMmgqps8S9C2ZQ0ZydxZ0t3XFOWyDHxcX%2BlsYxU7p[39m
[90m  [37mâ”‚[90m PIoyl8Q%3D%3D[39m
[90m[39m[37m  â””[39m
  [37mprepare[39m   [37mwait[39m    [37mdns-lookup[39m   [37mtcp-handshake[39m   [37mssl-handshake[39m   [37mtransfer-start[39m   [37mdownload[39m   [37mprocess[39m   [37mtotal[39m 
  [90m615Âµs[39m     [90m351Âµs[39m   [90m(cache)[39m      [90m(cache)[39m         [90m(cache)[39m         [90m31ms[39m             [90m750Âµs[39m      [90m37Âµs[39m      [90m32ms[39m  

[33m  â”Œ[39m
[33m[39m[90m  [33mâ”‚[90m [90m`Using "CryptoJS" is deprecated. Use "require('cr[39m
[90m  [33mâ”‚[90m ypto-js')" instead.`[90m[39m
[90m[39m[90m  [90mâ”‚[90m [90m'ë³µí˜¸í™” ê²°ê³¼ : '[90m[37m, [90m[90m'RETURNCODE=0000[39m
[90m  [90mâ”‚[90m &RETURNMSG=%BC%BA%B0%F8&STARTURL=https%3A%2F%2Fcheckou[39m
[90m  [90mâ”‚[90m t.teledit.com%2Fcreditcard_std%2Fweb&TID=2026010619050[39m
[90m  [90mâ”‚[90m 41038753400&ORDERID=&STARTPARAMS=4q3MUdEXw%2Ft4RCqJf7X[39m
[90m  [90mâ”‚[90m l4aYFUdUW81bBSi3gc0lip%2FlSPpmy43rt2Dn8xVzG%2BdE7fsVIr[39m
[90m  [90mâ”‚[90m ZH7xCriun%2BsjxlyIQOJ5wdcHwBQV2t5mzx5U3sjuvHc9Q8Vw%2Bj[39m
[90m  [90mâ”‚[90m pCJEwDzGJwloBY8ZOUe1RHDIReFOkZp8Qe1iN37aDOekYJCvIKt27k[39m
[90m  [90mâ”‚[90m ZygB3m2oC%2Flv7H7zHMJdVYbJb3aVNkHjpU49DPaKcNatVWWQv9Yj[39m
[90m  [90mâ”‚[90m %2BhjIZpfx5S2pR9Vf5z1XYuuwM3hacfIFpHxm7c2zusc%2Fpt4zBu[39m
[90m  [90mâ”‚[90m jhJ0wuSGFHaaSTIQiij8kbaw54hRNY7lPKJlTnOOcxyhRIkmFrWBOO[39m
[90m  [90mâ”‚[90m jlG53cIIS5aEw%3D%3D&AMOUNT=301'[90m[39m
[90m[39m[90m  [90mâ”‚[90m [90m'STARTURL(ë””ì½”ë”©):'[90m[37m, [90m[90m'https://ch[39m
[90m  [90mâ”‚[90m eckout.teledit.com/creditcard_std/web'[90m[39m
[90m[39m[90m  â””[39m
[90m[39m[32m  âˆš [39m [90mê²°ê³¼ì½”ë“œ(RETURNCODE) ì •ìƒì¶œë ¥[39m
[32m  âˆš [39m [90mê²°ê³¼ë©”ì‹œì§€(RETURNMSG) ì •ìƒì¶œë ¥[39m
[32m  âˆš [39m [90mì •ê¸°ê²°ì œ ì´ˆê¸°ì¸ì¦ í‘œì¤€í˜ì´ì§€ ì‹œì‘ URL(STARTURL) ì •ìƒì¶œë ¥[39m
[32m  âˆš [39m [90më‹¤ë‚  ê±°ë˜ í‚¤(TID) ì •ìƒì¶œë ¥[39m
[32m  âˆš [39m [90mê°€ë§¹ì  ì£¼ë¬¸ë²ˆí˜¸(ORDERID) ë¹ˆê°’ í™•ì¸[39m
[32m  âˆš [39m [90mìœ„ í‘œì¤€í˜ì´ì§€ ì‹œì‘ URL ì „ì†¡ íŒŒë¼ë¯¸í„°(STARTPARAMS) ì •ìƒì¶œë ¥[39m
[32m  âˆš [39m [90mê²°ì œê¸ˆì•¡(AMOUNT) ì •ìƒì¶œë ¥[39m

â–¡ [0mì´ˆê¸° ì¸ì¦ ê²°ì œ ìš”ì²­[0m
â”” [0mISSUEBILLKEY[0m
[33m  â”Œ[39m
[33m[39m[90m  [33mâ”‚[90m [90m`Using "CryptoJS" is deprecated. Use "require('cr[39m
[90m  [33mâ”‚[90m ypto-js')" instead.`[90m[39m
[90m[39m[33m  â””[39m
[33m[39m  [90mPOST[39m [90mhttps://tx-creditcard.danalpay.com/credit/?CPID=A010037544&DATA=8kvDIwvdID7NWcBMND4uDXHvMUqO25iIdKkD6XH4VkTYfgoBPJqjGpr15Fqq4CCxlzQc11Pn06IJSodR9hnt4%2FgbXDCdFcZ2uADRjw%2Fvh8Q%3D[39m  
  200 OK [90mâ˜…[39m 23ms [90mtime[39m [90mâ˜…[39m 496B[90mâ†‘[39m 306B[90mâ†“[39m [90msize[39m [90mâ˜…[39m 10[90mâ†‘[39m 4[90mâ†“[39m [90mheaders[39m [90mâ˜…[39m 0 [90mcookies[39m
  [37mâ”Œ[39m [37mâ†“[39m text/plain [90mâ˜…[39m text [90mâ˜…[39m plain [90mâ˜…[39m euc-kr [90mâ˜…[39m 173B
[90m  [37mâ”‚[90m DATA=fu6S2rILK1%2FE0lgEyKGQ3as6kEkKer8HBmYwPlLTQPqeWeo[39m
[90m  [37mâ”‚[90m 0taLjoIqY3nt5M9Ain9%2FdSrney5Xk7N8rrXeDatXmX3cBkW8AK%2[39m
[90m  [37mâ”‚[90m Fhur103JCPk%2FgnHIfgkNuxsIeQFSvIfI%2FH1JTi7tWOoc%2BmgT[39m
[90m  [37mâ”‚[90m 3dcXA%3D%3D[39m
[90m[39m[37m  â””[39m
  [37mprepare[39m   [37mwait[39m    [37mdns-lookup[39m   [37mtcp-handshake[39m   [37mssl-handshake[39m   [37mtransfer-start[39m   [37mdownload[39m   [37mprocess[39m   [37mtotal[39m 
  [90m490Âµs[39m     [90m142Âµs[39m   [90m(cache)[39m      [90m(cache)[39m         [90m(cache)[39m         [90m21ms[39m             [90m492Âµs[39m      [90m23Âµs[39m      [90m22ms[39m  

[33m  â”Œ[39m
[33m[39m[90m  [33mâ”‚[90m [90m`Using "CryptoJS" is deprecated. Use "require('cr[39m
[90m  [33mâ”‚[90m ypto-js')" instead.`[90m[39m
[90m[39m[90m  [90mâ”‚[90m [90m'ë³µí˜¸í™” ê²°ê³¼ : '[90m[37m, [90m[90m'RETURNCODE=1104[39m
[90m  [90mâ”‚[90m &RETURNMSG=%C1%B8%C0%E7%C7%CF%C1%F6+%BE%CA%B4%C2+%B0%C[39m
[90m  [90mâ”‚[90m 5%B7%A1+%C0%D4%B4%CF%B4%D9.'[90m[39m
[90m[39m[90m  â””[39m
[90m[39m[32m  âˆš [39m [90mê²°ê³¼ì½”ë“œ(RETURNCODE) : 1104 ì¶œë ¥[39m
[32m  âˆš [39m [90mê²°ê³¼ë©”ì„¸ì§€(RETURNMSG) : ì¡´ì¬í•˜ì§€ ì•ŠëŠ” ê±°ë˜ì…ë‹ˆë‹¤. ì¶œë ¥[39m

â–¡ [0mì‚¼ì„±ì¹´ë“œ[0m
â”” [0mì •ê¸°ê²°ì œ ìš”ì²­ (OTBILL)[0m
[33m  â”Œ[39m
[33m[39m[90m  [33mâ”‚[90m [90m`Using "CryptoJS" is deprecated. Use "require('cr[39m
[90m  [33mâ”‚[90m ypto-js')" instead.`[90m[39m
[90m[39m[33m  â””[39m
[33m[39m  [90mPOST[39m [90mhttps://tx-creditcard.danalpay.com/credit/?CPID=A010037544&DATA=wcpoTy27mkzR%2FoCmuhu%2BEL1VevUN6wQgs96fAg0NJdKChw9Ccm7hXXJcj%2FUGj%2Bb8z5dq8TvydwIj3RXPjUXi4KzQHH0ZG0DZA03Udge2eI0IsrkEsoTSxKLbYyq5iCvbykTt6GhW9hCDbp8fHC1zGJEYvBJNsjEqz2X9zw2JzccrERjqayECmibASVLCFcu3mtMwnyeSqsDkh6Ok0RVNhbkzCgrGZvyWLuE0qblstQgkt2NYUzE21ScHAo%2BsYJOcT3xCtYEislZjbacyD1Wou68o56siY3%2FOkdyV%2FLh5ZjM%3D[39m  
  200 OK [90mâ˜…[39m 1574ms [90mtime[39m [90mâ˜…[39m 698B[90mâ†‘[39m 618B[90mâ†“[39m [90msize[39m [90mâ˜…[39m 10[90mâ†‘[39m 4[90mâ†“[39m [90mheaders[39m [90mâ˜…[39m 0 [90mcookies[39m
  [37mâ”Œ[39m [37mâ†“[39m text/plain [90mâ˜…[39m text [90mâ˜…[39m plain [90mâ˜…[39m euc-kr [90mâ˜…[39m 485B
[90m  [37mâ”‚[90m DATA=bH6El5elON5883LB3RlfF1OF1H8eZTXv49wXL8%2FAVeUOrT2[39m
[90m  [37mâ”‚[90m zbTtZtAh642sVeJ6SinzZOuh%2FIZ8I4udqbGHtBkhgdi%2BMdWuDR[39m
[90m  [37mâ”‚[90m W9eksHgWID6g3MaXDA3HUEbZhyrvu8H87BqwZI5XbWtiGcEmClR7R5[39m
[90m  [37mâ”‚[90m cYT2dvuRRyT1D%2B1LRszPaaZj%2BqpJmf2h1lSvE1BeCFba29Oa8W[39m
[90m  [37mâ”‚[90m vrQvmId0DLxect6%2BriJVyJa4L%2FzPg8C4HOFosHqOy8dxguJRow[39m
[90m  [37mâ”‚[90m l50NaMe0cNtNwWF7OGGdP%2FxIzMhA73t%2FOSlO8I6U3R2q4fJBCN[39m
[90m  [37mâ”‚[90m Wfije5iNi6bGJxYOHligTfmiBkUWqVI%2BhtXUY%2BTAsZ8FgtQBJb[39m
[90m  [37mâ”‚[90m T%2B5C2q4PZ7fz7VAz3%2FfdH10chBXR3DqzVsIajcIBUVCWfElqjC[39m
[90m  [37mâ”‚[90m DjAu5gNNLuj1PZ1hLViODbA3%2BdVK%2FyVsHTiHYQG9Vg%2B6M8j[39m
[90m[39m[37m  â””[39m
  [37mprepare[39m   [37mwait[39m    [37mdns-lookup[39m   [37mtcp-handshake[39m   [37mssl-handshake[39m   [37mtransfer-start[39m   [37mdownload[39m   [37mprocess[39m   [37mtotal[39m  
  [90m589Âµs[39m     [90m206Âµs[39m   [90m(cache)[39m      [90m(cache)[39m         [90m(cache)[39m         [90m1572ms[39m           [90m738Âµs[39m      [90m34Âµs[39m      [90m1574ms[39m 

[33m  â”Œ[39m
[33m[39m[90m  [33mâ”‚[90m [90m`Using "CryptoJS" is deprecated. Use "require('cr[39m
[90m  [33mâ”‚[90m ypto-js')" instead.`[90m[39m
[90m[39m[90m  [90mâ”‚[90m [90m'ë³µí˜¸í™” ê²°ê³¼ : '[90m[37m, [90m[90m'RETURNCODE=0000[39m
[90m  [90mâ”‚[90m &RETURNMSG=%BC%BA%B0%F8&CARDCODE=0500&USERPHONE=010854[39m
[90m  [90mâ”‚[90m 02697&QUOTA=00&TRANTIME=190506&TRANDATE=20260106&AMOUN[39m
[90m  [90mâ”‚[90m T=301&ITEMNAME=apiautotest&DEPOSIT_AMT=0&TID=202601061[39m
[90m  [90mâ”‚[90m 905044608783400&ORDERID=01234567&CARDNO=512028******72[39m
[90m  [90mâ”‚[90m 94&CARDAUTHNO=30835268&CARDNAME=%BB%EF%BC%BA%C4%AB%B5%[39m
[90m  [90mâ”‚[90m E5&USERNAME=%EA%B9%3F%3F%3F%3F%3F&USERID=hnkim'[90m[39m
[90m[39m[90m  â””[39m
[90m[39m[32m  âˆš [39m [90mê²°ê³¼ì½”ë“œ(RETURNCODE) ì •ìƒì¶œë ¥[39m
[32m  âˆš [39m [90mê²°ê³¼ë©”ì„¸ì§€(RETURNMSG) ì •ìƒì¶œë ¥[39m
[32m  âˆš [39m [90mì¹´ë“œì‚¬ ì½”ë“œ(CARDCODE ì •ìƒì¶œë ¥[39m
[32m  âˆš [39m [90mêµ¬ë§¤ì ì „í™”ë²ˆí˜¸(USERPHONE) ë¹ˆê°’ í™•ì¸[39m
[32m  âˆš [39m [90mí• ë¶€ ê°œì›” ìˆ˜(QUOTA) ì •ìƒì¶œë ¥[39m
[32m  âˆš [39m [90më§¤ì¶œ ë°œìƒì‹œê°„(TRANTIME) Â±5ì´ˆ ì´ë‚´ ê²€ì¦[39m
[32m  âˆš [39m [90më§¤ì¶œ ë°œìƒì¼ì(TRANDATE) ì •ìƒì¶œë ¥[39m
[32m  âˆš [39m [90mìŠ¹ì¸ê¸ˆì•¡(AMOUNT) ì •ìƒì¶œë ¥[39m
[32m  âˆš [39m [90mìƒí’ˆëª…(ITEMNAME) ì •ìƒì¶œë ¥[39m
[32m  âˆš [39m [90mì»µ ë³´ì¦ê¸ˆ(DEPOSIT_AMT) ì •ìƒì¶œë ¥[39m
[32m  âˆš [39m [90më‹¤ë‚  ê±°ë˜ í‚¤(TID) ì •ìƒì¶œë ¥[39m
[32m  âˆš [39m [90mê°€ë§¹ì  ì£¼ë¬¸ë²ˆí˜¸(ORDERID) ë¹ˆê°’ í™•ì¸[39m
[32m  âˆš [39m [90mì¹´ë“œë²ˆí˜¸(CARDNO) ì •ìƒì¶œë ¥[39m
[32m  âˆš [39m [90mê±°ë˜ ìŠ¹ì¸ ë²ˆí˜¸(CARDAUTHNO) ì •ìƒì¶œë ¥[39m
[32m  âˆš [39m [90mì¹´ë“œì‚¬ ëª…(CARDNAME) ì •ìƒì¶œë ¥[39m
[32m  âˆš [39m [90mêµ¬ë§¤ì ì´ë¦„(USERNAME) ì •ìƒì¶œë ¥[39m
[32m  âˆš [39m [90mêµ¬ë§¤ì ID(USERID) ì •ìƒì¶œë ¥[39m

â”” [0mì¹´ë“œ ìŠ¹ì¸ ì·¨ì†Œ (BILLCANCEL)[0m
[33m  â”Œ[39m
[33m[39m[90m  [33mâ”‚[90m [90m`Using "CryptoJS" is deprecated. Use "require('cr[39m
[90m  [33mâ”‚[90m ypto-js')" instead.`[90m[39m
[90m[39m[33m  â””[39m
[33m[39m  [90mPOST[39m [90mhttps://tx-creditcard.danalpay.com/credit/?CPID=A010037544&DATA=8kvDIwvdID7NWcBMND4uDV8b6RQM6mSWrr2LXo4AX%2Fd5edKu6CAvIognCaj3vUShgY7jwGVk%2B%2FvmPUkE7zu4R0aaqkjCr54agnC6mapoSLd0%2FmAmTXkMJuVrJ1jnRUBO[39m  
  200 OK [90mâ˜…[39m 1418ms [90mtime[39m [90mâ˜…[39m 454B[90mâ†‘[39m 388B[90mâ†“[39m [90msize[39m [90mâ˜…[39m 9[90mâ†‘[39m 4[90mâ†“[39m [90mheaders[39m [90mâ˜…[39m 0 [90mcookies[39m
  [37mâ”Œ[39m [37mâ†“[39m text/plain [90mâ˜…[39m text [90mâ˜…[39m plain [90mâ˜…[39m euc-kr [90mâ˜…[39m 255B
[90m  [37mâ”‚[90m DATA=bH6El5elON5883LB3RlfF1OF1H8eZTXv49wXL8%2FAVeVzhHU[39m
[90m  [37mâ”‚[90m 5sdes40grvKmzi%2BrXHyfSJF3OOBNPKXUfskyl6lxvLnK1BGbLhFF[39m
[90m  [37mâ”‚[90m N%2FfI2uhPQRFGiRURXGzLI8hCkH%2BXDkCWipmCLgi4UBjFrDh9aM[39m
[90m  [37mâ”‚[90m Lg2qOvGAOvRsh2VNe13zbhKPIKwPioZjeEY2ilm8Rh77v68H1eQcnz[39m
[90m  [37mâ”‚[90m 0chvJIU%2FD2D1%2FvmUxVlj5lV0RpktofSw%3D[39m
[90m[39m[37m  â””[39m
  [37mprepare[39m   [37mwait[39m    [37mdns-lookup[39m   [37mtcp-handshake[39m   [37mssl-handshake[39m   [37mtransfer-start[39m   [37mdownload[39m   [37mprocess[39m   [37mtotal[39m  
  [90m520Âµs[39m     [90m178Âµs[39m   [90m(cache)[39m      [90m(cache)[39m         [90m(cache)[39m         [90m1416ms[39m           [90m690Âµs[39m      [90m34Âµs[39m      [90m1417ms[39m 

[33m  â”Œ[39m
[33m[39m[90m  [33mâ”‚[90m [90m`Using "CryptoJS" is deprecated. Use "require('cr[39m
[90m  [33mâ”‚[90m ypto-js')" instead.`[90m[39m
[90m[39m[90m  [90mâ”‚[90m [90m'ë³µí˜¸í™” ê²°ê³¼ : '[90m[37m, [90m[90m'RETURNCODE=0000[39m
[90m  [90mâ”‚[90m &RETURNMSG=%BC%BA%B0%F8&BALANCE=0&O_TID=20260106190504[39m
[90m  [90mâ”‚[90m 4608783400&TID=202601061905061988813400&TRANTIME=19050[39m
[90m  [90mâ”‚[90m 6&TRANDATE=20260106&AMOUNT=301&DEPOSIT_AMT=0'[90m[39m
[90m[39m[90m  â””[39m
[90m[39m[32m  âˆš [39m [90mê²°ê³¼ì½”ë“œ(RETURNCODE) ì •ìƒì¶œë ¥[39m
[32m  âˆš [39m [90mê²°ê³¼ë©”ì„¸ì§€(RETURNMSG) ì •ìƒì¶œë ¥[39m
[32m  âˆš [39m [90mì·¨ì†Œ í›„ ì”ì•¡(BALANCE) ì •ìƒì¶œë ¥[39m
[32m  âˆš [39m [90më‹¤ë‚  ì› ê±°ë˜ í‚¤(O_TID) ì •ìƒì¶œë ¥[39m
[32m  âˆš [39m [90më‹¤ë‚  ê±°ë˜ í‚¤(TID) ì •ìƒì¶œë ¥[39m
[32m  âˆš [39m [90mìŠ¹ì¸ ë°œìƒì‹œê°„(TRANTIME) ì •ìƒì¶œë ¥[39m
[32m  âˆš [39m [90mìŠ¹ì¸ ë°œìƒì¼ì(TRANDATE)[39m
[32m  âˆš [39m [90mìŠ¹ì¸ ì·¨ì†Œ ê¸ˆì•¡(AMOUNT) ì •ìƒì¶œë ¥[39m
[32m  âˆš [39m [90mì»µ ë³´ì¦ê¸ˆ(DEPOSIT_AMT) ì •ìƒì¶œë ¥[39m

â–¡ [0mí˜„ëŒ€ì¹´ë“œ[0m
â”” [0mì •ê¸°ê²°ì œ ìš”ì²­ (OTBILL)[0m
[33m  â”Œ[39m
[33m[39m[90m  [33mâ”‚[90m [90m`Using "CryptoJS" is deprecated. Use "require('cr[39m
[90m  [33mâ”‚[90m ypto-js')" instead.`[90m[39m
[90m[39m[33m  â””[39m
[33m[39m  [90mPOST[39m [90mhttps://tx-creditcard.danalpay.com/credit/?CPID=A010037544&DATA=wcpoTy27mkzR%2FoCmuhu%2BEL1VevUN6wQgs96fAg0NJdKChw9Ccm7hXXJcj%2FUGj%2Bb8z5dq8TvydwIj3RXPjUXi4KzQHH0ZG0DZA03Udge2eI0IsrkEsoTSxKLbYyq5iCvbykTt6GhW9hCDbp8fHC1zGJEYvBJNsjEqz2X9zw2JzceacjSE9wkZ8OEcuyhqS4aTCOgYJsVDSvmkj%2FNDn1RD1w%3D%3D[39m  
  200 OK [90mâ˜…[39m 1362ms [90mtime[39m [90mâ˜…[39m 548B[90mâ†‘[39m 576B[90mâ†“[39m [90msize[39m [90mâ˜…[39m 9[90mâ†‘[39m 4[90mâ†“[39m [90mheaders[39m [90mâ˜…[39m 0 [90mcookies[39m
  [37mâ”Œ[39m [37mâ†“[39m text/plain [90mâ˜…[39m text [90mâ˜…[39m plain [90mâ˜…[39m euc-kr [90mâ˜…[39m 443B
[90m  [37mâ”‚[90m DATA=bH6El5elON5883LB3RlfF1OF1H8eZTXv49wXL8%2FAVeUOrT2[39m
[90m  [37mâ”‚[90m zbTtZtAh642sVeJ6S5FXThRFDGzadCfRKoaJkk27Nama6Wo84QdTlk[39m
[90m  [37mâ”‚[90m StjccoZEi1dshXwcUdfEITo%2FJ87eP%2BBgyivzd4628DcViSMfcD[39m
[90m  [37mâ”‚[90m BLVPmC6xlg%2BPr8%2FkW9NxacwyF06i3%2FbsBhPFZTIE92v2e9PN[39m
[90m  [37mâ”‚[90m DeWcuYoq8FAMF%2BeXjZojDpvuK6poqvRPF6eSqOfG0xMKVe0bBZFO[39m
[90m  [37mâ”‚[90m FrL3K2GOpLOR6Qj7yeqi25%2FnOp3JQJCc%2FZeZEPCm0grzXt7d84[39m
[90m  [37mâ”‚[90m T7pgVFrjFwTWP5t4WCNWsVK3Gq7ddOh4%2B50Qe8VHRGuSqXyammt5[39m
[90m  [37mâ”‚[90m BL%2BpCVUNvhiY7EnAWvZk3%2FUCay7STNro3%2FGXJV97rc2Wz6l9[39m
[90m  [37mâ”‚[90m twGgw%3D%3D[39m
[90m[39m[37m  â””[39m
  [37mprepare[39m   [37mwait[39m    [37mdns-lookup[39m   [37mtcp-handshake[39m   [37mssl-handshake[39m   [37mtransfer-start[39m   [37mdownload[39m   [37mprocess[39m   [37mtotal[39m  
  [90m476Âµs[39m     [90m183Âµs[39m   [90m(cache)[39m      [90m(cache)[39m         [90m(cache)[39m         [90m1360ms[39m           [90m576Âµs[39m      [90m26Âµs[39m      [90m1362ms[39m 

[33m  â”Œ[39m
[33m[39m[90m  [33mâ”‚[90m [90m`Using "CryptoJS" is deprecated. Use "require('cr[39m
[90m  [33mâ”‚[90m ypto-js')" instead.`[90m[39m
[90m[39m[90m  [90mâ”‚[90m [90m'ë³µí˜¸í™” ê²°ê³¼ : '[90m[37m, [90m[90m'RETURNCODE=0000[39m
[90m  [90mâ”‚[90m &RETURNMSG=%BC%BA%B0%F8&CARDCODE=0400&USERPHONE=&QUOTA[39m
[90m  [90mâ”‚[90m =00&TRANTIME=190509&TRANDATE=20260106&AMOUNT=301&ITEMN[39m
[90m  [90mâ”‚[90m AME=apiautotest&DEPOSIT_AMT=0&TID=20260106190507801884[39m
[90m  [90mâ”‚[90m 3400&ORDERID=&CARDNO=403293******4003&CARDAUTHNO=00204[39m
[90m  [90mâ”‚[90m 348&CARDNAME=%C7%F6%B4%EB%C4%AB%B5%E5&USERNAME=&USERID[39m
[90m  [90mâ”‚[90m =hnkim'[90m[39m
[90m[39m[90m  â””[39m
[90m[39m[32m  âˆš [39m [90mê²°ê³¼ì½”ë“œ(RETURNCODE) ì •ìƒì¶œë ¥[39m
[32m  âˆš [39m [90mê²°ê³¼ë©”ì„¸ì§€(RETURNMSG) ì •ìƒì¶œë ¥[39m
[32m  âˆš [39m [90mì¹´ë“œì‚¬ ì½”ë“œ(CARDCODE ì •ìƒì¶œë ¥[39m
[32m  âˆš [39m [90mêµ¬ë§¤ì ì „í™”ë²ˆí˜¸(USERPHONE) ë¹ˆê°’ í™•ì¸[39m
[32m  âˆš [39m [90mí• ë¶€ ê°œì›” ìˆ˜(QUOTA) ì •ìƒì¶œë ¥[39m
[32m  âˆš [39m [90më§¤ì¶œ ë°œìƒì‹œê°„(TRANTIME) Â±5ì´ˆ ì´ë‚´ ê²€ì¦[39m
[32m  âˆš [39m [90më§¤ì¶œ ë°œìƒì¼ì(TRANDATE) ì •ìƒì¶œë ¥[39m
[32m  âˆš [39m [90mìŠ¹ì¸ê¸ˆì•¡(AMOUNT) ì •ìƒì¶œë ¥[39m
[32m  âˆš [39m [90mìƒí’ˆëª…(ITEMNAME) ì •ìƒì¶œë ¥[39m
[32m  âˆš [39m [90mì»µ ë³´ì¦ê¸ˆ(DEPOSIT_AMT) ì •ìƒì¶œë ¥[39m
[32m  âˆš [39m [90më‹¤ë‚  ê±°ë˜ í‚¤(TID) ì •ìƒì¶œë ¥[39m
[32m  âˆš [39m [90mê°€ë§¹ì  ì£¼ë¬¸ë²ˆí˜¸(ORDERID) ë¹ˆê°’ í™•ì¸[39m
[32m  âˆš [39m [90mì¹´ë“œë²ˆí˜¸(CARDNO) ì •ìƒì¶œë ¥[39m
[32m  âˆš [39m [90mê±°ë˜ ìŠ¹ì¸ ë²ˆí˜¸(CARDAUTHNO) ì •ìƒì¶œë ¥[39m
[32m  âˆš [39m [90mì¹´ë“œì‚¬ ëª…(CARDNAME) ì •ìƒì¶œë ¥[39m
[32m  âˆš [39m [90mêµ¬ë§¤ì ì´ë¦„(USERNAME) ì •ìƒì¶œë ¥[39m
[32m  âˆš [39m [90mêµ¬ë§¤ì ID(USERID) ì •ìƒì¶œë ¥[39m

â”” [0mì¹´ë“œ ìŠ¹ì¸ ì·¨ì†Œ (BILLCANCEL)[0m
[33m  â”Œ[39m
[33m[39m[90m  [33mâ”‚[90m [90m`Using "CryptoJS" is deprecated. Use "require('cr[39m
[90m  [33mâ”‚[90m ypto-js')" instead.`[90m[39m
[90m[39m[33m  â””[39m
[33m[39m  [90mPOST[39m [90mhttps://tx-creditcard.danalpay.com/credit/?CPID=A010037544&DATA=8kvDIwvdID7NWcBMND4uDQ%2Be1q7MgSbAppkT2UIst1reBenGNzE4WzyzDoFlE%2FyL%2FpwRrnWtn3%2FtAun7S7aSTQjv3%2BNBPvZfyADbHMmVf1%2FpR4gxH7o0OT3IIAYFpe1Q[39m  
  200 OK [90mâ˜…[39m 1304ms [90mtime[39m [90mâ˜…[39m 458B[90mâ†‘[39m 384B[90mâ†“[39m [90msize[39m [90mâ˜…[39m 9[90mâ†‘[39m 4[90mâ†“[39m [90mheaders[39m [90mâ˜…[39m 0 [90mcookies[39m
  [37mâ”Œ[39m [37mâ†“[39m text/plain [90mâ˜…[39m text [90mâ˜…[39m plain [90mâ˜…[39m euc-kr [90mâ˜…[39m 251B
[90m  [37mâ”‚[90m DATA=bH6El5elON5883LB3RlfF1OF1H8eZTXv49wXL8%2FAVeVzhHU[39m
[90m  [37mâ”‚[90m 5sdes40grvKmzi%2BrXHyfSJF3OOBNPKXUfskyl6rwWUF0ysuQU6oB[39m
[90m  [37mâ”‚[90m Lw9CLh%2BnCmioIMjHCanbJU9z8wzDPJPl6gh1U2Lb9D8L%2BMw6FD[39m
[90m  [37mâ”‚[90m Eqq8jtFTwHxjGtHDz5Qutj9mezlS7tYber4vBnhefBPrv8L89w3rgu[39m
[90m  [37mâ”‚[90m E7FWlocqKtVlRdcrAlCpnkk4O8x8w9Mc%3D[39m
[90m[39m[37m  â””[39m
  [37mprepare[39m   [37mwait[39m    [37mdns-lookup[39m   [37mtcp-handshake[39m   [37mssl-handshake[39m   [37mtransfer-start[39m   [37mdownload[39m   [37mprocess[39m   [37mtotal[39m  
  [90m476Âµs[39m     [90m182Âµs[39m   [90m(cache)[39m      [90m(cache)[39m         [90m(cache)[39m         [90m1303ms[39m           [90m518Âµs[39m      [90m23Âµs[39m      [90m1304ms[39m 

[33m  â”Œ[39m
[33m[39m[90m  [33mâ”‚[90m [90m`Using "CryptoJS" is deprecated. Use "require('cr[39m
[90m  [33mâ”‚[90m ypto-js')" instead.`[90m[39m
[90m[39m[90m  [90mâ”‚[90m [90m'ë³µí˜¸í™” ê²°ê³¼ : '[90m[37m, [90m[90m'RETURNCODE=0000[39m
[90m  [90mâ”‚[90m &RETURNMSG=%BC%BA%B0%F8&BALANCE=0&O_TID=20260106190507[39m
[90m  [90mâ”‚[90m 8018843400&TID=202601061905093058883400&TRANTIME=19050[39m
[90m  [90mâ”‚[90m 9&TRANDATE=20260106&AMOUNT=301&DEPOSIT_AMT=0'[90m[39m
[90m[39m[90m  â””[39m
[90m[39m[32m  âˆš [39m [90mê²°ê³¼ì½”ë“œ(RETURNCODE) ì •ìƒì¶œë ¥[39m
[32m  âˆš [39m [90mê²°ê³¼ë©”ì„¸ì§€(RETURNMSG) ì •ìƒì¶œë ¥[39m
[32m  âˆš [39m [90mì·¨ì†Œ í›„ ì”ì•¡(BALANCE) ì •ìƒì¶œë ¥[39m
[32m  âˆš [39m [90më‹¤ë‚  ì› ê±°ë˜ í‚¤(O_TID) ì •ìƒì¶œë ¥[39m
[32m  âˆš [39m [90më‹¤ë‚  ê±°ë˜ í‚¤(TID) ì •ìƒì¶œë ¥[39m
[32m  âˆš [39m [90mìŠ¹ì¸ ë°œìƒì‹œê°„(TRANTIME) ì •ìƒì¶œë ¥[39m
[32m  âˆš [39m [90mìŠ¹ì¸ ë°œìƒì¼ì(TRANDATE)[39m
[32m  âˆš [39m [90mìŠ¹ì¸ ì·¨ì†Œ ê¸ˆì•¡(AMOUNT) ì •ìƒì¶œë ¥[39m
[32m  âˆš [39m [90mì»µ ë³´ì¦ê¸ˆ(DEPOSIT_AMT) ì •ìƒì¶œë ¥[39m

â–¡ [0mì‹ í•œì¹´ë“œ[0m
â”” [0mì •ê¸°ê²°ì œ ìš”ì²­ (OTBILL)[0m
[33m  â”Œ[39m
[33m[39m[90m  [33mâ”‚[90m [90m`Using "CryptoJS" is deprecated. Use "require('cr[39m
[90m  [33mâ”‚[90m ypto-js')" instead.`[90m[39m
[90m[39m[33m  â””[39m
[33m[39m  [90mPOST[39m [90mhttps://tx-creditcard.danalpay.com/credit/?CPID=A010037544&DATA=wcpoTy27mkzR%2FoCmuhu%2BEL1VevUN6wQgs96fAg0NJdKChw9Ccm7hXXJcj%2FUGj%2Bb8z5dq8TvydwIj3RXPjUXi4KzQHH0ZG0DZA03Udge2eI0IsrkEsoTSxKLbYyq5iCvbykTt6GhW9hCDbp8fHC1zGJEYvBJNsjEqz2X9zw2JzcfXTTxRRh%2BjuC1%2BxTb3aJM2weIs3zf7UG56%2FZflpkMYeg%3D%3D[39m  
  200 OK [90mâ˜…[39m 1476ms [90mtime[39m [90mâ˜…[39m 552B[90mâ†‘[39m 576B[90mâ†“[39m [90msize[39m [90mâ˜…[39m 9[90mâ†‘[39m 4[90mâ†“[39m [90mheaders[39m [90mâ˜…[39m 0 [90mcookies[39m
  [37mâ”Œ[39m [37mâ†“[39m text/plain [90mâ˜…[39m text [90mâ˜…[39m plain [90mâ˜…[39m euc-kr [90mâ˜…[39m 443B
[90m  [37mâ”‚[90m DATA=bH6El5elON5883LB3RlfF1OF1H8eZTXv49wXL8%2FAVeUOrT2[39m
[90m  [37mâ”‚[90m zbTtZtAh642sVeJ6SFDScsYvg4YcySL%2B5NLVNtgajIlwiSgIYcRP[39m
[90m  [37mâ”‚[90m %2BZ35Q5907vs2i0cPUPjBahzQHpvjMyQQ%2Frr%2FZd2Ezel0YRIc[39m
[90m  [37mâ”‚[90m DO2z9GKXbMkWqO2aL2VOJUsw%2FKY1i7fm9%2FFrINnElQgcytJ7u8[39m
[90m  [37mâ”‚[90m giQpP9I5X%2FtO5T%2Bwq6HNE6eBkhZuIPqauB3NhKTPEA3z3w9UZp[39m
[90m  [37mâ”‚[90m RvSaKVtyqrMsRtD8Ux30PPSCbsy9WSnBX1bDIdeKqYy9dKbPVq1xs0[39m
[90m  [37mâ”‚[90m sJOAYtB4Fj1M1%2BJ3tHjmOzHH1CHwEm7BymqHX2ntkHctm5JEo1Pt[39m
[90m  [37mâ”‚[90m 5J5ch4E1kqvY8r3GK1a%2Fjz3gv7P5%2BLGM6qfWnI4j3dc%2BWDzH[39m
[90m  [37mâ”‚[90m 18MjA%3D%3D[39m
[90m[39m[37m  â””[39m
  [37mprepare[39m   [37mwait[39m    [37mdns-lookup[39m   [37mtcp-handshake[39m   [37mssl-handshake[39m   [37mtransfer-start[39m   [37mdownload[39m   [37mprocess[39m   [37mtotal[39m  
  [90m746Âµs[39m     [90m149Âµs[39m   [90m(cache)[39m      [90m(cache)[39m         [90m(cache)[39m         [90m1474ms[39m           [90m606Âµs[39m      [90m25Âµs[39m      [90m1475ms[39m 

[33m  â”Œ[39m
[33m[39m[90m  [33mâ”‚[90m [90m`Using "CryptoJS" is deprecated. Use "require('cr[39m
[90m  [33mâ”‚[90m ypto-js')" instead.`[90m[39m
[90m[39m[90m  [90mâ”‚[90m [90m'ë³µí˜¸í™” ê²°ê³¼ : '[90m[37m, [90m[90m'RETURNCODE=0000[39m
[90m  [90mâ”‚[90m &RETURNMSG=%BC%BA%B0%F8&CARDCODE=0100&USERPHONE=&QUOTA[39m
[90m  [90mâ”‚[90m =00&TRANTIME=190512&TRANDATE=20260106&AMOUNT=301&ITEMN[39m
[90m  [90mâ”‚[90m AME=apiautotest&DEPOSIT_AMT=0&TID=20260106190510783891[39m
[90m  [90mâ”‚[90m 3400&ORDERID=&CARDNO=451842******5446&CARDAUTHNO=47634[39m
[90m  [90mâ”‚[90m 290&CARDNAME=%BD%C5%C7%D1%C4%AB%B5%E5&USERNAME=&USERID[39m
[90m  [90mâ”‚[90m =hnkim'[90m[39m
[90m[39m[90m  â””[39m
[90m[39m[32m  âˆš [39m [90mê²°ê³¼ì½”ë“œ(RETURNCODE) ì •ìƒì¶œë ¥[39m
[32m  âˆš [39m [90mê²°ê³¼ë©”ì„¸ì§€(RETURNMSG) ì •ìƒì¶œë ¥[39m
[32m  âˆš [39m [90mì¹´ë“œì‚¬ ì½”ë“œ(CARDCODE ì •ìƒì¶œë ¥[39m
[32m  âˆš [39m [90mêµ¬ë§¤ì ì „í™”ë²ˆí˜¸(USERPHONE) ë¹ˆê°’ í™•ì¸[39m
[32m  âˆš [39m [90mí• ë¶€ ê°œì›” ìˆ˜(QUOTA) ì •ìƒì¶œë ¥[39m
[32m  âˆš [39m [90më§¤ì¶œ ë°œìƒì‹œê°„(TRANTIME) Â±5ì´ˆ ì´ë‚´ ê²€ì¦[39m
[32m  âˆš [39m [90më§¤ì¶œ ë°œìƒì¼ì(TRANDATE) ì •ìƒì¶œë ¥[39m
[32m  âˆš [39m [90mìŠ¹ì¸ê¸ˆì•¡(AMOUNT) ì •ìƒì¶œë ¥[39m
[32m  âˆš [39m [90mìƒí’ˆëª…(ITEMNAME) ì •ìƒì¶œë ¥[39m
[32m  âˆš [39m [90mì»µ ë³´ì¦ê¸ˆ(DEPOSIT_AMT) ì •ìƒì¶œë ¥[39m
[32m  âˆš [39m [90më‹¤ë‚  ê±°ë˜ í‚¤(TID) ì •ìƒì¶œë ¥[39m
[32m  âˆš [39m [90mê°€ë§¹ì  ì£¼ë¬¸ë²ˆí˜¸(ORDERID) ë¹ˆê°’ í™•ì¸[39m
[32m  âˆš [39m [90mì¹´ë“œë²ˆí˜¸(CARDNO) ì •ìƒì¶œë ¥[39m
[32m  âˆš [39m [90mê±°ë˜ ìŠ¹ì¸ ë²ˆí˜¸(CARDAUTHNO) ì •ìƒì¶œë ¥[39m
[32m  âˆš [39m [90mì¹´ë“œì‚¬ ëª…(CARDNAME) ì •ìƒì¶œë ¥[39m
[32m  âˆš [39m [90mêµ¬ë§¤ì ì´ë¦„(USERNAME) ì •ìƒì¶œë ¥[39m
[32m  âˆš [39m [90mêµ¬ë§¤ì ID(USERID) ì •ìƒì¶œë ¥[39m

â”” [0mì¹´ë“œ ìŠ¹ì¸ ì·¨ì†Œ (BILLCANCEL)[0m
[33m  â”Œ[39m
[33m[39m[90m  [33mâ”‚[90m [90m`Using "CryptoJS" is deprecated. Use "require('cr[39m
[90m  [33mâ”‚[90m ypto-js')" instead.`[90m[39m
[90m[39m[33m  â””[39m
[33m[39m  [90mPOST[39m [90mhttps://tx-creditcard.danalpay.com/credit/?CPID=A010037544&DATA=8kvDIwvdID7NWcBMND4uDUIWKWJC%2FPALXI6rs3xsAjIsp9PGi8N%2B9235VjVqjpDtt6erYSsqGMgZ8aEsiPq661oQvvcSWNMi%2FZzCUSdtMs%2BL6llKjfVaIO%2BQf0iljE47[39m  
  200 OK [90mâ˜…[39m 1397ms [90mtime[39m [90mâ˜…[39m 456B[90mâ†‘[39m 392B[90mâ†“[39m [90msize[39m [90mâ˜…[39m 9[90mâ†‘[39m 4[90mâ†“[39m [90mheaders[39m [90mâ˜…[39m 0 [90mcookies[39m
  [37mâ”Œ[39m [37mâ†“[39m text/plain [90mâ˜…[39m text [90mâ˜…[39m plain [90mâ˜…[39m euc-kr [90mâ˜…[39m 259B
[90m  [37mâ”‚[90m DATA=bH6El5elON5883LB3RlfF1OF1H8eZTXv49wXL8%2FAVeVzhHU[39m
[90m  [37mâ”‚[90m 5sdes40grvKmzi%2BrXHyfSJF3OOBNPKXUfskyl6ttmef%2FzKF53v[39m
[90m  [37mâ”‚[90m twjDhDjlZ6nrcckFu7vLTOnLGxJKWcELwsxSlACNYab8Oi5eYA7Yf1[39m
[90m  [37mâ”‚[90m AnjSah602fmdJvk9nazCxEjS9KP7%2FDcG3%2FdrBmPhnIxkVI7%2F[39m
[90m  [37mâ”‚[90m eyDurg%2Bth06oPr9d5mskxBq6wq7fLcwh%2FU80%3D[39m
[90m[39m[37m  â””[39m
  [37mprepare[39m   [37mwait[39m    [37mdns-lookup[39m   [37mtcp-handshake[39m   [37mssl-handshake[39m   [37mtransfer-start[39m   [37mdownload[39m   [37mprocess[39m   [37mtotal[39m  
  [90m489Âµs[39m     [90m179Âµs[39m   [90m(cache)[39m      [90m(cache)[39m         [90m(cache)[39m         [90m1395ms[39m           [90m504Âµs[39m      [90m42Âµs[39m      [90m1396ms[39m 

[33m  â”Œ[39m
[33m[39m[90m  [33mâ”‚[90m [90m`Using "CryptoJS" is deprecated. Use "require('cr[39m
[90m  [33mâ”‚[90m ypto-js')" instead.`[90m[39m
[90m[39m[90m  [90mâ”‚[90m [90m'ë³µí˜¸í™” ê²°ê³¼ : '[90m[37m, [90m[90m'RETURNCODE=0000[39m
[90m  [90mâ”‚[90m &RETURNMSG=%BC%BA%B0%F8&BALANCE=0&O_TID=20260106190510[39m
[90m  [90mâ”‚[90m 7838913400&TID=202601061905124198973400&TRANTIME=19051[39m
[90m  [90mâ”‚[90m 2&TRANDATE=20260106&AMOUNT=301&DEPOSIT_AMT=0'[90m[39m
[90m[39m[90m  â””[39m
[90m[39m[32m  âˆš [39m [90mê²°ê³¼ì½”ë“œ(RETURNCODE) ì •ìƒì¶œë ¥[39m
[32m  âˆš [39m [90mê²°ê³¼ë©”ì„¸ì§€(RETURNMSG) ì •ìƒì¶œë ¥[39m
[32m  âˆš [39m [90mì·¨ì†Œ í›„ ì”ì•¡(BALANCE) ì •ìƒì¶œë ¥[39m
[32m  âˆš [39m [90më‹¤ë‚  ì› ê±°ë˜ í‚¤(O_TID) ì •ìƒì¶œë ¥[39m
[32m  âˆš [39m [90më‹¤ë‚  ê±°ë˜ í‚¤(TID) ì •ìƒì¶œë ¥[39m
[32m  âˆš [39m [90mìŠ¹ì¸ ë°œìƒì‹œê°„(TRANTIME) ì •ìƒì¶œë ¥[39m
[32m  âˆš [39m [90mìŠ¹ì¸ ë°œìƒì¼ì(TRANDATE)[39m
[32m  âˆš [39m [90mìŠ¹ì¸ ì·¨ì†Œ ê¸ˆì•¡(AMOUNT) ì •ìƒì¶œë ¥[39m
[32m  âˆš [39m [90mì»µ ë³´ì¦ê¸ˆ(DEPOSIT_AMT) ì •ìƒì¶œë ¥[39m

â–¡ [0më†í˜‘ì¹´ë“œ[0m
â”” [0mì •ê¸°ê²°ì œ ìš”ì²­ (OTBILL)[0m
[33m  â”Œ[39m
[33m[39m[90m  [33mâ”‚[90m [90m`Using "CryptoJS" is deprecated. Use "require('cr[39m
[90m  [33mâ”‚[90m ypto-js')" instead.`[90m[39m
[90m[39m[33m  â””[39m
[33m[39m  [90mPOST[39m [90mhttps://tx-creditcard.danalpay.com/credit/?CPID=A010037544&DATA=wcpoTy27mkzR%2FoCmuhu%2BEL1VevUN6wQgs96fAg0NJdKChw9Ccm7hXXJcj%2FUGj%2Bb8z5dq8TvydwIj3RXPjUXi4KzQHH0ZG0DZA03Udge2eI0IsrkEsoTSxKLbYyq5iCvbykTt6GhW9hCDbp8fHC1zGJEYvBJNsjEqz2X9zw2JzcfqMk1YAIjfTKOzEfoXN7bENBxmDICbQksXQP2fAKPCnw%3D%3D[39m  
  200 OK [90mâ˜…[39m 1579ms [90mtime[39m [90mâ˜…[39m 546B[90mâ†‘[39m 570B[90mâ†“[39m [90msize[39m [90mâ˜…[39m 9[90mâ†‘[39m 4[90mâ†“[39m [90mheaders[39m [90mâ˜…[39m 0 [90mcookies[39m
  [37mâ”Œ[39m [37mâ†“[39m text/plain [90mâ˜…[39m text [90mâ˜…[39m plain [90mâ˜…[39m euc-kr [90mâ˜…[39m 437B
[90m  [37mâ”‚[90m DATA=bH6El5elON5883LB3RlfF1OF1H8eZTXv49wXL8%2FAVeUOrT2[39m
[90m  [37mâ”‚[90m zbTtZtAh642sVeJ6ScL28iAqB5BoFjukygA67mUC2F05DBPFFDzRQv[39m
[90m  [37mâ”‚[90m E%2FTqj%2Bz7hzuWg568sZ3D7rw%2FzHIXf6RfeRB0UR8kVR%2BAxr[39m
[90m  [37mâ”‚[90m XK1u%2FP53Kxgj2BWDRQWCaXVHsuuumBKZxfa3lCPXiYVAQIm4Qp98[39m
[90m  [37mâ”‚[90m itsos%2BIQlJ2%2Bsj0JBrSZBeZN6Z%2FUSs5xUIHK8D4zOn7UOEvm[39m
[90m  [37mâ”‚[90m tFn33EF4T2oLjToIzzO31OnUOylb971irb%2FC9Ek16fpa9hrFJvAh[39m
[90m  [37mâ”‚[90m 086xLPrvkO1IQWeKGgyys6F3SynJzMPJQSWfAT59V4N35lfAav3Hqp[39m
[90m  [37mâ”‚[90m 6pcub8MJNLAXCm1yyDjZYgsHUQNK5qAGDA0gGi2bSaRFz4hMrE60g%[39m
[90m  [37mâ”‚[90m 3D%3D[39m
[90m[39m[37m  â””[39m
  [37mprepare[39m   [37mwait[39m    [37mdns-lookup[39m   [37mtcp-handshake[39m   [37mssl-handshake[39m   [37mtransfer-start[39m   [37mdownload[39m   [37mprocess[39m   [37mtotal[39m  
  [90m375Âµs[39m     [90m218Âµs[39m   [90m(cache)[39m      [90m(cache)[39m         [90m(cache)[39m         [90m1578ms[39m           [90m536Âµs[39m      [90m41Âµs[39m      [90m1579ms[39m 

[33m  â”Œ[39m
[33m[39m[90m  [33mâ”‚[90m [90m`Using "CryptoJS" is deprecated. Use "require('cr[39m
[90m  [33mâ”‚[90m ypto-js')" instead.`[90m[39m
[90m[39m[90m  [90mâ”‚[90m [90m'ë³µí˜¸í™” ê²°ê³¼ : '[90m[37m, [90m[90m'RETURNCODE=0000[39m
[90m  [90mâ”‚[90m &RETURNMSG=%BC%BA%B0%F8&CARDCODE=0800&USERPHONE=&QUOTA[39m
[90m  [90mâ”‚[90m =00&TRANTIME=190515&TRANDATE=20260106&AMOUNT=301&ITEMN[39m
[90m  [90mâ”‚[90m AME=apiautotest&DEPOSIT_AMT=0&TID=20260106190513973899[39m
[90m  [90mâ”‚[90m 3400&ORDERID=&CARDNO=542586******3820&CARDAUTHNO=53187[39m
[90m  [90mâ”‚[90m 439&CARDNAME=NH%B3%F3%C7%F9%C4%AB%B5%E5&USERNAME=&USER[39m
[90m  [90mâ”‚[90m ID=hnkim'[90m[39m
[90m[39m[90m  â””[39m
[90m[39m[32m  âˆš [39m [90mê²°ê³¼ì½”ë“œ(RETURNCODE) ì •ìƒì¶œë ¥[39m
[32m  âˆš [39m [90mê²°ê³¼ë©”ì„¸ì§€(RETURNMSG) ì •ìƒì¶œë ¥[39m
[32m  âˆš [39m [90mì¹´ë“œì‚¬ ì½”ë“œ(CARDCODE ì •ìƒì¶œë ¥[39m
[32m  âˆš [39m [90mêµ¬ë§¤ì ì „í™”ë²ˆí˜¸(USERPHONE) ë¹ˆê°’ í™•ì¸[39m
[32m  âˆš [39m [90mí• ë¶€ ê°œì›” ìˆ˜(QUOTA) ì •ìƒì¶œë ¥[39m
[32m  âˆš [39m [90më§¤ì¶œ ë°œìƒì‹œê°„(TRANTIME) Â±5ì´ˆ ì´ë‚´ ê²€ì¦[39m
[32m  âˆš [39m [90më§¤ì¶œ ë°œìƒì¼ì(TRANDATE) ì •ìƒì¶œë ¥[39m
[32m  âˆš [39m [90mìŠ¹ì¸ê¸ˆì•¡(AMOUNT) ì •ìƒì¶œë ¥[39m
[32m  âˆš [39m [90mìƒí’ˆëª…(ITEMNAME) ì •ìƒì¶œë ¥[39m
[32m  âˆš [39m [90mì»µ ë³´ì¦ê¸ˆ(DEPOSIT_AMT) ì •ìƒì¶œë ¥[39m
[32m  âˆš [39m [90më‹¤ë‚  ê±°ë˜ í‚¤(TID) ì •ìƒì¶œë ¥[39m
[32m  âˆš [39m [90mê°€ë§¹ì  ì£¼ë¬¸ë²ˆí˜¸(ORDERID) ë¹ˆê°’ í™•ì¸[39m
[32m  âˆš [39m [90mì¹´ë“œë²ˆí˜¸(CARDNO) ì •ìƒì¶œë ¥[39m
[32m  âˆš [39m [90mê±°ë˜ ìŠ¹ì¸ ë²ˆí˜¸(CARDAUTHNO) ì •ìƒì¶œë ¥[39m
[32m  âˆš [39m [90mì¹´ë“œì‚¬ ëª…(CARDNAME) ì •ìƒì¶œë ¥[39m
[32m  âˆš [39m [90mêµ¬ë§¤ì ì´ë¦„(USERNAME) ì •ìƒì¶œë ¥[39m
[32m  âˆš [39m [90mêµ¬ë§¤ì ID(USERID) ì •ìƒì¶œë ¥[39m

â”” [0mì¹´ë“œ ìŠ¹ì¸ ì·¨ì†Œ (BILLCANCEL)[0m
[33m  â”Œ[39m
[33m[39m[90m  [33mâ”‚[90m [90m`Using "CryptoJS" is deprecated. Use "require('cr[39m
[90m  [33mâ”‚[90m ypto-js')" instead.`[90m[39m
[90m[39m[33m  â””[39m
[33m[39m  [90mPOST[39m [90mhttps://tx-creditcard.danalpay.com/credit/?CPID=A010037544&DATA=8kvDIwvdID7NWcBMND4uDZxaiKs43UnHYzFIV%2BgfzwMig2FN3CTfHaZWem1RTWwhDkF8jB86I22lvcLoE2A4cc%2BIhYEzkONloikjEOywpoF%2FOqcUG72WS29f27Iip016[39m  
  200 OK [90mâ˜…[39m 1528ms [90mtime[39m [90mâ˜…[39m 452B[90mâ†‘[39m 390B[90mâ†“[39m [90msize[39m [90mâ˜…[39m 9[90mâ†‘[39m 4[90mâ†“[39m [90mheaders[39m [90mâ˜…[39m 0 [90mcookies[39m
  [37mâ”Œ[39m [37mâ†“[39m text/plain [90mâ˜…[39m text [90mâ˜…[39m plain [90mâ˜…[39m euc-kr [90mâ˜…[39m 257B
[90m  [37mâ”‚[90m DATA=bH6El5elON5883LB3RlfF1OF1H8eZTXv49wXL8%2FAVeVzhHU[39m
[90m  [37mâ”‚[90m 5sdes40grvKmzi%2BrXHyfSJF3OOBNPKXUfskyl6gxes1inLn50tJC[39m
[90m  [37mâ”‚[90m i2mAjBM%2FOKFfI7VbohTBA7Cv6bGz2PG8O6pAFyuptYIujxOT2kiu[39m
[90m  [37mâ”‚[90m 3W142Ay2URAcT%2B6xV%2B6pj%2BBo1rPll%2BSrG1fEuty8vV8ZI6[39m
[90m  [37mâ”‚[90m qaNhrKcNyc7B1cDnK5A7DPBn3Cth1Gr8Yc4QwM%3D[39m
[90m[39m[37m  â””[39m
  [37mprepare[39m   [37mwait[39m    [37mdns-lookup[39m   [37mtcp-handshake[39m   [37mssl-handshake[39m   [37mtransfer-start[39m   [37mdownload[39m   [37mprocess[39m   [37mtotal[39m  
  [90m386Âµs[39m     [90m198Âµs[39m   [90m(cache)[39m      [90m(cache)[39m         [90m(cache)[39m         [90m1526ms[39m           [90m503Âµs[39m      [90m20Âµs[39m      [90m1527ms[39m 

[33m  â”Œ[39m
[33m[39m[90m  [33mâ”‚[90m [90m`Using "CryptoJS" is deprecated. Use "require('cr[39m
[90m  [33mâ”‚[90m ypto-js')" instead.`[90m[39m
[90m[39m[90m  [90mâ”‚[90m [90m'ë³µí˜¸í™” ê²°ê³¼ : '[90m[37m, [90m[90m'RETURNCODE=0000[39m
[90m  [90mâ”‚[90m &RETURNMSG=%BC%BA%B0%F8&BALANCE=0&O_TID=20260106190513[39m
[90m  [90mâ”‚[90m 9738993400&TID=202601061905157159023400&TRANTIME=19051[39m
[90m  [90mâ”‚[90m 5&TRANDATE=20260106&AMOUNT=301&DEPOSIT_AMT=0'[90m[39m
[90m[39m[90m  â””[39m
[90m[39m[32m  âˆš [39m [90mê²°ê³¼ì½”ë“œ(RETURNCODE) ì •ìƒì¶œë ¥[39m
[32m  âˆš [39m [90mê²°ê³¼ë©”ì„¸ì§€(RETURNMSG) ì •ìƒì¶œë ¥[39m
[32m  âˆš [39m [90mì·¨ì†Œ í›„ ì”ì•¡(BALANCE) ì •ìƒì¶œë ¥[39m
[32m  âˆš [39m [90më‹¤ë‚  ì› ê±°ë˜ í‚¤(O_TID) ì •ìƒì¶œë ¥[39m
[32m  âˆš [39m [90më‹¤ë‚  ê±°ë˜ í‚¤(TID) ì •ìƒì¶œë ¥[39m
[32m  âˆš [39m [90mìŠ¹ì¸ ë°œìƒì‹œê°„(TRANTIME) ì •ìƒì¶œë ¥[39m
[32m  âˆš [39m [90mìŠ¹ì¸ ë°œìƒì¼ì(TRANDATE)[39m
[32m  âˆš [39m [90mìŠ¹ì¸ ì·¨ì†Œ ê¸ˆì•¡(AMOUNT) ì •ìƒì¶œë ¥[39m
[32m  âˆš [39m [90mì»µ ë³´ì¦ê¸ˆ(DEPOSIT_AMT) ì •ìƒì¶œë ¥[39m

â–¡ [0mêµ­ë¯¼ì¹´ë“œ[0m
â”” [0mì •ê¸°ê²°ì œ ìš”ì²­ (OTBILL)[0m
[33m  â”Œ[39m
[33m[39m[90m  [33mâ”‚[90m [90m`Using "CryptoJS" is deprecated. Use "require('cr[39m
[90m  [33mâ”‚[90m ypto-js')" instead.`[90m[39m
[90m[39m[33m  â””[39m
[33m[39m  [90mPOST[39m [90mhttps://tx-creditcard.danalpay.com/credit/?CPID=A010037544&DATA=wcpoTy27mkzR%2FoCmuhu%2BEL1VevUN6wQgs96fAg0NJdKChw9Ccm7hXXJcj%2FUGj%2Bb8z5dq8TvydwIj3RXPjUXi4KzQHH0ZG0DZA03Udge2eI0IsrkEsoTSxKLbYyq5iCvbykTt6GhW9hCDbp8fHC1zGJEYvBJNsjEqz2X9zw2JzccTXfPyWymzriWFq4iqdmp99Wj2bHxTvGvcdoWGjKzABQ%3D%3D[39m  
  200 OK [90mâ˜…[39m 1456ms [90mtime[39m [90mâ˜…[39m 546B[90mâ†‘[39m 570B[90mâ†“[39m [90msize[39m [90mâ˜…[39m 9[90mâ†‘[39m 4[90mâ†“[39m [90mheaders[39m [90mâ˜…[39m 0 [90mcookies[39m
  [37mâ”Œ[39m [37mâ†“[39m text/plain [90mâ˜…[39m text [90mâ˜…[39m plain [90mâ˜…[39m euc-kr [90mâ˜…[39m 437B
[90m  [37mâ”‚[90m DATA=bH6El5elON5883LB3RlfF1OF1H8eZTXv49wXL8%2FAVeUOrT2[39m
[90m  [37mâ”‚[90m zbTtZtAh642sVeJ6Sm%2B6GBY9kJQrtcSXyYFxE9ezCIGNm17lww00[39m
[90m  [37mâ”‚[90m zN2MOnp4e%2BcqyphIIBCBaOJ7Osmjh1HXyCrxdrCl4vU24lJIzSy5[39m
[90m  [37mâ”‚[90m OrkiwdYH%2F105t22Ul5XlAF6RejtpksgbkojfsOQHpEqsQf2AiJUH[39m
[90m  [37mâ”‚[90m RVHWPI4diAj%2BYzRovSatOKgVKSt6SlF4tE2rESvM7NUqRmvKzL7g[39m
[90m  [37mâ”‚[90m 9wzkWP7X1lNvij5n3Ef8wq9Sx6pSpFEtF7BNj%2F60gP2fCWtl8t5l[39m
[90m  [37mâ”‚[90m ns2XLhZ2gJ8HhZTr%2FsI9H0mgRfX90BB5ytEGv6QTyFBOsZRo6eIY[39m
[90m  [37mâ”‚[90m bZZO%2B%2FougFK8tmjx%2BsVQK3EQ3s1eGi3igp4nV66r9iEWJIw%[39m
[90m  [37mâ”‚[90m 3D%3D[39m
[90m[39m[37m  â””[39m
  [37mprepare[39m   [37mwait[39m    [37mdns-lookup[39m   [37mtcp-handshake[39m   [37mssl-handshake[39m   [37mtransfer-start[39m   [37mdownload[39m   [37mprocess[39m   [37mtotal[39m  
  [90m557Âµs[39m     [90m336Âµs[39m   [90m(cache)[39m      [90m(cache)[39m         [90m(cache)[39m         [90m1454ms[39m           [90m541Âµs[39m      [90m19Âµs[39m      [90m1456ms[39m 

[33m  â”Œ[39m
[33m[39m[90m  [33mâ”‚[90m [90m`Using "CryptoJS" is deprecated. Use "require('cr[39m
[90m  [33mâ”‚[90m ypto-js')" instead.`[90m[39m
[90m[39m[90m  [90mâ”‚[90m [90m'ë³µí˜¸í™” ê²°ê³¼ : '[90m[37m, [90m[90m'RETURNCODE=0000[39m
[90m  [90mâ”‚[90m &RETURNMSG=%BC%BA%B0%F8&CARDCODE=0300&USERPHONE=&QUOTA[39m
[90m  [90mâ”‚[90m =00&TRANTIME=190518&TRANDATE=20260106&AMOUNT=301&ITEMN[39m
[90m  [90mâ”‚[90m AME=apiautotest&DEPOSIT_AMT=0&TID=20260106190517412904[39m
[90m  [90mâ”‚[90m 3400&ORDERID=&CARDNO=540926******6041&CARDAUTHNO=30029[39m
[90m  [90mâ”‚[90m 133&CARDNAME=KB%B1%B9%B9%CE%C4%AB%B5%E5&USERNAME=&USER[39m
[90m  [90mâ”‚[90m ID=hnkim'[90m[39m
[90m[39m[90m  â””[39m
[90m[39m[32m  âˆš [39m [90mê²°ê³¼ì½”ë“œ(RETURNCODE) ì •ìƒì¶œë ¥[39m
[32m  âˆš [39m [90mê²°ê³¼ë©”ì„¸ì§€(RETURNMSG) ì •ìƒì¶œë ¥[39m
[32m  âˆš [39m [90mì¹´ë“œì‚¬ ì½”ë“œ(CARDCODE ì •ìƒì¶œë ¥[39m
[32m  âˆš [39m [90mêµ¬ë§¤ì ì „í™”ë²ˆí˜¸(USERPHONE) ë¹ˆê°’ í™•ì¸[39m
[32m  âˆš [39m [90mí• ë¶€ ê°œì›” ìˆ˜(QUOTA) ì •ìƒì¶œë ¥[39m
[32m  âˆš [39m [90më§¤ì¶œ ë°œìƒì‹œê°„(TRANTIME) Â±5ì´ˆ ì´ë‚´ ê²€ì¦[39m
[32m  âˆš [39m [90më§¤ì¶œ ë°œìƒì¼ì(TRANDATE) ì •ìƒì¶œë ¥[39m
[32m  âˆš [39m [90mìŠ¹ì¸ê¸ˆì•¡(AMOUNT) ì •ìƒì¶œë ¥[39m
[32m  âˆš [39m [90mìƒí’ˆëª…(ITEMNAME) ì •ìƒì¶œë ¥[39m
[32m  âˆš [39m [90më³´ì¦ê¸ˆ ê¸ˆì•¡(DEPOSIT_AMT) ì •ìƒì¶œë ¥[39m
[32m  âˆš [39m [90më‹¤ë‚  ê±°ë˜ í‚¤(TID) ì •ìƒì¶œë ¥[39m
[32m  âˆš [39m [90mê°€ë§¹ì  ì£¼ë¬¸ë²ˆí˜¸(ORDERID) ë¹ˆê°’ í™•ì¸[39m
[32m  âˆš [39m [90mì¹´ë“œë²ˆí˜¸(CARDNO) ì •ìƒì¶œë ¥[39m
[32m  âˆš [39m [90mê±°ë˜ ìŠ¹ì¸ ë²ˆí˜¸(CARDAUTHNO) ì •ìƒì¶œë ¥[39m
[32m  âˆš [39m [90mì¹´ë“œì‚¬ ëª…(CARDNAME) ì •ìƒì¶œë ¥[39m
[32m  âˆš [39m [90mêµ¬ë§¤ì ì´ë¦„(USERNAME) ì •ìƒì¶œë ¥[39m
[32m  âˆš [39m [90mêµ¬ë§¤ì ID(USERID) ì •ìƒì¶œë ¥[39m

â”” [0mì¹´ë“œ ìŠ¹ì¸ ì·¨ì†Œ (BILLCANCEL)[0m
[33m  â”Œ[39m
[33m[39m[90m  [33mâ”‚[90m [90m`Using "CryptoJS" is deprecated. Use "require('cr[39m
[90m  [33mâ”‚[90m ypto-js')" instead.`[90m[39m
[90m[39m[33m  â””[39m
[33m[39m  [90mPOST[39m [90mhttps://tx-creditcard.danalpay.com/credit/?CPID=A010037544&DATA=8kvDIwvdID7NWcBMND4uDbxy9vGdc1C7Ewuvhs%2FUXNKOaT22HhPt80DZ5MzwGvPjks6JYhw4P0%2FTamnoQwEYaqQdHu0JuJCCUeXQkC6GZF%2F04xl17S8zOy79n7jbKwOm[39m  
  200 OK [90mâ˜…[39m 1409ms [90mtime[39m [90mâ˜…[39m 452B[90mâ†‘[39m 392B[90mâ†“[39m [90msize[39m [90mâ˜…[39m 9[90mâ†‘[39m 4[90mâ†“[39m [90mheaders[39m [90mâ˜…[39m 0 [90mcookies[39m
  [37mâ”Œ[39m [37mâ†“[39m text/plain [90mâ˜…[39m text [90mâ˜…[39m plain [90mâ˜…[39m euc-kr [90mâ˜…[39m 259B
[90m  [37mâ”‚[90m DATA=bH6El5elON5883LB3RlfF1OF1H8eZTXv49wXL8%2FAVeVzhHU[39m
[90m  [37mâ”‚[90m 5sdes40grvKmzi%2BrXHyfSJF3OOBNPKXUfskyl6kMBnU1WrDpCQRF[39m
[90m  [37mâ”‚[90m L%2B56go%2BNj2hXtM6d6LQS59yBC6HKJFYVzijx52DZCiai50aj6D[39m
[90m  [37mâ”‚[90m 3fxifBd2Sn5kg%2FHLLQtSHqdwnYldZAB5NB985Yp%2BSI4lJ9JWse[39m
[90m  [37mâ”‚[90m tw0w%2FJyKgHVr3N0VRoCv%2BAGsFXAs1jF7ms3g%3D[39m
[90m[39m[37m  â””[39m
  [37mprepare[39m   [37mwait[39m    [37mdns-lookup[39m   [37mtcp-handshake[39m   [37mssl-handshake[39m   [37mtransfer-start[39m   [37mdownload[39m   [37mprocess[39m   [37mtotal[39m  
  [90m626Âµs[39m     [90m246Âµs[39m   [90m(cache)[39m      [90m(cache)[39m         [90m(cache)[39m         [90m1407ms[39m           [90m783Âµs[39m      [90m36Âµs[39m      [90m1408ms[39m 

[33m  â”Œ[39m
[33m[39m[90m  [33mâ”‚[90m [90m`Using "CryptoJS" is deprecated. Use "require('cr[39m
[90m  [33mâ”‚[90m ypto-js')" instead.`[90m[39m
[90m[39m[90m  [90mâ”‚[90m [90m'ë³µí˜¸í™” ê²°ê³¼ : '[90m[37m, [90m[90m'RETURNCODE=0000[39m
[90m  [90mâ”‚[90m &RETURNMSG=%BC%BA%B0%F8&BALANCE=0&O_TID=20260106190517[39m
[90m  [90mâ”‚[90m 4129043400&TID=202601061905190319113400&TRANTIME=19051[39m
[90m  [90mâ”‚[90m 8&TRANDATE=20260106&AMOUNT=301&DEPOSIT_AMT=0'[90m[39m
[90m[39m[90m  â””[39m
[90m[39m[32m  âˆš [39m [90mê²°ê³¼ì½”ë“œ(RETURNCODE) ì •ìƒì¶œë ¥[39m
[32m  âˆš [39m [90mê²°ê³¼ë©”ì„¸ì§€(RETURNMSG) ì •ìƒì¶œë ¥[39m
[32m  âˆš [39m [90mì·¨ì†Œ í›„ ì”ì•¡(BALANCE) ì •ìƒì¶œë ¥[39m
[32m  âˆš [39m [90më‹¤ë‚  ì› ê±°ë˜ í‚¤(O_TID) ì •ìƒì¶œë ¥[39m
[32m  âˆš [39m [90më‹¤ë‚  ê±°ë˜ í‚¤(TID) ì •ìƒì¶œë ¥[39m
[32m  âˆš [39m [90mìŠ¹ì¸ ë°œìƒì‹œê°„(TRANTIME) ì •ìƒì¶œë ¥[39m
[32m  âˆš [39m [90mìŠ¹ì¸ ë°œìƒì¼ì(TRANDATE)[39m
[32m  âˆš [39m [90mìŠ¹ì¸ ì·¨ì†Œ ê¸ˆì•¡(AMOUNT) ì •ìƒì¶œë ¥[39m
[32m  âˆš [39m [90mì»µ ë³´ì¦ê¸ˆ(DEPOSIT_AMT) ì •ìƒì¶œë ¥[39m

â–¡ [0mìš°ë¦¬BCì¹´ë“œ[0m
â”” [0mì •ê¸°ê²°ì œ ìš”ì²­ (OTBILL)[0m
[33m  â”Œ[39m
[33m[39m[90m  [33mâ”‚[90m [90m`Using "CryptoJS" is deprecated. Use "require('cr[39m
[90m  [33mâ”‚[90m ypto-js')" instead.`[90m[39m
[90m[39m[33m  â””[39m
[33m[39m  [90mPOST[39m [90mhttps://tx-creditcard.danalpay.com/credit/?CPID=A010037544&DATA=wcpoTy27mkzR%2FoCmuhu%2BEL1VevUN6wQgs96fAg0NJdKChw9Ccm7hXXJcj%2FUGj%2Bb8z5dq8TvydwIj3RXPjUXi4KzQHH0ZG0DZA03Udge2eI0IsrkEsoTSxKLbYyq5iCvbykTt6GhW9hCDbp8fHC1zGJEYvBJNsjEqz2X9zw2JzccVRR%2FtepSx6ESumfhyCleVEPVKGpunFtzDUwUlJoNVsg%3D%3D[39m  
  200 OK [90mâ˜…[39m 1925ms [90mtime[39m [90mâ˜…[39m 548B[90mâ†‘[39m 570B[90mâ†“[39m [90msize[39m [90mâ˜…[39m 9[90mâ†‘[39m 4[90mâ†“[39m [90mheaders[39m [90mâ˜…[39m 0 [90mcookies[39m
  [37mâ”Œ[39m [37mâ†“[39m text/plain [90mâ˜…[39m text [90mâ˜…[39m plain [90mâ˜…[39m euc-kr [90mâ˜…[39m 437B
[90m  [37mâ”‚[90m DATA=bH6El5elON5883LB3RlfF1OF1H8eZTXv49wXL8%2FAVeUOrT2[39m
[90m  [37mâ”‚[90m zbTtZtAh642sVeJ6SNrFX7MCwNAs4yihLk3Z9v21%2BybDcXzwxPi7[39m
[90m  [37mâ”‚[90m hJST13uFu57aFwnv9Z5t4gSN3pVaSxjbkb0GEWKaqVWFlPYS6cVSHx[39m
[90m  [37mâ”‚[90m tWiQPr5dpm%2Fv8%2FzBLJlwmSrJUCvlb24aQMpNK7ry0UZlfKOL5s[39m
[90m  [37mâ”‚[90m 6OkpQ6PUjZhZTo%2FvcwmzavSz1snXsSKeggEEOf2zhjL%2Be6s66E[39m
[90m  [37mâ”‚[90m cLpwgEtyfkt%2BPBZe5b%2F69Cqq52p5omm1l5SgH7mpdT%2Fwz7EJ[39m
[90m  [37mâ”‚[90m 3vFlJpMNnY98K5k3DS1HmgHP03NboyLRvnARSDKPa1PlumCVyh3asF[39m
[90m  [37mâ”‚[90m a9ccNwrncG6BefFSsUWT3mPo9OWmJ14CAY2ZSbESFcexV%2BtpBOA%[39m
[90m  [37mâ”‚[90m 3D%3D[39m
[90m[39m[37m  â””[39m
  [37mprepare[39m   [37mwait[39m    [37mdns-lookup[39m   [37mtcp-handshake[39m   [37mssl-handshake[39m   [37mtransfer-start[39m   [37mdownload[39m   [37mprocess[39m   [37mtotal[39m  
  [90m576Âµs[39m     [90m165Âµs[39m   [90m(cache)[39m      [90m(cache)[39m         [90m(cache)[39m         [90m1923ms[39m           [90m836Âµs[39m      [90m98Âµs[39m      [90m1925ms[39m 

[33m  â”Œ[39m
[33m[39m[90m  [33mâ”‚[90m [90m`Using "CryptoJS" is deprecated. Use "require('cr[39m
[90m  [33mâ”‚[90m ypto-js')" instead.`[90m[39m
[90m[39m[90m  [90mâ”‚[90m [90m'ë³µí˜¸í™” ê²°ê³¼ : '[90m[37m, [90m[90m'RETURNCODE=0000[39m
[90m  [90mâ”‚[90m &RETURNMSG=%BC%BA%B0%F8&CARDCODE=0202&USERPHONE=&QUOTA[39m
[90m  [90mâ”‚[90m =00&TRANTIME=190522&TRANDATE=20260106&AMOUNT=301&ITEMN[39m
[90m  [90mâ”‚[90m AME=apiautotest&DEPOSIT_AMT=0&TID=20260106190520607915[39m
[90m  [90mâ”‚[90m 3400&ORDERID=&CARDNO=538920******1226&CARDAUTHNO=37462[39m
[90m  [90mâ”‚[90m 475&CARDNAME=%BF%EC%B8%AEBC%C4%AB%B5%E5&USERNAME=&USER[39m
[90m  [90mâ”‚[90m ID=hnkim'[90m[39m
[90m[39m[90m  â””[39m
[90m[39m[32m  âˆš [39m [90mê²°ê³¼ì½”ë“œ(RETURNCODE) ì •ìƒì¶œë ¥[39m
[32m  âˆš [39m [90mê²°ê³¼ë©”ì„¸ì§€(RETURNMSG) ì •ìƒì¶œë ¥[39m
[32m  âˆš [39m [90mì¹´ë“œì‚¬ ì½”ë“œ(CARDCODE ì •ìƒì¶œë ¥[39m
[32m  âˆš [39m [90mêµ¬ë§¤ì ì „í™”ë²ˆí˜¸(USERPHONE) ë¹ˆê°’ í™•ì¸[39m
[32m  âˆš [39m [90mí• ë¶€ ê°œì›” ìˆ˜(QUOTA) ì •ìƒì¶œë ¥[39m
[32m  âˆš [39m [90më§¤ì¶œ ë°œìƒì‹œê°„(TRANTIME) Â±5ì´ˆ ì´ë‚´ ê²€ì¦[39m
[32m  âˆš [39m [90më§¤ì¶œ ë°œìƒì¼ì(TRANDATE) ì •ìƒì¶œë ¥[39m
[32m  âˆš [39m [90mìŠ¹ì¸ê¸ˆì•¡(AMOUNT) ì •ìƒì¶œë ¥[39m
[32m  âˆš [39m [90mìƒí’ˆëª…(ITEMNAME) ì •ìƒì¶œë ¥[39m
[32m  âˆš [39m [90më³´ì¦ê¸ˆ ê¸ˆì•¡(DEPOSIT_AMT) ì •ìƒì¶œë ¥[39m
[32m  âˆš [39m [90më‹¤ë‚  ê±°ë˜ í‚¤(TID) ì •ìƒì¶œë ¥[39m
[32m  âˆš [39m [90mê°€ë§¹ì  ì£¼ë¬¸ë²ˆí˜¸(ORDERID) ë¹ˆê°’ í™•ì¸[39m
[32m  âˆš [39m [90mì¹´ë“œë²ˆí˜¸(CARDNO) ì •ìƒì¶œë ¥[39m
[32m  âˆš [39m [90mê±°ë˜ ìŠ¹ì¸ ë²ˆí˜¸(CARDAUTHNO) ì •ìƒì¶œë ¥[39m
[32m  âˆš [39m [90mì¹´ë“œì‚¬ ëª…(CARDNAME) ì •ìƒì¶œë ¥[39m
[32m  âˆš [39m [90mêµ¬ë§¤ì ì´ë¦„(USERNAME) ì •ìƒì¶œë ¥[39m
[32m  âˆš [39m [90mêµ¬ë§¤ì ID(USERID) ì •ìƒì¶œë ¥[39m

â”” [0mì¹´ë“œ ìŠ¹ì¸ ì·¨ì†Œ (BILLCANCEL)[0m
[33m  â”Œ[39m
[33m[39m[90m  [33mâ”‚[90m [90m`Using "CryptoJS" is deprecated. Use "require('cr[39m
[90m  [33mâ”‚[90m ypto-js')" instead.`[90m[39m
[90m[39m[33m  â””[39m
[33m[39m  [90mPOST[39m [90mhttps://tx-creditcard.danalpay.com/credit/?CPID=A010037544&DATA=8kvDIwvdID7NWcBMND4uDa4TUek8ov%2BZFf86j1nMrcP%2B7FETZmad6HR3VTMr0T2OSONEm1JjAtPcPWhFoHf%2FwCaLevUvg0CtT0Qtb%2Byfg6EzKR4dwA8rdC9smKDsscs1[39m  
  200 OK [90mâ˜…[39m 1385ms [90mtime[39m [90mâ˜…[39m 454B[90mâ†‘[39m 390B[90mâ†“[39m [90msize[39m [90mâ˜…[39m 9[90mâ†‘[39m 4[90mâ†“[39m [90mheaders[39m [90mâ˜…[39m 0 [90mcookies[39m
  [37mâ”Œ[39m [37mâ†“[39m text/plain [90mâ˜…[39m text [90mâ˜…[39m plain [90mâ˜…[39m euc-kr [90mâ˜…[39m 257B
[90m  [37mâ”‚[90m DATA=bH6El5elON5883LB3RlfF1OF1H8eZTXv49wXL8%2FAVeVzhHU[39m
[90m  [37mâ”‚[90m 5sdes40grvKmzi%2BrXHyfSJF3OOBNPKXUfskyl6vFyBX0c5KCwlyc[39m
[90m  [37mâ”‚[90m Tl6GwleQykJ%2FTpaS9WYH3QddYMFU8N%2Bv%2BoZ%2F5ZMqxZuNqq[39m
[90m  [37mâ”‚[90m jY1Qt30EI2aEPoYiPIuiwsnneqQecLi91xpd7uTrdxDWnarE150rxh[39m
[90m  [37mâ”‚[90m twByN4FUAgTc9NrY3F73AmsKz%2F8lTCBjoZts%3D[39m
[90m[39m[37m  â””[39m
  [37mprepare[39m   [37mwait[39m    [37mdns-lookup[39m   [37mtcp-handshake[39m   [37mssl-handshake[39m   [37mtransfer-start[39m   [37mdownload[39m   [37mprocess[39m   [37mtotal[39m  
  [90m426Âµs[39m     [90m214Âµs[39m   [90m(cache)[39m      [90m(cache)[39m         [90m(cache)[39m         [90m1384ms[39m           [90m686Âµs[39m      [90m29Âµs[39m      [90m1385ms[39m 

[33m  â”Œ[39m
[33m[39m[90m  [33mâ”‚[90m [90m`Using "CryptoJS" is deprecated. Use "require('cr[39m
[90m  [33mâ”‚[90m ypto-js')" instead.`[90m[39m
[90m[39m[90m  [90mâ”‚[90m [90m'ë³µí˜¸í™” ê²°ê³¼ : '[90m[37m, [90m[90m'RETURNCODE=0000[39m
[90m  [90mâ”‚[90m &RETURNMSG=%BC%BA%B0%F8&BALANCE=0&O_TID=20260106190520[39m
[90m  [90mâ”‚[90m 6079153400&TID=202601061905226979183400&TRANTIME=19052[39m
[90m  [90mâ”‚[90m 2&TRANDATE=20260106&AMOUNT=301&DEPOSIT_AMT=0'[90m[39m
[90m[39m[90m  â””[39m
[90m[39m[32m  âˆš [39m [90mê²°ê³¼ì½”ë“œ(RETURNCODE) ì •ìƒì¶œë ¥[39m
[32m  âˆš [39m [90mê²°ê³¼ë©”ì„¸ì§€(RETURNMSG) ì •ìƒì¶œë ¥[39m
[32m  âˆš [39m [90mì·¨ì†Œ í›„ ì”ì•¡(BALANCE) ì •ìƒì¶œë ¥[39m
[32m  âˆš [39m [90më‹¤ë‚  ì› ê±°ë˜ í‚¤(O_TID) ì •ìƒì¶œë ¥[39m
[32m  âˆš [39m [90më‹¤ë‚  ê±°ë˜ í‚¤(TID) ì •ìƒì¶œë ¥[39m
[32m  âˆš [39m [90mìŠ¹ì¸ ë°œìƒì‹œê°„(TRANTIME) ì •ìƒì¶œë ¥[39m
[32m  âˆš [39m [90mìŠ¹ì¸ ë°œìƒì¼ì(TRANDATE)[39m
[32m  âˆš [39m [90mìŠ¹ì¸ ì·¨ì†Œ ê¸ˆì•¡(AMOUNT) ì •ìƒì¶œë ¥[39m
[32m  âˆš [39m [90mì»µ ë³´ì¦ê¸ˆ(DEPOSIT_AMT) ì •ìƒì¶œë ¥[39m

â–¡ [0mìš°ë¦¬ë…ìì¹´ë“œ[0m
â”” [0mì •ê¸°ê²°ì œ ìš”ì²­ (OTBILL)[0m
[33m  â”Œ[39m
[33m[39m[90m  [33mâ”‚[90m [90m`Using "CryptoJS" is deprecated. Use "require('cr[39m
[90m  [33mâ”‚[90m ypto-js')" instead.`[90m[39m
[90m[39m[33m  â””[39m
[33m[39m  [90mPOST[39m [90mhttps://tx-creditcard.danalpay.com/credit/?CPID=A010037544&DATA=wcpoTy27mkzR%2FoCmuhu%2BEL1VevUN6wQgs96fAg0NJdKChw9Ccm7hXXJcj%2FUGj%2Bb8z5dq8TvydwIj3RXPjUXi4KzQHH0ZG0DZA03Udge2eI0IsrkEsoTSxKLbYyq5iCvbykTt6GhW9hCDbp8fHC1zGJEYvBJNsjEqz2X9zw2JzcextrJriQhf%2FIUYtULhB8bH62Qdp0SGru%2BMd63vyNOLHA%3D%3D[39m  
  200 OK [90mâ˜…[39m 1338ms [90mtime[39m [90mâ˜…[39m 550B[90mâ†‘[39m 576B[90mâ†“[39m [90msize[39m [90mâ˜…[39m 9[90mâ†‘[39m 4[90mâ†“[39m [90mheaders[39m [90mâ˜…[39m 0 [90mcookies[39m
  [37mâ”Œ[39m [37mâ†“[39m text/plain [90mâ˜…[39m text [90mâ˜…[39m plain [90mâ˜…[39m euc-kr [90mâ˜…[39m 443B
[90m  [37mâ”‚[90m DATA=bH6El5elON5883LB3RlfF1OF1H8eZTXv49wXL8%2FAVeUOrT2[39m
[90m  [37mâ”‚[90m zbTtZtAh642sVeJ6SCEV8X0t3vMfl9ATc0EgMVgs%2BSe2%2BMSDg6[39m
[90m  [37mâ”‚[90m %2FG%2Fhau0IHBGPBN3iqeepsYA5DSdvXp5Np1XAXBwzsbZ6A9MefK[39m
[90m  [37mâ”‚[90m g7HSkF%2Bfg7hVyoskeu%2BYPs37lyVUhX0eemBf4ZXKjHSZFnSuGt[39m
[90m  [37mâ”‚[90m O14n3mKGY184MNGi1LvXrdNTlnw9W41CMUo9MePC7CnRJCAKn4%2FI[39m
[90m  [37mâ”‚[90m 7Rj9HYKIO42loS7C2XM8wgBAEr4SozJNBC2YAnlABog26tpiAfk5bf[39m
[90m  [37mâ”‚[90m l9kWx%2B2zgSeBNcs2Pi%2FzzGnMTlVuBq%2F8C2zwQYKzSjFocFO7[39m
[90m  [37mâ”‚[90m 1WqbIKUUeHULcs%2BKae0EkI9Sp6BwGaF9BX1L9YOVj8IwJwZs%2Ft[39m
[90m  [37mâ”‚[90m bi2Ng%3D%3D[39m
[90m[39m[37m  â””[39m
  [37mprepare[39m   [37mwait[39m    [37mdns-lookup[39m   [37mtcp-handshake[39m   [37mssl-handshake[39m   [37mtransfer-start[39m   [37mdownload[39m   [37mprocess[39m   [37mtotal[39m  
  [90m461Âµs[39m     [90m142Âµs[39m   [90m(cache)[39m      [90m(cache)[39m         [90m(cache)[39m         [90m1337ms[39m           [90m577Âµs[39m      [90m23Âµs[39m      [90m1338ms[39m 

[33m  â”Œ[39m
[33m[39m[90m  [33mâ”‚[90m [90m`Using "CryptoJS" is deprecated. Use "require('cr[39m
[90m  [33mâ”‚[90m ypto-js')" instead.`[90m[39m
[90m[39m[90m  [90mâ”‚[90m [90m'ë³µí˜¸í™” ê²°ê³¼ : '[90m[37m, [90m[90m'RETURNCODE=0000[39m
[90m  [90mâ”‚[90m &RETURNMSG=%BC%BA%B0%F8&CARDCODE=0907&USERPHONE=&QUOTA[39m
[90m  [90mâ”‚[90m =00&TRANTIME=190525&TRANDATE=20260106&AMOUNT=301&ITEMN[39m
[90m  [90mâ”‚[90m AME=apiautotest&DEPOSIT_AMT=0&TID=20260106190524252923[39m
[90m  [90mâ”‚[90m 3400&ORDERID=&CARDNO=624404******8380&CARDAUTHNO=83701[39m
[90m  [90mâ”‚[90m 097&CARDNAME=%BF%EC%B8%AE%C4%AB%B5%E5&USERNAME=&USERID[39m
[90m  [90mâ”‚[90m =hnkim'[90m[39m
[90m[39m[90m  â””[39m
[90m[39m[32m  âˆš [39m [90mê²°ê³¼ì½”ë“œ(RETURNCODE) ì •ìƒì¶œë ¥[39m
[32m  âˆš [39m [90mê²°ê³¼ë©”ì„¸ì§€(RETURNMSG) ì •ìƒì¶œë ¥[39m
[32m  âˆš [39m [90mì¹´ë“œì‚¬ ì½”ë“œ(CARDCODE ì •ìƒì¶œë ¥[39m
[32m  âˆš [39m [90mêµ¬ë§¤ì ì „í™”ë²ˆí˜¸(USERPHONE) ë¹ˆê°’ í™•ì¸[39m
[32m  âˆš [39m [90mí• ë¶€ ê°œì›” ìˆ˜(QUOTA) ì •ìƒì¶œë ¥[39m
[32m  âˆš [39m [90më§¤ì¶œ ë°œìƒì‹œê°„(TRANTIME) Â±5ì´ˆ ì´ë‚´ ê²€ì¦[39m
[32m  âˆš [39m [90më§¤ì¶œ ë°œìƒì¼ì(TRANDATE) ì •ìƒì¶œë ¥[39m
[32m  âˆš [39m [90mìŠ¹ì¸ê¸ˆì•¡(AMOUNT) ì •ìƒì¶œë ¥[39m
[32m  âˆš [39m [90mìƒí’ˆëª…(ITEMNAME) ì •ìƒì¶œë ¥[39m
[32m  âˆš [39m [90më³´ì¦ê¸ˆ ê¸ˆì•¡(DEPOSIT_AMT) ì •ìƒì¶œë ¥[39m
[32m  âˆš [39m [90më‹¤ë‚  ê±°ë˜ í‚¤(TID) ì •ìƒì¶œë ¥[39m
[32m  âˆš [39m [90mê°€ë§¹ì  ì£¼ë¬¸ë²ˆí˜¸(ORDERID) ë¹ˆê°’ í™•ì¸[39m
[32m  âˆš [39m [90mì¹´ë“œë²ˆí˜¸(CARDNO) ì •ìƒì¶œë ¥[39m
[32m  âˆš [39m [90mê±°ë˜ ìŠ¹ì¸ ë²ˆí˜¸(CARDAUTHNO) ì •ìƒì¶œë ¥[39m
[32m  âˆš [39m [90mì¹´ë“œì‚¬ ëª…(CARDNAME) ì •ìƒì¶œë ¥[39m
[32m  âˆš [39m [90mêµ¬ë§¤ì ì´ë¦„(USERNAME) ì •ìƒì¶œë ¥[39m
[32m  âˆš [39m [90mêµ¬ë§¤ì ID(USERID) ì •ìƒì¶œë ¥[39m

â”” [0mì¹´ë“œ ìŠ¹ì¸ ì·¨ì†Œ (BILLCANCEL)[0m
[33m  â”Œ[39m
[33m[39m[90m  [33mâ”‚[90m [90m`Using "CryptoJS" is deprecated. Use "require('cr[39m
[90m  [33mâ”‚[90m ypto-js')" instead.`[90m[39m
[90m[39m[33m  â””[39m
[33m[39m  [90mPOST[39m [90mhttps://tx-creditcard.danalpay.com/credit/?CPID=A010037544&DATA=8kvDIwvdID7NWcBMND4uDc0KTXPk0AgCwC5XUV9B19quWIIcdVTe6nnwPgWY1N1jKLvyNMhTeGEQBSATtv2V7Z%2FgZwyXmHX26B0hfVBp8buEcXZRQprQLqYRd5UeH0VF[39m  
  200 OK [90mâ˜…[39m 1308ms [90mtime[39m [90mâ˜…[39m 448B[90mâ†‘[39m 394B[90mâ†“[39m [90msize[39m [90mâ˜…[39m 9[90mâ†‘[39m 4[90mâ†“[39m [90mheaders[39m [90mâ˜…[39m 0 [90mcookies[39m
  [37mâ”Œ[39m [37mâ†“[39m text/plain [90mâ˜…[39m text [90mâ˜…[39m plain [90mâ˜…[39m euc-kr [90mâ˜…[39m 261B
[90m  [37mâ”‚[90m DATA=bH6El5elON5883LB3RlfF1OF1H8eZTXv49wXL8%2FAVeVzhHU[39m
[90m  [37mâ”‚[90m 5sdes40grvKmzi%2BrXHyfSJF3OOBNPKXUfskyl6kAVSdnUx44DD2v[39m
[90m  [37mâ”‚[90m zxPOVnj89n%2FntSWaw%2Bzj4fc%2BwiSls08bSWjMV%2FdtLobE8U[39m
[90m  [37mâ”‚[90m Q6tD%2FiNM3BysgvprlDAm%2B6K9VdX0TPscCy70uXdWO3AGIS4jMP[39m
[90m  [37mâ”‚[90m DKnaa%2FVEbfMppoNn8HBdJDZnF5whk6MyWfArXJKw%3D[39m
[90m[39m[37m  â””[39m
  [37mprepare[39m   [37mwait[39m    [37mdns-lookup[39m   [37mtcp-handshake[39m   [37mssl-handshake[39m   [37mtransfer-start[39m   [37mdownload[39m   [37mprocess[39m   [37mtotal[39m  
  [90m491Âµs[39m     [90m207Âµs[39m   [90m(cache)[39m      [90m(cache)[39m         [90m(cache)[39m         [90m1306ms[39m           [90m627Âµs[39m      [90m28Âµs[39m      [90m1307ms[39m 

[33m  â”Œ[39m
[33m[39m[90m  [33mâ”‚[90m [90m`Using "CryptoJS" is deprecated. Use "require('cr[39m
[90m  [33mâ”‚[90m ypto-js')" instead.`[90m[39m
[90m[39m[90m  [90mâ”‚[90m [90m'ë³µí˜¸í™” ê²°ê³¼ : '[90m[37m, [90m[90m'RETURNCODE=0000[39m
[90m  [90mâ”‚[90m &RETURNMSG=%BC%BA%B0%F8&BALANCE=0&O_TID=20260106190524[39m
[90m  [90mâ”‚[90m 2529233400&TID=202601061905257629273400&TRANTIME=19052[39m
[90m  [90mâ”‚[90m 5&TRANDATE=20260106&AMOUNT=301&DEPOSIT_AMT=0'[90m[39m
[90m[39m[90m  â””[39m
[90m[39m[32m  âˆš [39m [90mê²°ê³¼ì½”ë“œ(RETURNCODE) ì •ìƒì¶œë ¥[39m
[32m  âˆš [39m [90mê²°ê³¼ë©”ì„¸ì§€(RETURNMSG) ì •ìƒì¶œë ¥[39m
[32m  âˆš [39m [90mì·¨ì†Œ í›„ ì”ì•¡(BALANCE) ì •ìƒì¶œë ¥[39m
[32m  âˆš [39m [90më‹¤ë‚  ì› ê±°ë˜ í‚¤(O_TID) ì •ìƒì¶œë ¥[39m
[32m  âˆš [39m [90më‹¤ë‚  ê±°ë˜ í‚¤(TID) ì •ìƒì¶œë ¥[39m
[32m  âˆš [39m [90mìŠ¹ì¸ ë°œìƒì‹œê°„(TRANTIME) ì •ìƒì¶œë ¥[39m
[32m  âˆš [39m [90mìŠ¹ì¸ ë°œìƒì¼ì(TRANDATE)[39m
[32m  âˆš [39m [90mìŠ¹ì¸ ì·¨ì†Œ ê¸ˆì•¡(AMOUNT) ì •ìƒì¶œë ¥[39m
[32m  âˆš [39m [90mì»µ ë³´ì¦ê¸ˆ(DEPOSIT_AMT) ì •ìƒì¶œë ¥[39m

â–¡ [0mKbankì¹´ë“œ[0m
â”” [0mì •ê¸°ê²°ì œ ìš”ì²­ (OTBILL)[0m
[33m  â”Œ[39m
[33m[39m[90m  [33mâ”‚[90m [90m`Using "CryptoJS" is deprecated. Use "require('cr[39m
[90m  [33mâ”‚[90m ypto-js')" instead.`[90m[39m
[90m[39m[33m  â””[39m
[33m[39m  [90mPOST[39m [90mhttps://tx-creditcard.danalpay.com/credit/?CPID=A010037544&DATA=wcpoTy27mkzR%2FoCmuhu%2BEL1VevUN6wQgs96fAg0NJdKChw9Ccm7hXXJcj%2FUGj%2Bb8z5dq8TvydwIj3RXPjUXi4KzQHH0ZG0DZA03Udge2eI0IsrkEsoTSxKLbYyq5iCvbykTt6GhW9hCDbp8fHC1zGJEYvBJNsjEqz2X9zw2JzccQmxP3XnXAnB6A1V7j6yFer%2BQE%2Ba1pl7pMnq93f1iTpw%3D%3D[39m  
  200 OK [90mâ˜…[39m 1656ms [90mtime[39m [90mâ˜…[39m 550B[90mâ†‘[39m 570B[90mâ†“[39m [90msize[39m [90mâ˜…[39m 9[90mâ†‘[39m 4[90mâ†“[39m [90mheaders[39m [90mâ˜…[39m 0 [90mcookies[39m
  [37mâ”Œ[39m [37mâ†“[39m text/plain [90mâ˜…[39m text [90mâ˜…[39m plain [90mâ˜…[39m euc-kr [90mâ˜…[39m 437B
[90m  [37mâ”‚[90m DATA=bH6El5elON5883LB3RlfF1OF1H8eZTXv49wXL8%2FAVeUOrT2[39m
[90m  [37mâ”‚[90m zbTtZtAh642sVeJ6SinDkYn9ioJsD8ofeqixaZhafgVzRTFP%2FgCC[39m
[90m  [37mâ”‚[90m FxVS%2FmGapO1t%2BXHJXjcHDK0uPgodOaaaViHI%2B5QxRmVX%2Bk[39m
[90m  [37mâ”‚[90m rrCQ91F%2BOnmb%2BrtfavjerZwBUi659QxL991KVAPRGEK9Z2P9pz[39m
[90m  [37mâ”‚[90m BXHbmSAP5ulip1b6duzetUX4KGAC9ZGHRvg2vYQmzInArjvwAaKjMP[39m
[90m  [37mâ”‚[90m i7e5vpi7cU5HHWnWaEV88S5FG6%2BvQQc4UtwUNWt7YtL1VSkdur47[39m
[90m  [37mâ”‚[90m 0NQyVJvz6ujNsyuN6xkWhfU2uJ31ZMOnsB9Sw3k4IRSV2FTM98L29d[39m
[90m  [37mâ”‚[90m veHYh2TOg5OXsHrNVWjpczDd7EzXO9vdbBSQVgXhEpMgq%2BMFzJg%[39m
[90m  [37mâ”‚[90m 3D%3D[39m
[90m[39m[37m  â””[39m
  [37mprepare[39m   [37mwait[39m    [37mdns-lookup[39m   [37mtcp-handshake[39m   [37mssl-handshake[39m   [37mtransfer-start[39m   [37mdownload[39m   [37mprocess[39m   [37mtotal[39m  
  [90m519Âµs[39m     [90m180Âµs[39m   [90m(cache)[39m      [90m(cache)[39m         [90m(cache)[39m         [90m1654ms[39m           [90m515Âµs[39m      [90m23Âµs[39m      [90m1656ms[39m 

[33m  â”Œ[39m
[33m[39m[90m  [33mâ”‚[90m [90m`Using "CryptoJS" is deprecated. Use "require('cr[39m
[90m  [33mâ”‚[90m ypto-js')" instead.`[90m[39m
[90m[39m[90m  [90mâ”‚[90m [90m'ë³µí˜¸í™” ê²°ê³¼ : '[90m[37m, [90m[90m'RETURNCODE=0000[39m
[90m  [90mâ”‚[90m &RETURNMSG=%BC%BA%B0%F8&CARDCODE=0921&USERPHONE=&QUOTA[39m
[90m  [90mâ”‚[90m =00&TRANTIME=190528&TRANDATE=20260106&AMOUNT=301&ITEMN[39m
[90m  [90mâ”‚[90m AME=apiautotest&DEPOSIT_AMT=0&TID=20260106190527244929[39m
[90m  [90mâ”‚[90m 3400&ORDERID=&CARDNO=485462******0767&CARDAUTHNO=37458[39m
[90m  [90mâ”‚[90m 182&CARDNAME=%C4%C9%C0%CC%B9%F0%C5%A9%C4%AB%B5%E5&USER[39m
[90m  [90mâ”‚[90m NAME=&USERID=hnkim'[90m[39m
[90m[39m[90m  â””[39m
[90m[39m[32m  âˆš [39m [90mê²°ê³¼ì½”ë“œ(RETURNCODE) ì •ìƒì¶œë ¥[39m
[32m  âˆš [39m [90mê²°ê³¼ë©”ì„¸ì§€(RETURNMSG) ì •ìƒì¶œë ¥[39m
[32m  âˆš [39m [90mì¹´ë“œì‚¬ ì½”ë“œ(CARDCODE ì •ìƒì¶œë ¥[39m
[32m  âˆš [39m [90mêµ¬ë§¤ì ì „í™”ë²ˆí˜¸(USERPHONE) ë¹ˆê°’ í™•ì¸[39m
[32m  âˆš [39m [90mí• ë¶€ ê°œì›” ìˆ˜(QUOTA) ì •ìƒì¶œë ¥[39m
[32m  âˆš [39m [90më§¤ì¶œ ë°œìƒì‹œê°„(TRANTIME) Â±5ì´ˆ ì´ë‚´ ê²€ì¦[39m
[32m  âˆš [39m [90më§¤ì¶œ ë°œìƒì¼ì(TRANDATE) ì •ìƒì¶œë ¥[39m
[32m  âˆš [39m [90mìŠ¹ì¸ê¸ˆì•¡(AMOUNT) ì •ìƒì¶œë ¥[39m
[32m  âˆš [39m [90mìƒí’ˆëª…(ITEMNAME) ì •ìƒì¶œë ¥[39m
[32m  âˆš [39m [90më³´ì¦ê¸ˆ ê¸ˆì•¡(DEPOSIT_AMT) ì •ìƒì¶œë ¥[39m
[32m  âˆš [39m [90më‹¤ë‚  ê±°ë˜ í‚¤(TID) ì •ìƒì¶œë ¥[39m
[32m  âˆš [39m [90mê°€ë§¹ì  ì£¼ë¬¸ë²ˆí˜¸(ORDERID) ë¹ˆê°’ í™•ì¸[39m
[32m  âˆš [39m [90mì¹´ë“œë²ˆí˜¸(CARDNO) ì •ìƒì¶œë ¥[39m
[32m  âˆš [39m [90mê±°ë˜ ìŠ¹ì¸ ë²ˆí˜¸(CARDAUTHNO) ì •ìƒì¶œë ¥[39m
[32m  âˆš [39m [90mì¹´ë“œì‚¬ ëª…(CARDNAME) ì •ìƒì¶œë ¥[39m
[32m  âˆš [39m [90mêµ¬ë§¤ì ì´ë¦„(USERNAME) ì •ìƒì¶œë ¥[39m
[32m  âˆš [39m [90mêµ¬ë§¤ì ID(USERID) ì •ìƒì¶œë ¥[39m

â”” [0mì¹´ë“œ ìŠ¹ì¸ ì·¨ì†Œ (BILLCANCEL)[0m
[33m  â”Œ[39m
[33m[39m[90m  [33mâ”‚[90m [90m`Using "CryptoJS" is deprecated. Use "require('cr[39m
[90m  [33mâ”‚[90m ypto-js')" instead.`[90m[39m
[90m[39m[33m  â””[39m
[33m[39m  [90mPOST[39m [90mhttps://tx-creditcard.danalpay.com/credit/?CPID=A010037544&DATA=8kvDIwvdID7NWcBMND4uDR2LzLLDKbozY9XwJlZJKCd%2BVXlwFrPQL66J38cIRG8qXZ91aJRJAql%2Bi5kWGxy6AEpYodMZEqq2rCAs5jNaZskcQg8dOuMKKoY2D%2FA2J5gZ[39m  
  200 OK [90mâ˜…[39m 1388ms [90mtime[39m [90mâ˜…[39m 452B[90mâ†‘[39m 392B[90mâ†“[39m [90msize[39m [90mâ˜…[39m 9[90mâ†‘[39m 4[90mâ†“[39m [90mheaders[39m [90mâ˜…[39m 0 [90mcookies[39m
  [37mâ”Œ[39m [37mâ†“[39m text/plain [90mâ˜…[39m text [90mâ˜…[39m plain [90mâ˜…[39m euc-kr [90mâ˜…[39m 259B
[90m  [37mâ”‚[90m DATA=bH6El5elON5883LB3RlfF1OF1H8eZTXv49wXL8%2FAVeVzhHU[39m
[90m  [37mâ”‚[90m 5sdes40grvKmzi%2BrXHyfSJF3OOBNPKXUfskyl6hXJp50wRaDXqhk[39m
[90m  [37mâ”‚[90m UJCBV%2FcJ5eUcOt34eNXptYxcbLN5OcoF1l6yRgjzfAYFZk9G%2FH[39m
[90m  [37mâ”‚[90m t4tkilSlc2%2F0m1CPn%2FYTVhumJBgcSJSNjOr4FqmNlZyOah%2FS[39m
[90m  [37mâ”‚[90m YgjgKmx6yVpvPaDBOdQxR9XzteUBU593%2FkRfs4%3D[39m
[90m[39m[37m  â””[39m
  [37mprepare[39m   [37mwait[39m    [37mdns-lookup[39m   [37mtcp-handshake[39m   [37mssl-handshake[39m   [37mtransfer-start[39m   [37mdownload[39m   [37mprocess[39m   [37mtotal[39m  
  [90m469Âµs[39m     [90m128Âµs[39m   [90m(cache)[39m      [90m(cache)[39m         [90m(cache)[39m         [90m1387ms[39m           [90m401Âµs[39m      [90m19Âµs[39m      [90m1388ms[39m 

[33m  â”Œ[39m
[33m[39m[90m  [33mâ”‚[90m [90m`Using "CryptoJS" is deprecated. Use "require('cr[39m
[90m  [33mâ”‚[90m ypto-js')" instead.`[90m[39m
[90m[39m[90m  [90mâ”‚[90m [90m'ë³µí˜¸í™” ê²°ê³¼ : '[90m[37m, [90m[90m'RETURNCODE=0000[39m
[90m  [90mâ”‚[90m &RETURNMSG=%BC%BA%B0%F8&BALANCE=0&O_TID=20260106190527[39m
[90m  [90mâ”‚[90m 2449293400&TID=202601061905290609353400&TRANTIME=19052[39m
[90m  [90mâ”‚[90m 8&TRANDATE=20260106&AMOUNT=301&DEPOSIT_AMT=0'[90m[39m
[90m[39m[90m  â””[39m
[90m[39m[32m  âˆš [39m [90mê²°ê³¼ì½”ë“œ(RETURNCODE) ì •ìƒì¶œë ¥[39m
[32m  âˆš [39m [90mê²°ê³¼ë©”ì„¸ì§€(RETURNMSG) ì •ìƒì¶œë ¥[39m
[32m  âˆš [39m [90mì·¨ì†Œ í›„ ì”ì•¡(BALANCE) ì •ìƒì¶œë ¥[39m
[32m  âˆš [39m [90më‹¤ë‚  ì› ê±°ë˜ í‚¤(O_TID) ì •ìƒì¶œë ¥[39m
[32m  âˆš [39m [90më‹¤ë‚  ê±°ë˜ í‚¤(TID) ì •ìƒì¶œë ¥[39m
[32m  âˆš [39m [90mìŠ¹ì¸ ë°œìƒì‹œê°„(TRANTIME) ì •ìƒì¶œë ¥[39m
[32m  âˆš [39m [90mìŠ¹ì¸ ë°œìƒì¼ì(TRANDATE)[39m
[32m  âˆš [39m [90mìŠ¹ì¸ ì·¨ì†Œ ê¸ˆì•¡(AMOUNT) ì •ìƒì¶œë ¥[39m
[32m  âˆš [39m [90mì»µ ë³´ì¦ê¸ˆ(DEPOSIT_AMT) ì •ìƒì¶œë ¥[39m

â–¡ [0më¡¯ë°ì¹´ë“œ[0m
â”” [0mì •ê¸°ê²°ì œ ìš”ì²­ (OTBILL)[0m
[33m  â”Œ[39m
[33m[39m[90m  [33mâ”‚[90m [90m`Using "CryptoJS" is deprecated. Use "require('cr[39m
[90m  [33mâ”‚[90m ypto-js')" instead.`[90m[39m
[90m[39m[33m  â””[39m
[33m[39m  [90mPOST[39m [90mhttps://tx-creditcard.danalpay.com/credit/?CPID=A010037544&DATA=wcpoTy27mkzR%2FoCmuhu%2BEL1VevUN6wQgs96fAg0NJdKChw9Ccm7hXXJcj%2FUGj%2Bb8z5dq8TvydwIj3RXPjUXi4KzQHH0ZG0DZA03Udge2eI0IsrkEsoTSxKLbYyq5iCvbykTt6GhW9hCDbp8fHC1zGJEYvBJNsjEqz2X9zw2JzcfDPdPuA9czR8Lb0T%2Ba0ODlNEPIdgayTwp7V1JVXixp1g%3D%3D[39m  
  200 OK [90mâ˜…[39m 1311ms [90mtime[39m [90mâ˜…[39m 548B[90mâ†‘[39m 566B[90mâ†“[39m [90msize[39m [90mâ˜…[39m 9[90mâ†‘[39m 4[90mâ†“[39m [90mheaders[39m [90mâ˜…[39m 0 [90mcookies[39m
  [37mâ”Œ[39m [37mâ†“[39m text/plain [90mâ˜…[39m text [90mâ˜…[39m plain [90mâ˜…[39m euc-kr [90mâ˜…[39m 433B
[90m  [37mâ”‚[90m DATA=bH6El5elON5883LB3RlfF1OF1H8eZTXv49wXL8%2FAVeUOrT2[39m
[90m  [37mâ”‚[90m zbTtZtAh642sVeJ6StsCSLQrHY87ecb4BS7M9WO73D7od%2BJSwkFn[39m
[90m  [37mâ”‚[90m jsLRsnIaIZB2V2R7Ph0HWqhtdhZENGSjNrElchQ1N%2FCWLJPQuYpX[39m
[90m  [37mâ”‚[90m tYs2rDjAoynCtzVdygtxXulz7fNIL%2BfTC08b2nBOT8gIh4PUVGBR[39m
[90m  [37mâ”‚[90m nx8nFvP5NWnvrGogsnXwjuyqv4lDNdJXKB5cqNVJishbjJKJkEDcGN[39m
[90m  [37mâ”‚[90m GorSnYmHkpsE0QRwiGmf9KOwiKsoZ2SsO4UhQ9SGscwWrWiSdJYh0g[39m
[90m  [37mâ”‚[90m Fx%2FZZ2rM6EhONCqBAAoDE10L9tyrnPPeK8WD%2B5Jgva7SVn%2BM[39m
[90m  [37mâ”‚[90m 1fTastproPgvQYARrLDJpM%2BXLlEhsEFoaaKxgi6c63ayXEg%3D%3[39m
[90m  [37mâ”‚[90m D[39m
[90m[39m[37m  â””[39m
  [37mprepare[39m   [37mwait[39m    [37mdns-lookup[39m   [37mtcp-handshake[39m   [37mssl-handshake[39m   [37mtransfer-start[39m   [37mdownload[39m   [37mprocess[39m   [37mtotal[39m  
  [90m443Âµs[39m     [90m125Âµs[39m   [90m(cache)[39m      [90m(cache)[39m         [90m(cache)[39m         [90m1309ms[39m           [90m531Âµs[39m      [90m29Âµs[39m      [90m1310ms[39m 

[33m  â”Œ[39m
[33m[39m[90m  [33mâ”‚[90m [90m`Using "CryptoJS" is deprecated. Use "require('cr[39m
[90m  [33mâ”‚[90m ypto-js')" instead.`[90m[39m
[90m[39m[90m  [90mâ”‚[90m [90m'ë³µí˜¸í™” ê²°ê³¼ : '[90m[37m, [90m[90m'RETURNCODE=0000[39m
[90m  [90mâ”‚[90m &RETURNMSG=%BC%BA%B0%F8&CARDCODE=0700&USERPHONE=&QUOTA[39m
[90m  [90mâ”‚[90m =00&TRANTIME=190531&TRANDATE=20260106&AMOUNT=301&ITEMN[39m
[90m  [90mâ”‚[90m AME=apiautotest&DEPOSIT_AMT=0&TID=20260106190530608938[39m
[90m  [90mâ”‚[90m 3400&ORDERID=&CARDNO=513792******3380&CARDAUTHNO=33345[39m
[90m  [90mâ”‚[90m 117&CARDNAME=%B7%D4%B5%A5%C4%AB%B5%E5&USERNAME=&USERID[39m
[90m  [90mâ”‚[90m =hnkim'[90m[39m
[90m[39m[90m  â””[39m
[90m[39m[32m  âˆš [39m [90mê²°ê³¼ì½”ë“œ(RETURNCODE) ì •ìƒì¶œë ¥[39m
[32m  âˆš [39m [90mê²°ê³¼ë©”ì„¸ì§€(RETURNMSG) ì •ìƒì¶œë ¥[39m
[32m  âˆš [39m [90mì¹´ë“œì‚¬ ì½”ë“œ(CARDCODE ì •ìƒì¶œë ¥[39m
[32m  âˆš [39m [90mêµ¬ë§¤ì ì „í™”ë²ˆí˜¸(USERPHONE) ë¹ˆê°’ í™•ì¸[39m
[32m  âˆš [39m [90mí• ë¶€ ê°œì›” ìˆ˜(QUOTA) ì •ìƒì¶œë ¥[39m
[32m  âˆš [39m [90më§¤ì¶œ ë°œìƒì‹œê°„(TRANTIME) Â±5ì´ˆ ì´ë‚´ ê²€ì¦[39m
[32m  âˆš [39m [90më§¤ì¶œ ë°œìƒì¼ì(TRANDATE) ì •ìƒì¶œë ¥[39m
[32m  âˆš [39m [90mìŠ¹ì¸ê¸ˆì•¡(AMOUNT) ì •ìƒì¶œë ¥[39m
[32m  âˆš [39m [90mìƒí’ˆëª…(ITEMNAME) ì •ìƒì¶œë ¥[39m
[32m  âˆš [39m [90më³´ì¦ê¸ˆ ê¸ˆì•¡(DEPOSIT_AMT) ì •ìƒì¶œë ¥[39m
[32m  âˆš [39m [90më‹¤ë‚  ê±°ë˜ í‚¤(TID) ì •ìƒì¶œë ¥[39m
[32m  âˆš [39m [90mê°€ë§¹ì  ì£¼ë¬¸ë²ˆí˜¸(ORDERID) ë¹ˆê°’ í™•ì¸[39m
[32m  âˆš [39m [90mì¹´ë“œë²ˆí˜¸(CARDNO) ì •ìƒì¶œë ¥[39m
[32m  âˆš [39m [90mê±°ë˜ ìŠ¹ì¸ ë²ˆí˜¸(CARDAUTHNO) ì •ìƒì¶œë ¥[39m
[32m  âˆš [39m [90mì¹´ë“œì‚¬ ëª…(CARDNAME) ì •ìƒì¶œë ¥[39m
[32m  âˆš [39m [90mêµ¬ë§¤ì ì´ë¦„(USERNAME) ì •ìƒì¶œë ¥[39m
[32m  âˆš [39m [90mêµ¬ë§¤ì ID(USERID) ì •ìƒì¶œë ¥[39m

â”” [0mì¹´ë“œ ìŠ¹ì¸ ì·¨ì†Œ (BILLCANCEL)[0m
[33m  â”Œ[39m
[33m[39m[90m  [33mâ”‚[90m [90m`Using "CryptoJS" is deprecated. Use "require('cr[39m
[90m  [33mâ”‚[90m ypto-js')" instead.`[90m[39m
[90m[39m[33m  â””[39m
[33m[39m  [90mPOST[39m [90mhttps://tx-creditcard.danalpay.com/credit/?CPID=A010037544&DATA=8kvDIwvdID7NWcBMND4uDffb%2FfJ5wIM4b5Kf%2BYZLsviJMjHDILwajVFKP5I%2FxuxGyS7ORKBXzDNGIphaiIzTVNmS1nlMJkJuompunZ3ZQFORwcjiTX4gfd6dft%2FeW2PK[39m  
  200 OK [90mâ˜…[39m 1305ms [90mtime[39m [90mâ˜…[39m 454B[90mâ†‘[39m 386B[90mâ†“[39m [90msize[39m [90mâ˜…[39m 9[90mâ†‘[39m 4[90mâ†“[39m [90mheaders[39m [90mâ˜…[39m 0 [90mcookies[39m
  [37mâ”Œ[39m [37mâ†“[39m text/plain [90mâ˜…[39m text [90mâ˜…[39m plain [90mâ˜…[39m euc-kr [90mâ˜…[39m 253B
[90m  [37mâ”‚[90m DATA=bH6El5elON5883LB3RlfF1OF1H8eZTXv49wXL8%2FAVeVzhHU[39m
[90m  [37mâ”‚[90m 5sdes40grvKmzi%2BrXHyfSJF3OOBNPKXUfskyl6lVAJjqsEYq9Jhz[39m
[90m  [37mâ”‚[90m aLvOy6Ehr82%2FAvpVkJv6M211eNAtd07ZJlD%2FnXF6v9OSTZDP6%[39m
[90m  [37mâ”‚[90m 2FprKN5GejKF13KT1Jskmli86txCXsefspXyNQdw65yOUhqa5ef3sV[39m
[90m  [37mâ”‚[90m sC2d8ez4yIDZeVyAPUVINz1NzrFCTQCjZ0%3D[39m
[90m[39m[37m  â””[39m
  [37mprepare[39m   [37mwait[39m    [37mdns-lookup[39m   [37mtcp-handshake[39m   [37mssl-handshake[39m   [37mtransfer-start[39m   [37mdownload[39m   [37mprocess[39m   [37mtotal[39m  
  [90m649Âµs[39m     [90m133Âµs[39m   [90m(cache)[39m      [90m(cache)[39m         [90m(cache)[39m         [90m1303ms[39m           [90m461Âµs[39m      [90m15Âµs[39m      [90m1304ms[39m 

[33m  â”Œ[39m
[33m[39m[90m  [33mâ”‚[90m [90m`Using "CryptoJS" is deprecated. Use "require('cr[39m
[90m  [33mâ”‚[90m ypto-js')" instead.`[90m[39m
[90m[39m[90m  [90mâ”‚[90m [90m'ë³µí˜¸í™” ê²°ê³¼ : '[90m[37m, [90m[90m'RETURNCODE=0000[39m
[90m  [90mâ”‚[90m &RETURNMSG=%BC%BA%B0%F8&BALANCE=0&O_TID=20260106190530[39m
[90m  [90mâ”‚[90m 6089383400&TID=202601061905320849403400&TRANTIME=19053[39m
[90m  [90mâ”‚[90m 1&TRANDATE=20260106&AMOUNT=301&DEPOSIT_AMT=0'[90m[39m
[90m[39m[90m  â””[39m
[90m[39m[32m  âˆš [39m [90mê²°ê³¼ì½”ë“œ(RETURNCODE) ì •ìƒì¶œë ¥[39m
[32m  âˆš [39m [90mê²°ê³¼ë©”ì„¸ì§€(RETURNMSG) ì •ìƒì¶œë ¥[39m
[32m  âˆš [39m [90mì·¨ì†Œ í›„ ì”ì•¡(BALANCE) ì •ìƒì¶œë ¥[39m
[32m  âˆš [39m [90më‹¤ë‚  ì› ê±°ë˜ í‚¤(O_TID) ì •ìƒì¶œë ¥[39m
[32m  âˆš [39m [90më‹¤ë‚  ê±°ë˜ í‚¤(TID) ì •ìƒì¶œë ¥[39m
[32m  âˆš [39m [90mìŠ¹ì¸ ë°œìƒì‹œê°„(TRANTIME) ì •ìƒì¶œë ¥[39m
[32m  âˆš [39m [90mìŠ¹ì¸ ë°œìƒì¼ì(TRANDATE)[39m
[32m  âˆš [39m [90mìŠ¹ì¸ ì·¨ì†Œ ê¸ˆì•¡(AMOUNT) ì •ìƒì¶œë ¥[39m
[32m  âˆš [39m [90mì»µ ë³´ì¦ê¸ˆ(DEPOSIT_AMT) ì •ìƒì¶œë ¥[39m

[90mâ”Œâ”€â”€â”€â”€â”€â”€â”€â”€â”€â”€â”€â”€â”€â”€â”€â”€â”€â”€â”€â”€â”€â”€â”€â”€â”€[39m[90mâ”¬â”€â”€â”€â”€â”€â”€â”€â”€â”€â”€â”€â”€â”€â”€â”€â”€â”€â”€â”€â”€â”€â”€[39m[90mâ”¬â”€â”€â”€â”€â”€â”€â”€â”€â”€â”€â”€â”€â”€â”€â”€â”€â”€â”€â”€â”€â”€â”€â”[39m
[90mâ”‚[39m                         [90mâ”‚[39m             executed [90mâ”‚[39m               failed [90mâ”‚[39m
[90mâ”œâ”€â”€â”€â”€â”€â”€â”€â”€â”€â”€â”€â”€â”€â”€â”€â”€â”€â”€â”€â”€â”€â”€â”€â”€â”€[39m[90mâ”¼â”€â”€â”€â”€â”€â”€â”€â”€â”€â”€â”€â”€â”€â”€â”€â”€â”€â”€â”€â”€â”€â”€[39m[90mâ”¼â”€â”€â”€â”€â”€â”€â”€â”€â”€â”€â”€â”€â”€â”€â”€â”€â”€â”€â”€â”€â”€â”€â”¤[39m
[90mâ”‚[39m              [32miterations[39m [90mâ”‚[39m                    1 [90mâ”‚[39m                    0 [90mâ”‚[39m
[90mâ”œâ”€â”€â”€â”€â”€â”€â”€â”€â”€â”€â”€â”€â”€â”€â”€â”€â”€â”€â”€â”€â”€â”€â”€â”€â”€[39m[90mâ”¼â”€â”€â”€â”€â”€â”€â”€â”€â”€â”€â”€â”€â”€â”€â”€â”€â”€â”€â”€â”€â”€â”€[39m[90mâ”¼â”€â”€â”€â”€â”€â”€â”€â”€â”€â”€â”€â”€â”€â”€â”€â”€â”€â”€â”€â”€â”€â”€â”¤[39m
[90mâ”‚[39m                [32mrequests[39m [90mâ”‚[39m                   21 [90mâ”‚[39m                    0 [90mâ”‚[39m
[90mâ”œâ”€â”€â”€â”€â”€â”€â”€â”€â”€â”€â”€â”€â”€â”€â”€â”€â”€â”€â”€â”€â”€â”€â”€â”€â”€[39m[90mâ”¼â”€â”€â”€â”€â”€â”€â”€â”€â”€â”€â”€â”€â”€â”€â”€â”€â”€â”€â”€â”€â”€â”€[39m[90mâ”¼â”€â”€â”€â”€â”€â”€â”€â”€â”€â”€â”€â”€â”€â”€â”€â”€â”€â”€â”€â”€â”€â”€â”¤[39m
[90mâ”‚[39m            [32mtest-scripts[39m [90mâ”‚[39m                   21 [90mâ”‚[39m                    0 [90mâ”‚[39m
[90mâ”œâ”€â”€â”€â”€â”€â”€â”€â”€â”€â”€â”€â”€â”€â”€â”€â”€â”€â”€â”€â”€â”€â”€â”€â”€â”€[39m[90mâ”¼â”€â”€â”€â”€â”€â”€â”€â”€â”€â”€â”€â”€â”€â”€â”€â”€â”€â”€â”€â”€â”€â”€[39m[90mâ”¼â”€â”€â”€â”€â”€â”€â”€â”€â”€â”€â”€â”€â”€â”€â”€â”€â”€â”€â”€â”€â”€â”€â”¤[39m
[90mâ”‚[39m      [32mprerequest-scripts[39m [90mâ”‚[39m                   21 [90mâ”‚[39m                    0 [90mâ”‚[39m
[90mâ”œâ”€â”€â”€â”€â”€â”€â”€â”€â”€â”€â”€â”€â”€â”€â”€â”€â”€â”€â”€â”€â”€â”€â”€â”€â”€[39m[90mâ”¼â”€â”€â”€â”€â”€â”€â”€â”€â”€â”€â”€â”€â”€â”€â”€â”€â”€â”€â”€â”€â”€â”€[39m[90mâ”¼â”€â”€â”€â”€â”€â”€â”€â”€â”€â”€â”€â”€â”€â”€â”€â”€â”€â”€â”€â”€â”€â”€â”¤[39m
[90mâ”‚[39m              [32massertions[39m [90mâ”‚[39m                  250 [90mâ”‚[39m                    0 [90mâ”‚[39m
[90mâ”œâ”€â”€â”€â”€â”€â”€â”€â”€â”€â”€â”€â”€â”€â”€â”€â”€â”€â”€â”€â”€â”€â”€â”€â”€â”€â”´â”€â”€â”€â”€â”€â”€â”€â”€â”€â”€â”€â”€â”€â”€â”€â”€â”€â”€â”€â”€â”€â”€â”´â”€â”€â”€â”€â”€â”€â”€â”€â”€â”€â”€â”€â”€â”€â”€â”€â”€â”€â”€â”€â”€â”€â”¤[39m
[90mâ”‚[39m total run duration: 29.7s                                             [90mâ”‚[39m
[90mâ”œâ”€â”€â”€â”€â”€â”€â”€â”€â”€â”€â”€â”€â”€â”€â”€â”€â”€â”€â”€â”€â”€â”€â”€â”€â”€â”€â”€â”€â”€â”€â”€â”€â”€â”€â”€â”€â”€â”€â”€â”€â”€â”€â”€â”€â”€â”€â”€â”€â”€â”€â”€â”€â”€â”€â”€â”€â”€â”€â”€â”€â”€â”€â”€â”€â”€â”€â”€â”€â”€â”€â”€â”¤[39m
[90mâ”‚[39m total data received: 8.03kB (approx)                                  [90mâ”‚[39m
[90mâ”œâ”€â”€â”€â”€â”€â”€â”€â”€â”€â”€â”€â”€â”€â”€â”€â”€â”€â”€â”€â”€â”€â”€â”€â”€â”€â”€â”€â”€â”€â”€â”€â”€â”€â”€â”€â”€â”€â”€â”€â”€â”€â”€â”€â”€â”€â”€â”€â”€â”€â”€â”€â”€â”€â”€â”€â”€â”€â”€â”€â”€â”€â”€â”€â”€â”€â”€â”€â”€â”€â”€â”€â”¤[39m
[90mâ”‚[39m average response time: 1252ms [min: 23ms, max: 1925ms, s.d.: 507ms]   [90mâ”‚[39m
[90mâ”œâ”€â”€â”€â”€â”€â”€â”€â”€â”€â”€â”€â”€â”€â”€â”€â”€â”€â”€â”€â”€â”€â”€â”€â”€â”€â”€â”€â”€â”€â”€â”€â”€â”€â”€â”€â”€â”€â”€â”€â”€â”€â”€â”€â”€â”€â”€â”€â”€â”€â”€â”€â”€â”€â”€â”€â”€â”€â”€â”€â”€â”€â”€â”€â”€â”€â”€â”€â”€â”€â”€â”€â”¤[39m
[90mâ”‚[39m average DNS lookup time: 37ms [min: 37ms, max: 37ms, s.d.: 0Âµs]       [90mâ”‚[39m
[90mâ”œâ”€â”€â”€â”€â”€â”€â”€â”€â”€â”€â”€â”€â”€â”€â”€â”€â”€â”€â”€â”€â”€â”€â”€â”€â”€â”€â”€â”€â”€â”€â”€â”€â”€â”€â”€â”€â”€â”€â”€â”€â”€â”€â”€â”€â”€â”€â”€â”€â”€â”€â”€â”€â”€â”€â”€â”€â”€â”€â”€â”€â”€â”€â”€â”€â”€â”€â”€â”€â”€â”€â”€â”¤[39m
[90mâ”‚[39m average first byte time: 1247ms [min: 21ms, max: 1923ms, s.d.: 515ms] [90mâ”‚[39m
[90mâ””â”€â”€â”€â”€â”€â”€â”€â”€â”€â”€â”€â”€â”€â”€â”€â”€â”€â”€â”€â”€â”€â”€â”€â”€â”€â”€â”€â”€â”€â”€â”€â”€â”€â”€â”€â”€â”€â”€â”€â”€â”€â”€â”€â”€â”€â”€â”€â”€â”€â”€â”€â”€â”€â”€â”€â”€â”€â”€â”€â”€â”€â”€â”€â”€â”€â”€â”€â”€â”€â”€â”€â”˜[39m
