2026-01-07T04:25:00.145Z [SCENARIO START] Loading: D:\danal-external-api-monitor\temp\scenario_TDB_BILL_Fail_SKL.yaml_2026-01-07_13_25_00.json
2026-01-07T04:25:00.149Z [VARIABLE] MERCHANT_ID = A010002002
2026-01-07T04:25:00.149Z [VARIABLE] MERCHANT_PWD = bbbbb
2026-01-07T04:25:00.149Z [VARIABLE] SERVICE_NAME = TELEDIT
2026-01-07T04:25:00.149Z [VARIABLE] USER_ID = clienttest
2026-01-07T04:25:00.149Z [VARIABLE] EMAIL = 2uknow@danal.co.kr
2026-01-07T04:25:00.149Z [VARIABLE] ORDER_ID = ORD1767759900149_525
2026-01-07T04:25:00.149Z [VARIABLE] DYNAMIC_PREFIX = PM
2026-01-07T04:25:00.149Z [VARIABLE] SKT_IDEN = 9002051
2026-01-07T04:25:00.149Z [VARIABLE] SKT_DST_ADDR = 01079266634
2026-01-07T04:25:00.149Z [VARIABLE] SKT_CARRIER = SKT
2026-01-07T04:25:00.149Z [VARIABLE] SKT_AMOUNT = 301
2026-01-07T04:25:00.149Z [VARIABLE] KT_IDEN = 9707162
2026-01-07T04:25:00.149Z [VARIABLE] KT_DST_ADDR = 01097966634
2026-01-07T04:25:00.149Z [VARIABLE] KT_CARRIER = KTF
2026-01-07T04:25:00.149Z [VARIABLE] KT_AMOUNT = 301
2026-01-07T04:25:00.149Z [VARIABLE] KTMVNO_IDEN = 9002051
2026-01-07T04:25:00.149Z [VARIABLE] KTMVNO_DST_ADDR = 01026116634
2026-01-07T04:25:00.149Z [VARIABLE] KTMVNO_CARRIER = KTF
2026-01-07T04:25:00.149Z [VARIABLE] KTMVNO_AMOUNT = 301
2026-01-07T04:25:00.149Z [VARIABLE] LGT_IDEN = 9002051
2026-01-07T04:25:00.149Z [VARIABLE] LGT_DST_ADDR = 01076746634
2026-01-07T04:25:00.149Z [VARIABLE] LGT_CARRIER = LGT
2026-01-07T04:25:00.149Z [VARIABLE] LGT_AMOUNT = 301
2026-01-07T04:25:00.149Z [VARIABLE] LGTMVNO_IDEN = 9002051
2026-01-07T04:25:00.149Z [VARIABLE] LGTMVNO_DST_ADDR = 01081896634
2026-01-07T04:25:00.149Z [VARIABLE] LGTMVNO_CARRIER = LGT
2026-01-07T04:25:00.149Z [VARIABLE] LGTMVNO_AMOUNT = 301
2026-01-07T04:25:00.149Z [VARIABLE] CJH_IDEN = 8112211
2026-01-07T04:25:00.149Z [VARIABLE] CJH_DST_ADDR = 01026586634
2026-01-07T04:25:00.149Z [VARIABLE] CJH_CARRIER = CJH
2026-01-07T04:25:00.149Z [VARIABLE] CJH_AMOUNT = 301
2026-01-07T04:25:00.149Z [VARIABLE] KCT_IDEN = 9002051
2026-01-07T04:25:00.149Z [VARIABLE] KCT_DST_ADDR = 01021376634
2026-01-07T04:25:00.149Z [VARIABLE] KCT_CARRIER = KCT
2026-01-07T04:25:00.149Z [VARIABLE] KCT_AMOUNT = 301
2026-01-07T04:25:00.149Z [VARIABLE] SKL_IDEN = 9707162
2026-01-07T04:25:00.149Z [VARIABLE] SKL_DST_ADDR = 01058616634
2026-01-07T04:25:00.149Z [VARIABLE] SKL_CARRIER = SKL
2026-01-07T04:25:00.149Z [VARIABLE] SKL_AMOUNT = 301
2026-01-07T04:25:00.149Z [PRE-REQUEST] Executing pre-request scripts
2026-01-07T04:25:00.149Z [STEP 1/5] ITEMSEND2
2026-01-07T04:25:00.150Z [STEP START] 1. ITEMSEND2 - Command: 
2026-01-07T04:25:00.150Z [COMMAND STRING] Command=ITEMSEND2;Configure=FAILURE;SERVICE=TELEDIT;ItemType=Amount;ItemCount=1;OUTPUTOPTION=DEFAULT;ID=A010002002;PWD=bbbbb;ItemInfo=2|301|1|22S0HZ0100|상품명;SUBCP=DETEST;USERID=clienttest;ORDERID=ORD1767759900150_973;IsPreOtbill=N;IsOpenMarket=N;SellerName=;SellerTel=;IsSubscript=N;EMAIL=2uknow@danal.co.kr
Result=0
ServerInfo=642e12b33b7004d6eb57628f509826dbb60ee0911fcf3927970eda41091fac2bcbb94dd0be5a9e631936dd43d54d1174236653035cf520daa137f47efebdafe7
ErrMsg=No Information
2026-01-07T04:25:00.290Z [STEP END] 1. ITEMSEND2 - Exit Code: 0, Duration: 141ms
2026-01-07T04:25:00.290Z [EXTRACT SIMPLE] result: Found result = 0
2026-01-07T04:25:00.290Z [EXTRACT SUCCESS] result: RESULT_CODE = 0
2026-01-07T04:25:00.290Z [EXTRACT SIMPLE] serverInfo: Found serverinfo = 642e12b33b7004d6eb57628f509826dbb60ee0911fcf3927970eda41091fac2bcbb94dd0be5a9e631936dd43d54d1174236653035cf520daa137f47efebdafe7
2026-01-07T04:25:00.290Z [EXTRACT SUCCESS] serverInfo: SERVER_INFO = 642e12b33b7004d6eb57628f509826dbb60ee0911fcf3927970eda41091fac2bcbb94dd0be5a9e631936dd43d54d1174236653035cf520daa137f47efebdafe7
2026-01-07T04:25:00.290Z [EXTRACT SIMPLE] errMsg: Found errmsg = No Information
2026-01-07T04:25:00.290Z [EXTRACT SUCCESS] errMsg: ERROR_MESSAGE = No Information
2026-01-07T04:25:00.290Z [TEST DEBUG] pm.response keys: result, serverinfo, errmsg, MERCHANT_ID, MERCHANT_PWD, SERVICE_NAME, USER_ID, EMAIL, ORDER_ID, DYNAMIC_PREFIX, SKT_IDEN, SKT_DST_ADDR, SKT_CARRIER, SKT_AMOUNT, KT_IDEN, KT_DST_ADDR, KT_CARRIER, KT_AMOUNT, KTMVNO_IDEN, KTMVNO_DST_ADDR, KTMVNO_CARRIER, KTMVNO_AMOUNT, LGT_IDEN, LGT_DST_ADDR, LGT_CARRIER, LGT_AMOUNT, LGTMVNO_IDEN, LGTMVNO_DST_ADDR, LGTMVNO_CARRIER, LGTMVNO_AMOUNT, CJH_IDEN, CJH_DST_ADDR, CJH_CARRIER, CJH_AMOUNT, KCT_IDEN, KCT_DST_ADDR, KCT_CARRIER, KCT_AMOUNT, SKL_IDEN, SKL_DST_ADDR, SKL_CARRIER, SKL_AMOUNT, RESULT_CODE, SERVER_INFO, ERROR_MESSAGE
2026-01-07T04:25:00.290Z [TEST DEBUG] this.variables keys: MERCHANT_ID, MERCHANT_PWD, SERVICE_NAME, USER_ID, EMAIL, ORDER_ID, DYNAMIC_PREFIX, SKT_IDEN, SKT_DST_ADDR, SKT_CARRIER, SKT_AMOUNT, KT_IDEN, KT_DST_ADDR, KT_CARRIER, KT_AMOUNT, KTMVNO_IDEN, KTMVNO_DST_ADDR, KTMVNO_CARRIER, KTMVNO_AMOUNT, LGT_IDEN, LGT_DST_ADDR, LGT_CARRIER, LGT_AMOUNT, LGTMVNO_IDEN, LGTMVNO_DST_ADDR, LGTMVNO_CARRIER, LGTMVNO_AMOUNT, CJH_IDEN, CJH_DST_ADDR, CJH_CARRIER, CJH_AMOUNT, KCT_IDEN, KCT_DST_ADDR, KCT_CARRIER, KCT_AMOUNT, SKL_IDEN, SKL_DST_ADDR, SKL_CARRIER, SKL_AMOUNT, RESULT_CODE, SERVER_INFO, ERROR_MESSAGE
2026-01-07T04:25:00.290Z [TEST PASS] 결과 코드(RESULT) 정상 출력
2026-01-07T04:25:00.290Z [TEST PASS] 거래 인증 key(ServerInfo) 정상 출력
2026-01-07T04:25:00.290Z [TEST DEBUG] pm.response keys: result, serverinfo, errmsg, MERCHANT_ID, MERCHANT_PWD, SERVICE_NAME, USER_ID, EMAIL, ORDER_ID, DYNAMIC_PREFIX, SKT_IDEN, SKT_DST_ADDR, SKT_CARRIER, SKT_AMOUNT, KT_IDEN, KT_DST_ADDR, KT_CARRIER, KT_AMOUNT, KTMVNO_IDEN, KTMVNO_DST_ADDR, KTMVNO_CARRIER, KTMVNO_AMOUNT, LGT_IDEN, LGT_DST_ADDR, LGT_CARRIER, LGT_AMOUNT, LGTMVNO_IDEN, LGTMVNO_DST_ADDR, LGTMVNO_CARRIER, LGTMVNO_AMOUNT, CJH_IDEN, CJH_DST_ADDR, CJH_CARRIER, CJH_AMOUNT, KCT_IDEN, KCT_DST_ADDR, KCT_CARRIER, KCT_AMOUNT, SKL_IDEN, SKL_DST_ADDR, SKL_CARRIER, SKL_AMOUNT, RESULT_CODE, SERVER_INFO, ERROR_MESSAGE
2026-01-07T04:25:00.290Z [TEST DEBUG] this.variables keys: MERCHANT_ID, MERCHANT_PWD, SERVICE_NAME, USER_ID, EMAIL, ORDER_ID, DYNAMIC_PREFIX, SKT_IDEN, SKT_DST_ADDR, SKT_CARRIER, SKT_AMOUNT, KT_IDEN, KT_DST_ADDR, KT_CARRIER, KT_AMOUNT, KTMVNO_IDEN, KTMVNO_DST_ADDR, KTMVNO_CARRIER, KTMVNO_AMOUNT, LGT_IDEN, LGT_DST_ADDR, LGT_CARRIER, LGT_AMOUNT, LGTMVNO_IDEN, LGTMVNO_DST_ADDR, LGTMVNO_CARRIER, LGTMVNO_AMOUNT, CJH_IDEN, CJH_DST_ADDR, CJH_CARRIER, CJH_AMOUNT, KCT_IDEN, KCT_DST_ADDR, KCT_CARRIER, KCT_AMOUNT, SKL_IDEN, SKL_DST_ADDR, SKL_CARRIER, SKL_AMOUNT, RESULT_CODE, SERVER_INFO, ERROR_MESSAGE
2026-01-07T04:25:00.290Z [TEST PASS] 결과 메시지(ErrMsg) 정상 출력
2026-01-07T04:25:00.290Z [STEP 2/5] IDELIVER
2026-01-07T04:25:00.290Z [STEP START] 2. IDELIVER - Command: 
2026-01-07T04:25:00.290Z [COMMAND STRING] ServerInfo=642e12b33b7004d6eb57628f509826dbb60ee0911fcf3927970eda41091fac2bcbb94dd0be5a9e631936dd43d54d1174236653035cf520daa137f47efebdafe7;IDEN=9707162;ISPREOTBILL=N;DSTADDR=01058616634;CARRIER=SKL;WPAGE=WEB;PRCODE=;AMOUNT=301;TERMSAGREE3=N;IFVERSION=V1.1.7;TERMSAGREE2=N|N;OUTPUTOPTION=1;COMMAND=IDELIVER;TERMSAGREE1=Y;IPADDR=10.10.52.54;SMTOTP=N;ISCPIN=N
Result=901
ErrMsg=결제 정책상 해당 전화번호의 결제 서비스 이용이 제한됩니다 (다날고객센터 1566-3355)
2026-01-07T04:25:02.329Z [STEP END] 2. IDELIVER - Exit Code: 0, Duration: 2039ms
2026-01-07T04:25:02.329Z [EXTRACT SIMPLE] result: Found result = 901
2026-01-07T04:25:02.329Z [EXTRACT SUCCESS] result: ID_RESULT = 901
2026-01-07T04:25:02.329Z [EXTRACT DEBUG] serverInfo: Pattern 'ServerInfo' (key: 'serverinfo') not found. Available keys: result, errmsg
2026-01-07T04:25:02.329Z [EXTRACT FAILED] serverInfo: Pattern "ServerInfo" not found
2026-01-07T04:25:02.329Z [EXTRACT SIMPLE] errMsg: Found errmsg = 결제 정책상 해당 전화번호의 결제 서비스 이용이 제한됩니다 (다날고객센터 1566-3355)
2026-01-07T04:25:02.329Z [EXTRACT SUCCESS] errMsg: ID_ERROR_MSG = 결제 정책상 해당 전화번호의 결제 서비스 이용이 제한됩니다 (다날고객센터 1566-3355)
2026-01-07T04:25:02.329Z [EXTRACT DEBUG] cap: Pattern 'CAP' (key: 'cap') not found. Available keys: result, errmsg
2026-01-07T04:25:02.329Z [EXTRACT FAILED] cap: Pattern "CAP" not found
2026-01-07T04:25:02.329Z [EXTRACT DEBUG] ANSIMMEMBER: Pattern 'ANSIMMEMBER' (key: 'ansimmember') not found. Available keys: result, errmsg
2026-01-07T04:25:02.329Z [EXTRACT FAILED] ANSIMMEMBER: Pattern "ANSIMMEMBER" not found
2026-01-07T04:25:02.329Z [EXTRACT DEBUG] ARSCHANGE: Pattern 'ARSCHANGE' (key: 'arschange') not found. Available keys: result, errmsg
2026-01-07T04:25:02.329Z [EXTRACT FAILED] ARSCHANGE: Pattern "ARSCHANGE" not found
2026-01-07T04:25:02.329Z [EXTRACT DEBUG] UAM: Pattern 'UAM' (key: 'uam') not found. Available keys: result, errmsg
2026-01-07T04:25:02.329Z [EXTRACT FAILED] UAM: Pattern "UAM" not found
2026-01-07T04:25:02.329Z [EXTRACT DEBUG] ISLGPWDUSER: Pattern 'ISLGPWDUSER' (key: 'islgpwduser') not found. Available keys: result, errmsg
2026-01-07T04:25:02.329Z [EXTRACT FAILED] ISLGPWDUSER: Pattern "ISLGPWDUSER" not found
2026-01-07T04:25:02.329Z [EXTRACT DEBUG] ISPROM: Pattern 'ISPROM' (key: 'isprom') not found. Available keys: result, errmsg
2026-01-07T04:25:02.329Z [EXTRACT FAILED] ISPROM: Pattern "ISPROM" not found
2026-01-07T04:25:02.329Z [EXTRACT DEBUG] PROM_AMT: Pattern 'PROM_AMT' (key: 'prom_amt') not found. Available keys: result, errmsg
2026-01-07T04:25:02.329Z [EXTRACT FAILED] PROM_AMT: Pattern "PROM_AMT" not found
2026-01-07T04:25:02.329Z [EXTRACT DEBUG] ISCARRIERPROM: Pattern 'ISCARRIERPROM' (key: 'iscarrierprom') not found. Available keys: result, errmsg
2026-01-07T04:25:02.329Z [EXTRACT FAILED] ISCARRIERPROM: Pattern "ISCARRIERPROM" not found
2026-01-07T04:25:02.329Z [TEST FAIL] 거래 인증 key(ServerInfo) 정상 출력_1: Expected truthy, Actual false (boolean)
2026-01-07T04:25:02.329Z [TEST FAIL] 거래 인증 key(ServerInfo) 정상 출력_2: Expected truthy, Actual false (boolean)
2026-01-07T04:25:02.329Z [TEST DEBUG] pm.response keys: result, serverinfo, errmsg, MERCHANT_ID, MERCHANT_PWD, SERVICE_NAME, USER_ID, EMAIL, ORDER_ID, DYNAMIC_PREFIX, SKT_IDEN, SKT_DST_ADDR, SKT_CARRIER, SKT_AMOUNT, KT_IDEN, KT_DST_ADDR, KT_CARRIER, KT_AMOUNT, KTMVNO_IDEN, KTMVNO_DST_ADDR, KTMVNO_CARRIER, KTMVNO_AMOUNT, LGT_IDEN, LGT_DST_ADDR, LGT_CARRIER, LGT_AMOUNT, LGTMVNO_IDEN, LGTMVNO_DST_ADDR, LGTMVNO_CARRIER, LGTMVNO_AMOUNT, CJH_IDEN, CJH_DST_ADDR, CJH_CARRIER, CJH_AMOUNT, KCT_IDEN, KCT_DST_ADDR, KCT_CARRIER, KCT_AMOUNT, SKL_IDEN, SKL_DST_ADDR, SKL_CARRIER, SKL_AMOUNT, RESULT_CODE, SERVER_INFO, ERROR_MESSAGE, ID_RESULT, ID_ERROR_MSG
2026-01-07T04:25:02.329Z [TEST DEBUG] this.variables keys: MERCHANT_ID, MERCHANT_PWD, SERVICE_NAME, USER_ID, EMAIL, ORDER_ID, DYNAMIC_PREFIX, SKT_IDEN, SKT_DST_ADDR, SKT_CARRIER, SKT_AMOUNT, KT_IDEN, KT_DST_ADDR, KT_CARRIER, KT_AMOUNT, KTMVNO_IDEN, KTMVNO_DST_ADDR, KTMVNO_CARRIER, KTMVNO_AMOUNT, LGT_IDEN, LGT_DST_ADDR, LGT_CARRIER, LGT_AMOUNT, LGTMVNO_IDEN, LGTMVNO_DST_ADDR, LGTMVNO_CARRIER, LGTMVNO_AMOUNT, CJH_IDEN, CJH_DST_ADDR, CJH_CARRIER, CJH_AMOUNT, KCT_IDEN, KCT_DST_ADDR, KCT_CARRIER, KCT_AMOUNT, SKL_IDEN, SKL_DST_ADDR, SKL_CARRIER, SKL_AMOUNT, RESULT_CODE, SERVER_INFO, ERROR_MESSAGE, ID_RESULT, ID_ERROR_MSG
2026-01-07T04:25:02.329Z [TEST FAIL] 결과 코드(RESULT) 정상 출력: Expected "0" but got "901"
2026-01-07T04:25:02.329Z [TEST DEBUG] pm.response keys: result, serverinfo, errmsg, MERCHANT_ID, MERCHANT_PWD, SERVICE_NAME, USER_ID, EMAIL, ORDER_ID, DYNAMIC_PREFIX, SKT_IDEN, SKT_DST_ADDR, SKT_CARRIER, SKT_AMOUNT, KT_IDEN, KT_DST_ADDR, KT_CARRIER, KT_AMOUNT, KTMVNO_IDEN, KTMVNO_DST_ADDR, KTMVNO_CARRIER, KTMVNO_AMOUNT, LGT_IDEN, LGT_DST_ADDR, LGT_CARRIER, LGT_AMOUNT, LGTMVNO_IDEN, LGTMVNO_DST_ADDR, LGTMVNO_CARRIER, LGTMVNO_AMOUNT, CJH_IDEN, CJH_DST_ADDR, CJH_CARRIER, CJH_AMOUNT, KCT_IDEN, KCT_DST_ADDR, KCT_CARRIER, KCT_AMOUNT, SKL_IDEN, SKL_DST_ADDR, SKL_CARRIER, SKL_AMOUNT, RESULT_CODE, SERVER_INFO, ERROR_MESSAGE, ID_RESULT, ID_ERROR_MSG
2026-01-07T04:25:02.329Z [TEST DEBUG] this.variables keys: MERCHANT_ID, MERCHANT_PWD, SERVICE_NAME, USER_ID, EMAIL, ORDER_ID, DYNAMIC_PREFIX, SKT_IDEN, SKT_DST_ADDR, SKT_CARRIER, SKT_AMOUNT, KT_IDEN, KT_DST_ADDR, KT_CARRIER, KT_AMOUNT, KTMVNO_IDEN, KTMVNO_DST_ADDR, KTMVNO_CARRIER, KTMVNO_AMOUNT, LGT_IDEN, LGT_DST_ADDR, LGT_CARRIER, LGT_AMOUNT, LGTMVNO_IDEN, LGTMVNO_DST_ADDR, LGTMVNO_CARRIER, LGTMVNO_AMOUNT, CJH_IDEN, CJH_DST_ADDR, CJH_CARRIER, CJH_AMOUNT, KCT_IDEN, KCT_DST_ADDR, KCT_CARRIER, KCT_AMOUNT, SKL_IDEN, SKL_DST_ADDR, SKL_CARRIER, SKL_AMOUNT, RESULT_CODE, SERVER_INFO, ERROR_MESSAGE, ID_RESULT, ID_ERROR_MSG
2026-01-07T04:25:02.329Z [TEST FAIL] 결과 메시지(ErrMsg) 정상 출력: Expected "No Information" but got "결제 정책상 해당 전화번호의 결제 서비스 이용이 제한됩니다 (다날고객센터 1566-3355)"
2026-01-07T04:25:02.329Z [TEST DEBUG] pm.response keys: result, serverinfo, errmsg, MERCHANT_ID, MERCHANT_PWD, SERVICE_NAME, USER_ID, EMAIL, ORDER_ID, DYNAMIC_PREFIX, SKT_IDEN, SKT_DST_ADDR, SKT_CARRIER, SKT_AMOUNT, KT_IDEN, KT_DST_ADDR, KT_CARRIER, KT_AMOUNT, KTMVNO_IDEN, KTMVNO_DST_ADDR, KTMVNO_CARRIER, KTMVNO_AMOUNT, LGT_IDEN, LGT_DST_ADDR, LGT_CARRIER, LGT_AMOUNT, LGTMVNO_IDEN, LGTMVNO_DST_ADDR, LGTMVNO_CARRIER, LGTMVNO_AMOUNT, CJH_IDEN, CJH_DST_ADDR, CJH_CARRIER, CJH_AMOUNT, KCT_IDEN, KCT_DST_ADDR, KCT_CARRIER, KCT_AMOUNT, SKL_IDEN, SKL_DST_ADDR, SKL_CARRIER, SKL_AMOUNT, RESULT_CODE, SERVER_INFO, ERROR_MESSAGE, ID_RESULT, ID_ERROR_MSG
2026-01-07T04:25:02.329Z [TEST DEBUG] this.variables keys: MERCHANT_ID, MERCHANT_PWD, SERVICE_NAME, USER_ID, EMAIL, ORDER_ID, DYNAMIC_PREFIX, SKT_IDEN, SKT_DST_ADDR, SKT_CARRIER, SKT_AMOUNT, KT_IDEN, KT_DST_ADDR, KT_CARRIER, KT_AMOUNT, KTMVNO_IDEN, KTMVNO_DST_ADDR, KTMVNO_CARRIER, KTMVNO_AMOUNT, LGT_IDEN, LGT_DST_ADDR, LGT_CARRIER, LGT_AMOUNT, LGTMVNO_IDEN, LGTMVNO_DST_ADDR, LGTMVNO_CARRIER, LGTMVNO_AMOUNT, CJH_IDEN, CJH_DST_ADDR, CJH_CARRIER, CJH_AMOUNT, KCT_IDEN, KCT_DST_ADDR, KCT_CARRIER, KCT_AMOUNT, SKL_IDEN, SKL_DST_ADDR, SKL_CARRIER, SKL_AMOUNT, RESULT_CODE, SERVER_INFO, ERROR_MESSAGE, ID_RESULT, ID_ERROR_MSG
2026-01-07T04:25:02.329Z [TEST FAIL] 잔여한도 금액(CAP) 정상 출력: ❌ ID_CAP not found. Value was not extracted from SClient response.
2026-01-07T04:25:02.329Z [TEST DEBUG] pm.response keys: result, serverinfo, errmsg, MERCHANT_ID, MERCHANT_PWD, SERVICE_NAME, USER_ID, EMAIL, ORDER_ID, DYNAMIC_PREFIX, SKT_IDEN, SKT_DST_ADDR, SKT_CARRIER, SKT_AMOUNT, KT_IDEN, KT_DST_ADDR, KT_CARRIER, KT_AMOUNT, KTMVNO_IDEN, KTMVNO_DST_ADDR, KTMVNO_CARRIER, KTMVNO_AMOUNT, LGT_IDEN, LGT_DST_ADDR, LGT_CARRIER, LGT_AMOUNT, LGTMVNO_IDEN, LGTMVNO_DST_ADDR, LGTMVNO_CARRIER, LGTMVNO_AMOUNT, CJH_IDEN, CJH_DST_ADDR, CJH_CARRIER, CJH_AMOUNT, KCT_IDEN, KCT_DST_ADDR, KCT_CARRIER, KCT_AMOUNT, SKL_IDEN, SKL_DST_ADDR, SKL_CARRIER, SKL_AMOUNT, RESULT_CODE, SERVER_INFO, ERROR_MESSAGE, ID_RESULT, ID_ERROR_MSG
2026-01-07T04:25:02.329Z [TEST DEBUG] this.variables keys: MERCHANT_ID, MERCHANT_PWD, SERVICE_NAME, USER_ID, EMAIL, ORDER_ID, DYNAMIC_PREFIX, SKT_IDEN, SKT_DST_ADDR, SKT_CARRIER, SKT_AMOUNT, KT_IDEN, KT_DST_ADDR, KT_CARRIER, KT_AMOUNT, KTMVNO_IDEN, KTMVNO_DST_ADDR, KTMVNO_CARRIER, KTMVNO_AMOUNT, LGT_IDEN, LGT_DST_ADDR, LGT_CARRIER, LGT_AMOUNT, LGTMVNO_IDEN, LGTMVNO_DST_ADDR, LGTMVNO_CARRIER, LGTMVNO_AMOUNT, CJH_IDEN, CJH_DST_ADDR, CJH_CARRIER, CJH_AMOUNT, KCT_IDEN, KCT_DST_ADDR, KCT_CARRIER, KCT_AMOUNT, SKL_IDEN, SKL_DST_ADDR, SKL_CARRIER, SKL_AMOUNT, RESULT_CODE, SERVER_INFO, ERROR_MESSAGE, ID_RESULT, ID_ERROR_MSG
2026-01-07T04:25:02.329Z [TEST FAIL] 안심결제 회원 여부(ANSIMMEMBER) 정상 출력: ❌ ID_ANSIMMEMBER not found. Value was not extracted from SClient response.
2026-01-07T04:25:02.329Z [TEST DEBUG] pm.response keys: result, serverinfo, errmsg, MERCHANT_ID, MERCHANT_PWD, SERVICE_NAME, USER_ID, EMAIL, ORDER_ID, DYNAMIC_PREFIX, SKT_IDEN, SKT_DST_ADDR, SKT_CARRIER, SKT_AMOUNT, KT_IDEN, KT_DST_ADDR, KT_CARRIER, KT_AMOUNT, KTMVNO_IDEN, KTMVNO_DST_ADDR, KTMVNO_CARRIER, KTMVNO_AMOUNT, LGT_IDEN, LGT_DST_ADDR, LGT_CARRIER, LGT_AMOUNT, LGTMVNO_IDEN, LGTMVNO_DST_ADDR, LGTMVNO_CARRIER, LGTMVNO_AMOUNT, CJH_IDEN, CJH_DST_ADDR, CJH_CARRIER, CJH_AMOUNT, KCT_IDEN, KCT_DST_ADDR, KCT_CARRIER, KCT_AMOUNT, SKL_IDEN, SKL_DST_ADDR, SKL_CARRIER, SKL_AMOUNT, RESULT_CODE, SERVER_INFO, ERROR_MESSAGE, ID_RESULT, ID_ERROR_MSG
2026-01-07T04:25:02.330Z [TEST DEBUG] this.variables keys: MERCHANT_ID, MERCHANT_PWD, SERVICE_NAME, USER_ID, EMAIL, ORDER_ID, DYNAMIC_PREFIX, SKT_IDEN, SKT_DST_ADDR, SKT_CARRIER, SKT_AMOUNT, KT_IDEN, KT_DST_ADDR, KT_CARRIER, KT_AMOUNT, KTMVNO_IDEN, KTMVNO_DST_ADDR, KTMVNO_CARRIER, KTMVNO_AMOUNT, LGT_IDEN, LGT_DST_ADDR, LGT_CARRIER, LGT_AMOUNT, LGTMVNO_IDEN, LGTMVNO_DST_ADDR, LGTMVNO_CARRIER, LGTMVNO_AMOUNT, CJH_IDEN, CJH_DST_ADDR, CJH_CARRIER, CJH_AMOUNT, KCT_IDEN, KCT_DST_ADDR, KCT_CARRIER, KCT_AMOUNT, SKL_IDEN, SKL_DST_ADDR, SKL_CARRIER, SKL_AMOUNT, RESULT_CODE, SERVER_INFO, ERROR_MESSAGE, ID_RESULT, ID_ERROR_MSG
2026-01-07T04:25:02.330Z [TEST FAIL] ARS 전환 지원(ARSCHANGE) 정상 출력: ❌ ID_ARSCHANGE not found. Value was not extracted from SClient response.
2026-01-07T04:25:02.330Z [TEST DEBUG] pm.response keys: result, serverinfo, errmsg, MERCHANT_ID, MERCHANT_PWD, SERVICE_NAME, USER_ID, EMAIL, ORDER_ID, DYNAMIC_PREFIX, SKT_IDEN, SKT_DST_ADDR, SKT_CARRIER, SKT_AMOUNT, KT_IDEN, KT_DST_ADDR, KT_CARRIER, KT_AMOUNT, KTMVNO_IDEN, KTMVNO_DST_ADDR, KTMVNO_CARRIER, KTMVNO_AMOUNT, LGT_IDEN, LGT_DST_ADDR, LGT_CARRIER, LGT_AMOUNT, LGTMVNO_IDEN, LGTMVNO_DST_ADDR, LGTMVNO_CARRIER, LGTMVNO_AMOUNT, CJH_IDEN, CJH_DST_ADDR, CJH_CARRIER, CJH_AMOUNT, KCT_IDEN, KCT_DST_ADDR, KCT_CARRIER, KCT_AMOUNT, SKL_IDEN, SKL_DST_ADDR, SKL_CARRIER, SKL_AMOUNT, RESULT_CODE, SERVER_INFO, ERROR_MESSAGE, ID_RESULT, ID_ERROR_MSG
2026-01-07T04:25:02.330Z [TEST DEBUG] this.variables keys: MERCHANT_ID, MERCHANT_PWD, SERVICE_NAME, USER_ID, EMAIL, ORDER_ID, DYNAMIC_PREFIX, SKT_IDEN, SKT_DST_ADDR, SKT_CARRIER, SKT_AMOUNT, KT_IDEN, KT_DST_ADDR, KT_CARRIER, KT_AMOUNT, KTMVNO_IDEN, KTMVNO_DST_ADDR, KTMVNO_CARRIER, KTMVNO_AMOUNT, LGT_IDEN, LGT_DST_ADDR, LGT_CARRIER, LGT_AMOUNT, LGTMVNO_IDEN, LGTMVNO_DST_ADDR, LGTMVNO_CARRIER, LGTMVNO_AMOUNT, CJH_IDEN, CJH_DST_ADDR, CJH_CARRIER, CJH_AMOUNT, KCT_IDEN, KCT_DST_ADDR, KCT_CARRIER, KCT_AMOUNT, SKL_IDEN, SKL_DST_ADDR, SKL_CARRIER, SKL_AMOUNT, RESULT_CODE, SERVER_INFO, ERROR_MESSAGE, ID_RESULT, ID_ERROR_MSG
2026-01-07T04:25:02.330Z [TEST FAIL] 인증 방식(UAM) 정상 출력: ❌ ID_UAM not found. Value was not extracted from SClient response.
2026-01-07T04:25:02.330Z [TEST DEBUG] pm.response keys: result, serverinfo, errmsg, MERCHANT_ID, MERCHANT_PWD, SERVICE_NAME, USER_ID, EMAIL, ORDER_ID, DYNAMIC_PREFIX, SKT_IDEN, SKT_DST_ADDR, SKT_CARRIER, SKT_AMOUNT, KT_IDEN, KT_DST_ADDR, KT_CARRIER, KT_AMOUNT, KTMVNO_IDEN, KTMVNO_DST_ADDR, KTMVNO_CARRIER, KTMVNO_AMOUNT, LGT_IDEN, LGT_DST_ADDR, LGT_CARRIER, LGT_AMOUNT, LGTMVNO_IDEN, LGTMVNO_DST_ADDR, LGTMVNO_CARRIER, LGTMVNO_AMOUNT, CJH_IDEN, CJH_DST_ADDR, CJH_CARRIER, CJH_AMOUNT, KCT_IDEN, KCT_DST_ADDR, KCT_CARRIER, KCT_AMOUNT, SKL_IDEN, SKL_DST_ADDR, SKL_CARRIER, SKL_AMOUNT, RESULT_CODE, SERVER_INFO, ERROR_MESSAGE, ID_RESULT, ID_ERROR_MSG
2026-01-07T04:25:02.330Z [TEST DEBUG] this.variables keys: MERCHANT_ID, MERCHANT_PWD, SERVICE_NAME, USER_ID, EMAIL, ORDER_ID, DYNAMIC_PREFIX, SKT_IDEN, SKT_DST_ADDR, SKT_CARRIER, SKT_AMOUNT, KT_IDEN, KT_DST_ADDR, KT_CARRIER, KT_AMOUNT, KTMVNO_IDEN, KTMVNO_DST_ADDR, KTMVNO_CARRIER, KTMVNO_AMOUNT, LGT_IDEN, LGT_DST_ADDR, LGT_CARRIER, LGT_AMOUNT, LGTMVNO_IDEN, LGTMVNO_DST_ADDR, LGTMVNO_CARRIER, LGTMVNO_AMOUNT, CJH_IDEN, CJH_DST_ADDR, CJH_CARRIER, CJH_AMOUNT, KCT_IDEN, KCT_DST_ADDR, KCT_CARRIER, KCT_AMOUNT, SKL_IDEN, SKL_DST_ADDR, SKL_CARRIER, SKL_AMOUNT, RESULT_CODE, SERVER_INFO, ERROR_MESSAGE, ID_RESULT, ID_ERROR_MSG
2026-01-07T04:25:02.330Z [TEST FAIL] LGU+ 휴대폰결제 비밀번호 사용 여부(ISLGPWDUSER) 정상 출력: ❌ ID_ISLGPWDUSER not found. Value was not extracted from SClient response.
2026-01-07T04:25:02.330Z [TEST DEBUG] pm.response keys: result, serverinfo, errmsg, MERCHANT_ID, MERCHANT_PWD, SERVICE_NAME, USER_ID, EMAIL, ORDER_ID, DYNAMIC_PREFIX, SKT_IDEN, SKT_DST_ADDR, SKT_CARRIER, SKT_AMOUNT, KT_IDEN, KT_DST_ADDR, KT_CARRIER, KT_AMOUNT, KTMVNO_IDEN, KTMVNO_DST_ADDR, KTMVNO_CARRIER, KTMVNO_AMOUNT, LGT_IDEN, LGT_DST_ADDR, LGT_CARRIER, LGT_AMOUNT, LGTMVNO_IDEN, LGTMVNO_DST_ADDR, LGTMVNO_CARRIER, LGTMVNO_AMOUNT, CJH_IDEN, CJH_DST_ADDR, CJH_CARRIER, CJH_AMOUNT, KCT_IDEN, KCT_DST_ADDR, KCT_CARRIER, KCT_AMOUNT, SKL_IDEN, SKL_DST_ADDR, SKL_CARRIER, SKL_AMOUNT, RESULT_CODE, SERVER_INFO, ERROR_MESSAGE, ID_RESULT, ID_ERROR_MSG
2026-01-07T04:25:02.330Z [TEST DEBUG] this.variables keys: MERCHANT_ID, MERCHANT_PWD, SERVICE_NAME, USER_ID, EMAIL, ORDER_ID, DYNAMIC_PREFIX, SKT_IDEN, SKT_DST_ADDR, SKT_CARRIER, SKT_AMOUNT, KT_IDEN, KT_DST_ADDR, KT_CARRIER, KT_AMOUNT, KTMVNO_IDEN, KTMVNO_DST_ADDR, KTMVNO_CARRIER, KTMVNO_AMOUNT, LGT_IDEN, LGT_DST_ADDR, LGT_CARRIER, LGT_AMOUNT, LGTMVNO_IDEN, LGTMVNO_DST_ADDR, LGTMVNO_CARRIER, LGTMVNO_AMOUNT, CJH_IDEN, CJH_DST_ADDR, CJH_CARRIER, CJH_AMOUNT, KCT_IDEN, KCT_DST_ADDR, KCT_CARRIER, KCT_AMOUNT, SKL_IDEN, SKL_DST_ADDR, SKL_CARRIER, SKL_AMOUNT, RESULT_CODE, SERVER_INFO, ERROR_MESSAGE, ID_RESULT, ID_ERROR_MSG
2026-01-07T04:25:02.330Z [TEST FAIL] 즉시 할인용(ISPROM) 정상 출력: ❌ ID_ISPROM not found. Value was not extracted from SClient response.
2026-01-07T04:25:02.330Z [TEST DEBUG] pm.response keys: result, serverinfo, errmsg, MERCHANT_ID, MERCHANT_PWD, SERVICE_NAME, USER_ID, EMAIL, ORDER_ID, DYNAMIC_PREFIX, SKT_IDEN, SKT_DST_ADDR, SKT_CARRIER, SKT_AMOUNT, KT_IDEN, KT_DST_ADDR, KT_CARRIER, KT_AMOUNT, KTMVNO_IDEN, KTMVNO_DST_ADDR, KTMVNO_CARRIER, KTMVNO_AMOUNT, LGT_IDEN, LGT_DST_ADDR, LGT_CARRIER, LGT_AMOUNT, LGTMVNO_IDEN, LGTMVNO_DST_ADDR, LGTMVNO_CARRIER, LGTMVNO_AMOUNT, CJH_IDEN, CJH_DST_ADDR, CJH_CARRIER, CJH_AMOUNT, KCT_IDEN, KCT_DST_ADDR, KCT_CARRIER, KCT_AMOUNT, SKL_IDEN, SKL_DST_ADDR, SKL_CARRIER, SKL_AMOUNT, RESULT_CODE, SERVER_INFO, ERROR_MESSAGE, ID_RESULT, ID_ERROR_MSG
2026-01-07T04:25:02.330Z [TEST DEBUG] this.variables keys: MERCHANT_ID, MERCHANT_PWD, SERVICE_NAME, USER_ID, EMAIL, ORDER_ID, DYNAMIC_PREFIX, SKT_IDEN, SKT_DST_ADDR, SKT_CARRIER, SKT_AMOUNT, KT_IDEN, KT_DST_ADDR, KT_CARRIER, KT_AMOUNT, KTMVNO_IDEN, KTMVNO_DST_ADDR, KTMVNO_CARRIER, KTMVNO_AMOUNT, LGT_IDEN, LGT_DST_ADDR, LGT_CARRIER, LGT_AMOUNT, LGTMVNO_IDEN, LGTMVNO_DST_ADDR, LGTMVNO_CARRIER, LGTMVNO_AMOUNT, CJH_IDEN, CJH_DST_ADDR, CJH_CARRIER, CJH_AMOUNT, KCT_IDEN, KCT_DST_ADDR, KCT_CARRIER, KCT_AMOUNT, SKL_IDEN, SKL_DST_ADDR, SKL_CARRIER, SKL_AMOUNT, RESULT_CODE, SERVER_INFO, ERROR_MESSAGE, ID_RESULT, ID_ERROR_MSG
2026-01-07T04:25:02.330Z [TEST FAIL] 프로모션 할인금액(PROM_AMT) 정상 출력: ❌ ID_PROM_AMT not found. Value was not extracted from SClient response.
2026-01-07T04:25:02.330Z [TEST DEBUG] pm.response keys: result, serverinfo, errmsg, MERCHANT_ID, MERCHANT_PWD, SERVICE_NAME, USER_ID, EMAIL, ORDER_ID, DYNAMIC_PREFIX, SKT_IDEN, SKT_DST_ADDR, SKT_CARRIER, SKT_AMOUNT, KT_IDEN, KT_DST_ADDR, KT_CARRIER, KT_AMOUNT, KTMVNO_IDEN, KTMVNO_DST_ADDR, KTMVNO_CARRIER, KTMVNO_AMOUNT, LGT_IDEN, LGT_DST_ADDR, LGT_CARRIER, LGT_AMOUNT, LGTMVNO_IDEN, LGTMVNO_DST_ADDR, LGTMVNO_CARRIER, LGTMVNO_AMOUNT, CJH_IDEN, CJH_DST_ADDR, CJH_CARRIER, CJH_AMOUNT, KCT_IDEN, KCT_DST_ADDR, KCT_CARRIER, KCT_AMOUNT, SKL_IDEN, SKL_DST_ADDR, SKL_CARRIER, SKL_AMOUNT, RESULT_CODE, SERVER_INFO, ERROR_MESSAGE, ID_RESULT, ID_ERROR_MSG
2026-01-07T04:25:02.330Z [TEST DEBUG] this.variables keys: MERCHANT_ID, MERCHANT_PWD, SERVICE_NAME, USER_ID, EMAIL, ORDER_ID, DYNAMIC_PREFIX, SKT_IDEN, SKT_DST_ADDR, SKT_CARRIER, SKT_AMOUNT, KT_IDEN, KT_DST_ADDR, KT_CARRIER, KT_AMOUNT, KTMVNO_IDEN, KTMVNO_DST_ADDR, KTMVNO_CARRIER, KTMVNO_AMOUNT, LGT_IDEN, LGT_DST_ADDR, LGT_CARRIER, LGT_AMOUNT, LGTMVNO_IDEN, LGTMVNO_DST_ADDR, LGTMVNO_CARRIER, LGTMVNO_AMOUNT, CJH_IDEN, CJH_DST_ADDR, CJH_CARRIER, CJH_AMOUNT, KCT_IDEN, KCT_DST_ADDR, KCT_CARRIER, KCT_AMOUNT, SKL_IDEN, SKL_DST_ADDR, SKL_CARRIER, SKL_AMOUNT, RESULT_CODE, SERVER_INFO, ERROR_MESSAGE, ID_RESULT, ID_ERROR_MSG
2026-01-07T04:25:02.330Z [TEST FAIL] 통신사 프로모션 적용 여부(ISCARRIERPROM) 정상 출력: ❌ ID_ISCARRIERPROM not found. Value was not extracted from SClient response.
2026-01-07T04:25:02.330Z [TEST DEBUG] pm.response keys: result, serverinfo, errmsg, MERCHANT_ID, MERCHANT_PWD, SERVICE_NAME, USER_ID, EMAIL, ORDER_ID, DYNAMIC_PREFIX, SKT_IDEN, SKT_DST_ADDR, SKT_CARRIER, SKT_AMOUNT, KT_IDEN, KT_DST_ADDR, KT_CARRIER, KT_AMOUNT, KTMVNO_IDEN, KTMVNO_DST_ADDR, KTMVNO_CARRIER, KTMVNO_AMOUNT, LGT_IDEN, LGT_DST_ADDR, LGT_CARRIER, LGT_AMOUNT, LGTMVNO_IDEN, LGTMVNO_DST_ADDR, LGTMVNO_CARRIER, LGTMVNO_AMOUNT, CJH_IDEN, CJH_DST_ADDR, CJH_CARRIER, CJH_AMOUNT, KCT_IDEN, KCT_DST_ADDR, KCT_CARRIER, KCT_AMOUNT, SKL_IDEN, SKL_DST_ADDR, SKL_CARRIER, SKL_AMOUNT, RESULT_CODE, SERVER_INFO, ERROR_MESSAGE, ID_RESULT, ID_ERROR_MSG
2026-01-07T04:25:02.330Z [TEST DEBUG] this.variables keys: MERCHANT_ID, MERCHANT_PWD, SERVICE_NAME, USER_ID, EMAIL, ORDER_ID, DYNAMIC_PREFIX, SKT_IDEN, SKT_DST_ADDR, SKT_CARRIER, SKT_AMOUNT, KT_IDEN, KT_DST_ADDR, KT_CARRIER, KT_AMOUNT, KTMVNO_IDEN, KTMVNO_DST_ADDR, KTMVNO_CARRIER, KTMVNO_AMOUNT, LGT_IDEN, LGT_DST_ADDR, LGT_CARRIER, LGT_AMOUNT, LGTMVNO_IDEN, LGTMVNO_DST_ADDR, LGTMVNO_CARRIER, LGTMVNO_AMOUNT, CJH_IDEN, CJH_DST_ADDR, CJH_CARRIER, CJH_AMOUNT, KCT_IDEN, KCT_DST_ADDR, KCT_CARRIER, KCT_AMOUNT, SKL_IDEN, SKL_DST_ADDR, SKL_CARRIER, SKL_AMOUNT, RESULT_CODE, SERVER_INFO, ERROR_MESSAGE, ID_RESULT, ID_ERROR_MSG
2026-01-07T04:25:02.330Z [TEST FAIL] 인증 방식(UAM) 정상 출력: ❌ ID_UAM not found. Value was not extracted from SClient response.
2026-01-07T04:25:02.330Z [STEP 3/5] IREPORT
2026-01-07T04:25:02.330Z [STEP START] 3. IREPORT - Command: 
2026-01-07T04:25:02.330Z [COMMAND STRING] ServerInfo=642e12b33b7004d6eb57628f509826dbb60ee0911fcf3927970eda41091fac2bcbb94dd0be5a9e631936dd43d54d1174236653035cf520daa137f47efebdafe7;Command=IREPORT;Configure=FAILURE;IFVERSION=V1.0.5;TERMSAGREE2=N;WPRCODE=0000;ANSIMPASS=;ANSIMMEMBER=N;OTP=000000
Result=492
ErrMsg=승인 절차를 모두 거치지 않고 거래가 시도되었습니다. 다시 시도해 주십시오.
2026-01-07T04:25:02.427Z [STEP END] 3. IREPORT - Exit Code: 0, Duration: 97ms
2026-01-07T04:25:02.427Z [EXTRACT SIMPLE] result: Found result = 492
2026-01-07T04:25:02.427Z [EXTRACT SUCCESS] result: IR_RESULT = 492
2026-01-07T04:25:02.427Z [EXTRACT DEBUG] serverInfo: Pattern 'ServerInfo' (key: 'serverinfo') not found. Available keys: result, errmsg
2026-01-07T04:25:02.427Z [EXTRACT FAILED] serverInfo: Pattern "ServerInfo" not found
2026-01-07T04:25:02.427Z [EXTRACT SIMPLE] errMsg: Found errmsg = 승인 절차를 모두 거치지 않고 거래가 시도되었습니다. 다시 시도해 주십시오.
2026-01-07T04:25:02.427Z [EXTRACT SUCCESS] errMsg: IR_ERROR_MSG = 승인 절차를 모두 거치지 않고 거래가 시도되었습니다. 다시 시도해 주십시오.
2026-01-07T04:25:02.427Z [TEST DEBUG] pm.response keys: result, serverinfo, errmsg, MERCHANT_ID, MERCHANT_PWD, SERVICE_NAME, USER_ID, EMAIL, ORDER_ID, DYNAMIC_PREFIX, SKT_IDEN, SKT_DST_ADDR, SKT_CARRIER, SKT_AMOUNT, KT_IDEN, KT_DST_ADDR, KT_CARRIER, KT_AMOUNT, KTMVNO_IDEN, KTMVNO_DST_ADDR, KTMVNO_CARRIER, KTMVNO_AMOUNT, LGT_IDEN, LGT_DST_ADDR, LGT_CARRIER, LGT_AMOUNT, LGTMVNO_IDEN, LGTMVNO_DST_ADDR, LGTMVNO_CARRIER, LGTMVNO_AMOUNT, CJH_IDEN, CJH_DST_ADDR, CJH_CARRIER, CJH_AMOUNT, KCT_IDEN, KCT_DST_ADDR, KCT_CARRIER, KCT_AMOUNT, SKL_IDEN, SKL_DST_ADDR, SKL_CARRIER, SKL_AMOUNT, RESULT_CODE, SERVER_INFO, ERROR_MESSAGE, ID_RESULT, ID_ERROR_MSG, IR_RESULT, IR_ERROR_MSG
2026-01-07T04:25:02.427Z [TEST DEBUG] this.variables keys: MERCHANT_ID, MERCHANT_PWD, SERVICE_NAME, USER_ID, EMAIL, ORDER_ID, DYNAMIC_PREFIX, SKT_IDEN, SKT_DST_ADDR, SKT_CARRIER, SKT_AMOUNT, KT_IDEN, KT_DST_ADDR, KT_CARRIER, KT_AMOUNT, KTMVNO_IDEN, KTMVNO_DST_ADDR, KTMVNO_CARRIER, KTMVNO_AMOUNT, LGT_IDEN, LGT_DST_ADDR, LGT_CARRIER, LGT_AMOUNT, LGTMVNO_IDEN, LGTMVNO_DST_ADDR, LGTMVNO_CARRIER, LGTMVNO_AMOUNT, CJH_IDEN, CJH_DST_ADDR, CJH_CARRIER, CJH_AMOUNT, KCT_IDEN, KCT_DST_ADDR, KCT_CARRIER, KCT_AMOUNT, SKL_IDEN, SKL_DST_ADDR, SKL_CARRIER, SKL_AMOUNT, RESULT_CODE, SERVER_INFO, ERROR_MESSAGE, ID_RESULT, ID_ERROR_MSG, IR_RESULT, IR_ERROR_MSG
2026-01-07T04:25:02.427Z [TEST FAIL] 결과 코드(RESULT) 482 출력 확인: Expected "482" but got "492"
2026-01-07T04:25:02.427Z [TEST DEBUG] pm.response keys: result, serverinfo, errmsg, MERCHANT_ID, MERCHANT_PWD, SERVICE_NAME, USER_ID, EMAIL, ORDER_ID, DYNAMIC_PREFIX, SKT_IDEN, SKT_DST_ADDR, SKT_CARRIER, SKT_AMOUNT, KT_IDEN, KT_DST_ADDR, KT_CARRIER, KT_AMOUNT, KTMVNO_IDEN, KTMVNO_DST_ADDR, KTMVNO_CARRIER, KTMVNO_AMOUNT, LGT_IDEN, LGT_DST_ADDR, LGT_CARRIER, LGT_AMOUNT, LGTMVNO_IDEN, LGTMVNO_DST_ADDR, LGTMVNO_CARRIER, LGTMVNO_AMOUNT, CJH_IDEN, CJH_DST_ADDR, CJH_CARRIER, CJH_AMOUNT, KCT_IDEN, KCT_DST_ADDR, KCT_CARRIER, KCT_AMOUNT, SKL_IDEN, SKL_DST_ADDR, SKL_CARRIER, SKL_AMOUNT, RESULT_CODE, SERVER_INFO, ERROR_MESSAGE, ID_RESULT, ID_ERROR_MSG, IR_RESULT, IR_ERROR_MSG
2026-01-07T04:25:02.427Z [TEST DEBUG] this.variables keys: MERCHANT_ID, MERCHANT_PWD, SERVICE_NAME, USER_ID, EMAIL, ORDER_ID, DYNAMIC_PREFIX, SKT_IDEN, SKT_DST_ADDR, SKT_CARRIER, SKT_AMOUNT, KT_IDEN, KT_DST_ADDR, KT_CARRIER, KT_AMOUNT, KTMVNO_IDEN, KTMVNO_DST_ADDR, KTMVNO_CARRIER, KTMVNO_AMOUNT, LGT_IDEN, LGT_DST_ADDR, LGT_CARRIER, LGT_AMOUNT, LGTMVNO_IDEN, LGTMVNO_DST_ADDR, LGTMVNO_CARRIER, LGTMVNO_AMOUNT, CJH_IDEN, CJH_DST_ADDR, CJH_CARRIER, CJH_AMOUNT, KCT_IDEN, KCT_DST_ADDR, KCT_CARRIER, KCT_AMOUNT, SKL_IDEN, SKL_DST_ADDR, SKL_CARRIER, SKL_AMOUNT, RESULT_CODE, SERVER_INFO, ERROR_MESSAGE, ID_RESULT, ID_ERROR_MSG, IR_RESULT, IR_ERROR_MSG
2026-01-07T04:25:02.427Z [TEST FAIL] 결과 메시지(ErrMsg) 불일치 출력 확인: Expected "승인 번호가 일치하지 않습니다. 확인 후 다시 시도해 주십시오." but got "승인 절차를 모두 거치지 않고 거래가 시도되었습니다. 다시 시도해 주십시오."
2026-01-07T04:25:02.427Z [STEP 4/5] NCONFIRM
2026-01-07T04:25:02.428Z [STEP START] 4. NCONFIRM - Command: 
2026-01-07T04:25:02.428Z [COMMAND STRING] ServerInfo=642e12b33b7004d6eb57628f509826dbb60ee0911fcf3927970eda41091fac2bcbb94dd0be5a9e631936dd43d54d1174236653035cf520daa137f47efebdafe7;Command=NCONFIRM;OUTPUTOPTION=DEFAULT;ConfirmOption=1;CPID=A010002002;AMOUNT=301
Result=492
ErrMsg=승인 절차를 모두 거치지 않고 거래가 시도되었습니다. 다시 시도해 주십시오.
2026-01-07T04:25:02.517Z [STEP END] 4. NCONFIRM - Exit Code: 0, Duration: 89ms
2026-01-07T04:25:02.517Z [EXTRACT SIMPLE] result: Found result = 492
2026-01-07T04:25:02.517Z [EXTRACT SUCCESS] result: NC_RESULT = 492
2026-01-07T04:25:02.517Z [EXTRACT DEBUG] serverInfo: Pattern 'ServerInfo' (key: 'serverinfo') not found. Available keys: result, errmsg
2026-01-07T04:25:02.517Z [EXTRACT FAILED] serverInfo: Pattern "ServerInfo" not found
2026-01-07T04:25:02.517Z [EXTRACT SIMPLE] errMsg: Found errmsg = 승인 절차를 모두 거치지 않고 거래가 시도되었습니다. 다시 시도해 주십시오.
2026-01-07T04:25:02.517Z [EXTRACT SUCCESS] errMsg: NC_ERROR_MSG = 승인 절차를 모두 거치지 않고 거래가 시도되었습니다. 다시 시도해 주십시오.
2026-01-07T04:25:02.517Z [TEST DEBUG] pm.response keys: result, serverinfo, errmsg, MERCHANT_ID, MERCHANT_PWD, SERVICE_NAME, USER_ID, EMAIL, ORDER_ID, DYNAMIC_PREFIX, SKT_IDEN, SKT_DST_ADDR, SKT_CARRIER, SKT_AMOUNT, KT_IDEN, KT_DST_ADDR, KT_CARRIER, KT_AMOUNT, KTMVNO_IDEN, KTMVNO_DST_ADDR, KTMVNO_CARRIER, KTMVNO_AMOUNT, LGT_IDEN, LGT_DST_ADDR, LGT_CARRIER, LGT_AMOUNT, LGTMVNO_IDEN, LGTMVNO_DST_ADDR, LGTMVNO_CARRIER, LGTMVNO_AMOUNT, CJH_IDEN, CJH_DST_ADDR, CJH_CARRIER, CJH_AMOUNT, KCT_IDEN, KCT_DST_ADDR, KCT_CARRIER, KCT_AMOUNT, SKL_IDEN, SKL_DST_ADDR, SKL_CARRIER, SKL_AMOUNT, RESULT_CODE, SERVER_INFO, ERROR_MESSAGE, ID_RESULT, ID_ERROR_MSG, IR_RESULT, IR_ERROR_MSG, NC_RESULT, NC_ERROR_MSG
2026-01-07T04:25:02.517Z [TEST DEBUG] this.variables keys: MERCHANT_ID, MERCHANT_PWD, SERVICE_NAME, USER_ID, EMAIL, ORDER_ID, DYNAMIC_PREFIX, SKT_IDEN, SKT_DST_ADDR, SKT_CARRIER, SKT_AMOUNT, KT_IDEN, KT_DST_ADDR, KT_CARRIER, KT_AMOUNT, KTMVNO_IDEN, KTMVNO_DST_ADDR, KTMVNO_CARRIER, KTMVNO_AMOUNT, LGT_IDEN, LGT_DST_ADDR, LGT_CARRIER, LGT_AMOUNT, LGTMVNO_IDEN, LGTMVNO_DST_ADDR, LGTMVNO_CARRIER, LGTMVNO_AMOUNT, CJH_IDEN, CJH_DST_ADDR, CJH_CARRIER, CJH_AMOUNT, KCT_IDEN, KCT_DST_ADDR, KCT_CARRIER, KCT_AMOUNT, SKL_IDEN, SKL_DST_ADDR, SKL_CARRIER, SKL_AMOUNT, RESULT_CODE, SERVER_INFO, ERROR_MESSAGE, ID_RESULT, ID_ERROR_MSG, IR_RESULT, IR_ERROR_MSG, NC_RESULT, NC_ERROR_MSG
2026-01-07T04:25:02.517Z [TEST PASS] 결과 코드(RESULT) 492 출력 확인
2026-01-07T04:25:02.517Z [TEST DEBUG] pm.response keys: result, serverinfo, errmsg, MERCHANT_ID, MERCHANT_PWD, SERVICE_NAME, USER_ID, EMAIL, ORDER_ID, DYNAMIC_PREFIX, SKT_IDEN, SKT_DST_ADDR, SKT_CARRIER, SKT_AMOUNT, KT_IDEN, KT_DST_ADDR, KT_CARRIER, KT_AMOUNT, KTMVNO_IDEN, KTMVNO_DST_ADDR, KTMVNO_CARRIER, KTMVNO_AMOUNT, LGT_IDEN, LGT_DST_ADDR, LGT_CARRIER, LGT_AMOUNT, LGTMVNO_IDEN, LGTMVNO_DST_ADDR, LGTMVNO_CARRIER, LGTMVNO_AMOUNT, CJH_IDEN, CJH_DST_ADDR, CJH_CARRIER, CJH_AMOUNT, KCT_IDEN, KCT_DST_ADDR, KCT_CARRIER, KCT_AMOUNT, SKL_IDEN, SKL_DST_ADDR, SKL_CARRIER, SKL_AMOUNT, RESULT_CODE, SERVER_INFO, ERROR_MESSAGE, ID_RESULT, ID_ERROR_MSG, IR_RESULT, IR_ERROR_MSG, NC_RESULT, NC_ERROR_MSG
2026-01-07T04:25:02.517Z [TEST DEBUG] this.variables keys: MERCHANT_ID, MERCHANT_PWD, SERVICE_NAME, USER_ID, EMAIL, ORDER_ID, DYNAMIC_PREFIX, SKT_IDEN, SKT_DST_ADDR, SKT_CARRIER, SKT_AMOUNT, KT_IDEN, KT_DST_ADDR, KT_CARRIER, KT_AMOUNT, KTMVNO_IDEN, KTMVNO_DST_ADDR, KTMVNO_CARRIER, KTMVNO_AMOUNT, LGT_IDEN, LGT_DST_ADDR, LGT_CARRIER, LGT_AMOUNT, LGTMVNO_IDEN, LGTMVNO_DST_ADDR, LGTMVNO_CARRIER, LGTMVNO_AMOUNT, CJH_IDEN, CJH_DST_ADDR, CJH_CARRIER, CJH_AMOUNT, KCT_IDEN, KCT_DST_ADDR, KCT_CARRIER, KCT_AMOUNT, SKL_IDEN, SKL_DST_ADDR, SKL_CARRIER, SKL_AMOUNT, RESULT_CODE, SERVER_INFO, ERROR_MESSAGE, ID_RESULT, ID_ERROR_MSG, IR_RESULT, IR_ERROR_MSG, NC_RESULT, NC_ERROR_MSG
2026-01-07T04:25:02.517Z [TEST PASS] 결과 메시지(ErrMsg) 승인 절차 미완료 출력 확인
2026-01-07T04:25:02.517Z [STEP 5/5] NBILL
2026-01-07T04:25:02.517Z [STEP START] 5. NBILL - Command: 
2026-01-07T04:25:02.517Z [COMMAND STRING] ServerInfo=642e12b33b7004d6eb57628f509826dbb60ee0911fcf3927970eda41091fac2bcbb94dd0be5a9e631936dd43d54d1174236653035cf520daa137f47efebdafe7;BillOption=1;Command=NBILL;OUTPUTOPTION=DEFAULT
Result=492
ErrMsg=승인 절차를 모두 거치지 않고 거래가 시도되었습니다. 다시 시도해 주십시오.
2026-01-07T04:25:02.613Z [STEP END] 5. NBILL - Exit Code: 0, Duration: 96ms
2026-01-07T04:25:02.613Z [EXTRACT SIMPLE] result: Found result = 492
2026-01-07T04:25:02.613Z [EXTRACT SUCCESS] result: NB_RESULT = 492
2026-01-07T04:25:02.613Z [EXTRACT DEBUG] serverInfo: Pattern 'ServerInfo' (key: 'serverinfo') not found. Available keys: result, errmsg
2026-01-07T04:25:02.613Z [EXTRACT FAILED] serverInfo: Pattern "ServerInfo" not found
2026-01-07T04:25:02.613Z [EXTRACT SIMPLE] errMsg: Found errmsg = 승인 절차를 모두 거치지 않고 거래가 시도되었습니다. 다시 시도해 주십시오.
2026-01-07T04:25:02.613Z [EXTRACT SUCCESS] errMsg: NB_ERROR_MSG = 승인 절차를 모두 거치지 않고 거래가 시도되었습니다. 다시 시도해 주십시오.
2026-01-07T04:25:02.613Z [TEST DEBUG] pm.response keys: result, serverinfo, errmsg, MERCHANT_ID, MERCHANT_PWD, SERVICE_NAME, USER_ID, EMAIL, ORDER_ID, DYNAMIC_PREFIX, SKT_IDEN, SKT_DST_ADDR, SKT_CARRIER, SKT_AMOUNT, KT_IDEN, KT_DST_ADDR, KT_CARRIER, KT_AMOUNT, KTMVNO_IDEN, KTMVNO_DST_ADDR, KTMVNO_CARRIER, KTMVNO_AMOUNT, LGT_IDEN, LGT_DST_ADDR, LGT_CARRIER, LGT_AMOUNT, LGTMVNO_IDEN, LGTMVNO_DST_ADDR, LGTMVNO_CARRIER, LGTMVNO_AMOUNT, CJH_IDEN, CJH_DST_ADDR, CJH_CARRIER, CJH_AMOUNT, KCT_IDEN, KCT_DST_ADDR, KCT_CARRIER, KCT_AMOUNT, SKL_IDEN, SKL_DST_ADDR, SKL_CARRIER, SKL_AMOUNT, RESULT_CODE, SERVER_INFO, ERROR_MESSAGE, ID_RESULT, ID_ERROR_MSG, IR_RESULT, IR_ERROR_MSG, NC_RESULT, NC_ERROR_MSG, NB_RESULT, NB_ERROR_MSG
2026-01-07T04:25:02.613Z [TEST DEBUG] this.variables keys: MERCHANT_ID, MERCHANT_PWD, SERVICE_NAME, USER_ID, EMAIL, ORDER_ID, DYNAMIC_PREFIX, SKT_IDEN, SKT_DST_ADDR, SKT_CARRIER, SKT_AMOUNT, KT_IDEN, KT_DST_ADDR, KT_CARRIER, KT_AMOUNT, KTMVNO_IDEN, KTMVNO_DST_ADDR, KTMVNO_CARRIER, KTMVNO_AMOUNT, LGT_IDEN, LGT_DST_ADDR, LGT_CARRIER, LGT_AMOUNT, LGTMVNO_IDEN, LGTMVNO_DST_ADDR, LGTMVNO_CARRIER, LGTMVNO_AMOUNT, CJH_IDEN, CJH_DST_ADDR, CJH_CARRIER, CJH_AMOUNT, KCT_IDEN, KCT_DST_ADDR, KCT_CARRIER, KCT_AMOUNT, SKL_IDEN, SKL_DST_ADDR, SKL_CARRIER, SKL_AMOUNT, RESULT_CODE, SERVER_INFO, ERROR_MESSAGE, ID_RESULT, ID_ERROR_MSG, IR_RESULT, IR_ERROR_MSG, NC_RESULT, NC_ERROR_MSG, NB_RESULT, NB_ERROR_MSG
2026-01-07T04:25:02.613Z [TEST PASS] 결과 코드(RESULT) 492 출력 확인
2026-01-07T04:25:02.613Z [TEST DEBUG] pm.response keys: result, serverinfo, errmsg, MERCHANT_ID, MERCHANT_PWD, SERVICE_NAME, USER_ID, EMAIL, ORDER_ID, DYNAMIC_PREFIX, SKT_IDEN, SKT_DST_ADDR, SKT_CARRIER, SKT_AMOUNT, KT_IDEN, KT_DST_ADDR, KT_CARRIER, KT_AMOUNT, KTMVNO_IDEN, KTMVNO_DST_ADDR, KTMVNO_CARRIER, KTMVNO_AMOUNT, LGT_IDEN, LGT_DST_ADDR, LGT_CARRIER, LGT_AMOUNT, LGTMVNO_IDEN, LGTMVNO_DST_ADDR, LGTMVNO_CARRIER, LGTMVNO_AMOUNT, CJH_IDEN, CJH_DST_ADDR, CJH_CARRIER, CJH_AMOUNT, KCT_IDEN, KCT_DST_ADDR, KCT_CARRIER, KCT_AMOUNT, SKL_IDEN, SKL_DST_ADDR, SKL_CARRIER, SKL_AMOUNT, RESULT_CODE, SERVER_INFO, ERROR_MESSAGE, ID_RESULT, ID_ERROR_MSG, IR_RESULT, IR_ERROR_MSG, NC_RESULT, NC_ERROR_MSG, NB_RESULT, NB_ERROR_MSG
2026-01-07T04:25:02.613Z [TEST DEBUG] this.variables keys: MERCHANT_ID, MERCHANT_PWD, SERVICE_NAME, USER_ID, EMAIL, ORDER_ID, DYNAMIC_PREFIX, SKT_IDEN, SKT_DST_ADDR, SKT_CARRIER, SKT_AMOUNT, KT_IDEN, KT_DST_ADDR, KT_CARRIER, KT_AMOUNT, KTMVNO_IDEN, KTMVNO_DST_ADDR, KTMVNO_CARRIER, KTMVNO_AMOUNT, LGT_IDEN, LGT_DST_ADDR, LGT_CARRIER, LGT_AMOUNT, LGTMVNO_IDEN, LGTMVNO_DST_ADDR, LGTMVNO_CARRIER, LGTMVNO_AMOUNT, CJH_IDEN, CJH_DST_ADDR, CJH_CARRIER, CJH_AMOUNT, KCT_IDEN, KCT_DST_ADDR, KCT_CARRIER, KCT_AMOUNT, SKL_IDEN, SKL_DST_ADDR, SKL_CARRIER, SKL_AMOUNT, RESULT_CODE, SERVER_INFO, ERROR_MESSAGE, ID_RESULT, ID_ERROR_MSG, IR_RESULT, IR_ERROR_MSG, NC_RESULT, NC_ERROR_MSG, NB_RESULT, NB_ERROR_MSG
2026-01-07T04:25:02.613Z [TEST PASS] 결과 메시지(ErrMsg) 승인 절차 미완료 출력 확인
2026-01-07T04:25:02.613Z [SCENARIO END] Success: false, Passed: 3/5
