
🚀 === YAML BATCH EXECUTION START ===
Job: TDB_D_CANCEL
Start Time: 2026-01-05 13:34:57
Total Files: 9
Files: EXPREBILL-BILL_CANCEL.yaml, EXPREBILL-CANCEL-C.yaml, EXPREBILL-CANCEL-P.yaml, EXPREBILL-PARTCANCEL-MVNO.yaml, EXPREBILL-PARTCANCEL.yaml, EXPREBILL-PART_CANCEL-MVNO.yaml, EXPREBILL-PART_CANCEL.yaml, EXPREBILL-PCancel.yaml, Fail_EXPREBILL-PART_CANCEL.yaml
=== EXECUTION LOG ===

📊 Batch Progress: 11% (1/9 files)

=== [1/9] Starting EXPREBILL-BILL_CANCEL.yaml ===
=== [1/9] ✅ EXPREBILL-BILL_CANCEL.yaml: SUCCESS (1982ms) ===

📊 Batch Progress: 22% (2/9 files)

=== [2/9] Starting EXPREBILL-CANCEL-C.yaml ===
=== [2/9] ✅ EXPREBILL-CANCEL-C.yaml: SUCCESS (3890ms) ===

📊 Batch Progress: 33% (3/9 files)

=== [3/9] Starting EXPREBILL-CANCEL-P.yaml ===
=== [3/9] ✅ EXPREBILL-CANCEL-P.yaml: SUCCESS (3338ms) ===

📊 Batch Progress: 44% (4/9 files)

=== [4/9] Starting EXPREBILL-PARTCANCEL-MVNO.yaml ===
=== [4/9] ✅ EXPREBILL-PARTCANCEL-MVNO.yaml: SUCCESS (3018ms) ===

📊 Batch Progress: 56% (5/9 files)

=== [5/9] Starting EXPREBILL-PARTCANCEL.yaml ===
=== [5/9] ✅ EXPREBILL-PARTCANCEL.yaml: SUCCESS (3349ms) ===

📊 Batch Progress: 67% (6/9 files)

=== [6/9] Starting EXPREBILL-PART_CANCEL-MVNO.yaml ===
=== [6/9] ✅ EXPREBILL-PART_CANCEL-MVNO.yaml: SUCCESS (854ms) ===

📊 Batch Progress: 78% (7/9 files)

=== [7/9] Starting EXPREBILL-PART_CANCEL.yaml ===
=== [7/9] ✅ EXPREBILL-PART_CANCEL.yaml: SUCCESS (2401ms) ===

📊 Batch Progress: 89% (8/9 files)

=== [8/9] Starting EXPREBILL-PCancel.yaml ===
=== [8/9] ❌ EXPREBILL-PCancel.yaml: FAILED (13834ms) ===

📊 Batch Progress: 100% (9/9 files)

=== [9/9] Starting Fail_EXPREBILL-PART_CANCEL.yaml ===
=== [9/9] ❌ Fail_EXPREBILL-PART_CANCEL.yaml: FAILED (2541ms) ===

