
🚀 === YAML BATCH EXECUTION START ===
Job: TDB_M_CANCEL
Start Time: 2026-01-08 15:20:10
Total Files: 8
Files: TEST01_EXPREBILL-BILL_CANCEL.yaml, TEST02_EXPREBILL-CANCEL-C.yaml, TEST03_EXPREBILL-CANCEL-P.yaml, TEST04_EXPREBILL-PART_CANCEL.yaml, TEST05_EXPREBILL-PARTCANCEL-MVNO.yaml, TEST06_EXPREBILL-PARTCANCEL.yaml, TEST07_EXPREBILL-PCancel.yaml, TEST08_EXPREBILL-COUPANG_CANCEL.yaml
=== EXECUTION LOG ===

📊 Batch Progress: 13% (1/8 files)

=== [1/8] Starting TEST01_EXPREBILL-BILL_CANCEL.yaml ===
=== [1/8] ✅ TEST01_EXPREBILL-BILL_CANCEL.yaml: SUCCESS (1991ms) ===

📊 Batch Progress: 25% (2/8 files)

=== [2/8] Starting TEST02_EXPREBILL-CANCEL-C.yaml ===
=== [2/8] ✅ TEST02_EXPREBILL-CANCEL-C.yaml: SUCCESS (1864ms) ===

📊 Batch Progress: 38% (3/8 files)

=== [3/8] Starting TEST03_EXPREBILL-CANCEL-P.yaml ===
=== [3/8] ✅ TEST03_EXPREBILL-CANCEL-P.yaml: SUCCESS (1914ms) ===

📊 Batch Progress: 50% (4/8 files)

=== [4/8] Starting TEST04_EXPREBILL-PART_CANCEL.yaml ===
=== [4/8] ✅ TEST04_EXPREBILL-PART_CANCEL.yaml: SUCCESS (1818ms) ===

📊 Batch Progress: 63% (5/8 files)

=== [5/8] Starting TEST05_EXPREBILL-PARTCANCEL-MVNO.yaml ===
=== [5/8] ✅ TEST05_EXPREBILL-PARTCANCEL-MVNO.yaml: SUCCESS (1118ms) ===

📊 Batch Progress: 75% (6/8 files)

=== [6/8] Starting TEST06_EXPREBILL-PARTCANCEL.yaml ===
=== [6/8] ✅ TEST06_EXPREBILL-PARTCANCEL.yaml: SUCCESS (1967ms) ===

📊 Batch Progress: 88% (7/8 files)

=== [7/8] Starting TEST07_EXPREBILL-PCancel.yaml ===
=== [7/8] ✅ TEST07_EXPREBILL-PCancel.yaml: SUCCESS (22269ms) ===

📊 Batch Progress: 100% (8/8 files)

=== [8/8] Starting TEST08_EXPREBILL-COUPANG_CANCEL.yaml ===
=== [8/8] ✅ TEST08_EXPREBILL-COUPANG_CANCEL.yaml: SUCCESS (27140ms) ===

