[0mnewman[0m

[0mDanal_CreditRebill_v1.0[0m

□ [0mCP 및 정기결제 요청 전송[0m
└ [0mREADY - BATCH[0m
[33m  ┌[39m
[33m[39m[90m  [33m│[90m [90m`Using "CryptoJS" is deprecated. Use "require('cr[39m
[90m  [33m│[90m ypto-js')" instead.`[90m[39m
[90m[39m[33m  └[39m
[33m[39m  [90mPOST[39m [90mhttps://tx-creditcard.danalpay.com/credit/?CPID=A010037544&DATA=wcpoTy27mkzR%2FoCmuhu%2BEL1VevUN6wQgs96fAg0NJdKChw9Ccm7hXXJcj%2FUGj%2Bb8z5dq8TvydwIj3RXPjUXi4PJAgyNbIM2hLz3kcfuDNAuCqSPVhBCpg6V8SYW3jJ%2FZIfE36F%2BlYYpMSgxO77gr%2BDwLH0n%2BtJG7ZAyj6rsqbDI3wCKhX4bzlTMTVKd8c%2BGAYmpCZ3i8%2BtXuuBm6g2NRznUDXGC09xQFVhQa4p6tQyOn5eKksesgLSgIMzKa6kDqC5%2BLzMcAl8IF7qCGgIqWAazfqDqnE0a5U%2BZ8p2HIn%2FENLsoKdJRXIlRiPnCOj5yDVfIQWasCSQLbccOu1NheelnZWQGZ5rGm%2FTC5F8i9Vs5%2BjHsIKtlMOIqeb%2BdxblE4thUJb9NDu3NPdadnhpnr9g%3D%3D[39m  
  200 OK [90m★[39m 289ms [90mtime[39m [90m★[39m 795B[90m↑[39m 998B[90m↓[39m [90msize[39m [90m★[39m 9[90m↑[39m 5[90m↓[39m [90mheaders[39m [90m★[39m 0 [90mcookies[39m
  [37m┌[39m [37m↓[39m text/plain [90m★[39m text [90m★[39m plain [90m★[39m euc-kr [90m★[39m 783B
[90m  [37m│[90m DATA=bH6El5elON5883LB3RlfF1OF1H8eZTXv49wXL8%2FAVeUPd%2[39m
[90m  [37m│[90m BK0HnOxWTiKRFfoHkbh44XuFo%2F1YFe43srRQ4OJOxhLs95VAra5s[39m
[90m  [37m│[90m %2FVSLkz2ecI5qQP1JD7FiD808s7HiPd47XkJ1NntIGHG7zscw9xj%[39m
[90m  [37m│[90m 2BQ%2Fz1mwQwMcKizeJGoaL6CjE0wsE%2BTCX3RrLydSls50REyXUo[39m
[90m  [37m│[90m RfdhZIyNnX9GrxAfGM%2BRLYBzqmCBkJZ9qw4lyjTw0oNa55F67snL[39m
[90m  [37m│[90m t2MEsNqj5OtpFq4WSULkCCqhx%2FrJQ1ecAuKFLt9unNznrsZblw2c[39m
[90m  [37m│[90m K82YQj0ihXyDxUYtXB0F0zp13d%2B9y1T0km%2FbyE%2FrGB4dm6Nr[39m
[90m  [37m│[90m oUlivOFuT2LoOs0SsB4xcKK8dgr3RjXL4zJkjWMOD7BAgyRhDM3FH7[39m
[90m  [37m│[90m p6gQU9XRqoTW7vDQ15BWHg8OOPhSGgm7i3Twia2LimiyXUMWdySh5R[39m
[90m  [37m│[90m mxY8EHXIVqS6RHFUTII4j3ynogReSj9XtraCND0AUOZxmejOGuy%2F[39m
[90m  [37m│[90m VvOws0D8u%2BgQs6s9L7PHY1Ul%2F2jvhs38m4hf3%2BtuXY%2Bf7d[39m
[90m  [37m│[90m nPQ1cHo%2BU8Xq%2FXXRv4vdxJYqF14mH47IBJ2UUT56lMPaJvPb3v[39m
[90m  [37m│[90m 47susH5Q3aU%2BNUBjygy3HyNThV4gSH7Y7fsrbjtfkyMzTjHtNhlp[39m
[90m  [37m│[90m 3wgbwNnRrRrcZ%2F%2BFsIXDRoMamJznStVvK1w3Tp8nNeVn7PJvuq[39m
[90m  [37m│[90m WxILlAo%2FBn466GBedwg%3D%3D[39m
[90m[39m[37m  └[39m
  [37mprepare[39m   [37mwait[39m   [37mdns-lookup[39m   [37mtcp-handshake[39m   [37mssl-handshake[39m   [37mtransfer-start[39m   [37mdownload[39m   [37mprocess[39m   [37mtotal[39m 
  [90m5ms[39m       [90m17ms[39m   [90m209ms[39m        [90m3ms[39m             [90m9ms[39m             [90m44ms[39m             [90m3ms[39m        [90m181µs[39m     [90m294ms[39m 

[33m  ┌[39m
[33m[39m[90m  [33m│[90m [90m`Using "CryptoJS" is deprecated. Use "require('cr[39m
[90m  [33m│[90m ypto-js')" instead.`[90m[39m
[90m[39m[90m  [90m│[90m [90m'복호화 결과 : '[90m[37m, [90m[90m'RETURNCODE=0000[39m
[90m  [90m│[90m &RETURNMSG=%BC%BA%B0%F8&STARTURL=https%3A%2F%2Fcheckou[39m
[90m  [90m│[90m t.teledit.com%2Fcreditcard_recurring%2Fweb&TID=2026010[39m
[90m  [90m│[90m 51625038569283400&ORDERID=&STARTPARAMS=4q3MUdEXw%2Ft4R[39m
[90m  [90m│[90m CqJf7Xl4cGz%2FKfG2srK3YYr%2B6M4iCmCMdYtP667S8H8sW20FGF[39m
[90m  [90m│[90m ftLW3P1UGnDMQfqK8okkrwNBupD8jrzE4zN74DOrwzgEVprLbI7jwF[39m
[90m  [90m│[90m SLFEXtgq4El1PC932JX1Gqrw3wfOmFP0xcoNM8ArAHYLLsD7Odyswm[39m
[90m  [90m│[90m 69GRNxgzQvJtZnbpRsRVQxjaNhooWq6B9y%2FVoOxvEUm%2F%2FwK7[39m
[90m  [90m│[90m f1T62TVg9dg7UMOr2WfvZVU5wmC7XWisOpuXRs0mu0offOQl0gH1j0[39m
[90m  [90m│[90m kn1sfGIhcTECqQ2fILzq1c2bNkSeOM7XPYBZ35CPgxudtQxV2Z2qKh[39m
[90m  [90m│[90m 6T46S0VfdOf%2FubQ%3D%3D&AMOUNT=301'[90m[39m
[90m[39m[90m  [90m│[90m [90m'STARTURL(디코딩):'[90m[37m, [90m[90m'https://ch[39m
[90m  [90m│[90m eckout.teledit.com/creditcard_recurring/web'[90m[39m
[90m[39m[90m  └[39m
[90m[39m[32m  √ [39m [90m결과코드(RETURNCODE) 정상출력[39m
[32m  √ [39m [90m결과메시지(RETURNMSG) 정상출력[39m
[32m  √ [39m [90m정기결제 초기인증 표준페이지 시작 URL(STARTURL) 정상출력[39m
[32m  √ [39m [90m다날 거래 키(TID) 정상출력[39m
[32m  √ [39m [90m가맹점 주문번호(ORDERID) 빈값 확인[39m
[32m  √ [39m [90m위 표준페이지 시작 URL 전송 파라미터(STARTPARAMS) 정상출력[39m
[32m  √ [39m [90m결제금액(AMOUNT) 정상출력[39m

└ [0mREADY - DANALCARD[0m
[33m  ┌[39m
[33m[39m[90m  [33m│[90m [90m`Using "CryptoJS" is deprecated. Use "require('cr[39m
[90m  [33m│[90m ypto-js')" instead.`[90m[39m
[90m[39m[33m  └[39m
[33m[39m  [90mPOST[39m [90mhttps://tx-creditcard.danalpay.com/credit/?CPID=A010037544&DATA=wcpoTy27mkzR%2FoCmuhu%2BEL1VevUN6wQgs96fAg0NJdKChw9Ccm7hXXJcj%2FUGj%2Bb8z5dq8TvydwIj3RXPjUXi4PJAgyNbIM2hLz3kcfuDNAsCL18rdUmVCzFjEXB9wjgQ82IteFWZK11Um66aaXg9%2BmJBA%2BzStWEMjr0dSocIEm%2Bbu9cYhIHHrFuuMeAbp0%2FaOn9YPjFswBAcVkFCl4MZNYRXi9%2BMiA7xwR%2FFNE00HJ0pC21O5yf5imQNizmVqk2bD03K20FpT3Fs3h%2FUCOJ0UXofslr6lyNGsyvb6DemiNcWC4LE3zCDhJmfdiJa9ITHGb2ToWrxU2XD3B50so4Ru4EZtRrOIrbszRI9doqcDx5dZKeCsMBh%2Ff1PMU0qTPX5ctV%2BHYz%2F289vKWnUu4B9CA%3D%3D[39m  
  200 OK [90m★[39m 32ms [90mtime[39m [90m★[39m 822B[90m↑[39m 900B[90m↓[39m [90msize[39m [90m★[39m 10[90m↑[39m 4[90m↓[39m [90mheaders[39m [90m★[39m 0 [90mcookies[39m
  [37m┌[39m [37m↓[39m text/plain [90m★[39m text [90m★[39m plain [90m★[39m euc-kr [90m★[39m 767B
[90m  [37m│[90m DATA=bH6El5elON5883LB3RlfF1OF1H8eZTXv49wXL8%2FAVeUPd%2[39m
[90m  [37m│[90m BK0HnOxWTiKRFfoHkbh44XuFo%2F1YFe43srRQ4OJOxhLs95VAra5s[39m
[90m  [37m│[90m %2FVSLkz2ecI5qQP1JD7FiD808s7HiPd4aiFvBjr3qYozdHQ5Xzgj5[39m
[90m  [37m│[90m NeyaFDgW9xpU%2BmcY40JUxPhVFF5AJv7w4A1AV9FVEu72bG5w019Z[39m
[90m  [37m│[90m AYBk4i5QlFw1XgIp9JEDCgPiqxh%2FDL7wRELxWw4In3HuIMv7hviT[39m
[90m  [37m│[90m WHQHJBiUdvfrLRZVRxSSKDYy2JImXmsKB1BSBa5YJCHJFrzZSbLRDy[39m
[90m  [37m│[90m ksNbh3P2cY%2FmvRZjO8KDTT30sNbCbCw4hGpox8sahGkGDiEaBI35[39m
[90m  [37m│[90m XlnqYVXRn96alSy2qbFWLpFrW5ww0bL1YK7zaTqfWkwsn6K2YbDf6A[39m
[90m  [37m│[90m g%2FcrOjoR0UvfUTkZX8qobxHFiXf9%2B%2B7B7ComQ3PJ42Ms2ht6[39m
[90m  [37m│[90m Xpr5gFmwTH1W3ATZE0j2CDnZezzxcDFlM34pxMxjKS3cUetPKVC9mV[39m
[90m  [37m│[90m eesDwgAlQspyxIsz9smW8k1cK5eKCK80fNJWiYKnNjX378u8dwafY%[39m
[90m  [37m│[90m 2F1fcBw6hIpOd1vmoi%2BFjpi%2BhXvnvVWycLN3DB7NCgFgIxCQm1[39m
[90m  [37m│[90m rZuxK%2BxWqSOL9BFO4G1lWt4EhV3NMrHzoXc1fDAq5YPQsIqlT%2B[39m
[90m  [37m│[90m 1lIuf0uIH0KC5lAZhLchPlFQ92Md1csBrFRBMh811VCy1cgVyEewFH[39m
[90m  [37m│[90m kgfRQ%3D%3D[39m
[90m[39m[37m  └[39m
  [37mprepare[39m   [37mwait[39m    [37mdns-lookup[39m   [37mtcp-handshake[39m   [37mssl-handshake[39m   [37mtransfer-start[39m   [37mdownload[39m   [37mprocess[39m   [37mtotal[39m 
  [90m829µs[39m     [90m416µs[39m   [90m(cache)[39m      [90m(cache)[39m         [90m(cache)[39m         [90m29ms[39m             [90m1ms[39m        [90m43µs[39m      [90m32ms[39m  

[33m  ┌[39m
[33m[39m[90m  [33m│[90m [90m`Using "CryptoJS" is deprecated. Use "require('cr[39m
[90m  [33m│[90m ypto-js')" instead.`[90m[39m
[90m[39m[90m  [90m│[90m [90m'복호화 결과 : '[90m[37m, [90m[90m'RETURNCODE=0000[39m
[90m  [90m│[90m &RETURNMSG=%BC%BA%B0%F8&STARTURL=https%3A%2F%2Fcheckou[39m
[90m  [90m│[90m t.teledit.com%2Fcreditcard_std%2Fweb&TID=2026010516250[39m
[90m  [90m│[90m 41629293400&ORDERID=&STARTPARAMS=4q3MUdEXw%2Ft4RCqJf7X[39m
[90m  [90m│[90m l4cGz%2FKfG2srK3YYr%2B6M4iCkUcVs9Aw4yA0Ci7l1xQTv8Exe0V[39m
[90m  [90m│[90m dtMU6RbDA3jOF4DCkUFCzEMwT%2Fg1ZYJ32Mq5A0Sg80Ke0kDMeClB[39m
[90m  [90m│[90m T%2Fw5X%2F%2F1SkRnh47anUWMqGW8yged6vnL4hNQDneQeS%2FJmD[39m
[90m  [90m│[90m UUReKuQsjIwu4yjUFs5LdO4UK2ZqUk6wYWSeBBbovwB9bvAFN1sySm[39m
[90m  [90m│[90m FZ9OhBmlJbo1T6A6CwAJGUouDp6ONnmaBcogBiSvxxiYG%2FIdEkJe[39m
[90m  [90m│[90m G9TEOorbCMZCQpxlBk2qlg18XHzjGmer2DwOG%2Fu6ONdKbWj83BlR[39m
[90m  [90m│[90m 6lVN4AOc10PC3F%2Bgg%3D%3D&AMOUNT=301'[90m[39m
[90m[39m[90m  [90m│[90m [90m'STARTURL(디코딩):'[90m[37m, [90m[90m'https://ch[39m
[90m  [90m│[90m eckout.teledit.com/creditcard_std/web'[90m[39m
[90m[39m[90m  └[39m
[90m[39m[32m  √ [39m [90m결과코드(RETURNCODE) 정상출력[39m
[32m  √ [39m [90m결과메시지(RETURNMSG) 정상출력[39m
[32m  √ [39m [90m정기결제 초기인증 표준페이지 시작 URL(STARTURL) 정상출력[39m
[32m  √ [39m [90m다날 거래 키(TID) 정상출력[39m
[32m  √ [39m [90m가맹점 주문번호(ORDERID) 빈값 확인[39m
[32m  √ [39m [90m위 표준페이지 시작 URL 전송 파라미터(STARTPARAMS) 정상출력[39m
[32m  √ [39m [90m결제금액(AMOUNT) 정상출력[39m

□ [0m초기 인증 결제 요청[0m
└ [0mISSUEBILLKEY[0m
[33m  ┌[39m
[33m[39m[90m  [33m│[90m [90m`Using "CryptoJS" is deprecated. Use "require('cr[39m
[90m  [33m│[90m ypto-js')" instead.`[90m[39m
[90m[39m[33m  └[39m
[33m[39m  [90mPOST[39m [90mhttps://tx-creditcard.danalpay.com/credit/?CPID=A010037544&DATA=8kvDIwvdID7NWcBMND4uDXHvMUqO25iIdKkD6XH4VkTYfgoBPJqjGpr15Fqq4CCxlzQc11Pn06IJSodR9hnt4%2FgbXDCdFcZ2uADRjw%2Fvh8Q%3D[39m  
  200 OK [90m★[39m 24ms [90mtime[39m [90m★[39m 496B[90m↑[39m 306B[90m↓[39m [90msize[39m [90m★[39m 10[90m↑[39m 4[90m↓[39m [90mheaders[39m [90m★[39m 0 [90mcookies[39m
  [37m┌[39m [37m↓[39m text/plain [90m★[39m text [90m★[39m plain [90m★[39m euc-kr [90m★[39m 173B
[90m  [37m│[90m DATA=fu6S2rILK1%2FE0lgEyKGQ3as6kEkKer8HBmYwPlLTQPqeWeo[39m
[90m  [37m│[90m 0taLjoIqY3nt5M9Ain9%2FdSrney5Xk7N8rrXeDatXmX3cBkW8AK%2[39m
[90m  [37m│[90m Fhur103JCPk%2FgnHIfgkNuxsIeQFSvIfI%2FH1JTi7tWOoc%2BmgT[39m
[90m  [37m│[90m 3dcXA%3D%3D[39m
[90m[39m[37m  └[39m
  [37mprepare[39m   [37mwait[39m    [37mdns-lookup[39m   [37mtcp-handshake[39m   [37mssl-handshake[39m   [37mtransfer-start[39m   [37mdownload[39m   [37mprocess[39m   [37mtotal[39m 
  [90m487µs[39m     [90m175µs[39m   [90m(cache)[39m      [90m(cache)[39m         [90m(cache)[39m         [90m22ms[39m             [90m737µs[39m      [90m38µs[39m      [90m23ms[39m  

[33m  ┌[39m
[33m[39m[90m  [33m│[90m [90m`Using "CryptoJS" is deprecated. Use "require('cr[39m
[90m  [33m│[90m ypto-js')" instead.`[90m[39m
[90m[39m[90m  [90m│[90m [90m'복호화 결과 : '[90m[37m, [90m[90m'RETURNCODE=1104[39m
[90m  [90m│[90m &RETURNMSG=%C1%B8%C0%E7%C7%CF%C1%F6+%BE%CA%B4%C2+%B0%C[39m
[90m  [90m│[90m 5%B7%A1+%C0%D4%B4%CF%B4%D9.'[90m[39m
[90m[39m[90m  └[39m
[90m[39m[32m  √ [39m [90m결과코드(RETURNCODE) : 1104 출력[39m
[32m  √ [39m [90m결과메세지(RETURNMSG) : 존재하지 않는 거래입니다. 출력[39m

□ [0m삼성카드[0m
└ [0m정기결제 요청 (OTBILL)[0m
[33m  ┌[39m
[33m[39m[90m  [33m│[90m [90m`Using "CryptoJS" is deprecated. Use "require('cr[39m
[90m  [33m│[90m ypto-js')" instead.`[90m[39m
[90m[39m[33m  └[39m
[33m[39m  [90mPOST[39m [90mhttps://tx-creditcard.danalpay.com/credit/?CPID=A010037544&DATA=wcpoTy27mkzR%2FoCmuhu%2BEL1VevUN6wQgs96fAg0NJdKChw9Ccm7hXXJcj%2FUGj%2Bb8z5dq8TvydwIj3RXPjUXi4KzQHH0ZG0DZA03Udge2eI0IsrkEsoTSxKLbYyq5iCvbykTt6GhW9hCDbp8fHC1zGJEYvBJNsjEqz2X9zw2JzccrERjqayECmibASVLCFcu3mtMwnyeSqsDkh6Ok0RVNhbkzCgrGZvyWLuE0qblstQgkt2NYUzE21ScHAo%2BsYJOcT3xCtYEislZjbacyD1Wou68o56siY3%2FOkdyV%2FLh5ZjM%3D[39m  
  200 OK [90m★[39m 1509ms [90mtime[39m [90m★[39m 698B[90m↑[39m 632B[90m↓[39m [90msize[39m [90m★[39m 10[90m↑[39m 4[90m↓[39m [90mheaders[39m [90m★[39m 0 [90mcookies[39m
  [37m┌[39m [37m↓[39m text/plain [90m★[39m text [90m★[39m plain [90m★[39m euc-kr [90m★[39m 499B
[90m  [37m│[90m DATA=bH6El5elON5883LB3RlfF1OF1H8eZTXv49wXL8%2FAVeUOrT2[39m
[90m  [37m│[90m zbTtZtAh642sVeJ6SinzZOuh%2FIZ8I4udqbGHtBkhgdi%2BMdWuDR[39m
[90m  [37m│[90m W9eksHgWICWRHTCEpxbSFPamrHup%2F3Y1lGKxQHwj14Q2HcDpO2r%[39m
[90m  [37m│[90m 2BzD1f2T9Jxls93xUfD1ezjhdkvh9AqzFJu9kkbw%2Fbht%2FetgO0[39m
[90m  [37m│[90m z8MG%2F1VxRc3qQ%2F0zVJvJ6kTA1F%2F3YV%2F88JJx%2FfYA%2Bp[39m
[90m  [37m│[90m coz4yRCHjLWtfHKFwtfZtBDf51YgRFjbmii7%2F5irKrI3oWE8GSPv[39m
[90m  [37m│[90m YuMJpWJ2WzwWuYQLTdqC5f2xeb%2BjK5h9yRNcNRKb2DP8nz5gY0CN[39m
[90m  [37m│[90m pL5i%2FOEJoV%2BBhLw12YnxPc%2FYgpZ2roQhDU2IcDLCTFOYPuBL[39m
[90m  [37m│[90m R0Qdo99jl1fNm%2FbSIIo7XR6%2B5XDyEuLJO7Xa%2F%2BkABLFFSG[39m
[90m  [37m│[90m udGMGgoM%2FmM[39m
[90m[39m[37m  └[39m
  [37mprepare[39m   [37mwait[39m    [37mdns-lookup[39m   [37mtcp-handshake[39m   [37mssl-handshake[39m   [37mtransfer-start[39m   [37mdownload[39m   [37mprocess[39m   [37mtotal[39m  
  [90m522µs[39m     [90m298µs[39m   [90m(cache)[39m      [90m(cache)[39m         [90m(cache)[39m         [90m1507ms[39m           [90m734µs[39m      [90m31µs[39m      [90m1509ms[39m 

[33m  ┌[39m
[33m[39m[90m  [33m│[90m [90m`Using "CryptoJS" is deprecated. Use "require('cr[39m
[90m  [33m│[90m ypto-js')" instead.`[90m[39m
[90m[39m[90m  [90m│[90m [90m'복호화 결과 : '[90m[37m, [90m[90m'RETURNCODE=0000[39m
[90m  [90m│[90m &RETURNMSG=%BC%BA%B0%F8&CARDCODE=0500&USERPHONE=010854[39m
[90m  [90m│[90m 02697&QUOTA=00&TRANTIME=162506&TRANDATE=20260105&AMOUN[39m
[90m  [90m│[90m T=301&ITEMNAME=apiautotest&DEPOSIT_AMT=0&TID=202601051[39m
[90m  [90m│[90m 625045599303400&ORDERID=01234567&CARDNO=512028******72[39m
[90m  [90m│[90m 94&CARDAUTHNO=59099757&CARDNAME=%BB%EF%BC%BA%C4%AB%B5%[39m
[90m  [90m│[90m E5&USERNAME=%EA%B9%3F%3F%3F%3F%3F&USERID=hnkim'[90m[39m
[90m[39m[90m  └[39m
[90m[39m[32m  √ [39m [90m결과코드(RETURNCODE) 정상출력[39m
[32m  √ [39m [90m결과메세지(RETURNMSG) 정상출력[39m
[32m  √ [39m [90m카드사 코드(CARDCODE 정상출력[39m
[32m  √ [39m [90m구매자 전화번호(USERPHONE) 빈값 확인[39m
[32m  √ [39m [90m할부 개월 수(QUOTA) 정상출력[39m
[32m  √ [39m [90m매출 발생시간(TRANTIME) ±5초 이내 검증[39m
[32m  √ [39m [90m매출 발생일자(TRANDATE) 정상출력[39m
[32m  √ [39m [90m승인금액(AMOUNT) 정상출력[39m
[32m  √ [39m [90m상품명(ITEMNAME) 정상출력[39m
[32m  √ [39m [90m컵 보증금(DEPOSIT_AMT) 정상출력[39m
[32m  √ [39m [90m다날 거래 키(TID) 정상출력[39m
[32m  √ [39m [90m가맹점 주문번호(ORDERID) 빈값 확인[39m
[32m  √ [39m [90m카드번호(CARDNO) 정상출력[39m
[32m  √ [39m [90m거래 승인 번호(CARDAUTHNO) 정상출력[39m
[32m  √ [39m [90m카드사 명(CARDNAME) 정상출력[39m
[32m  √ [39m [90m구매자 이름(USERNAME) 정상출력[39m
[32m  √ [39m [90m구매자 ID(USERID) 정상출력[39m

└ [0m카드 승인 취소 (BILLCANCEL)[0m
[33m  ┌[39m
[33m[39m[90m  [33m│[90m [90m`Using "CryptoJS" is deprecated. Use "require('cr[39m
[90m  [33m│[90m ypto-js')" instead.`[90m[39m
[90m[39m[33m  └[39m
[33m[39m  [90mPOST[39m [90mhttps://tx-creditcard.danalpay.com/credit/?CPID=A010037544&DATA=8kvDIwvdID7NWcBMND4uDS573FE0xXHYkG7mJRzn4JnVJKDOjeR0uq%2FQ8s989F0o7jQ0yviE0evapGpH2vtPLIK9QEbc6FjnIVodgs6C%2FBjI0ZxUfIT6ZEHo7mzb4jcZ[39m  
  200 OK [90m★[39m 1413ms [90mtime[39m [90m★[39m 450B[90m↑[39m 392B[90m↓[39m [90msize[39m [90m★[39m 9[90m↑[39m 4[90m↓[39m [90mheaders[39m [90m★[39m 0 [90mcookies[39m
  [37m┌[39m [37m↓[39m text/plain [90m★[39m text [90m★[39m plain [90m★[39m euc-kr [90m★[39m 259B
[90m  [37m│[90m DATA=bH6El5elON5883LB3RlfF1OF1H8eZTXv49wXL8%2FAVeVzhHU[39m
[90m  [37m│[90m 5sdes40grvKmzi%2BrXrNG9VV%2FFDxLrER8eIa0JTRsmGw09iJRWJ[39m
[90m  [37m│[90m yHLw6FH66UKAKpQ6LEDrpmUXMjyKLWsjM8xMNmxg9R0YENHVuo10Qj[39m
[90m  [37m│[90m ElLm%2FR61xGIwpsqAEuLmI%2FHmQMXIXgH0OCdZFOQE%2Bc8QEKiP[39m
[90m  [37m│[90m lXNGnDWXxkibZr%2FnBe0owX%2BHUKicQQGnzdkY%3D[39m
[90m[39m[37m  └[39m
  [37mprepare[39m   [37mwait[39m    [37mdns-lookup[39m   [37mtcp-handshake[39m   [37mssl-handshake[39m   [37mtransfer-start[39m   [37mdownload[39m   [37mprocess[39m   [37mtotal[39m  
  [90m590µs[39m     [90m243µs[39m   [90m(cache)[39m      [90m(cache)[39m         [90m(cache)[39m         [90m1411ms[39m           [90m828µs[39m      [90m34µs[39m      [90m1412ms[39m 

[33m  ┌[39m
[33m[39m[90m  [33m│[90m [90m`Using "CryptoJS" is deprecated. Use "require('cr[39m
[90m  [33m│[90m ypto-js')" instead.`[90m[39m
[90m[39m[90m  [90m│[90m [90m'복호화 결과 : '[90m[37m, [90m[90m'RETURNCODE=0000[39m
[90m  [90m│[90m &RETURNMSG=%BC%BA%B0%F8&BALANCE=0&O_TID=20260105162504[39m
[90m  [90m│[90m 5599303400&TID=202601051625062359333400&TRANTIME=16250[39m
[90m  [90m│[90m 6&TRANDATE=20260105&AMOUNT=301&DEPOSIT_AMT=0'[90m[39m
[90m[39m[90m  └[39m
[90m[39m[32m  √ [39m [90m결과코드(RETURNCODE) 정상출력[39m
[32m  √ [39m [90m결과메세지(RETURNMSG) 정상출력[39m
[32m  √ [39m [90m취소 후 잔액(BALANCE) 정상출력[39m
[32m  √ [39m [90m다날 원 거래 키(O_TID) 정상출력[39m
[32m  √ [39m [90m다날 거래 키(TID) 정상출력[39m
[32m  √ [39m [90m승인 발생시간(TRANTIME) 정상출력[39m
[32m  √ [39m [90m승인 발생일자(TRANDATE)[39m
[32m  √ [39m [90m승인 취소 금액(AMOUNT) 정상출력[39m
[32m  √ [39m [90m컵 보증금(DEPOSIT_AMT) 정상출력[39m

□ [0m현대카드[0m
└ [0m정기결제 요청 (OTBILL)[0m
[33m  ┌[39m
[33m[39m[90m  [33m│[90m [90m`Using "CryptoJS" is deprecated. Use "require('cr[39m
[90m  [33m│[90m ypto-js')" instead.`[90m[39m
[90m[39m[33m  └[39m
[33m[39m  [90mPOST[39m [90mhttps://tx-creditcard.danalpay.com/credit/?CPID=A010037544&DATA=wcpoTy27mkzR%2FoCmuhu%2BEL1VevUN6wQgs96fAg0NJdKChw9Ccm7hXXJcj%2FUGj%2Bb8z5dq8TvydwIj3RXPjUXi4KzQHH0ZG0DZA03Udge2eI0IsrkEsoTSxKLbYyq5iCvbykTt6GhW9hCDbp8fHC1zGJEYvBJNsjEqz2X9zw2JzceacjSE9wkZ8OEcuyhqS4aTCOgYJsVDSvmkj%2FNDn1RD1w%3D%3D[39m  
  200 OK [90m★[39m 1318ms [90mtime[39m [90m★[39m 548B[90m↑[39m 572B[90m↓[39m [90msize[39m [90m★[39m 9[90m↑[39m 4[90m↓[39m [90mheaders[39m [90m★[39m 0 [90mcookies[39m
  [37m┌[39m [37m↓[39m text/plain [90m★[39m text [90m★[39m plain [90m★[39m euc-kr [90m★[39m 439B
[90m  [37m│[90m DATA=bH6El5elON5883LB3RlfF1OF1H8eZTXv49wXL8%2FAVeUOrT2[39m
[90m  [37m│[90m zbTtZtAh642sVeJ6S5FXThRFDGzadCfRKoaJkk27Nama6Wo84QdTlk[39m
[90m  [37m│[90m Stjccp1Uys%2BD59iceds9C9uOT295smyV%2FkEb6xA1ZUIZ4fmuVN[39m
[90m  [37m│[90m JSN756SqAn1ltiyse6ZVPohdAc3ZOoE%2FqEG%2B2vQiw%2FS4tk25[39m
[90m  [37m│[90m ZaWY5Lk3bGKSsdgjEFDvvR6V34Ry24RqDKpCdZtHnw6d1bTwJdLZJm[39m
[90m  [37m│[90m 7FNJU6fuWIKOSr%2FdC2zRnZgGMCA5ZcYSIEwhQid9H13Pif%2F%2B[39m
[90m  [37m│[90m GRmTiy8glihFIZFdHfPFXPDT%2BMcpmNgglCAojrYQSTdyQV1bvm%2[39m
[90m  [37m│[90m BEDhdylFPnAuvxAKPfPxnVnQdqyCzmUwcd8D35h7ZkP3qfuoyWT97d[39m
[90m  [37m│[90m Q%3D%3D[39m
[90m[39m[37m  └[39m
  [37mprepare[39m   [37mwait[39m    [37mdns-lookup[39m   [37mtcp-handshake[39m   [37mssl-handshake[39m   [37mtransfer-start[39m   [37mdownload[39m   [37mprocess[39m   [37mtotal[39m  
  [90m499µs[39m     [90m211µs[39m   [90m(cache)[39m      [90m(cache)[39m         [90m(cache)[39m         [90m1316ms[39m           [90m513µs[39m      [90m27µs[39m      [90m1317ms[39m 

[33m  ┌[39m
[33m[39m[90m  [33m│[90m [90m`Using "CryptoJS" is deprecated. Use "require('cr[39m
[90m  [33m│[90m ypto-js')" instead.`[90m[39m
[90m[39m[90m  [90m│[90m [90m'복호화 결과 : '[90m[37m, [90m[90m'RETURNCODE=0000[39m
[90m  [90m│[90m &RETURNMSG=%BC%BA%B0%F8&CARDCODE=0400&USERPHONE=&QUOTA[39m
[90m  [90m│[90m =00&TRANTIME=162509&TRANDATE=20260105&AMOUNT=301&ITEMN[39m
[90m  [90m│[90m AME=apiautotest&DEPOSIT_AMT=0&TID=20260105162507820939[39m
[90m  [90m│[90m 3400&ORDERID=&CARDNO=403293******4003&CARDAUTHNO=00569[39m
[90m  [90m│[90m 151&CARDNAME=%C7%F6%B4%EB%C4%AB%B5%E5&USERNAME=&USERID[39m
[90m  [90m│[90m =hnkim'[90m[39m
[90m[39m[90m  └[39m
[90m[39m[32m  √ [39m [90m결과코드(RETURNCODE) 정상출력[39m
[32m  √ [39m [90m결과메세지(RETURNMSG) 정상출력[39m
[32m  √ [39m [90m카드사 코드(CARDCODE 정상출력[39m
[32m  √ [39m [90m구매자 전화번호(USERPHONE) 빈값 확인[39m
[32m  √ [39m [90m할부 개월 수(QUOTA) 정상출력[39m
[32m  √ [39m [90m매출 발생시간(TRANTIME) ±5초 이내 검증[39m
[32m  √ [39m [90m매출 발생일자(TRANDATE) 정상출력[39m
[32m  √ [39m [90m승인금액(AMOUNT) 정상출력[39m
[32m  √ [39m [90m상품명(ITEMNAME) 정상출력[39m
[32m  √ [39m [90m컵 보증금(DEPOSIT_AMT) 정상출력[39m
[32m  √ [39m [90m다날 거래 키(TID) 정상출력[39m
[32m  √ [39m [90m가맹점 주문번호(ORDERID) 빈값 확인[39m
[32m  √ [39m [90m카드번호(CARDNO) 정상출력[39m
[32m  √ [39m [90m거래 승인 번호(CARDAUTHNO) 정상출력[39m
[32m  √ [39m [90m카드사 명(CARDNAME) 정상출력[39m
[32m  √ [39m [90m구매자 이름(USERNAME) 정상출력[39m
[32m  √ [39m [90m구매자 ID(USERID) 정상출력[39m

└ [0m카드 승인 취소 (BILLCANCEL)[0m
[33m  ┌[39m
[33m[39m[90m  [33m│[90m [90m`Using "CryptoJS" is deprecated. Use "require('cr[39m
[90m  [33m│[90m ypto-js')" instead.`[90m[39m
[90m[39m[33m  └[39m
[33m[39m  [90mPOST[39m [90mhttps://tx-creditcard.danalpay.com/credit/?CPID=A010037544&DATA=8kvDIwvdID7NWcBMND4uDdakGV%2FjDkDCfVele8TPPl2JFV69wUUBD7AxDNhYtRJhVZDjtVbncyA2lvkjbtHaiQDiinU4C7Ycr%2FhYJsLV6rHmhQ9PSQ6TAM5eCYE3hcB9[39m  
  200 OK [90m★[39m 1279ms [90mtime[39m [90m★[39m 450B[90m↑[39m 400B[90m↓[39m [90msize[39m [90m★[39m 9[90m↑[39m 4[90m↓[39m [90mheaders[39m [90m★[39m 0 [90mcookies[39m
  [37m┌[39m [37m↓[39m text/plain [90m★[39m text [90m★[39m plain [90m★[39m euc-kr [90m★[39m 267B
[90m  [37m│[90m DATA=bH6El5elON5883LB3RlfF1OF1H8eZTXv49wXL8%2FAVeVzhHU[39m
[90m  [37m│[90m 5sdes40grvKmzi%2BrXrNG9VV%2FFDxLrER8eIa0JTU%2FTVD%2Fot[39m
[90m  [37m│[90m 08%2FGXKxsH9k6t%2FQ7ePJ%2BcA%2BSNjdpAccaIcazogX0almvef[39m
[90m  [37m│[90m GhsCNGKfL%2FsLzKC1TbdqYrdCzn%2Fn42HvdBI7mgUYr4zEngIZcS[39m
[90m  [37m│[90m Djj5oJ2%2BY1br0Y2bGcBGvYH3EkZdUL3qSb2oLFGwpAnXs0%3D[39m
[90m[39m[37m  └[39m
  [37mprepare[39m   [37mwait[39m    [37mdns-lookup[39m   [37mtcp-handshake[39m   [37mssl-handshake[39m   [37mtransfer-start[39m   [37mdownload[39m   [37mprocess[39m   [37mtotal[39m  
  [90m477µs[39m     [90m187µs[39m   [90m(cache)[39m      [90m(cache)[39m         [90m(cache)[39m         [90m1277ms[39m           [90m666µs[39m      [90m24µs[39m      [90m1278ms[39m 

[33m  ┌[39m
[33m[39m[90m  [33m│[90m [90m`Using "CryptoJS" is deprecated. Use "require('cr[39m
[90m  [33m│[90m ypto-js')" instead.`[90m[39m
[90m[39m[90m  [90m│[90m [90m'복호화 결과 : '[90m[37m, [90m[90m'RETURNCODE=0000[39m
[90m  [90m│[90m &RETURNMSG=%BC%BA%B0%F8&BALANCE=0&O_TID=20260105162507[39m
[90m  [90m│[90m 8209393400&TID=202601051625092859443400&TRANTIME=16250[39m
[90m  [90m│[90m 9&TRANDATE=20260105&AMOUNT=301&DEPOSIT_AMT=0'[90m[39m
[90m[39m[90m  └[39m
[90m[39m[32m  √ [39m [90m결과코드(RETURNCODE) 정상출력[39m
[32m  √ [39m [90m결과메세지(RETURNMSG) 정상출력[39m
[32m  √ [39m [90m취소 후 잔액(BALANCE) 정상출력[39m
[32m  √ [39m [90m다날 원 거래 키(O_TID) 정상출력[39m
[32m  √ [39m [90m다날 거래 키(TID) 정상출력[39m
[32m  √ [39m [90m승인 발생시간(TRANTIME) 정상출력[39m
[32m  √ [39m [90m승인 발생일자(TRANDATE)[39m
[32m  √ [39m [90m승인 취소 금액(AMOUNT) 정상출력[39m
[32m  √ [39m [90m컵 보증금(DEPOSIT_AMT) 정상출력[39m

□ [0m신한카드[0m
└ [0m정기결제 요청 (OTBILL)[0m
[33m  ┌[39m
[33m[39m[90m  [33m│[90m [90m`Using "CryptoJS" is deprecated. Use "require('cr[39m
[90m  [33m│[90m ypto-js')" instead.`[90m[39m
[90m[39m[33m  └[39m
[33m[39m  [90mPOST[39m [90mhttps://tx-creditcard.danalpay.com/credit/?CPID=A010037544&DATA=wcpoTy27mkzR%2FoCmuhu%2BEL1VevUN6wQgs96fAg0NJdKChw9Ccm7hXXJcj%2FUGj%2Bb8z5dq8TvydwIj3RXPjUXi4KzQHH0ZG0DZA03Udge2eI0IsrkEsoTSxKLbYyq5iCvbykTt6GhW9hCDbp8fHC1zGJEYvBJNsjEqz2X9zw2JzcfXTTxRRh%2BjuC1%2BxTb3aJM2weIs3zf7UG56%2FZflpkMYeg%3D%3D[39m  
  200 OK [90m★[39m 1511ms [90mtime[39m [90m★[39m 552B[90m↑[39m 578B[90m↓[39m [90msize[39m [90m★[39m 9[90m↑[39m 4[90m↓[39m [90mheaders[39m [90m★[39m 0 [90mcookies[39m
  [37m┌[39m [37m↓[39m text/plain [90m★[39m text [90m★[39m plain [90m★[39m euc-kr [90m★[39m 445B
[90m  [37m│[90m DATA=bH6El5elON5883LB3RlfF1OF1H8eZTXv49wXL8%2FAVeUOrT2[39m
[90m  [37m│[90m zbTtZtAh642sVeJ6SFDScsYvg4YcySL%2B5NLVNtgajIlwiSgIYcRP[39m
[90m  [37m│[90m %2BZ35Q590AI9gcrxaU0ELzBZGwfhHyAeNtmtT0zoMS4MEHDe%2FS0[39m
[90m  [37m│[90m eEiEwr2YKKM5ovRf5jhcW%2BJH6xrpHwoYfywuRChTYaCUBHYQlcFm[39m
[90m  [37m│[90m D5xrjyFvEbtz602R4F2lm9qW9q9HUT%2BzbAi7rhO%2Bz2lF0N%2Bb[39m
[90m  [37m│[90m Enwp6a8e%2B%2FygU7hn%2BzrcLVBgeG%2BgRwBrR3rHnXA8o7hV2F[39m
[90m  [37m│[90m hvopIw68XJWK2Q8Kgp3WaSLFHSnQcYjdgbW3Ra5gfYnxeBAIuOpc0h[39m
[90m  [37m│[90m BAr8of8ancgjM2m5Pz1EBh%2BkbEUtWleZNe2%2BPNnU8gKnJwJmHz[39m
[90m  [37m│[90m nv2MkoQ%3D%3D[39m
[90m[39m[37m  └[39m
  [37mprepare[39m   [37mwait[39m    [37mdns-lookup[39m   [37mtcp-handshake[39m   [37mssl-handshake[39m   [37mtransfer-start[39m   [37mdownload[39m   [37mprocess[39m   [37mtotal[39m  
  [90m593µs[39m     [90m165µs[39m   [90m(cache)[39m      [90m(cache)[39m         [90m(cache)[39m         [90m1509ms[39m           [90m856µs[39m      [90m34µs[39m      [90m1511ms[39m 

[33m  ┌[39m
[33m[39m[90m  [33m│[90m [90m`Using "CryptoJS" is deprecated. Use "require('cr[39m
[90m  [33m│[90m ypto-js')" instead.`[90m[39m
[90m[39m[90m  [90m│[90m [90m'복호화 결과 : '[90m[37m, [90m[90m'RETURNCODE=0000[39m
[90m  [90m│[90m &RETURNMSG=%BC%BA%B0%F8&CARDCODE=0100&USERPHONE=&QUOTA[39m
[90m  [90m│[90m =00&TRANTIME=162512&TRANDATE=20260105&AMOUNT=301&ITEMN[39m
[90m  [90m│[90m AME=apiautotest&DEPOSIT_AMT=0&TID=20260105162510734947[39m
[90m  [90m│[90m 3400&ORDERID=&CARDNO=451842******5446&CARDAUTHNO=33383[39m
[90m  [90m│[90m 492&CARDNAME=%BD%C5%C7%D1%C4%AB%B5%E5&USERNAME=&USERID[39m
[90m  [90m│[90m =hnkim'[90m[39m
[90m[39m[90m  └[39m
[90m[39m[32m  √ [39m [90m결과코드(RETURNCODE) 정상출력[39m
[32m  √ [39m [90m결과메세지(RETURNMSG) 정상출력[39m
[32m  √ [39m [90m카드사 코드(CARDCODE 정상출력[39m
[32m  √ [39m [90m구매자 전화번호(USERPHONE) 빈값 확인[39m
[32m  √ [39m [90m할부 개월 수(QUOTA) 정상출력[39m
[32m  √ [39m [90m매출 발생시간(TRANTIME) ±5초 이내 검증[39m
[32m  √ [39m [90m매출 발생일자(TRANDATE) 정상출력[39m
[32m  √ [39m [90m승인금액(AMOUNT) 정상출력[39m
[32m  √ [39m [90m상품명(ITEMNAME) 정상출력[39m
[32m  √ [39m [90m컵 보증금(DEPOSIT_AMT) 정상출력[39m
[32m  √ [39m [90m다날 거래 키(TID) 정상출력[39m
[32m  √ [39m [90m가맹점 주문번호(ORDERID) 빈값 확인[39m
[32m  √ [39m [90m카드번호(CARDNO) 정상출력[39m
[32m  √ [39m [90m거래 승인 번호(CARDAUTHNO) 정상출력[39m
[32m  √ [39m [90m카드사 명(CARDNAME) 정상출력[39m
[32m  √ [39m [90m구매자 이름(USERNAME) 정상출력[39m
[32m  √ [39m [90m구매자 ID(USERID) 정상출력[39m

└ [0m카드 승인 취소 (BILLCANCEL)[0m
[33m  ┌[39m
[33m[39m[90m  [33m│[90m [90m`Using "CryptoJS" is deprecated. Use "require('cr[39m
[90m  [33m│[90m ypto-js')" instead.`[90m[39m
[90m[39m[33m  └[39m
[33m[39m  [90mPOST[39m [90mhttps://tx-creditcard.danalpay.com/credit/?CPID=A010037544&DATA=8kvDIwvdID7NWcBMND4uDQzhuAGKBUulTyElRsQBwqNPDKkrnXRCur6%2B1uhLVP8mMYzgQGx8YgxjREbTXMvw4DMpIEBARHwUTCwXl373Wn8jhqH8uP2X7Wt9kh4Eyl%2F0[39m  
  200 OK [90m★[39m 1407ms [90mtime[39m [90m★[39m 450B[90m↑[39m 390B[90m↓[39m [90msize[39m [90m★[39m 9[90m↑[39m 4[90m↓[39m [90mheaders[39m [90m★[39m 0 [90mcookies[39m
  [37m┌[39m [37m↓[39m text/plain [90m★[39m text [90m★[39m plain [90m★[39m euc-kr [90m★[39m 257B
[90m  [37m│[90m DATA=bH6El5elON5883LB3RlfF1OF1H8eZTXv49wXL8%2FAVeVzhHU[39m
[90m  [37m│[90m 5sdes40grvKmzi%2BrXrNG9VV%2FFDxLrER8eIa0JTeOWW14cWBch%[39m
[90m  [37m│[90m 2Bxy9YZToVMYgG%2BuXZlpIbnerwYdsQC1vxJraLQgYp2DpJIgRr8z[39m
[90m  [37m│[90m TQP91Cp1udmhdMAu4TML0wUhBylwa%2ByE%2FdxfR2S1rrXL2GUEcS[39m
[90m  [37m│[90m HHbwDOvMPDjUSrb0CXRbbA0Q2yfaYlUjrzI5Bw%3D[39m
[90m[39m[37m  └[39m
  [37mprepare[39m   [37mwait[39m    [37mdns-lookup[39m   [37mtcp-handshake[39m   [37mssl-handshake[39m   [37mtransfer-start[39m   [37mdownload[39m   [37mprocess[39m   [37mtotal[39m  
  [90m597µs[39m     [90m231µs[39m   [90m(cache)[39m      [90m(cache)[39m         [90m(cache)[39m         [90m1405ms[39m           [90m877µs[39m      [90m47µs[39m      [90m1407ms[39m 

[33m  ┌[39m
[33m[39m[90m  [33m│[90m [90m`Using "CryptoJS" is deprecated. Use "require('cr[39m
[90m  [33m│[90m ypto-js')" instead.`[90m[39m
[90m[39m[90m  [90m│[90m [90m'복호화 결과 : '[90m[37m, [90m[90m'RETURNCODE=0000[39m
[90m  [90m│[90m &RETURNMSG=%BC%BA%B0%F8&BALANCE=0&O_TID=20260105162510[39m
[90m  [90m│[90m 7349473400&TID=202601051625123989503400&TRANTIME=16251[39m
[90m  [90m│[90m 2&TRANDATE=20260105&AMOUNT=301&DEPOSIT_AMT=0'[90m[39m
[90m[39m[90m  └[39m
[90m[39m[32m  √ [39m [90m결과코드(RETURNCODE) 정상출력[39m
[32m  √ [39m [90m결과메세지(RETURNMSG) 정상출력[39m
[32m  √ [39m [90m취소 후 잔액(BALANCE) 정상출력[39m
[32m  √ [39m [90m다날 원 거래 키(O_TID) 정상출력[39m
[32m  √ [39m [90m다날 거래 키(TID) 정상출력[39m
[32m  √ [39m [90m승인 발생시간(TRANTIME) 정상출력[39m
[32m  √ [39m [90m승인 발생일자(TRANDATE)[39m
[32m  √ [39m [90m승인 취소 금액(AMOUNT) 정상출력[39m
[32m  √ [39m [90m컵 보증금(DEPOSIT_AMT) 정상출력[39m

□ [0m농협카드[0m
└ [0m정기결제 요청 (OTBILL)[0m
[33m  ┌[39m
[33m[39m[90m  [33m│[90m [90m`Using "CryptoJS" is deprecated. Use "require('cr[39m
[90m  [33m│[90m ypto-js')" instead.`[90m[39m
[90m[39m[33m  └[39m
[33m[39m  [90mPOST[39m [90mhttps://tx-creditcard.danalpay.com/credit/?CPID=A010037544&DATA=wcpoTy27mkzR%2FoCmuhu%2BEL1VevUN6wQgs96fAg0NJdKChw9Ccm7hXXJcj%2FUGj%2Bb8z5dq8TvydwIj3RXPjUXi4KzQHH0ZG0DZA03Udge2eI0IsrkEsoTSxKLbYyq5iCvbykTt6GhW9hCDbp8fHC1zGJEYvBJNsjEqz2X9zw2JzcfqMk1YAIjfTKOzEfoXN7bENBxmDICbQksXQP2fAKPCnw%3D%3D[39m  
  200 OK [90m★[39m 1952ms [90mtime[39m [90m★[39m 546B[90m↑[39m 586B[90m↓[39m [90msize[39m [90m★[39m 9[90m↑[39m 4[90m↓[39m [90mheaders[39m [90m★[39m 0 [90mcookies[39m
  [37m┌[39m [37m↓[39m text/plain [90m★[39m text [90m★[39m plain [90m★[39m euc-kr [90m★[39m 453B
[90m  [37m│[90m DATA=bH6El5elON5883LB3RlfF1OF1H8eZTXv49wXL8%2FAVeUOrT2[39m
[90m  [37m│[90m zbTtZtAh642sVeJ6ScL28iAqB5BoFjukygA67mUC2F05DBPFFDzRQv[39m
[90m  [37m│[90m E%2FTqj8sxQga8UIcZksePqH3Q%2Bw%2Fbs0YEuBgKtIrNGrMDQyj9[39m
[90m  [37m│[90m 5yPeX%2Bu%2BfPay%2FCy%2FXeAPyUi3%2BpzL4BWkXs4OiiywhA3V[39m
[90m  [37m│[90m pGDgeny%2Bj46sBcimQguJSC62AV6UBekZFB5EIZ2RF4YofWOUoM2F[39m
[90m  [37m│[90m Z31FWxX%2Fk4pI7S9TGoEWJuATPuJBChUU%2FCEQnEJBUC6ZbsmPLP[39m
[90m  [37m│[90m ymKDaWpoQWQAmpYg19uIZ490hBMsB4D%2F8OLDmh49NiMiVQ%2BonH[39m
[90m  [37m│[90m bo3DoxweXFFp%2B%2BHLK%2BGd8uWk7sj634XixPJheidh5%2BMATy[39m
[90m  [37m│[90m Vu8mDgLexWF9SNg%3D%3D[39m
[90m[39m[37m  └[39m
  [37mprepare[39m   [37mwait[39m    [37mdns-lookup[39m   [37mtcp-handshake[39m   [37mssl-handshake[39m   [37mtransfer-start[39m   [37mdownload[39m   [37mprocess[39m   [37mtotal[39m  
  [90m419µs[39m     [90m264µs[39m   [90m(cache)[39m      [90m(cache)[39m         [90m(cache)[39m         [90m1949ms[39m           [90m924µs[39m      [90m60µs[39m      [90m1951ms[39m 

[33m  ┌[39m
[33m[39m[90m  [33m│[90m [90m`Using "CryptoJS" is deprecated. Use "require('cr[39m
[90m  [33m│[90m ypto-js')" instead.`[90m[39m
[90m[39m[90m  [90m│[90m [90m'복호화 결과 : '[90m[37m, [90m[90m'RETURNCODE=0000[39m
[90m  [90m│[90m &RETURNMSG=%BC%BA%B0%F8&CARDCODE=0800&USERPHONE=&QUOTA[39m
[90m  [90m│[90m =00&TRANTIME=162515&TRANDATE=20260105&AMOUNT=301&ITEMN[39m
[90m  [90m│[90m AME=apiautotest&DEPOSIT_AMT=0&TID=20260105162513973955[39m
[90m  [90m│[90m 3400&ORDERID=&CARDNO=542586******3820&CARDAUTHNO=42517[39m
[90m  [90m│[90m 055&CARDNAME=NH%B3%F3%C7%F9%C4%AB%B5%E5&USERNAME=&USER[39m
[90m  [90m│[90m ID=hnkim'[90m[39m
[90m[39m[90m  └[39m
[90m[39m[32m  √ [39m [90m결과코드(RETURNCODE) 정상출력[39m
[32m  √ [39m [90m결과메세지(RETURNMSG) 정상출력[39m
[32m  √ [39m [90m카드사 코드(CARDCODE 정상출력[39m
[32m  √ [39m [90m구매자 전화번호(USERPHONE) 빈값 확인[39m
[32m  √ [39m [90m할부 개월 수(QUOTA) 정상출력[39m
[32m  √ [39m [90m매출 발생시간(TRANTIME) ±5초 이내 검증[39m
[32m  √ [39m [90m매출 발생일자(TRANDATE) 정상출력[39m
[32m  √ [39m [90m승인금액(AMOUNT) 정상출력[39m
[32m  √ [39m [90m상품명(ITEMNAME) 정상출력[39m
[32m  √ [39m [90m컵 보증금(DEPOSIT_AMT) 정상출력[39m
[32m  √ [39m [90m다날 거래 키(TID) 정상출력[39m
[32m  √ [39m [90m가맹점 주문번호(ORDERID) 빈값 확인[39m
[32m  √ [39m [90m카드번호(CARDNO) 정상출력[39m
[32m  √ [39m [90m거래 승인 번호(CARDAUTHNO) 정상출력[39m
[32m  √ [39m [90m카드사 명(CARDNAME) 정상출력[39m
[32m  √ [39m [90m구매자 이름(USERNAME) 정상출력[39m
[32m  √ [39m [90m구매자 ID(USERID) 정상출력[39m

└ [0m카드 승인 취소 (BILLCANCEL)[0m
[33m  ┌[39m
[33m[39m[90m  [33m│[90m [90m`Using "CryptoJS" is deprecated. Use "require('cr[39m
[90m  [33m│[90m ypto-js')" instead.`[90m[39m
[90m[39m[33m  └[39m
[33m[39m  [90mPOST[39m [90mhttps://tx-creditcard.danalpay.com/credit/?CPID=A010037544&DATA=8kvDIwvdID7NWcBMND4uDb4wBhTqDUY7BleHTg9wxOcgRBquYMAxYhgf2HCb%2BTv0WuJA%2B36U14T5hTlcXIbjyjNq58vZqR7d0qgpxhaxZK%2BJW%2FEAF8sxnjMXGEhpdf8x[39m  
  200 OK [90m★[39m 1570ms [90mtime[39m [90m★[39m 454B[90m↑[39m 392B[90m↓[39m [90msize[39m [90m★[39m 9[90m↑[39m 4[90m↓[39m [90mheaders[39m [90m★[39m 0 [90mcookies[39m
  [37m┌[39m [37m↓[39m text/plain [90m★[39m text [90m★[39m plain [90m★[39m euc-kr [90m★[39m 259B
[90m  [37m│[90m DATA=bH6El5elON5883LB3RlfF1OF1H8eZTXv49wXL8%2FAVeVzhHU[39m
[90m  [37m│[90m 5sdes40grvKmzi%2BrXrNG9VV%2FFDxLrER8eIa0JTXVBWHSUuBQXq[39m
[90m  [37m│[90m vMb%2FG%2BDJ8pKrlDQLtKc2QZqiAgvIsixDhuyf6x%2BFg55WmbeX[39m
[90m  [37m│[90m FGGuzBugTVgAcOUdhd5xzEmrWnQsxoYFEqjdZ7i0la4Y3ypU6y1xWv[39m
[90m  [37m│[90m bwRN7QdFynWlD1ugQG14bIN%2BXCKKZ69%2Bfy6g%3D[39m
[90m[39m[37m  └[39m
  [37mprepare[39m   [37mwait[39m    [37mdns-lookup[39m   [37mtcp-handshake[39m   [37mssl-handshake[39m   [37mtransfer-start[39m   [37mdownload[39m   [37mprocess[39m   [37mtotal[39m  
  [90m426µs[39m     [90m238µs[39m   [90m(cache)[39m      [90m(cache)[39m         [90m(cache)[39m         [90m1568ms[39m           [90m525µs[39m      [90m23µs[39m      [90m1569ms[39m 

[33m  ┌[39m
[33m[39m[90m  [33m│[90m [90m`Using "CryptoJS" is deprecated. Use "require('cr[39m
[90m  [33m│[90m ypto-js')" instead.`[90m[39m
[90m[39m[90m  [90m│[90m [90m'복호화 결과 : '[90m[37m, [90m[90m'RETURNCODE=0000[39m
[90m  [90m│[90m &RETURNMSG=%BC%BA%B0%F8&BALANCE=0&O_TID=20260105162513[39m
[90m  [90m│[90m 9739553400&TID=202601051625160959603400&TRANTIME=16251[39m
[90m  [90m│[90m 5&TRANDATE=20260105&AMOUNT=301&DEPOSIT_AMT=0'[90m[39m
[90m[39m[90m  └[39m
[90m[39m[32m  √ [39m [90m결과코드(RETURNCODE) 정상출력[39m
[32m  √ [39m [90m결과메세지(RETURNMSG) 정상출력[39m
[32m  √ [39m [90m취소 후 잔액(BALANCE) 정상출력[39m
[32m  √ [39m [90m다날 원 거래 키(O_TID) 정상출력[39m
[32m  √ [39m [90m다날 거래 키(TID) 정상출력[39m
[32m  √ [39m [90m승인 발생시간(TRANTIME) 정상출력[39m
[32m  √ [39m [90m승인 발생일자(TRANDATE)[39m
[32m  √ [39m [90m승인 취소 금액(AMOUNT) 정상출력[39m
[32m  √ [39m [90m컵 보증금(DEPOSIT_AMT) 정상출력[39m

□ [0m국민카드[0m
└ [0m정기결제 요청 (OTBILL)[0m
[33m  ┌[39m
[33m[39m[90m  [33m│[90m [90m`Using "CryptoJS" is deprecated. Use "require('cr[39m
[90m  [33m│[90m ypto-js')" instead.`[90m[39m
[90m[39m[33m  └[39m
[33m[39m  [90mPOST[39m [90mhttps://tx-creditcard.danalpay.com/credit/?CPID=A010037544&DATA=wcpoTy27mkzR%2FoCmuhu%2BEL1VevUN6wQgs96fAg0NJdKChw9Ccm7hXXJcj%2FUGj%2Bb8z5dq8TvydwIj3RXPjUXi4KzQHH0ZG0DZA03Udge2eI0IsrkEsoTSxKLbYyq5iCvbykTt6GhW9hCDbp8fHC1zGJEYvBJNsjEqz2X9zw2JzccTXfPyWymzriWFq4iqdmp99Wj2bHxTvGvcdoWGjKzABQ%3D%3D[39m  
  200 OK [90m★[39m 1362ms [90mtime[39m [90m★[39m 546B[90m↑[39m 578B[90m↓[39m [90msize[39m [90m★[39m 9[90m↑[39m 4[90m↓[39m [90mheaders[39m [90m★[39m 0 [90mcookies[39m
  [37m┌[39m [37m↓[39m text/plain [90m★[39m text [90m★[39m plain [90m★[39m euc-kr [90m★[39m 445B
[90m  [37m│[90m DATA=bH6El5elON5883LB3RlfF1OF1H8eZTXv49wXL8%2FAVeUOrT2[39m
[90m  [37m│[90m zbTtZtAh642sVeJ6Sm%2B6GBY9kJQrtcSXyYFxE9ezCIGNm17lww00[39m
[90m  [37m│[90m zN2MOnp7rBI21WsdMC%2BYK5qGUc1XGjy%2FS4pDZ5S%2FzNqB%2B6[39m
[90m  [37m│[90m RFZYWMcqifGbSH66qr4Dlk1XntKDErdSAtcte%2FISplhDLsCW%2B9[39m
[90m  [37m│[90m X2VwWk2ejQDb%2FZ9%2BrUm7cTPtuYRrDpFvbU1AAYvfEfp8agp6K1[39m
[90m  [37m│[90m h581ZIdC%2FRPfKOGv8NyH2l1vaqsXkp57WDDhYh5rbQCb2R2qN8Pu[39m
[90m  [37m│[90m %2BPp6tVMi1N6CkEwOYbzgNOG6lDpPImQ6PS%2B8%2BkZiBlrJb88l[39m
[90m  [37m│[90m 2dKZbydti0ihikqaYzgy3JcmS2B8lykrpd081lTSQxbYD1kghEbGYM[39m
[90m  [37m│[90m etJNKmQ%3D%3D[39m
[90m[39m[37m  └[39m
  [37mprepare[39m   [37mwait[39m    [37mdns-lookup[39m   [37mtcp-handshake[39m   [37mssl-handshake[39m   [37mtransfer-start[39m   [37mdownload[39m   [37mprocess[39m   [37mtotal[39m  
  [90m426µs[39m     [90m269µs[39m   [90m(cache)[39m      [90m(cache)[39m         [90m(cache)[39m         [90m1360ms[39m           [90m561µs[39m      [90m18µs[39m      [90m1362ms[39m 

[33m  ┌[39m
[33m[39m[90m  [33m│[90m [90m`Using "CryptoJS" is deprecated. Use "require('cr[39m
[90m  [33m│[90m ypto-js')" instead.`[90m[39m
[90m[39m[90m  [90m│[90m [90m'복호화 결과 : '[90m[37m, [90m[90m'RETURNCODE=0000[39m
[90m  [90m│[90m &RETURNMSG=%BC%BA%B0%F8&CARDCODE=0300&USERPHONE=&QUOTA[39m
[90m  [90m│[90m =00&TRANTIME=162519&TRANDATE=20260105&AMOUNT=301&ITEMN[39m
[90m  [90m│[90m AME=apiautotest&DEPOSIT_AMT=0&TID=20260105162517836963[39m
[90m  [90m│[90m 3400&ORDERID=&CARDNO=540926******6041&CARDAUTHNO=30028[39m
[90m  [90m│[90m 514&CARDNAME=KB%B1%B9%B9%CE%C4%AB%B5%E5&USERNAME=&USER[39m
[90m  [90m│[90m ID=hnkim'[90m[39m
[90m[39m[90m  └[39m
[90m[39m[32m  √ [39m [90m결과코드(RETURNCODE) 정상출력[39m
[32m  √ [39m [90m결과메세지(RETURNMSG) 정상출력[39m
[32m  √ [39m [90m카드사 코드(CARDCODE 정상출력[39m
[32m  √ [39m [90m구매자 전화번호(USERPHONE) 빈값 확인[39m
[32m  √ [39m [90m할부 개월 수(QUOTA) 정상출력[39m
[32m  √ [39m [90m매출 발생시간(TRANTIME) ±5초 이내 검증[39m
[32m  √ [39m [90m매출 발생일자(TRANDATE) 정상출력[39m
[32m  √ [39m [90m승인금액(AMOUNT) 정상출력[39m
[32m  √ [39m [90m상품명(ITEMNAME) 정상출력[39m
[32m  √ [39m [90m보증금 금액(DEPOSIT_AMT) 정상출력[39m
[32m  √ [39m [90m다날 거래 키(TID) 정상출력[39m
[32m  √ [39m [90m가맹점 주문번호(ORDERID) 빈값 확인[39m
[32m  √ [39m [90m카드번호(CARDNO) 정상출력[39m
[32m  √ [39m [90m거래 승인 번호(CARDAUTHNO) 정상출력[39m
[32m  √ [39m [90m카드사 명(CARDNAME) 정상출력[39m
[32m  √ [39m [90m구매자 이름(USERNAME) 정상출력[39m
[32m  √ [39m [90m구매자 ID(USERID) 정상출력[39m

└ [0m카드 승인 취소 (BILLCANCEL)[0m
[33m  ┌[39m
[33m[39m[90m  [33m│[90m [90m`Using "CryptoJS" is deprecated. Use "require('cr[39m
[90m  [33m│[90m ypto-js')" instead.`[90m[39m
[90m[39m[33m  └[39m
[33m[39m  [90mPOST[39m [90mhttps://tx-creditcard.danalpay.com/credit/?CPID=A010037544&DATA=8kvDIwvdID7NWcBMND4uDSMdAtCdO6qrP6QdCkMqgdi1AytFoevrtrWjsYaZf1zeS7CxaLdMppghYEQFqBR15uBMyBMr2F9aiHUanBI%2B2Z758vr7zfd6mBMNcezPHhPE[39m  
  200 OK [90m★[39m 1510ms [90mtime[39m [90m★[39m 448B[90m↑[39m 392B[90m↓[39m [90msize[39m [90m★[39m 9[90m↑[39m 4[90m↓[39m [90mheaders[39m [90m★[39m 0 [90mcookies[39m
  [37m┌[39m [37m↓[39m text/plain [90m★[39m text [90m★[39m plain [90m★[39m euc-kr [90m★[39m 259B
[90m  [37m│[90m DATA=bH6El5elON5883LB3RlfF1OF1H8eZTXv49wXL8%2FAVeVzhHU[39m
[90m  [37m│[90m 5sdes40grvKmzi%2BrXrNG9VV%2FFDxLrER8eIa0JTY%2FNVuoA9nb[39m
[90m  [37m│[90m LW5LyYP%2Bc0yCRL0%2FQ9WO3xhJ4vsX68erVpAOl82fdHDeIsZrSt[39m
[90m  [37m│[90m kgxu1VNSUEe2A7EVrKZmy2fpD9kdMg0qf77wPU1mrYX1Soucfinh0s[39m
[90m  [37m│[90m CyArJiyhMaZyVisEKm2%2B3o7tKYgClUE%2B2BJE%3D[39m
[90m[39m[37m  └[39m
  [37mprepare[39m   [37mwait[39m    [37mdns-lookup[39m   [37mtcp-handshake[39m   [37mssl-handshake[39m   [37mtransfer-start[39m   [37mdownload[39m   [37mprocess[39m   [37mtotal[39m  
  [90m365µs[39m     [90m200µs[39m   [90m(cache)[39m      [90m(cache)[39m         [90m(cache)[39m         [90m1508ms[39m           [90m546µs[39m      [90m21µs[39m      [90m1509ms[39m 

[33m  ┌[39m
[33m[39m[90m  [33m│[90m [90m`Using "CryptoJS" is deprecated. Use "require('cr[39m
[90m  [33m│[90m ypto-js')" instead.`[90m[39m
[90m[39m[90m  [90m│[90m [90m'복호화 결과 : '[90m[37m, [90m[90m'RETURNCODE=0000[39m
[90m  [90m│[90m &RETURNMSG=%BC%BA%B0%F8&BALANCE=0&O_TID=20260105162517[39m
[90m  [90m│[90m 8369633400&TID=202601051625193639683400&TRANTIME=16251[39m
[90m  [90m│[90m 9&TRANDATE=20260105&AMOUNT=301&DEPOSIT_AMT=0'[90m[39m
[90m[39m[90m  └[39m
[90m[39m[32m  √ [39m [90m결과코드(RETURNCODE) 정상출력[39m
[32m  √ [39m [90m결과메세지(RETURNMSG) 정상출력[39m
[32m  √ [39m [90m취소 후 잔액(BALANCE) 정상출력[39m
[32m  √ [39m [90m다날 원 거래 키(O_TID) 정상출력[39m
[32m  √ [39m [90m다날 거래 키(TID) 정상출력[39m
[32m  √ [39m [90m승인 발생시간(TRANTIME) 정상출력[39m
[32m  √ [39m [90m승인 발생일자(TRANDATE)[39m
[32m  √ [39m [90m승인 취소 금액(AMOUNT) 정상출력[39m
[32m  √ [39m [90m컵 보증금(DEPOSIT_AMT) 정상출력[39m

□ [0m우리BC카드[0m
└ [0m정기결제 요청 (OTBILL)[0m
[33m  ┌[39m
[33m[39m[90m  [33m│[90m [90m`Using "CryptoJS" is deprecated. Use "require('cr[39m
[90m  [33m│[90m ypto-js')" instead.`[90m[39m
[90m[39m[33m  └[39m
[33m[39m  [90mPOST[39m [90mhttps://tx-creditcard.danalpay.com/credit/?CPID=A010037544&DATA=wcpoTy27mkzR%2FoCmuhu%2BEL1VevUN6wQgs96fAg0NJdKChw9Ccm7hXXJcj%2FUGj%2Bb8z5dq8TvydwIj3RXPjUXi4KzQHH0ZG0DZA03Udge2eI0IsrkEsoTSxKLbYyq5iCvbykTt6GhW9hCDbp8fHC1zGJEYvBJNsjEqz2X9zw2JzccVRR%2FtepSx6ESumfhyCleVEPVKGpunFtzDUwUlJoNVsg%3D%3D[39m  
  200 OK [90m★[39m 1947ms [90mtime[39m [90m★[39m 548B[90m↑[39m 572B[90m↓[39m [90msize[39m [90m★[39m 9[90m↑[39m 4[90m↓[39m [90mheaders[39m [90m★[39m 0 [90mcookies[39m
  [37m┌[39m [37m↓[39m text/plain [90m★[39m text [90m★[39m plain [90m★[39m euc-kr [90m★[39m 439B
[90m  [37m│[90m DATA=bH6El5elON5883LB3RlfF1OF1H8eZTXv49wXL8%2FAVeUOrT2[39m
[90m  [37m│[90m zbTtZtAh642sVeJ6SNrFX7MCwNAs4yihLk3Z9v21%2BybDcXzwxPi7[39m
[90m  [37m│[90m hJST13uEvtqpPkTSrH6Alq0ejgyZZL5OkU8smKY5NUO5QEn8n3Co1J[39m
[90m  [37m│[90m yt62mmf%2FLCHM%2BiaiP50q3qMQKi2AbFaGoJ2ifAStCcFkarFxUi[39m
[90m  [37m│[90m UMvRMUPDyi7ylzwk7IJs38S4QEB%2FdrQM1JW8aWkvfvD5jsIIqEUF[39m
[90m  [37m│[90m XxfVL7cLiul%2FBGpRoRXhbJe1ptuaUNmjQZsJsMLKaTJC%2Bbkuug[39m
[90m  [37m│[90m N9U%2FcHa8EDdPZfi21EZQKbcLvuE6O71vAaaeQzF3inM0xaDdySh5[39m
[90m  [37m│[90m 2YVxhP8W9zTfS%2F%2BLjkXEPmmpEQWZPMV5HTLIuQdfC%2BJJ4a6k[39m
[90m  [37m│[90m A%3D%3D[39m
[90m[39m[37m  └[39m
  [37mprepare[39m   [37mwait[39m    [37mdns-lookup[39m   [37mtcp-handshake[39m   [37mssl-handshake[39m   [37mtransfer-start[39m   [37mdownload[39m   [37mprocess[39m   [37mtotal[39m  
  [90m340µs[39m     [90m162µs[39m   [90m(cache)[39m      [90m(cache)[39m         [90m(cache)[39m         [90m1945ms[39m           [90m615µs[39m      [90m25µs[39m      [90m1947ms[39m 

[33m  ┌[39m
[33m[39m[90m  [33m│[90m [90m`Using "CryptoJS" is deprecated. Use "require('cr[39m
[90m  [33m│[90m ypto-js')" instead.`[90m[39m
[90m[39m[90m  [90m│[90m [90m'복호화 결과 : '[90m[37m, [90m[90m'RETURNCODE=0000[39m
[90m  [90m│[90m &RETURNMSG=%BC%BA%B0%F8&CARDCODE=0202&USERPHONE=&QUOTA[39m
[90m  [90m│[90m =00&TRANTIME=162522&TRANDATE=20260105&AMOUNT=301&ITEMN[39m
[90m  [90m│[90m AME=apiautotest&DEPOSIT_AMT=0&TID=20260105162521039972[39m
[90m  [90m│[90m 3400&ORDERID=&CARDNO=538920******1226&CARDAUTHNO=30064[39m
[90m  [90m│[90m 588&CARDNAME=%BF%EC%B8%AEBC%C4%AB%B5%E5&USERNAME=&USER[39m
[90m  [90m│[90m ID=hnkim'[90m[39m
[90m[39m[90m  └[39m
[90m[39m[32m  √ [39m [90m결과코드(RETURNCODE) 정상출력[39m
[32m  √ [39m [90m결과메세지(RETURNMSG) 정상출력[39m
[32m  √ [39m [90m카드사 코드(CARDCODE 정상출력[39m
[32m  √ [39m [90m구매자 전화번호(USERPHONE) 빈값 확인[39m
[32m  √ [39m [90m할부 개월 수(QUOTA) 정상출력[39m
[32m  √ [39m [90m매출 발생시간(TRANTIME) ±5초 이내 검증[39m
[32m  √ [39m [90m매출 발생일자(TRANDATE) 정상출력[39m
[32m  √ [39m [90m승인금액(AMOUNT) 정상출력[39m
[32m  √ [39m [90m상품명(ITEMNAME) 정상출력[39m
[32m  √ [39m [90m보증금 금액(DEPOSIT_AMT) 정상출력[39m
[32m  √ [39m [90m다날 거래 키(TID) 정상출력[39m
[32m  √ [39m [90m가맹점 주문번호(ORDERID) 빈값 확인[39m
[32m  √ [39m [90m카드번호(CARDNO) 정상출력[39m
[32m  √ [39m [90m거래 승인 번호(CARDAUTHNO) 정상출력[39m
[32m  √ [39m [90m카드사 명(CARDNAME) 정상출력[39m
[32m  √ [39m [90m구매자 이름(USERNAME) 정상출력[39m
[32m  √ [39m [90m구매자 ID(USERID) 정상출력[39m

└ [0m카드 승인 취소 (BILLCANCEL)[0m
[33m  ┌[39m
[33m[39m[90m  [33m│[90m [90m`Using "CryptoJS" is deprecated. Use "require('cr[39m
[90m  [33m│[90m ypto-js')" instead.`[90m[39m
[90m[39m[33m  └[39m
[33m[39m  [90mPOST[39m [90mhttps://tx-creditcard.danalpay.com/credit/?CPID=A010037544&DATA=8kvDIwvdID7NWcBMND4uDa19N4HOq1FYfFN1I2AhxxW4NwMcW7Y8L%2B97ALEke3aRjPxv89nBW%2BBufrgftj7HbBN3bFSeBP31WOJpnJDKIO9Frp8YAbi59t7PhxJNHEug[39m  
  200 OK [90m★[39m 1386ms [90mtime[39m [90m★[39m 450B[90m↑[39m 388B[90m↓[39m [90msize[39m [90m★[39m 9[90m↑[39m 4[90m↓[39m [90mheaders[39m [90m★[39m 0 [90mcookies[39m
  [37m┌[39m [37m↓[39m text/plain [90m★[39m text [90m★[39m plain [90m★[39m euc-kr [90m★[39m 255B
[90m  [37m│[90m DATA=bH6El5elON5883LB3RlfF1OF1H8eZTXv49wXL8%2FAVeVzhHU[39m
[90m  [37m│[90m 5sdes40grvKmzi%2BrXrNG9VV%2FFDxLrER8eIa0JTWu0YlHqfi9CE[39m
[90m  [37m│[90m eN5VFWyxNpkHk8d6Gq7u4lTOwOHdHqKQJfx9CqaQUpXes4Kmmwy0I0[39m
[90m  [37m│[90m qqrobcfakOfO%2FuV3ejbGy4028l45AtZWxKTTd5%2FXq5VJlKr8S0[39m
[90m  [37m│[90m CHtgJOyJwll8hoAbwfBXby%2FZlWRl2hwG3c%3D[39m
[90m[39m[37m  └[39m
  [37mprepare[39m   [37mwait[39m    [37mdns-lookup[39m   [37mtcp-handshake[39m   [37mssl-handshake[39m   [37mtransfer-start[39m   [37mdownload[39m   [37mprocess[39m   [37mtotal[39m  
  [90m390µs[39m     [90m293µs[39m   [90m(cache)[39m      [90m(cache)[39m         [90m(cache)[39m         [90m1384ms[39m           [90m598µs[39m      [90m22µs[39m      [90m1385ms[39m 

[33m  ┌[39m
[33m[39m[90m  [33m│[90m [90m`Using "CryptoJS" is deprecated. Use "require('cr[39m
[90m  [33m│[90m ypto-js')" instead.`[90m[39m
[90m[39m[90m  [90m│[90m [90m'복호화 결과 : '[90m[37m, [90m[90m'RETURNCODE=0000[39m
[90m  [90m│[90m &RETURNMSG=%BC%BA%B0%F8&BALANCE=0&O_TID=20260105162521[39m
[90m  [90m│[90m 0399723400&TID=202601051625231599793400&TRANTIME=16252[39m
[90m  [90m│[90m 2&TRANDATE=20260105&AMOUNT=301&DEPOSIT_AMT=0'[90m[39m
[90m[39m[90m  └[39m
[90m[39m[32m  √ [39m [90m결과코드(RETURNCODE) 정상출력[39m
[32m  √ [39m [90m결과메세지(RETURNMSG) 정상출력[39m
[32m  √ [39m [90m취소 후 잔액(BALANCE) 정상출력[39m
[32m  √ [39m [90m다날 원 거래 키(O_TID) 정상출력[39m
[32m  √ [39m [90m다날 거래 키(TID) 정상출력[39m
[32m  √ [39m [90m승인 발생시간(TRANTIME) 정상출력[39m
[32m  √ [39m [90m승인 발생일자(TRANDATE)[39m
[32m  √ [39m [90m승인 취소 금액(AMOUNT) 정상출력[39m
[32m  √ [39m [90m컵 보증금(DEPOSIT_AMT) 정상출력[39m

□ [0m우리독자카드[0m
└ [0m정기결제 요청 (OTBILL)[0m
[33m  ┌[39m
[33m[39m[90m  [33m│[90m [90m`Using "CryptoJS" is deprecated. Use "require('cr[39m
[90m  [33m│[90m ypto-js')" instead.`[90m[39m
[90m[39m[33m  └[39m
[33m[39m  [90mPOST[39m [90mhttps://tx-creditcard.danalpay.com/credit/?CPID=A010037544&DATA=wcpoTy27mkzR%2FoCmuhu%2BEL1VevUN6wQgs96fAg0NJdKChw9Ccm7hXXJcj%2FUGj%2Bb8z5dq8TvydwIj3RXPjUXi4KzQHH0ZG0DZA03Udge2eI0IsrkEsoTSxKLbYyq5iCvbykTt6GhW9hCDbp8fHC1zGJEYvBJNsjEqz2X9zw2JzcextrJriQhf%2FIUYtULhB8bH62Qdp0SGru%2BMd63vyNOLHA%3D%3D[39m  
  200 OK [90m★[39m 1354ms [90mtime[39m [90m★[39m 550B[90m↑[39m 574B[90m↓[39m [90msize[39m [90m★[39m 9[90m↑[39m 4[90m↓[39m [90mheaders[39m [90m★[39m 0 [90mcookies[39m
  [37m┌[39m [37m↓[39m text/plain [90m★[39m text [90m★[39m plain [90m★[39m euc-kr [90m★[39m 441B
[90m  [37m│[90m DATA=bH6El5elON5883LB3RlfF1OF1H8eZTXv49wXL8%2FAVeUOrT2[39m
[90m  [37m│[90m zbTtZtAh642sVeJ6SCEV8X0t3vMfl9ATc0EgMVgs%2BSe2%2BMSDg6[39m
[90m  [37m│[90m %2FG%2Fhau0IHCOHV6BEwDfv7Ng196M1a4aBkafAoyNPS7zuSQenNX[39m
[90m  [37m│[90m SMPLFQxBj99eFJKuIy6ak3xHhtQBYd1w81T%2FeNhKPlhN9sNUNamH[39m
[90m  [37m│[90m Epb9F%2BgMtoDPRTr7qHPM4Lx4xIMXdG1xfyx8CDtDPlwtLsfZZBqV[39m
[90m  [37m│[90m w%2FnpMm9IN0AEGR6ZfJkOfpHjWsmnj34WuF7pyEemFenQXYIJcNdq[39m
[90m  [37m│[90m KKkbnOrRH%2Fd6P%2BCH2jAWWY066qvi%2BlSVb8GR7OnPisLI4MVB[39m
[90m  [37m│[90m lslPJuraNRazbwVt3VnBNHM%2Fznh8wbrY39ymhZuuR2vnl5CzLdlV[39m
[90m  [37m│[90m weg%3D%3D[39m
[90m[39m[37m  └[39m
  [37mprepare[39m   [37mwait[39m    [37mdns-lookup[39m   [37mtcp-handshake[39m   [37mssl-handshake[39m   [37mtransfer-start[39m   [37mdownload[39m   [37mprocess[39m   [37mtotal[39m  
  [90m482µs[39m     [90m229µs[39m   [90m(cache)[39m      [90m(cache)[39m         [90m(cache)[39m         [90m1352ms[39m           [90m626µs[39m      [90m29µs[39m      [90m1354ms[39m 

[33m  ┌[39m
[33m[39m[90m  [33m│[90m [90m`Using "CryptoJS" is deprecated. Use "require('cr[39m
[90m  [33m│[90m ypto-js')" instead.`[90m[39m
[90m[39m[90m  [90m│[90m [90m'복호화 결과 : '[90m[37m, [90m[90m'RETURNCODE=0000[39m
[90m  [90m│[90m &RETURNMSG=%BC%BA%B0%F8&CARDCODE=0907&USERPHONE=&QUOTA[39m
[90m  [90m│[90m =00&TRANTIME=162526&TRANDATE=20260105&AMOUNT=301&ITEMN[39m
[90m  [90m│[90m AME=apiautotest&DEPOSIT_AMT=0&TID=20260105162524690985[39m
[90m  [90m│[90m 3400&ORDERID=&CARDNO=624404******8380&CARDAUTHNO=85750[39m
[90m  [90m│[90m 474&CARDNAME=%BF%EC%B8%AE%C4%AB%B5%E5&USERNAME=&USERID[39m
[90m  [90m│[90m =hnkim'[90m[39m
[90m[39m[90m  └[39m
[90m[39m[32m  √ [39m [90m결과코드(RETURNCODE) 정상출력[39m
[32m  √ [39m [90m결과메세지(RETURNMSG) 정상출력[39m
[32m  √ [39m [90m카드사 코드(CARDCODE 정상출력[39m
[32m  √ [39m [90m구매자 전화번호(USERPHONE) 빈값 확인[39m
[32m  √ [39m [90m할부 개월 수(QUOTA) 정상출력[39m
[32m  √ [39m [90m매출 발생시간(TRANTIME) ±5초 이내 검증[39m
[32m  √ [39m [90m매출 발생일자(TRANDATE) 정상출력[39m
[32m  √ [39m [90m승인금액(AMOUNT) 정상출력[39m
[32m  √ [39m [90m상품명(ITEMNAME) 정상출력[39m
[32m  √ [39m [90m보증금 금액(DEPOSIT_AMT) 정상출력[39m
[32m  √ [39m [90m다날 거래 키(TID) 정상출력[39m
[32m  √ [39m [90m가맹점 주문번호(ORDERID) 빈값 확인[39m
[32m  √ [39m [90m카드번호(CARDNO) 정상출력[39m
[32m  √ [39m [90m거래 승인 번호(CARDAUTHNO) 정상출력[39m
[32m  √ [39m [90m카드사 명(CARDNAME) 정상출력[39m
[32m  √ [39m [90m구매자 이름(USERNAME) 정상출력[39m
[32m  √ [39m [90m구매자 ID(USERID) 정상출력[39m

└ [0m카드 승인 취소 (BILLCANCEL)[0m
[33m  ┌[39m
[33m[39m[90m  [33m│[90m [90m`Using "CryptoJS" is deprecated. Use "require('cr[39m
[90m  [33m│[90m ypto-js')" instead.`[90m[39m
[90m[39m[33m  └[39m
[33m[39m  [90mPOST[39m [90mhttps://tx-creditcard.danalpay.com/credit/?CPID=A010037544&DATA=8kvDIwvdID7NWcBMND4uDb5bhqL1nHKvBaatN8%2FRvIzpBzRvBnxVJIW8GCPI3S3KHvmk9Kd%2Fy2rSjUq1RbEz3G1GVzTO7%2FtlfIa4B0cIbfRMwX5Mg0grr3YutvmTShc9[39m  
  200 OK [90m★[39m 1311ms [90mtime[39m [90m★[39m 452B[90m↑[39m 396B[90m↓[39m [90msize[39m [90m★[39m 9[90m↑[39m 4[90m↓[39m [90mheaders[39m [90m★[39m 0 [90mcookies[39m
  [37m┌[39m [37m↓[39m text/plain [90m★[39m text [90m★[39m plain [90m★[39m euc-kr [90m★[39m 263B
[90m  [37m│[90m DATA=bH6El5elON5883LB3RlfF1OF1H8eZTXv49wXL8%2FAVeVzhHU[39m
[90m  [37m│[90m 5sdes40grvKmzi%2BrXrNG9VV%2FFDxLrER8eIa0JTS8vkR%2FWPfY[39m
[90m  [37m│[90m 12nUCTS9V%2BGL0S0qtts7yzlBJiaGWz7OL1H8r9E%2FWI5K5I%2B6[39m
[90m  [37m│[90m 1gtIR1wv0eRV2nvntdyZkrfD2jooZgJM9whz6SeRwnr7uizAX84g2f[39m
[90m  [37m│[90m %2FWdL3%2Bn25DJ9zZCFcVwRUtUPMbH7ALHfhfYb%2Bs%3D[39m
[90m[39m[37m  └[39m
  [37mprepare[39m   [37mwait[39m    [37mdns-lookup[39m   [37mtcp-handshake[39m   [37mssl-handshake[39m   [37mtransfer-start[39m   [37mdownload[39m   [37mprocess[39m   [37mtotal[39m  
  [90m392µs[39m     [90m154µs[39m   [90m(cache)[39m      [90m(cache)[39m         [90m(cache)[39m         [90m1310ms[39m           [90m521µs[39m      [90m23µs[39m      [90m1311ms[39m 

[33m  ┌[39m
[33m[39m[90m  [33m│[90m [90m`Using "CryptoJS" is deprecated. Use "require('cr[39m
[90m  [33m│[90m ypto-js')" instead.`[90m[39m
[90m[39m[90m  [90m│[90m [90m'복호화 결과 : '[90m[37m, [90m[90m'RETURNCODE=0000[39m
[90m  [90m│[90m &RETURNMSG=%BC%BA%B0%F8&BALANCE=0&O_TID=20260105162524[39m
[90m  [90m│[90m 6909853400&TID=202601051625262189893400&TRANTIME=16252[39m
[90m  [90m│[90m 6&TRANDATE=20260105&AMOUNT=301&DEPOSIT_AMT=0'[90m[39m
[90m[39m[90m  └[39m
[90m[39m[32m  √ [39m [90m결과코드(RETURNCODE) 정상출력[39m
[32m  √ [39m [90m결과메세지(RETURNMSG) 정상출력[39m
[32m  √ [39m [90m취소 후 잔액(BALANCE) 정상출력[39m
[32m  √ [39m [90m다날 원 거래 키(O_TID) 정상출력[39m
[32m  √ [39m [90m다날 거래 키(TID) 정상출력[39m
[32m  √ [39m [90m승인 발생시간(TRANTIME) 정상출력[39m
[32m  √ [39m [90m승인 발생일자(TRANDATE)[39m
[32m  √ [39m [90m승인 취소 금액(AMOUNT) 정상출력[39m
[32m  √ [39m [90m컵 보증금(DEPOSIT_AMT) 정상출력[39m

□ [0mKbank카드[0m
└ [0m정기결제 요청 (OTBILL)[0m
[33m  ┌[39m
[33m[39m[90m  [33m│[90m [90m`Using "CryptoJS" is deprecated. Use "require('cr[39m
[90m  [33m│[90m ypto-js')" instead.`[90m[39m
[90m[39m[33m  └[39m
[33m[39m  [90mPOST[39m [90mhttps://tx-creditcard.danalpay.com/credit/?CPID=A010037544&DATA=wcpoTy27mkzR%2FoCmuhu%2BEL1VevUN6wQgs96fAg0NJdKChw9Ccm7hXXJcj%2FUGj%2Bb8z5dq8TvydwIj3RXPjUXi4KzQHH0ZG0DZA03Udge2eI0IsrkEsoTSxKLbYyq5iCvbykTt6GhW9hCDbp8fHC1zGJEYvBJNsjEqz2X9zw2JzccQmxP3XnXAnB6A1V7j6yFer%2BQE%2Ba1pl7pMnq93f1iTpw%3D%3D[39m  
  200 OK [90m★[39m 1639ms [90mtime[39m [90m★[39m 550B[90m↑[39m 566B[90m↓[39m [90msize[39m [90m★[39m 9[90m↑[39m 4[90m↓[39m [90mheaders[39m [90m★[39m 0 [90mcookies[39m
  [37m┌[39m [37m↓[39m text/plain [90m★[39m text [90m★[39m plain [90m★[39m euc-kr [90m★[39m 433B
[90m  [37m│[90m DATA=bH6El5elON5883LB3RlfF1OF1H8eZTXv49wXL8%2FAVeUOrT2[39m
[90m  [37m│[90m zbTtZtAh642sVeJ6SinDkYn9ioJsD8ofeqixaZhafgVzRTFP%2FgCC[39m
[90m  [37m│[90m FxVS%2FmGbC9pSq5SDASfX1murYO7xyDh6iUw0LvRJvz5iDrJr3KWF[39m
[90m  [37m│[90m r3vg2gnWH4%2BVpD%2Ft0QwWaB4C5gMrWAHeWDj2vG0B7Vf2Ey79WG[39m
[90m  [37m│[90m LCXG9koQnzhjdtROjoSSuKFpwNQKleegNQa2%2B8xAt6p5qYwuvul7[39m
[90m  [37m│[90m ZsZ0oJuVe9zLiVv1F6IxSI0QwjoueviGXrrqjm%2FOorNpmfJ4Oaag[39m
[90m  [37m│[90m VTUDyuN%2Fh5bLOIM7ZmZnu0FYNBYBBkgCC6AfA4wS5Xpi6BZGY2ER[39m
[90m  [37m│[90m iKxsUwLMtUQYRwehUyTrCNmjEPL9ejaHu4uK1rcoCVNgbDRCA%3D%3[39m
[90m  [37m│[90m D[39m
[90m[39m[37m  └[39m
  [37mprepare[39m   [37mwait[39m    [37mdns-lookup[39m   [37mtcp-handshake[39m   [37mssl-handshake[39m   [37mtransfer-start[39m   [37mdownload[39m   [37mprocess[39m   [37mtotal[39m  
  [90m330µs[39m     [90m146µs[39m   [90m(cache)[39m      [90m(cache)[39m         [90m(cache)[39m         [90m1637ms[39m           [90m461µs[39m      [90m18µs[39m      [90m1638ms[39m 

[33m  ┌[39m
[33m[39m[90m  [33m│[90m [90m`Using "CryptoJS" is deprecated. Use "require('cr[39m
[90m  [33m│[90m ypto-js')" instead.`[90m[39m
[90m[39m[90m  [90m│[90m [90m'복호화 결과 : '[90m[37m, [90m[90m'RETURNCODE=0000[39m
[90m  [90m│[90m &RETURNMSG=%BC%BA%B0%F8&CARDCODE=0921&USERPHONE=&QUOTA[39m
[90m  [90m│[90m =00&TRANTIME=162529&TRANDATE=20260105&AMOUNT=301&ITEMN[39m
[90m  [90m│[90m AME=apiautotest&DEPOSIT_AMT=0&TID=20260105162527700993[39m
[90m  [90m│[90m 3400&ORDERID=&CARDNO=485462******0767&CARDAUTHNO=30055[39m
[90m  [90m│[90m 999&CARDNAME=%C4%C9%C0%CC%B9%F0%C5%A9%C4%AB%B5%E5&USER[39m
[90m  [90m│[90m NAME=&USERID=hnkim'[90m[39m
[90m[39m[90m  └[39m
[90m[39m[32m  √ [39m [90m결과코드(RETURNCODE) 정상출력[39m
[32m  √ [39m [90m결과메세지(RETURNMSG) 정상출력[39m
[32m  √ [39m [90m카드사 코드(CARDCODE 정상출력[39m
[32m  √ [39m [90m구매자 전화번호(USERPHONE) 빈값 확인[39m
[32m  √ [39m [90m할부 개월 수(QUOTA) 정상출력[39m
[32m  √ [39m [90m매출 발생시간(TRANTIME) ±5초 이내 검증[39m
[32m  √ [39m [90m매출 발생일자(TRANDATE) 정상출력[39m
[32m  √ [39m [90m승인금액(AMOUNT) 정상출력[39m
[32m  √ [39m [90m상품명(ITEMNAME) 정상출력[39m
[32m  √ [39m [90m보증금 금액(DEPOSIT_AMT) 정상출력[39m
[32m  √ [39m [90m다날 거래 키(TID) 정상출력[39m
[32m  √ [39m [90m가맹점 주문번호(ORDERID) 빈값 확인[39m
[32m  √ [39m [90m카드번호(CARDNO) 정상출력[39m
[32m  √ [39m [90m거래 승인 번호(CARDAUTHNO) 정상출력[39m
[32m  √ [39m [90m카드사 명(CARDNAME) 정상출력[39m
[32m  √ [39m [90m구매자 이름(USERNAME) 정상출력[39m
[32m  √ [39m [90m구매자 ID(USERID) 정상출력[39m

└ [0m카드 승인 취소 (BILLCANCEL)[0m
[33m  ┌[39m
[33m[39m[90m  [33m│[90m [90m`Using "CryptoJS" is deprecated. Use "require('cr[39m
[90m  [33m│[90m ypto-js')" instead.`[90m[39m
[90m[39m[33m  └[39m
[33m[39m  [90mPOST[39m [90mhttps://tx-creditcard.danalpay.com/credit/?CPID=A010037544&DATA=8kvDIwvdID7NWcBMND4uDeUos3RSBbFwA9XZSN%2BeqCEpoN5%2BiwM3pULEpMkSPsbERevEGnanYrE8U0AKaM2ar2GUmYkmgs4dLaAqOCWuPaQqvBtvNn3IMHHR8ezuvWY5[39m  
  200 OK [90m★[39m 1389ms [90mtime[39m [90m★[39m 450B[90m↑[39m 392B[90m↓[39m [90msize[39m [90m★[39m 9[90m↑[39m 4[90m↓[39m [90mheaders[39m [90m★[39m 0 [90mcookies[39m
  [37m┌[39m [37m↓[39m text/plain [90m★[39m text [90m★[39m plain [90m★[39m euc-kr [90m★[39m 259B
[90m  [37m│[90m DATA=bH6El5elON5883LB3RlfF1OF1H8eZTXv49wXL8%2FAVeVzhHU[39m
[90m  [37m│[90m 5sdes40grvKmzi%2BrXrNG9VV%2FFDxLrER8eIa0JTWi5CwCQhx0WN[39m
[90m  [37m│[90m 6Fk7BZ0QR2MNmqUOV8OeZt3TcoSystdmS03%2FTrYdhCEJmy6nHWJQ[39m
[90m  [37m│[90m kaRiz5ulXxq%2FpkXwRs8H%2BUQQgo1yXmE9oqsUQCAITdep56O4xV[39m
[90m  [37m│[90m %2FBQvjYA2idRvKgIclgqgAxLv79lpFY%2B8P1V8%3D[39m
[90m[39m[37m  └[39m
  [37mprepare[39m   [37mwait[39m    [37mdns-lookup[39m   [37mtcp-handshake[39m   [37mssl-handshake[39m   [37mtransfer-start[39m   [37mdownload[39m   [37mprocess[39m   [37mtotal[39m  
  [90m408µs[39m     [90m134µs[39m   [90m(cache)[39m      [90m(cache)[39m         [90m(cache)[39m         [90m1387ms[39m           [90m591µs[39m      [90m27µs[39m      [90m1388ms[39m 

[33m  ┌[39m
[33m[39m[90m  [33m│[90m [90m`Using "CryptoJS" is deprecated. Use "require('cr[39m
[90m  [33m│[90m ypto-js')" instead.`[90m[39m
[90m[39m[90m  [90m│[90m [90m'복호화 결과 : '[90m[37m, [90m[90m'RETURNCODE=0000[39m
[90m  [90m│[90m &RETURNMSG=%BC%BA%B0%F8&BALANCE=0&O_TID=20260105162527[39m
[90m  [90m│[90m 7009933400&TID=202601051625295069973400&TRANTIME=16252[39m
[90m  [90m│[90m 9&TRANDATE=20260105&AMOUNT=301&DEPOSIT_AMT=0'[90m[39m
[90m[39m[90m  └[39m
[90m[39m[32m  √ [39m [90m결과코드(RETURNCODE) 정상출력[39m
[32m  √ [39m [90m결과메세지(RETURNMSG) 정상출력[39m
[32m  √ [39m [90m취소 후 잔액(BALANCE) 정상출력[39m
[32m  √ [39m [90m다날 원 거래 키(O_TID) 정상출력[39m
[32m  √ [39m [90m다날 거래 키(TID) 정상출력[39m
[32m  √ [39m [90m승인 발생시간(TRANTIME) 정상출력[39m
[32m  √ [39m [90m승인 발생일자(TRANDATE)[39m
[32m  √ [39m [90m승인 취소 금액(AMOUNT) 정상출력[39m
[32m  √ [39m [90m컵 보증금(DEPOSIT_AMT) 정상출력[39m

□ [0m롯데카드[0m
└ [0m정기결제 요청 (OTBILL)[0m
[33m  ┌[39m
[33m[39m[90m  [33m│[90m [90m`Using "CryptoJS" is deprecated. Use "require('cr[39m
[90m  [33m│[90m ypto-js')" instead.`[90m[39m
[90m[39m[33m  └[39m
[33m[39m  [90mPOST[39m [90mhttps://tx-creditcard.danalpay.com/credit/?CPID=A010037544&DATA=wcpoTy27mkzR%2FoCmuhu%2BEL1VevUN6wQgs96fAg0NJdKChw9Ccm7hXXJcj%2FUGj%2Bb8z5dq8TvydwIj3RXPjUXi4KzQHH0ZG0DZA03Udge2eI0IsrkEsoTSxKLbYyq5iCvbykTt6GhW9hCDbp8fHC1zGJEYvBJNsjEqz2X9zw2JzcfDPdPuA9czR8Lb0T%2Ba0ODlNEPIdgayTwp7V1JVXixp1g%3D%3D[39m  
  200 OK [90m★[39m 1262ms [90mtime[39m [90m★[39m 548B[90m↑[39m 590B[90m↓[39m [90msize[39m [90m★[39m 9[90m↑[39m 4[90m↓[39m [90mheaders[39m [90m★[39m 0 [90mcookies[39m
  [37m┌[39m [37m↓[39m text/plain [90m★[39m text [90m★[39m plain [90m★[39m euc-kr [90m★[39m 457B
[90m  [37m│[90m DATA=bH6El5elON5883LB3RlfF1OF1H8eZTXv49wXL8%2FAVeUOrT2[39m
[90m  [37m│[90m zbTtZtAh642sVeJ6StsCSLQrHY87ecb4BS7M9WO73D7od%2BJSwkFn[39m
[90m  [37m│[90m jsLRsnIbKULwNJvEXXW%2BNsjrGx3j6b2jRwYDrr%2BIE%2B4kdldH[39m
[90m  [37m│[90m MAK%2B3c1v49TFvgRIA7fGahgCI%2Bhj3dvnBFm%2FJRZkF8xlLJKc[39m
[90m  [37m│[90m NIQqIuIeKGx83Xl%2B2lcyr1ODGOPPBYOcHxz1ZpL0ycoElaE2jBhE[39m
[90m  [37m│[90m J5EcrU6QBors%2B4lZ5CQuXAOmoT69%2FDpg1pUzf5ZOwY7%2Bke92[39m
[90m  [37m│[90m 3pbzNWoWs9o%2FBKzsO6%2BIShsDRZIaikc%2Bg6XA%2ByT%2FqjKp[39m
[90m  [37m│[90m bi1vv3RZDmTNLhaN1r%2BUvsb9l%2FBm8zqOIwLjreg%2F9HkJOT1N[39m
[90m  [37m│[90m aghByYNnyS5Afovn7IQ%3D%3D[39m
[90m[39m[37m  └[39m
  [37mprepare[39m   [37mwait[39m    [37mdns-lookup[39m   [37mtcp-handshake[39m   [37mssl-handshake[39m   [37mtransfer-start[39m   [37mdownload[39m   [37mprocess[39m   [37mtotal[39m  
  [90m387µs[39m     [90m199µs[39m   [90m(cache)[39m      [90m(cache)[39m         [90m(cache)[39m         [90m1260ms[39m           [90m497µs[39m      [90m21µs[39m      [90m1261ms[39m 

[33m  ┌[39m
[33m[39m[90m  [33m│[90m [90m`Using "CryptoJS" is deprecated. Use "require('cr[39m
[90m  [33m│[90m ypto-js')" instead.`[90m[39m
[90m[39m[90m  [90m│[90m [90m'복호화 결과 : '[90m[37m, [90m[90m'RETURNCODE=0000[39m
[90m  [90m│[90m &RETURNMSG=%BC%BA%B0%F8&CARDCODE=0700&USERPHONE=&QUOTA[39m
[90m  [90m│[90m =00&TRANTIME=162532&TRANDATE=20260105&AMOUNT=301&ITEMN[39m
[90m  [90m│[90m AME=apiautotest&DEPOSIT_AMT=0&TID=20260105162531063000[39m
[90m  [90m│[90m 3400&ORDERID=&CARDNO=513792******3380&CARDAUTHNO=24468[39m
[90m  [90m│[90m 055&CARDNAME=%B7%D4%B5%A5%C4%AB%B5%E5&USERNAME=&USERID[39m
[90m  [90m│[90m =hnkim'[90m[39m
[90m[39m[90m  └[39m
[90m[39m[32m  √ [39m [90m결과코드(RETURNCODE) 정상출력[39m
[32m  √ [39m [90m결과메세지(RETURNMSG) 정상출력[39m
[32m  √ [39m [90m카드사 코드(CARDCODE 정상출력[39m
[32m  √ [39m [90m구매자 전화번호(USERPHONE) 빈값 확인[39m
[32m  √ [39m [90m할부 개월 수(QUOTA) 정상출력[39m
[90m  ┌[39m
[90m[39m[90m  [90m│[90m [90m'162531'[90m[39m
[90m[39m[90m  └[39m
[90m[39m[31m[1m  1.[22m[39m [31m[1m매출 발생시간(TRANTIME) 정상출력[22m[39m
[32m  √ [39m [90m매출 발생일자(TRANDATE) 정상출력[39m
[32m  √ [39m [90m승인금액(AMOUNT) 정상출력[39m
[32m  √ [39m [90m상품명(ITEMNAME) 정상출력[39m
[32m  √ [39m [90m보증금 금액(DEPOSIT_AMT) 정상출력[39m
[32m  √ [39m [90m다날 거래 키(TID) 정상출력[39m
[32m  √ [39m [90m가맹점 주문번호(ORDERID) 빈값 확인[39m
[32m  √ [39m [90m카드번호(CARDNO) 정상출력[39m
[32m  √ [39m [90m거래 승인 번호(CARDAUTHNO) 정상출력[39m
[32m  √ [39m [90m카드사 명(CARDNAME) 정상출력[39m
[32m  √ [39m [90m구매자 이름(USERNAME) 정상출력[39m
[32m  √ [39m [90m구매자 ID(USERID) 정상출력[39m

└ [0m카드 승인 취소 (BILLCANCEL)[0m
[33m  ┌[39m
[33m[39m[90m  [33m│[90m [90m`Using "CryptoJS" is deprecated. Use "require('cr[39m
[90m  [33m│[90m ypto-js')" instead.`[90m[39m
[90m[39m[33m  └[39m
[33m[39m  [90mPOST[39m [90mhttps://tx-creditcard.danalpay.com/credit/?CPID=A010037544&DATA=8kvDIwvdID7NWcBMND4uDUU1so09QHpv6Q2PxH50%2BnvhRxatcn9%2Bk14Ca6j3jx2YSmnytYDxnBZabELeES0NdZHyJcyzht%2Biw4mBv7WHLUBTfPD71Fxb22pWfZcBrdpG[39m  
  200 OK [90m★[39m 1321ms [90mtime[39m [90m★[39m 452B[90m↑[39m 388B[90m↓[39m [90msize[39m [90m★[39m 9[90m↑[39m 4[90m↓[39m [90mheaders[39m [90m★[39m 0 [90mcookies[39m
  [37m┌[39m [37m↓[39m text/plain [90m★[39m text [90m★[39m plain [90m★[39m euc-kr [90m★[39m 255B
[90m  [37m│[90m DATA=bH6El5elON5883LB3RlfF1OF1H8eZTXv49wXL8%2FAVeVzhHU[39m
[90m  [37m│[90m 5sdes40grvKmzi%2BrXrNG9VV%2FFDxLrER8eIa0JTXxCu7e3MGPIM[39m
[90m  [37m│[90m %2FDcMU3Z21QT47%2BGXlfk6IU03jZi5Og46mZvKSGqmDSUKm9Tzdy[39m
[90m  [37m│[90m WvyRbG7ACPtYTtE5jOqudNz0X1ffonOBT59hTVwTpO1hBfyhekAs34[39m
[90m  [37m│[90m HCL9X%2BBKkMrgEjEwIxIqDuk4FyWIAdVr3o%3D[39m
[90m[39m[37m  └[39m
  [37mprepare[39m   [37mwait[39m    [37mdns-lookup[39m   [37mtcp-handshake[39m   [37mssl-handshake[39m   [37mtransfer-start[39m   [37mdownload[39m   [37mprocess[39m   [37mtotal[39m  
  [90m663µs[39m     [90m144µs[39m   [90m(cache)[39m      [90m(cache)[39m         [90m(cache)[39m         [90m1319ms[39m           [90m556µs[39m      [90m16µs[39m      [90m1321ms[39m 

[33m  ┌[39m
[33m[39m[90m  [33m│[90m [90m`Using "CryptoJS" is deprecated. Use "require('cr[39m
[90m  [33m│[90m ypto-js')" instead.`[90m[39m
[90m[39m[90m  [90m│[90m [90m'복호화 결과 : '[90m[37m, [90m[90m'RETURNCODE=0000[39m
[90m  [90m│[90m &RETURNMSG=%BC%BA%B0%F8&BALANCE=0&O_TID=20260105162531[39m
[90m  [90m│[90m 0630003400&TID=202601051625324940043400&TRANTIME=16253[39m
[90m  [90m│[90m 2&TRANDATE=20260105&AMOUNT=301&DEPOSIT_AMT=0'[90m[39m
[90m[39m[90m  └[39m
[90m[39m[32m  √ [39m [90m결과코드(RETURNCODE) 정상출력[39m
[32m  √ [39m [90m결과메세지(RETURNMSG) 정상출력[39m
[32m  √ [39m [90m취소 후 잔액(BALANCE) 정상출력[39m
[32m  √ [39m [90m다날 원 거래 키(O_TID) 정상출력[39m
[32m  √ [39m [90m다날 거래 키(TID) 정상출력[39m
[32m  √ [39m [90m승인 발생시간(TRANTIME) 정상출력[39m
[32m  √ [39m [90m승인 발생일자(TRANDATE)[39m
[32m  √ [39m [90m승인 취소 금액(AMOUNT) 정상출력[39m
[32m  √ [39m [90m컵 보증금(DEPOSIT_AMT) 정상출력[39m

[90m┌─────────────────────────[39m[90m┬──────────────────────[39m[90m┬──────────────────────┐[39m
[90m│[39m                         [90m│[39m             executed [90m│[39m               failed [90m│[39m
[90m├─────────────────────────[39m[90m┼──────────────────────[39m[90m┼──────────────────────┤[39m
[90m│[39m              [32miterations[39m [90m│[39m                    1 [90m│[39m                    0 [90m│[39m
[90m├─────────────────────────[39m[90m┼──────────────────────[39m[90m┼──────────────────────┤[39m
[90m│[39m                [32mrequests[39m [90m│[39m                   21 [90m│[39m                    0 [90m│[39m
[90m├─────────────────────────[39m[90m┼──────────────────────[39m[90m┼──────────────────────┤[39m
[90m│[39m            [32mtest-scripts[39m [90m│[39m                   21 [90m│[39m                    0 [90m│[39m
[90m├─────────────────────────[39m[90m┼──────────────────────[39m[90m┼──────────────────────┤[39m
[90m│[39m      [32mprerequest-scripts[39m [90m│[39m                   21 [90m│[39m                    0 [90m│[39m
[90m├─────────────────────────[39m[90m┼──────────────────────[39m[90m┼──────────────────────┤[39m
[90m│[39m              [31massertions[39m [90m│[39m                  250 [90m│[39m                    [31m1[39m [90m│[39m
[90m├─────────────────────────┴──────────────────────┴──────────────────────┤[39m
[90m│[39m total run duration: 30.3s                                             [90m│[39m
[90m├───────────────────────────────────────────────────────────────────────┤[39m
[90m│[39m total data received: 8.11kB (approx)                                  [90m│[39m
[90m├───────────────────────────────────────────────────────────────────────┤[39m
[90m│[39m average response time: 1275ms [min: 24ms, max: 1952ms, s.d.: 509ms]   [90m│[39m
[90m├───────────────────────────────────────────────────────────────────────┤[39m
[90m│[39m average DNS lookup time: 209ms [min: 209ms, max: 209ms, s.d.: 0µs]    [90m│[39m
[90m├───────────────────────────────────────────────────────────────────────┤[39m
[90m│[39m average first byte time: 1262ms [min: 22ms, max: 1949ms, s.d.: 534ms] [90m│[39m
[90m└───────────────────────────────────────────────────────────────────────┘[39m

[31m  [31m[4m#[24m[31m [39m[31m [31m[4mfailure[24m[31m        [39m[31m [31m[4mdetail[24m[31m                                     [39m
[90m    [39m[90m                [39m[90m                                            [39m
 1.  AssertionError  매출 발생시간(TRANTIME) 정상출력           
                     [90mexpected '162532' to deeply equal '162531'[39m 
                     [90mat assertion:5 in test-script[39m[90m[39m              
                     [90minside "롯데카드 / 정기결제 요청 (OTBILL)"[39m 
