[0mnewman[0m

[0mDanal_CreditRebill_v1.0[0m

â–¡ [0mCP ë° ì •ê¸°ê²°ì œ ìš”ì²­ ì „ì†¡[0m
â”” [0mREADY - BATCH[0m
[33m  â”Œ[39m
[33m[39m[90m  [33mâ”‚[90m [90m`Using "CryptoJS" is deprecated. Use "require('cr[39m
[90m  [33mâ”‚[90m ypto-js')" instead.`[90m[39m
[90m[39m[33m  â””[39m
[33m[39m  [90mPOST[39m [90mhttps://tx-creditcard.danalpay.com/credit/?CPID=A010037544&DATA=wcpoTy27mkzR%2FoCmuhu%2BEL1VevUN6wQgs96fAg0NJdKChw9Ccm7hXXJcj%2FUGj%2Bb8z5dq8TvydwIj3RXPjUXi4PJAgyNbIM2hLz3kcfuDNAuCqSPVhBCpg6V8SYW3jJ%2FZIfE36F%2BlYYpMSgxO77gr%2BDwLH0n%2BtJG7ZAyj6rsqbDI3wCKhX4bzlTMTVKd8c%2BGAYmpCZ3i8%2BtXuuBm6g2NRznUDXGC09xQFVhQa4p6tQyOn5eKksesgLSgIMzKa6kDqC5%2BLzMcAl8IF7qCGgIqWAazfqDqnE0a5U%2BZ8p2HIn%2FENLsoKdJRXIlRiPnCOj5yDVfIQWasCSQLbccOu1NheelnZWQGZ5rGm%2FTC5F8i9Vs5%2BjHsIKtlMOIqeb%2BdxblE4thUJb9NDu3NPdadnhpnr9g%3D%3D[39m  
  200 OK [90mâ˜…[39m 141ms [90mtime[39m [90mâ˜…[39m 795B[90mâ†‘[39m 985B[90mâ†“[39m [90msize[39m [90mâ˜…[39m 9[90mâ†‘[39m 5[90mâ†“[39m [90mheaders[39m [90mâ˜…[39m 0 [90mcookies[39m
  [37mâ”Œ[39m [37mâ†“[39m text/plain [90mâ˜…[39m text [90mâ˜…[39m plain [90mâ˜…[39m euc-kr [90mâ˜…[39m 769B
[90m  [37mâ”‚[90m DATA=bH6El5elON5883LB3RlfF1OF1H8eZTXv49wXL8%2FAVeUPd%2[39m
[90m  [37mâ”‚[90m BK0HnOxWTiKRFfoHkbh44XuFo%2F1YFe43srRQ4OJOxhLs95VAra5s[39m
[90m  [37mâ”‚[90m %2FVSLkz2ecI5qQP1JD7FiD808s7HiPd47XkJ1NntIGHG7zscw9xj%[39m
[90m  [37mâ”‚[90m 2BcevD8NnLhJfdeGmWdmj8IN1m2ur0PGS0oRC6j7lN4oJIlTxwzrOy[39m
[90m  [37mâ”‚[90m eUh5ZdysNL7P%2Fr469pXgT1l58eM9QXPj%2FihfpcAvVhZLM5eFtD[39m
[90m  [37mâ”‚[90m CPtR1Hlvy%2FgKIMp4srnvmAz9N%2BexB62jhpKwcKmZQpREOn580w[39m
[90m  [37mâ”‚[90m D3UtlHK%2FmMmnDPJ0ich%2FRpX9w2bDOSRHk0SXI6zC5YcaGV2erx[39m
[90m  [37mâ”‚[90m dFCsqS7NRDXpOBn704GyMglRHyikHyaYq38EMcTsF7DkKzrPf2JuSe[39m
[90m  [37mâ”‚[90m qefFDfGTidvHf2EurSJaDONcvH0ouNO8c4pmhrdohLpveIGXeRutlK[39m
[90m  [37mâ”‚[90m G3DRmV1e6VKbe0G0Ge73eMkxLJm3gE7K%2Fuf1sPS4F23wu9n45Idb[39m
[90m  [37mâ”‚[90m JFOwgVSPZQTiBjCE0MLI7vF3Nv4f1APZIIx0AfDSBtvlK5Xgme2A9Y[39m
[90m  [37mâ”‚[90m RxmSybcGnG9pW1hHDucmDWPgpSth5j2Kam7shn6UCWGrWJo2vOtR6E[39m
[90m  [37mâ”‚[90m b3l2mkckxKV3OS02FHg%2FQsa6IAOBa9qD6ysghUxPO0JqTiIv8atp[39m
[90m  [37mâ”‚[90m gLzmdp2bfpwfQ%2F6zEDNv0LUEpPSHVYh9%2FW84M%2Bn4EsO6EeIo[39m
[90m  [37mâ”‚[90m w7OpHGg%3D%3D[39m
[90m[39m[37m  â””[39m
  [37mprepare[39m   [37mwait[39m   [37mdns-lookup[39m   [37mtcp-handshake[39m   [37mssl-handshake[39m   [37mtransfer-start[39m   [37mdownload[39m   [37mprocess[39m   [37mtotal[39m 
  [90m5ms[39m       [90m18ms[39m   [90m37ms[39m         [90m3ms[39m             [90m6ms[39m             [90m71ms[39m             [90m3ms[39m        [90m202Âµs[39m     [90m146ms[39m 

[33m  â”Œ[39m
[33m[39m[90m  [33mâ”‚[90m [90m`Using "CryptoJS" is deprecated. Use "require('cr[39m
[90m  [33mâ”‚[90m ypto-js')" instead.`[90m[39m
[90m[39m[90m  [90mâ”‚[90m [90m'ë³µí˜¸í™” ê²°ê³¼ : '[90m[37m, [90m[90m'RETURNCODE=0000[39m
[90m  [90mâ”‚[90m &RETURNMSG=%BC%BA%B0%F8&STARTURL=https%3A%2F%2Fcheckou[39m
[90m  [90mâ”‚[90m t.teledit.com%2Fcreditcard_recurring%2Fweb&TID=2026010[39m
[90m  [90mâ”‚[90m 61515036270683400&ORDERID=&STARTPARAMS=4q3MUdEXw%2Ft4R[39m
[90m  [90mâ”‚[90m CqJf7Xl4WkXowucPWDUBlJpu6WO8EEuu6RmjVeuQU0%2BLHKZooy5q[39m
[90m  [90mâ”‚[90m CFOgE7x7x1Sn8iZherkXxAZmrwvEb2zAPCLWSzPIMCqKU91y5ZFFvP[39m
[90m  [90mâ”‚[90m fFNxUtuE03EM9pJ08ImG0xAffKJMP%2FIKahWUTl6ToKVyw1N40ZBM[39m
[90m  [90mâ”‚[90m 5UUOoWIcab95ANzpii0scrvsbVI80FoSHVXECUrKb5Ur0UHnjbaRDF[39m
[90m  [90mâ”‚[90m ZmZufq%2FfB%2B%2Bt2pFatXTi4DH7DkAFTMBDuXXL7Ywb2gtGAuQ9[39m
[90m  [90mâ”‚[90m 1Si8jLZZcbzKJ0hrB2pF2W6mXLYi8xBdoIx1s6IOFVyKbh6Stq5ZMv[39m
[90m  [90mâ”‚[90m itp3VRI%2BWM7Pk%2Bw%3D%3D&AMOUNT=301'[90m[39m
[90m[39m[90m  [90mâ”‚[90m [90m'STARTURL(ë””ì½”ë”©):'[90m[37m, [90m[90m'https://ch[39m
[90m  [90mâ”‚[90m eckout.teledit.com/creditcard_recurring/web'[90m[39m
[90m[39m[90m  â””[39m
[90m[39m[32m  âˆš [39m [90mê²°ê³¼ì½”ë“œ(RETURNCODE) ì •ìƒì¶œë ¥[39m
[32m  âˆš [39m [90mê²°ê³¼ë©”ì‹œì§€(RETURNMSG) ì •ìƒì¶œë ¥[39m
[32m  âˆš [39m [90mì •ê¸°ê²°ì œ ì´ˆê¸°ì¸ì¦ í‘œì¤€í˜ì´ì§€ ì‹œì‘ URL(STARTURL) ì •ìƒì¶œë ¥[39m
[32m  âˆš [39m [90më‹¤ë‚  ê±°ë˜ í‚¤(TID) ì •ìƒì¶œë ¥[39m
[32m  âˆš [39m [90mê°€ë§¹ì  ì£¼ë¬¸ë²ˆí˜¸(ORDERID) ë¹ˆê°’ í™•ì¸[39m
[32m  âˆš [39m [90mìœ„ í‘œì¤€í˜ì´ì§€ ì‹œì‘ URL ì „ì†¡ íŒŒë¼ë¯¸í„°(STARTPARAMS) ì •ìƒì¶œë ¥[39m
[32m  âˆš [39m [90mê²°ì œê¸ˆì•¡(AMOUNT) ì •ìƒì¶œë ¥[39m

â”” [0mREADY - DANALCARD[0m
[33m  â”Œ[39m
[33m[39m[90m  [33mâ”‚[90m [90m`Using "CryptoJS" is deprecated. Use "require('cr[39m
[90m  [33mâ”‚[90m ypto-js')" instead.`[90m[39m
[90m[39m[33m  â””[39m
[33m[39m  [90mPOST[39m [90mhttps://tx-creditcard.danalpay.com/credit/?CPID=A010037544&DATA=wcpoTy27mkzR%2FoCmuhu%2BEL1VevUN6wQgs96fAg0NJdKChw9Ccm7hXXJcj%2FUGj%2Bb8z5dq8TvydwIj3RXPjUXi4PJAgyNbIM2hLz3kcfuDNAsCL18rdUmVCzFjEXB9wjgQ82IteFWZK11Um66aaXg9%2BmJBA%2BzStWEMjr0dSocIEm%2Bbu9cYhIHHrFuuMeAbp0%2FaOn9YPjFswBAcVkFCl4MZNYRXi9%2BMiA7xwR%2FFNE00HJ0pC21O5yf5imQNizmVqk2bD03K20FpT3Fs3h%2FUCOJ0UXofslr6lyNGsyvb6DemiNcWC4LE3zCDhJmfdiJa9ITHGb2ToWrxU2XD3B50so4Ru4EZtRrOIrbszRI9doqcDx5dZKeCsMBh%2Ff1PMU0qTPX5ctV%2BHYz%2F289vKWnUu4B9CA%3D%3D[39m  
  200 OK [90mâ˜…[39m 29ms [90mtime[39m [90mâ˜…[39m 823B[90mâ†‘[39m 914B[90mâ†“[39m [90msize[39m [90mâ˜…[39m 10[90mâ†‘[39m 4[90mâ†“[39m [90mheaders[39m [90mâ˜…[39m 0 [90mcookies[39m
  [37mâ”Œ[39m [37mâ†“[39m text/plain [90mâ˜…[39m text [90mâ˜…[39m plain [90mâ˜…[39m euc-kr [90mâ˜…[39m 781B
[90m  [37mâ”‚[90m DATA=bH6El5elON5883LB3RlfF1OF1H8eZTXv49wXL8%2FAVeUPd%2[39m
[90m  [37mâ”‚[90m BK0HnOxWTiKRFfoHkbh44XuFo%2F1YFe43srRQ4OJOxhLs95VAra5s[39m
[90m  [37mâ”‚[90m %2FVSLkz2ecI5qQP1JD7FiD808s7HiPd4aiFvBjr3qYozdHQ5Xzgj5[39m
[90m  [37mâ”‚[90m FM0DLLDvK2cxSd3dzY8JWP8kefqh9G2sxb%2BKNSbKr28FH6JXCG%2[39m
[90m  [37mâ”‚[90m FMvXp8fivO8FT1AQs%2Fbce%2Fc%2B7bMoEDJE5dRZWvfIOZZ2fcmZ[39m
[90m  [37mâ”‚[90m CQaiTF%2Bg57qC1cvM3KviX19N6LmEk23q5rFbtUipblGnafbzIpN%[39m
[90m  [37mâ”‚[90m 2FS1mRUCysgtAvZbTDSjj3%2FX15ZInpB1QRsD6RH9xFN2vPQ80oPd[39m
[90m  [37mâ”‚[90m L01XAsHSbzl4sqahyo%2BsrXIN0Qbgss%2BJabQWH%2FKJZQvj89No[39m
[90m  [37mâ”‚[90m yIpGZFWzZxfUgsyOeN1NTikxQpZYzTUZ1GSojhtPOC8Q%2F0omkkGx[39m
[90m  [37mâ”‚[90m N4qBcBKERWxHTpAMBIQ1jlIRAKD6sP6zIEZkVfl4AmvV9eLw1LDgTO[39m
[90m  [37mâ”‚[90m MXH5%2BoruzGqpXa8q8Akpx5izR146x6LR2X2diSVMHZAgWaISqht6[39m
[90m  [37mâ”‚[90m GbPpgp8TuGQD8M%2BmAbBCOHC2Y62uYUIBm9VUQo6Ii2pqMxh0%2Fq[39m
[90m  [37mâ”‚[90m ou8rYXI3ahQpEYO5u3Mt1Bbnipl1iNf%2BgbqXZ%2BDT9ibZS6e9Pj[39m
[90m  [37mâ”‚[90m jnwNV44dEP6hAcLtex%2BrS0SdE1meJ95SUjkkG5efZCMPqEHEziev[39m
[90m  [37mâ”‚[90m PMVTIytFzIJo9Q8jkxQ%3D%3D[39m
[90m[39m[37m  â””[39m
  [37mprepare[39m   [37mwait[39m    [37mdns-lookup[39m   [37mtcp-handshake[39m   [37mssl-handshake[39m   [37mtransfer-start[39m   [37mdownload[39m   [37mprocess[39m   [37mtotal[39m 
  [90m685Âµs[39m     [90m351Âµs[39m   [90m(cache)[39m      [90m(cache)[39m         [90m(cache)[39m         [90m27ms[39m             [90m832Âµs[39m      [90m36Âµs[39m      [90m29ms[39m  

[33m  â”Œ[39m
[33m[39m[90m  [33mâ”‚[90m [90m`Using "CryptoJS" is deprecated. Use "require('cr[39m
[90m  [33mâ”‚[90m ypto-js')" instead.`[90m[39m
[90m[39m[90m  [90mâ”‚[90m [90m'ë³µí˜¸í™” ê²°ê³¼ : '[90m[37m, [90m[90m'RETURNCODE=0000[39m
[90m  [90mâ”‚[90m &RETURNMSG=%BC%BA%B0%F8&STARTURL=https%3A%2F%2Fcheckou[39m
[90m  [90mâ”‚[90m t.teledit.com%2Fcreditcard_std%2Fweb&TID=2026010615150[39m
[90m  [90mâ”‚[90m 38850693400&ORDERID=&STARTPARAMS=4q3MUdEXw%2Ft4RCqJf7X[39m
[90m  [90mâ”‚[90m l4WkXowucPWDUBlJpu6WO8EGfwQh6UnJNujpOQmjgF1x9QXcWZhyR7[39m
[90m  [90mâ”‚[90m 18maBjqaR8Yt0Kmvd4nj2bPDpsoKRqJUs4mZcBG7aADN0sIbRlo85z[39m
[90m  [90mâ”‚[90m o33QWQYm6JnN7%2F6ixSQr4X4htvUVx8wAGCXuX3bLFya5pQY6u1kD[39m
[90m  [90mâ”‚[90m 24o35Y7x2nWXcKldKNWq1f8OpvJRcpO3dKulGyjs%2F1Wm%2BbU8%2[39m
[90m  [90mâ”‚[90m FGRQ6pvS1pc5Jp7e%2BkvWjxnFXVbBfTdqaiva9ob3BLxYzwbudDBf[39m
[90m  [90mâ”‚[90m OoC80IipMzv0YtpB%2FUvs3DpFC4AeCgYcCmvoV4q8%2FwG9dFQm%2[39m
[90m  [90mâ”‚[90m FxZVHzl%2BFiJmcOg%3D%3D&AMOUNT=301'[90m[39m
[90m[39m[90m  [90mâ”‚[90m [90m'STARTURL(ë””ì½”ë”©):'[90m[37m, [90m[90m'https://ch[39m
[90m  [90mâ”‚[90m eckout.teledit.com/creditcard_std/web'[90m[39m
[90m[39m[90m  â””[39m
[90m[39m[32m  âˆš [39m [90mê²°ê³¼ì½”ë“œ(RETURNCODE) ì •ìƒì¶œë ¥[39m
[32m  âˆš [39m [90mê²°ê³¼ë©”ì‹œì§€(RETURNMSG) ì •ìƒì¶œë ¥[39m
[32m  âˆš [39m [90mì •ê¸°ê²°ì œ ì´ˆê¸°ì¸ì¦ í‘œì¤€í˜ì´ì§€ ì‹œì‘ URL(STARTURL) ì •ìƒì¶œë ¥[39m
[32m  âˆš [39m [90më‹¤ë‚  ê±°ë˜ í‚¤(TID) ì •ìƒì¶œë ¥[39m
[32m  âˆš [39m [90mê°€ë§¹ì  ì£¼ë¬¸ë²ˆí˜¸(ORDERID) ë¹ˆê°’ í™•ì¸[39m
[32m  âˆš [39m [90mìœ„ í‘œì¤€í˜ì´ì§€ ì‹œì‘ URL ì „ì†¡ íŒŒë¼ë¯¸í„°(STARTPARAMS) ì •ìƒì¶œë ¥[39m
[32m  âˆš [39m [90mê²°ì œê¸ˆì•¡(AMOUNT) ì •ìƒì¶œë ¥[39m

â–¡ [0mì´ˆê¸° ì¸ì¦ ê²°ì œ ìš”ì²­[0m
â”” [0mISSUEBILLKEY[0m
[33m  â”Œ[39m
[33m[39m[90m  [33mâ”‚[90m [90m`Using "CryptoJS" is deprecated. Use "require('cr[39m
[90m  [33mâ”‚[90m ypto-js')" instead.`[90m[39m
[90m[39m[33m  â””[39m
[33m[39m  [90mPOST[39m [90mhttps://tx-creditcard.danalpay.com/credit/?CPID=A010037544&DATA=8kvDIwvdID7NWcBMND4uDXHvMUqO25iIdKkD6XH4VkTYfgoBPJqjGpr15Fqq4CCxlzQc11Pn06IJSodR9hnt4%2FgbXDCdFcZ2uADRjw%2Fvh8Q%3D[39m  
  200 OK [90mâ˜…[39m 20ms [90mtime[39m [90mâ˜…[39m 497B[90mâ†‘[39m 306B[90mâ†“[39m [90msize[39m [90mâ˜…[39m 10[90mâ†‘[39m 4[90mâ†“[39m [90mheaders[39m [90mâ˜…[39m 0 [90mcookies[39m
  [37mâ”Œ[39m [37mâ†“[39m text/plain [90mâ˜…[39m text [90mâ˜…[39m plain [90mâ˜…[39m euc-kr [90mâ˜…[39m 173B
[90m  [37mâ”‚[90m DATA=fu6S2rILK1%2FE0lgEyKGQ3as6kEkKer8HBmYwPlLTQPqeWeo[39m
[90m  [37mâ”‚[90m 0taLjoIqY3nt5M9Ain9%2FdSrney5Xk7N8rrXeDatXmX3cBkW8AK%2[39m
[90m  [37mâ”‚[90m Fhur103JCPk%2FgnHIfgkNuxsIeQFSvIfI%2FH1JTi7tWOoc%2BmgT[39m
[90m  [37mâ”‚[90m 3dcXA%3D%3D[39m
[90m[39m[37m  â””[39m
  [37mprepare[39m   [37mwait[39m    [37mdns-lookup[39m   [37mtcp-handshake[39m   [37mssl-handshake[39m   [37mtransfer-start[39m   [37mdownload[39m   [37mprocess[39m   [37mtotal[39m 
  [90m591Âµs[39m     [90m152Âµs[39m   [90m(cache)[39m      [90m(cache)[39m         [90m(cache)[39m         [90m18ms[39m             [90m592Âµs[39m      [90m37Âµs[39m      [90m19ms[39m  

[33m  â”Œ[39m
[33m[39m[90m  [33mâ”‚[90m [90m`Using "CryptoJS" is deprecated. Use "require('cr[39m
[90m  [33mâ”‚[90m ypto-js')" instead.`[90m[39m
[90m[39m[90m  [90mâ”‚[90m [90m'ë³µí˜¸í™” ê²°ê³¼ : '[90m[37m, [90m[90m'RETURNCODE=1104[39m
[90m  [90mâ”‚[90m &RETURNMSG=%C1%B8%C0%E7%C7%CF%C1%F6+%BE%CA%B4%C2+%B0%C[39m
[90m  [90mâ”‚[90m 5%B7%A1+%C0%D4%B4%CF%B4%D9.'[90m[39m
[90m[39m[90m  â””[39m
[90m[39m[32m  âˆš [39m [90mê²°ê³¼ì½”ë“œ(RETURNCODE) : 1104 ì¶œë ¥[39m
[32m  âˆš [39m [90mê²°ê³¼ë©”ì„¸ì§€(RETURNMSG) : ì¡´ì¬í•˜ì§€ ì•ŠëŠ” ê±°ë˜ì…ë‹ˆë‹¤. ì¶œë ¥[39m

â–¡ [0mì‚¼ì„±ì¹´ë“œ[0m
â”” [0mì •ê¸°ê²°ì œ ìš”ì²­ (OTBILL)[0m
[33m  â”Œ[39m
[33m[39m[90m  [33mâ”‚[90m [90m`Using "CryptoJS" is deprecated. Use "require('cr[39m
[90m  [33mâ”‚[90m ypto-js')" instead.`[90m[39m
[90m[39m[33m  â””[39m
[33m[39m  [90mPOST[39m [90mhttps://tx-creditcard.danalpay.com/credit/?CPID=A010037544&DATA=wcpoTy27mkzR%2FoCmuhu%2BEL1VevUN6wQgs96fAg0NJdKChw9Ccm7hXXJcj%2FUGj%2Bb8z5dq8TvydwIj3RXPjUXi4KzQHH0ZG0DZA03Udge2eI0IsrkEsoTSxKLbYyq5iCvbykTt6GhW9hCDbp8fHC1zGJEYvBJNsjEqz2X9zw2JzccrERjqayECmibASVLCFcu3mtMwnyeSqsDkh6Ok0RVNhbkzCgrGZvyWLuE0qblstQgkt2NYUzE21ScHAo%2BsYJOcT3xCtYEislZjbacyD1Wou68o56siY3%2FOkdyV%2FLh5ZjM%3D[39m  
  200 OK [90mâ˜…[39m 1613ms [90mtime[39m [90mâ˜…[39m 699B[90mâ†‘[39m 622B[90mâ†“[39m [90msize[39m [90mâ˜…[39m 10[90mâ†‘[39m 4[90mâ†“[39m [90mheaders[39m [90mâ˜…[39m 0 [90mcookies[39m
  [37mâ”Œ[39m [37mâ†“[39m text/plain [90mâ˜…[39m text [90mâ˜…[39m plain [90mâ˜…[39m euc-kr [90mâ˜…[39m 489B
[90m  [37mâ”‚[90m DATA=bH6El5elON5883LB3RlfF1OF1H8eZTXv49wXL8%2FAVeUOrT2[39m
[90m  [37mâ”‚[90m zbTtZtAh642sVeJ6SinzZOuh%2FIZ8I4udqbGHtBkhgdi%2BMdWuDR[39m
[90m  [37mâ”‚[90m W9eksHgWICEVlzJLxBYnSXHnA3r70aVvuetBROUsyibEmrlWQ6%2Fu[39m
[90m  [37mâ”‚[90m J%2FLQQqe4%2BuML%2BrkBdsfjyaH%2B0BuaLwRuAQ9EvzO9pvul1i[39m
[90m  [37mâ”‚[90m I1g872RzkgXESFqSbOwP94teEHRw%2FKTyJ5BJZ4LzKJeEs%2B5b5L[39m
[90m  [37mâ”‚[90m rRX3n6%2Fk7Aq1UXXNw40sAnl5d%2F2rGZLGZ%2FE0akpmHl86M5tz[39m
[90m  [37mâ”‚[90m EyjNqUDf7T4gEm8mlsuCP6tcY3kQmttLn49KHFHo%2BQqjT7mDS4Ac[39m
[90m  [37mâ”‚[90m 7vLFh5GgGoJv1GdoT78%2F85l8ECi0bbL6SR2%2Bs63cofCXJq1IbG[39m
[90m  [37mâ”‚[90m KWDlcUv0HEKrCPjrMe%2Fs0RvHrDc0wDnx%2Bj76TsBS9bvy3RWani[39m
[90m  [37mâ”‚[90m j9p[39m
[90m[39m[37m  â””[39m
  [37mprepare[39m   [37mwait[39m    [37mdns-lookup[39m   [37mtcp-handshake[39m   [37mssl-handshake[39m   [37mtransfer-start[39m   [37mdownload[39m   [37mprocess[39m   [37mtotal[39m  
  [90m461Âµs[39m     [90m203Âµs[39m   [90m(cache)[39m      [90m(cache)[39m         [90m(cache)[39m         [90m1611ms[39m           [90m857Âµs[39m      [90m31Âµs[39m      [90m1613ms[39m 

[33m  â”Œ[39m
[33m[39m[90m  [33mâ”‚[90m [90m`Using "CryptoJS" is deprecated. Use "require('cr[39m
[90m  [33mâ”‚[90m ypto-js')" instead.`[90m[39m
[90m[39m[90m  [90mâ”‚[90m [90m'ë³µí˜¸í™” ê²°ê³¼ : '[90m[37m, [90m[90m'RETURNCODE=0000[39m
[90m  [90mâ”‚[90m &RETURNMSG=%BC%BA%B0%F8&CARDCODE=0500&USERPHONE=010854[39m
[90m  [90mâ”‚[90m 02697&QUOTA=00&TRANTIME=151505&TRANDATE=20260106&AMOUN[39m
[90m  [90mâ”‚[90m T=301&ITEMNAME=apiautotest&DEPOSIT_AMT=0&TID=202601061[39m
[90m  [90mâ”‚[90m 515042430723400&ORDERID=01234567&CARDNO=512028******72[39m
[90m  [90mâ”‚[90m 94&CARDAUTHNO=43319452&CARDNAME=%BB%EF%BC%BA%C4%AB%B5%[39m
[90m  [90mâ”‚[90m E5&USERNAME=%EA%B9%3F%3F%3F%3F%3F&USERID=hnkim'[90m[39m
[90m[39m[90m  â””[39m
[90m[39m[32m  âˆš [39m [90mê²°ê³¼ì½”ë“œ(RETURNCODE) ì •ìƒì¶œë ¥[39m
[32m  âˆš [39m [90mê²°ê³¼ë©”ì„¸ì§€(RETURNMSG) ì •ìƒì¶œë ¥[39m
[32m  âˆš [39m [90mì¹´ë“œì‚¬ ì½”ë“œ(CARDCODE ì •ìƒì¶œë ¥[39m
[32m  âˆš [39m [90mêµ¬ë§¤ì ì „í™”ë²ˆí˜¸(USERPHONE) ë¹ˆê°’ í™•ì¸[39m
[32m  âˆš [39m [90mí• ë¶€ ê°œì›” ìˆ˜(QUOTA) ì •ìƒì¶œë ¥[39m
[32m  âˆš [39m [90më§¤ì¶œ ë°œìƒì‹œê°„(TRANTIME) Â±5ì´ˆ ì´ë‚´ ê²€ì¦[39m
[32m  âˆš [39m [90më§¤ì¶œ ë°œìƒì¼ì(TRANDATE) ì •ìƒì¶œë ¥[39m
[32m  âˆš [39m [90mìŠ¹ì¸ê¸ˆì•¡(AMOUNT) ì •ìƒì¶œë ¥[39m
[32m  âˆš [39m [90mìƒí’ˆëª…(ITEMNAME) ì •ìƒì¶œë ¥[39m
[32m  âˆš [39m [90mì»µ ë³´ì¦ê¸ˆ(DEPOSIT_AMT) ì •ìƒì¶œë ¥[39m
[32m  âˆš [39m [90më‹¤ë‚  ê±°ë˜ í‚¤(TID) ì •ìƒì¶œë ¥[39m
[32m  âˆš [39m [90mê°€ë§¹ì  ì£¼ë¬¸ë²ˆí˜¸(ORDERID) ë¹ˆê°’ í™•ì¸[39m
[32m  âˆš [39m [90mì¹´ë“œë²ˆí˜¸(CARDNO) ì •ìƒì¶œë ¥[39m
[32m  âˆš [39m [90mê±°ë˜ ìŠ¹ì¸ ë²ˆí˜¸(CARDAUTHNO) ì •ìƒì¶œë ¥[39m
[32m  âˆš [39m [90mì¹´ë“œì‚¬ ëª…(CARDNAME) ì •ìƒì¶œë ¥[39m
[32m  âˆš [39m [90mêµ¬ë§¤ì ì´ë¦„(USERNAME) ì •ìƒì¶œë ¥[39m
[32m  âˆš [39m [90mêµ¬ë§¤ì ID(USERID) ì •ìƒì¶œë ¥[39m

â”” [0mì¹´ë“œ ìŠ¹ì¸ ì·¨ì†Œ (BILLCANCEL)[0m
[33m  â”Œ[39m
[33m[39m[90m  [33mâ”‚[90m [90m`Using "CryptoJS" is deprecated. Use "require('cr[39m
[90m  [33mâ”‚[90m ypto-js')" instead.`[90m[39m
[90m[39m[33m  â””[39m
[33m[39m  [90mPOST[39m [90mhttps://tx-creditcard.danalpay.com/credit/?CPID=A010037544&DATA=8kvDIwvdID7NWcBMND4uDZaCbzCumg5%2FD%2BsHoVGgUHlh8ytqWk959%2FvM%2F0zzgKlNC8%2BLV72zSQPOuzzSTPpCtDM0C%2FUF7lg8HlUP0VsDkoZZhZUTaJOCLWY69fU7Z%2FDn[39m  
  200 OK [90mâ˜…[39m 1404ms [90mtime[39m [90mâ˜…[39m 461B[90mâ†‘[39m 388B[90mâ†“[39m [90msize[39m [90mâ˜…[39m 9[90mâ†‘[39m 4[90mâ†“[39m [90mheaders[39m [90mâ˜…[39m 0 [90mcookies[39m
  [37mâ”Œ[39m [37mâ†“[39m text/plain [90mâ˜…[39m text [90mâ˜…[39m plain [90mâ˜…[39m euc-kr [90mâ˜…[39m 255B
[90m  [37mâ”‚[90m DATA=bH6El5elON5883LB3RlfF1OF1H8eZTXv49wXL8%2FAVeVzhHU[39m
[90m  [37mâ”‚[90m 5sdes40grvKmzi%2BrXHyfSJF3OOBNPKXUfskyl6iPphXmCOrLM1YT[39m
[90m  [37mâ”‚[90m ajFrTSgkQawkB60gIj8dj8AZK4SfuJeYcnFbw0dowppiyJBwleExvm[39m
[90m  [37mâ”‚[90m NWgcNk7qlr%2BIempoPzIqp6W%2BKl8kSns%2F%2BK4KDmaCr5qHRY[39m
[90m  [37mâ”‚[90m 8SV5Dblq6169x7ZMg0CrGd2bH2l4rXZcV86Q%3D[39m
[90m[39m[37m  â””[39m
  [37mprepare[39m   [37mwait[39m    [37mdns-lookup[39m   [37mtcp-handshake[39m   [37mssl-handshake[39m   [37mtransfer-start[39m   [37mdownload[39m   [37mprocess[39m   [37mtotal[39m  
  [90m541Âµs[39m     [90m158Âµs[39m   [90m(cache)[39m      [90m(cache)[39m         [90m(cache)[39m         [90m1402ms[39m           [90m754Âµs[39m      [90m30Âµs[39m      [90m1403ms[39m 

[33m  â”Œ[39m
[33m[39m[90m  [33mâ”‚[90m [90m`Using "CryptoJS" is deprecated. Use "require('cr[39m
[90m  [33mâ”‚[90m ypto-js')" instead.`[90m[39m
[90m[39m[90m  [90mâ”‚[90m [90m'ë³µí˜¸í™” ê²°ê³¼ : '[90m[37m, [90m[90m'RETURNCODE=0000[39m
[90m  [90mâ”‚[90m &RETURNMSG=%BC%BA%B0%F8&BALANCE=0&O_TID=20260106151504[39m
[90m  [90mâ”‚[90m 2430723400&TID=202601061515060190773400&TRANTIME=15150[39m
[90m  [90mâ”‚[90m 5&TRANDATE=20260106&AMOUNT=301&DEPOSIT_AMT=0'[90m[39m
[90m[39m[90m  â””[39m
[90m[39m[32m  âˆš [39m [90mê²°ê³¼ì½”ë“œ(RETURNCODE) ì •ìƒì¶œë ¥[39m
[32m  âˆš [39m [90mê²°ê³¼ë©”ì„¸ì§€(RETURNMSG) ì •ìƒì¶œë ¥[39m
[32m  âˆš [39m [90mì·¨ì†Œ í›„ ì”ì•¡(BALANCE) ì •ìƒì¶œë ¥[39m
[32m  âˆš [39m [90më‹¤ë‚  ì› ê±°ë˜ í‚¤(O_TID) ì •ìƒì¶œë ¥[39m
[32m  âˆš [39m [90më‹¤ë‚  ê±°ë˜ í‚¤(TID) ì •ìƒì¶œë ¥[39m
[32m  âˆš [39m [90mìŠ¹ì¸ ë°œìƒì‹œê°„(TRANTIME) ì •ìƒì¶œë ¥[39m
[32m  âˆš [39m [90mìŠ¹ì¸ ë°œìƒì¼ì(TRANDATE)[39m
[32m  âˆš [39m [90mìŠ¹ì¸ ì·¨ì†Œ ê¸ˆì•¡(AMOUNT) ì •ìƒì¶œë ¥[39m
[32m  âˆš [39m [90mì»µ ë³´ì¦ê¸ˆ(DEPOSIT_AMT) ì •ìƒì¶œë ¥[39m

â–¡ [0mí˜„ëŒ€ì¹´ë“œ[0m
â”” [0mì •ê¸°ê²°ì œ ìš”ì²­ (OTBILL)[0m
[33m  â”Œ[39m
[33m[39m[90m  [33mâ”‚[90m [90m`Using "CryptoJS" is deprecated. Use "require('cr[39m
[90m  [33mâ”‚[90m ypto-js')" instead.`[90m[39m
[90m[39m[33m  â””[39m
[33m[39m  [90mPOST[39m [90mhttps://tx-creditcard.danalpay.com/credit/?CPID=A010037544&DATA=wcpoTy27mkzR%2FoCmuhu%2BEL1VevUN6wQgs96fAg0NJdKChw9Ccm7hXXJcj%2FUGj%2Bb8z5dq8TvydwIj3RXPjUXi4KzQHH0ZG0DZA03Udge2eI0IsrkEsoTSxKLbYyq5iCvbykTt6GhW9hCDbp8fHC1zGJEYvBJNsjEqz2X9zw2JzceacjSE9wkZ8OEcuyhqS4aTCOgYJsVDSvmkj%2FNDn1RD1w%3D%3D[39m  
  200 OK [90mâ˜…[39m 1323ms [90mtime[39m [90mâ˜…[39m 549B[90mâ†‘[39m 562B[90mâ†“[39m [90msize[39m [90mâ˜…[39m 9[90mâ†‘[39m 4[90mâ†“[39m [90mheaders[39m [90mâ˜…[39m 0 [90mcookies[39m
  [37mâ”Œ[39m [37mâ†“[39m text/plain [90mâ˜…[39m text [90mâ˜…[39m plain [90mâ˜…[39m euc-kr [90mâ˜…[39m 429B
[90m  [37mâ”‚[90m DATA=bH6El5elON5883LB3RlfF1OF1H8eZTXv49wXL8%2FAVeUOrT2[39m
[90m  [37mâ”‚[90m zbTtZtAh642sVeJ6S5FXThRFDGzadCfRKoaJkk27Nama6Wo84QdTlk[39m
[90m  [37mâ”‚[90m StjccrGC77OPZ6Lhy4IiJIYYn1KEnTLZmeBKOBHNi8SNqq%2B1hG6G[39m
[90m  [37mâ”‚[90m aI8ODXVPZ41CRjGMYdZNDvBkIBZADRfJymLH0ZoF8aukHPtaXyNHGc[39m
[90m  [37mâ”‚[90m BOsiPDrxd0Ulw3DufOX5BOzkAC0JKVcpPAfO85TpyXXORezelOhDeq[39m
[90m  [37mâ”‚[90m 4D%2BFpMEG4C4H7YuQZfgjMZ8fjIVkGwGrRLFu%2FUPKvQaEa5zuL6[39m
[90m  [37mâ”‚[90m o1aMnEvcryj2qa%2BhxgxAoiWwRPitatDScm5mWz5Jp9liKwh%2FeT[39m
[90m  [37mâ”‚[90m keYfj0Lao8ucpMxmTjCEcj5Xewalp0X8uSUQUNNnIrU4Q%3D%3D[39m
[90m[39m[37m  â””[39m
  [37mprepare[39m   [37mwait[39m    [37mdns-lookup[39m   [37mtcp-handshake[39m   [37mssl-handshake[39m   [37mtransfer-start[39m   [37mdownload[39m   [37mprocess[39m   [37mtotal[39m  
  [90m586Âµs[39m     [90m239Âµs[39m   [90m(cache)[39m      [90m(cache)[39m         [90m(cache)[39m         [90m1321ms[39m           [90m562Âµs[39m      [90m27Âµs[39m      [90m1322ms[39m 

[33m  â”Œ[39m
[33m[39m[90m  [33mâ”‚[90m [90m`Using "CryptoJS" is deprecated. Use "require('cr[39m
[90m  [33mâ”‚[90m ypto-js')" instead.`[90m[39m
[90m[39m[90m  [90mâ”‚[90m [90m'ë³µí˜¸í™” ê²°ê³¼ : '[90m[37m, [90m[90m'RETURNCODE=0000[39m
[90m  [90mâ”‚[90m &RETURNMSG=%BC%BA%B0%F8&CARDCODE=0400&USERPHONE=&QUOTA[39m
[90m  [90mâ”‚[90m =00&TRANTIME=151508&TRANDATE=20260106&AMOUNT=301&ITEMN[39m
[90m  [90mâ”‚[90m AME=apiautotest&DEPOSIT_AMT=0&TID=20260106151507578081[39m
[90m  [90mâ”‚[90m 3400&ORDERID=&CARDNO=403293******4003&CARDAUTHNO=00510[39m
[90m  [90mâ”‚[90m 696&CARDNAME=%C7%F6%B4%EB%C4%AB%B5%E5&USERNAME=&USERID[39m
[90m  [90mâ”‚[90m =hnkim'[90m[39m
[90m[39m[90m  â””[39m
[90m[39m[32m  âˆš [39m [90mê²°ê³¼ì½”ë“œ(RETURNCODE) ì •ìƒì¶œë ¥[39m
[32m  âˆš [39m [90mê²°ê³¼ë©”ì„¸ì§€(RETURNMSG) ì •ìƒì¶œë ¥[39m
[32m  âˆš [39m [90mì¹´ë“œì‚¬ ì½”ë“œ(CARDCODE ì •ìƒì¶œë ¥[39m
[32m  âˆš [39m [90mêµ¬ë§¤ì ì „í™”ë²ˆí˜¸(USERPHONE) ë¹ˆê°’ í™•ì¸[39m
[32m  âˆš [39m [90mí• ë¶€ ê°œì›” ìˆ˜(QUOTA) ì •ìƒì¶œë ¥[39m
[32m  âˆš [39m [90më§¤ì¶œ ë°œìƒì‹œê°„(TRANTIME) Â±5ì´ˆ ì´ë‚´ ê²€ì¦[39m
[32m  âˆš [39m [90më§¤ì¶œ ë°œìƒì¼ì(TRANDATE) ì •ìƒì¶œë ¥[39m
[32m  âˆš [39m [90mìŠ¹ì¸ê¸ˆì•¡(AMOUNT) ì •ìƒì¶œë ¥[39m
[32m  âˆš [39m [90mìƒí’ˆëª…(ITEMNAME) ì •ìƒì¶œë ¥[39m
[32m  âˆš [39m [90mì»µ ë³´ì¦ê¸ˆ(DEPOSIT_AMT) ì •ìƒì¶œë ¥[39m
[32m  âˆš [39m [90më‹¤ë‚  ê±°ë˜ í‚¤(TID) ì •ìƒì¶œë ¥[39m
[32m  âˆš [39m [90mê°€ë§¹ì  ì£¼ë¬¸ë²ˆí˜¸(ORDERID) ë¹ˆê°’ í™•ì¸[39m
[32m  âˆš [39m [90mì¹´ë“œë²ˆí˜¸(CARDNO) ì •ìƒì¶œë ¥[39m
[32m  âˆš [39m [90mê±°ë˜ ìŠ¹ì¸ ë²ˆí˜¸(CARDAUTHNO) ì •ìƒì¶œë ¥[39m
[32m  âˆš [39m [90mì¹´ë“œì‚¬ ëª…(CARDNAME) ì •ìƒì¶œë ¥[39m
[32m  âˆš [39m [90mêµ¬ë§¤ì ì´ë¦„(USERNAME) ì •ìƒì¶œë ¥[39m
[32m  âˆš [39m [90mêµ¬ë§¤ì ID(USERID) ì •ìƒì¶œë ¥[39m

â”” [0mì¹´ë“œ ìŠ¹ì¸ ì·¨ì†Œ (BILLCANCEL)[0m
[33m  â”Œ[39m
[33m[39m[90m  [33mâ”‚[90m [90m`Using "CryptoJS" is deprecated. Use "require('cr[39m
[90m  [33mâ”‚[90m ypto-js')" instead.`[90m[39m
[90m[39m[33m  â””[39m
[33m[39m  [90mPOST[39m [90mhttps://tx-creditcard.danalpay.com/credit/?CPID=A010037544&DATA=8kvDIwvdID7NWcBMND4uDXPJYVjkNmNecQc2iclf3wqlyQNs7SidG44ILrqhYC9lBFHK8uOpdCgY%2BNU9cC6PqRjXyuN4EBFtS884oPsWOie71jgZ0yAS%2B2K6nCFY1sfj[39m  
  200 OK [90mâ˜…[39m 1322ms [90mtime[39m [90mâ˜…[39m 451B[90mâ†‘[39m 386B[90mâ†“[39m [90msize[39m [90mâ˜…[39m 9[90mâ†‘[39m 4[90mâ†“[39m [90mheaders[39m [90mâ˜…[39m 0 [90mcookies[39m
  [37mâ”Œ[39m [37mâ†“[39m text/plain [90mâ˜…[39m text [90mâ˜…[39m plain [90mâ˜…[39m euc-kr [90mâ˜…[39m 253B
[90m  [37mâ”‚[90m DATA=bH6El5elON5883LB3RlfF1OF1H8eZTXv49wXL8%2FAVeVzhHU[39m
[90m  [37mâ”‚[90m 5sdes40grvKmzi%2BrXHyfSJF3OOBNPKXUfskyl6vtKAM2Tse2ywOu[39m
[90m  [37mâ”‚[90m E9j7ZccoqIS9LI1ObxFMBg0648KultIvc1mmBLvBnWArLxQsUvN7pu[39m
[90m  [37mâ”‚[90m t8DQGaia%2FmY%2F60r3zWJPaP8u0l5wwMLBqw2S%2B1GiDIgePCCr[39m
[90m  [37mâ”‚[90m 9nm8DBUOTWadhxKyQKU09wUITjTFu5jgGI%3D[39m
[90m[39m[37m  â””[39m
  [37mprepare[39m   [37mwait[39m    [37mdns-lookup[39m   [37mtcp-handshake[39m   [37mssl-handshake[39m   [37mtransfer-start[39m   [37mdownload[39m   [37mprocess[39m   [37mtotal[39m  
  [90m495Âµs[39m     [90m156Âµs[39m   [90m(cache)[39m      [90m(cache)[39m         [90m(cache)[39m         [90m1320ms[39m           [90m646Âµs[39m      [90m23Âµs[39m      [90m1321ms[39m 

[33m  â”Œ[39m
[33m[39m[90m  [33mâ”‚[90m [90m`Using "CryptoJS" is deprecated. Use "require('cr[39m
[90m  [33mâ”‚[90m ypto-js')" instead.`[90m[39m
[90m[39m[90m  [90mâ”‚[90m [90m'ë³µí˜¸í™” ê²°ê³¼ : '[90m[37m, [90m[90m'RETURNCODE=0000[39m
[90m  [90mâ”‚[90m &RETURNMSG=%BC%BA%B0%F8&BALANCE=0&O_TID=20260106151507[39m
[90m  [90mâ”‚[90m 5780813400&TID=202601061515090750923400&TRANTIME=15150[39m
[90m  [90mâ”‚[90m 8&TRANDATE=20260106&AMOUNT=301&DEPOSIT_AMT=0'[90m[39m
[90m[39m[90m  â””[39m
[90m[39m[32m  âˆš [39m [90mê²°ê³¼ì½”ë“œ(RETURNCODE) ì •ìƒì¶œë ¥[39m
[32m  âˆš [39m [90mê²°ê³¼ë©”ì„¸ì§€(RETURNMSG) ì •ìƒì¶œë ¥[39m
[32m  âˆš [39m [90mì·¨ì†Œ í›„ ì”ì•¡(BALANCE) ì •ìƒì¶œë ¥[39m
[32m  âˆš [39m [90më‹¤ë‚  ì› ê±°ë˜ í‚¤(O_TID) ì •ìƒì¶œë ¥[39m
[32m  âˆš [39m [90më‹¤ë‚  ê±°ë˜ í‚¤(TID) ì •ìƒì¶œë ¥[39m
[32m  âˆš [39m [90mìŠ¹ì¸ ë°œìƒì‹œê°„(TRANTIME) ì •ìƒì¶œë ¥[39m
[32m  âˆš [39m [90mìŠ¹ì¸ ë°œìƒì¼ì(TRANDATE)[39m
[32m  âˆš [39m [90mìŠ¹ì¸ ì·¨ì†Œ ê¸ˆì•¡(AMOUNT) ì •ìƒì¶œë ¥[39m
[32m  âˆš [39m [90mì»µ ë³´ì¦ê¸ˆ(DEPOSIT_AMT) ì •ìƒì¶œë ¥[39m

â–¡ [0mì‹ í•œì¹´ë“œ[0m
â”” [0mì •ê¸°ê²°ì œ ìš”ì²­ (OTBILL)[0m
[33m  â”Œ[39m
[33m[39m[90m  [33mâ”‚[90m [90m`Using "CryptoJS" is deprecated. Use "require('cr[39m
[90m  [33mâ”‚[90m ypto-js')" instead.`[90m[39m
[90m[39m[33m  â””[39m
[33m[39m  [90mPOST[39m [90mhttps://tx-creditcard.danalpay.com/credit/?CPID=A010037544&DATA=wcpoTy27mkzR%2FoCmuhu%2BEL1VevUN6wQgs96fAg0NJdKChw9Ccm7hXXJcj%2FUGj%2Bb8z5dq8TvydwIj3RXPjUXi4KzQHH0ZG0DZA03Udge2eI0IsrkEsoTSxKLbYyq5iCvbykTt6GhW9hCDbp8fHC1zGJEYvBJNsjEqz2X9zw2JzcfXTTxRRh%2BjuC1%2BxTb3aJM2weIs3zf7UG56%2FZflpkMYeg%3D%3D[39m  
  200 OK [90mâ˜…[39m 1465ms [90mtime[39m [90mâ˜…[39m 553B[90mâ†‘[39m 568B[90mâ†“[39m [90msize[39m [90mâ˜…[39m 9[90mâ†‘[39m 4[90mâ†“[39m [90mheaders[39m [90mâ˜…[39m 0 [90mcookies[39m
  [37mâ”Œ[39m [37mâ†“[39m text/plain [90mâ˜…[39m text [90mâ˜…[39m plain [90mâ˜…[39m euc-kr [90mâ˜…[39m 435B
[90m  [37mâ”‚[90m DATA=bH6El5elON5883LB3RlfF1OF1H8eZTXv49wXL8%2FAVeUOrT2[39m
[90m  [37mâ”‚[90m zbTtZtAh642sVeJ6SFDScsYvg4YcySL%2B5NLVNtgajIlwiSgIYcRP[39m
[90m  [37mâ”‚[90m %2BZ35Q592DFgFEpHizAi9whuK5CMrYANI33UUsfNpIuaGw32l3fWN[39m
[90m  [37mâ”‚[90m RrvgSQV5oOCUgZj3nr9oHpiQJjok1Cs4H%2FwJCIHORjrb9q4pWit%[39m
[90m  [37mâ”‚[90m 2BS66ZaO8SZ9%2BjbQ0Da89JKyHgudaOpKrMk4p1o3Nvk2tPJCvHol[39m
[90m  [37mâ”‚[90m rZ7Qte%2Bls6D5cuzIG6KCLWY2j7%2BLAyh4tqN2J5yMDHsXpA81qz[39m
[90m  [37mâ”‚[90m NuO7gTdN5MnZmbUE32xcqTmQz1tOBJvhcGSk5IPg5hmXTmdLt6VN8X[39m
[90m  [37mâ”‚[90m iCzP2ov7yklh6560%2BfwExFtaf6cfl2rDD2HY1r6wQtNghhIEQ%3D[39m
[90m  [37mâ”‚[90m %3D[39m
[90m[39m[37m  â””[39m
  [37mprepare[39m   [37mwait[39m    [37mdns-lookup[39m   [37mtcp-handshake[39m   [37mssl-handshake[39m   [37mtransfer-start[39m   [37mdownload[39m   [37mprocess[39m   [37mtotal[39m  
  [90m560Âµs[39m     [90m153Âµs[39m   [90m(cache)[39m      [90m(cache)[39m         [90m(cache)[39m         [90m1463ms[39m           [90m912Âµs[39m      [90m34Âµs[39m      [90m1464ms[39m 

[33m  â”Œ[39m
[33m[39m[90m  [33mâ”‚[90m [90m`Using "CryptoJS" is deprecated. Use "require('cr[39m
[90m  [33mâ”‚[90m ypto-js')" instead.`[90m[39m
[90m[39m[90m  [90mâ”‚[90m [90m'ë³µí˜¸í™” ê²°ê³¼ : '[90m[37m, [90m[90m'RETURNCODE=0000[39m
[90m  [90mâ”‚[90m &RETURNMSG=%BC%BA%B0%F8&CARDCODE=0100&USERPHONE=&QUOTA[39m
[90m  [90mâ”‚[90m =00&TRANTIME=151511&TRANDATE=20260106&AMOUNT=301&ITEMN[39m
[90m  [90mâ”‚[90m AME=apiautotest&DEPOSIT_AMT=0&TID=20260106151510536097[39m
[90m  [90mâ”‚[90m 3400&ORDERID=&CARDNO=451842******5446&CARDAUTHNO=44635[39m
[90m  [90mâ”‚[90m 874&CARDNAME=%BD%C5%C7%D1%C4%AB%B5%E5&USERNAME=&USERID[39m
[90m  [90mâ”‚[90m =hnkim'[90m[39m
[90m[39m[90m  â””[39m
[90m[39m[32m  âˆš [39m [90mê²°ê³¼ì½”ë“œ(RETURNCODE) ì •ìƒì¶œë ¥[39m
[32m  âˆš [39m [90mê²°ê³¼ë©”ì„¸ì§€(RETURNMSG) ì •ìƒì¶œë ¥[39m
[32m  âˆš [39m [90mì¹´ë“œì‚¬ ì½”ë“œ(CARDCODE ì •ìƒì¶œë ¥[39m
[32m  âˆš [39m [90mêµ¬ë§¤ì ì „í™”ë²ˆí˜¸(USERPHONE) ë¹ˆê°’ í™•ì¸[39m
[32m  âˆš [39m [90mí• ë¶€ ê°œì›” ìˆ˜(QUOTA) ì •ìƒì¶œë ¥[39m
[32m  âˆš [39m [90më§¤ì¶œ ë°œìƒì‹œê°„(TRANTIME) Â±5ì´ˆ ì´ë‚´ ê²€ì¦[39m
[32m  âˆš [39m [90më§¤ì¶œ ë°œìƒì¼ì(TRANDATE) ì •ìƒì¶œë ¥[39m
[32m  âˆš [39m [90mìŠ¹ì¸ê¸ˆì•¡(AMOUNT) ì •ìƒì¶œë ¥[39m
[32m  âˆš [39m [90mìƒí’ˆëª…(ITEMNAME) ì •ìƒì¶œë ¥[39m
[32m  âˆš [39m [90mì»µ ë³´ì¦ê¸ˆ(DEPOSIT_AMT) ì •ìƒì¶œë ¥[39m
[32m  âˆš [39m [90më‹¤ë‚  ê±°ë˜ í‚¤(TID) ì •ìƒì¶œë ¥[39m
[32m  âˆš [39m [90mê°€ë§¹ì  ì£¼ë¬¸ë²ˆí˜¸(ORDERID) ë¹ˆê°’ í™•ì¸[39m
[32m  âˆš [39m [90mì¹´ë“œë²ˆí˜¸(CARDNO) ì •ìƒì¶œë ¥[39m
[32m  âˆš [39m [90mê±°ë˜ ìŠ¹ì¸ ë²ˆí˜¸(CARDAUTHNO) ì •ìƒì¶œë ¥[39m
[32m  âˆš [39m [90mì¹´ë“œì‚¬ ëª…(CARDNAME) ì •ìƒì¶œë ¥[39m
[32m  âˆš [39m [90mêµ¬ë§¤ì ì´ë¦„(USERNAME) ì •ìƒì¶œë ¥[39m
[32m  âˆš [39m [90mêµ¬ë§¤ì ID(USERID) ì •ìƒì¶œë ¥[39m

â”” [0mì¹´ë“œ ìŠ¹ì¸ ì·¨ì†Œ (BILLCANCEL)[0m
[33m  â”Œ[39m
[33m[39m[90m  [33mâ”‚[90m [90m`Using "CryptoJS" is deprecated. Use "require('cr[39m
[90m  [33mâ”‚[90m ypto-js')" instead.`[90m[39m
[90m[39m[33m  â””[39m
[33m[39m  [90mPOST[39m [90mhttps://tx-creditcard.danalpay.com/credit/?CPID=A010037544&DATA=8kvDIwvdID7NWcBMND4uDRtIQAGP7S4LHrI4%2Fxadf1XUNffaUnMYSiMHMaZEIzkvj08YmsOVXz1CVxdtyddpZee5BNiGThznzK8N%2BXpvVuftx1Tus7kNPI14%2Fb1mB7jy[39m  
  200 OK [90mâ˜…[39m 1438ms [90mtime[39m [90mâ˜…[39m 453B[90mâ†‘[39m 386B[90mâ†“[39m [90msize[39m [90mâ˜…[39m 9[90mâ†‘[39m 4[90mâ†“[39m [90mheaders[39m [90mâ˜…[39m 0 [90mcookies[39m
  [37mâ”Œ[39m [37mâ†“[39m text/plain [90mâ˜…[39m text [90mâ˜…[39m plain [90mâ˜…[39m euc-kr [90mâ˜…[39m 253B
[90m  [37mâ”‚[90m DATA=bH6El5elON5883LB3RlfF1OF1H8eZTXv49wXL8%2FAVeVzhHU[39m
[90m  [37mâ”‚[90m 5sdes40grvKmzi%2BrXHyfSJF3OOBNPKXUfskyl6nt2jtRgPhn7f0z[39m
[90m  [37mâ”‚[90m w%2Bjcf1H0u6iL6txBaIXoeUJygOv7dRdNrg5uDvPtCuhG22jyi2uA[39m
[90m  [37mâ”‚[90m NvbLtxr6ADJgz9GldLlQu5xNE%2FMkRjh0gd6Tpl49us4m6jBiTVnh[39m
[90m  [37mâ”‚[90m X%2FQz9L8BgTRWGg7bkp8UK2L5sYqyz3TA%3D[39m
[90m[39m[37m  â””[39m
  [37mprepare[39m   [37mwait[39m    [37mdns-lookup[39m   [37mtcp-handshake[39m   [37mssl-handshake[39m   [37mtransfer-start[39m   [37mdownload[39m   [37mprocess[39m   [37mtotal[39m  
  [90m596Âµs[39m     [90m205Âµs[39m   [90m(cache)[39m      [90m(cache)[39m         [90m(cache)[39m         [90m1436ms[39m           [90m1ms[39m        [90m57Âµs[39m      [90m1438ms[39m 

[33m  â”Œ[39m
[33m[39m[90m  [33mâ”‚[90m [90m`Using "CryptoJS" is deprecated. Use "require('cr[39m
[90m  [33mâ”‚[90m ypto-js')" instead.`[90m[39m
[90m[39m[90m  [90mâ”‚[90m [90m'ë³µí˜¸í™” ê²°ê³¼ : '[90m[37m, [90m[90m'RETURNCODE=0000[39m
[90m  [90mâ”‚[90m &RETURNMSG=%BC%BA%B0%F8&BALANCE=0&O_TID=20260106151510[39m
[90m  [90mâ”‚[90m 5360973400&TID=202601061515121401023400&TRANTIME=15151[39m
[90m  [90mâ”‚[90m 1&TRANDATE=20260106&AMOUNT=301&DEPOSIT_AMT=0'[90m[39m
[90m[39m[90m  â””[39m
[90m[39m[32m  âˆš [39m [90mê²°ê³¼ì½”ë“œ(RETURNCODE) ì •ìƒì¶œë ¥[39m
[32m  âˆš [39m [90mê²°ê³¼ë©”ì„¸ì§€(RETURNMSG) ì •ìƒì¶œë ¥[39m
[32m  âˆš [39m [90mì·¨ì†Œ í›„ ì”ì•¡(BALANCE) ì •ìƒì¶œë ¥[39m
[32m  âˆš [39m [90më‹¤ë‚  ì› ê±°ë˜ í‚¤(O_TID) ì •ìƒì¶œë ¥[39m
[32m  âˆš [39m [90më‹¤ë‚  ê±°ë˜ í‚¤(TID) ì •ìƒì¶œë ¥[39m
[32m  âˆš [39m [90mìŠ¹ì¸ ë°œìƒì‹œê°„(TRANTIME) ì •ìƒì¶œë ¥[39m
[32m  âˆš [39m [90mìŠ¹ì¸ ë°œìƒì¼ì(TRANDATE)[39m
[32m  âˆš [39m [90mìŠ¹ì¸ ì·¨ì†Œ ê¸ˆì•¡(AMOUNT) ì •ìƒì¶œë ¥[39m
[32m  âˆš [39m [90mì»µ ë³´ì¦ê¸ˆ(DEPOSIT_AMT) ì •ìƒì¶œë ¥[39m

â–¡ [0më†í˜‘ì¹´ë“œ[0m
â”” [0mì •ê¸°ê²°ì œ ìš”ì²­ (OTBILL)[0m
[33m  â”Œ[39m
[33m[39m[90m  [33mâ”‚[90m [90m`Using "CryptoJS" is deprecated. Use "require('cr[39m
[90m  [33mâ”‚[90m ypto-js')" instead.`[90m[39m
[90m[39m[33m  â””[39m
[33m[39m  [90mPOST[39m [90mhttps://tx-creditcard.danalpay.com/credit/?CPID=A010037544&DATA=wcpoTy27mkzR%2FoCmuhu%2BEL1VevUN6wQgs96fAg0NJdKChw9Ccm7hXXJcj%2FUGj%2Bb8z5dq8TvydwIj3RXPjUXi4KzQHH0ZG0DZA03Udge2eI0IsrkEsoTSxKLbYyq5iCvbykTt6GhW9hCDbp8fHC1zGJEYvBJNsjEqz2X9zw2JzcfqMk1YAIjfTKOzEfoXN7bENBxmDICbQksXQP2fAKPCnw%3D%3D[39m  
  200 OK [90mâ˜…[39m 2s [90mtime[39m [90mâ˜…[39m 547B[90mâ†‘[39m 576B[90mâ†“[39m [90msize[39m [90mâ˜…[39m 9[90mâ†‘[39m 4[90mâ†“[39m [90mheaders[39m [90mâ˜…[39m 0 [90mcookies[39m
  [37mâ”Œ[39m [37mâ†“[39m text/plain [90mâ˜…[39m text [90mâ˜…[39m plain [90mâ˜…[39m euc-kr [90mâ˜…[39m 443B
[90m  [37mâ”‚[90m DATA=bH6El5elON5883LB3RlfF1OF1H8eZTXv49wXL8%2FAVeUOrT2[39m
[90m  [37mâ”‚[90m zbTtZtAh642sVeJ6ScL28iAqB5BoFjukygA67mUC2F05DBPFFDzRQv[39m
[90m  [37mâ”‚[90m E%2FTqj%2Bs%2F4uyMLa2SoVRDrfexQOC0Dr9qSy1E06pyGi%2F%2F[39m
[90m  [37mâ”‚[90m GSy3fKd%2BoOeMa2bTFzMvsq3vGlHcDbIDLXvDM1Oz6LLG3efiOhCO[39m
[90m  [37mâ”‚[90m 2K0WS9y3QTEKKF4AtBPuLUfuXxPP8ADnOz3a0Jy1KdG%2B7KixXyML[39m
[90m  [37mâ”‚[90m 4agCOfX%2B8MinvCVouumWdrUsagxWTqL9LfKYUVMHUktklzhIIpvo[39m
[90m  [37mâ”‚[90m yoE3lpS2R%2Bl8lsJcqv%2FMhGGRpwE9QYku9cRuE4VfiPNnnXAGSs[39m
[90m  [37mâ”‚[90m PsLEoVhNxtXXpkZpivsqYm9tXcHWoPr%2B8SfsKYbGyPlIeAs4%2FF[39m
[90m  [37mâ”‚[90m mE2yQ%3D%3D[39m
[90m[39m[37m  â””[39m
  [37mprepare[39m   [37mwait[39m    [37mdns-lookup[39m   [37mtcp-handshake[39m   [37mssl-handshake[39m   [37mtransfer-start[39m   [37mdownload[39m   [37mprocess[39m   [37mtotal[39m 
  [90m542Âµs[39m     [90m433Âµs[39m   [90m(cache)[39m      [90m(cache)[39m         [90m(cache)[39m         [90m2s[39m               [90m786Âµs[39m      [90m63Âµs[39m      [90m2s[39m    

[33m  â”Œ[39m
[33m[39m[90m  [33mâ”‚[90m [90m`Using "CryptoJS" is deprecated. Use "require('cr[39m
[90m  [33mâ”‚[90m ypto-js')" instead.`[90m[39m
[90m[39m[90m  [90mâ”‚[90m [90m'ë³µí˜¸í™” ê²°ê³¼ : '[90m[37m, [90m[90m'RETURNCODE=0000[39m
[90m  [90mâ”‚[90m &RETURNMSG=%BC%BA%B0%F8&CARDCODE=0800&USERPHONE=&QUOTA[39m
[90m  [90mâ”‚[90m =00&TRANTIME=151515&TRANDATE=20260106&AMOUNT=301&ITEMN[39m
[90m  [90mâ”‚[90m AME=apiautotest&DEPOSIT_AMT=0&TID=20260106151513742106[39m
[90m  [90mâ”‚[90m 3400&ORDERID=&CARDNO=542586******3820&CARDAUTHNO=50688[39m
[90m  [90mâ”‚[90m 113&CARDNAME=NH%B3%F3%C7%F9%C4%AB%B5%E5&USERNAME=&USER[39m
[90m  [90mâ”‚[90m ID=hnkim'[90m[39m
[90m[39m[90m  â””[39m
[90m[39m[32m  âˆš [39m [90mê²°ê³¼ì½”ë“œ(RETURNCODE) ì •ìƒì¶œë ¥[39m
[32m  âˆš [39m [90mê²°ê³¼ë©”ì„¸ì§€(RETURNMSG) ì •ìƒì¶œë ¥[39m
[32m  âˆš [39m [90mì¹´ë“œì‚¬ ì½”ë“œ(CARDCODE ì •ìƒì¶œë ¥[39m
[32m  âˆš [39m [90mêµ¬ë§¤ì ì „í™”ë²ˆí˜¸(USERPHONE) ë¹ˆê°’ í™•ì¸[39m
[32m  âˆš [39m [90mí• ë¶€ ê°œì›” ìˆ˜(QUOTA) ì •ìƒì¶œë ¥[39m
[32m  âˆš [39m [90më§¤ì¶œ ë°œìƒì‹œê°„(TRANTIME) Â±5ì´ˆ ì´ë‚´ ê²€ì¦[39m
[32m  âˆš [39m [90më§¤ì¶œ ë°œìƒì¼ì(TRANDATE) ì •ìƒì¶œë ¥[39m
[32m  âˆš [39m [90mìŠ¹ì¸ê¸ˆì•¡(AMOUNT) ì •ìƒì¶œë ¥[39m
[32m  âˆš [39m [90mìƒí’ˆëª…(ITEMNAME) ì •ìƒì¶œë ¥[39m
[32m  âˆš [39m [90mì»µ ë³´ì¦ê¸ˆ(DEPOSIT_AMT) ì •ìƒì¶œë ¥[39m
[32m  âˆš [39m [90më‹¤ë‚  ê±°ë˜ í‚¤(TID) ì •ìƒì¶œë ¥[39m
[32m  âˆš [39m [90mê°€ë§¹ì  ì£¼ë¬¸ë²ˆí˜¸(ORDERID) ë¹ˆê°’ í™•ì¸[39m
[32m  âˆš [39m [90mì¹´ë“œë²ˆí˜¸(CARDNO) ì •ìƒì¶œë ¥[39m
[32m  âˆš [39m [90mê±°ë˜ ìŠ¹ì¸ ë²ˆí˜¸(CARDAUTHNO) ì •ìƒì¶œë ¥[39m
[32m  âˆš [39m [90mì¹´ë“œì‚¬ ëª…(CARDNAME) ì •ìƒì¶œë ¥[39m
[32m  âˆš [39m [90mêµ¬ë§¤ì ì´ë¦„(USERNAME) ì •ìƒì¶œë ¥[39m
[32m  âˆš [39m [90mêµ¬ë§¤ì ID(USERID) ì •ìƒì¶œë ¥[39m

â”” [0mì¹´ë“œ ìŠ¹ì¸ ì·¨ì†Œ (BILLCANCEL)[0m
[33m  â”Œ[39m
[33m[39m[90m  [33mâ”‚[90m [90m`Using "CryptoJS" is deprecated. Use "require('cr[39m
[90m  [33mâ”‚[90m ypto-js')" instead.`[90m[39m
[90m[39m[33m  â””[39m
[33m[39m  [90mPOST[39m [90mhttps://tx-creditcard.danalpay.com/credit/?CPID=A010037544&DATA=8kvDIwvdID7NWcBMND4uDZJdM19gQwy7o3Moa9qUwT7ahaIpEVLnGqajqpKG9R1IdUYY0uN0NLYMEEwq378fFL9W9CGQc4BtbUnknbnzfA14ddWowSAqt35%2BytS5hGI%2F[39m  
  200 OK [90mâ˜…[39m 1381ms [90mtime[39m [90mâ˜…[39m 451B[90mâ†‘[39m 396B[90mâ†“[39m [90msize[39m [90mâ˜…[39m 9[90mâ†‘[39m 4[90mâ†“[39m [90mheaders[39m [90mâ˜…[39m 0 [90mcookies[39m
  [37mâ”Œ[39m [37mâ†“[39m text/plain [90mâ˜…[39m text [90mâ˜…[39m plain [90mâ˜…[39m euc-kr [90mâ˜…[39m 263B
[90m  [37mâ”‚[90m DATA=bH6El5elON5883LB3RlfF1OF1H8eZTXv49wXL8%2FAVeVzhHU[39m
[90m  [37mâ”‚[90m 5sdes40grvKmzi%2BrXHyfSJF3OOBNPKXUfskyl6jHB5Gx1%2FU%2F[39m
[90m  [37mâ”‚[90m JBsb6hAH6ktylrtW4EZV%2F2ekoME2au1sMY%2Fpex%2Bn4r%2FcCz[39m
[90m  [37mâ”‚[90m 2cH6wDRfMgBREPVCydXAqCi5NNF53Ncm2Y7XhPmC4rf3OuVRuYchAD[39m
[90m  [37mâ”‚[90m zr%2BQekV%2BxY9IXU26mtWvV9br8YtvlFaTUgSPXnaM%3D[39m
[90m[39m[37m  â””[39m
  [37mprepare[39m   [37mwait[39m    [37mdns-lookup[39m   [37mtcp-handshake[39m   [37mssl-handshake[39m   [37mtransfer-start[39m   [37mdownload[39m   [37mprocess[39m   [37mtotal[39m  
  [90m423Âµs[39m     [90m251Âµs[39m   [90m(cache)[39m      [90m(cache)[39m         [90m(cache)[39m         [90m1380ms[39m           [90m631Âµs[39m      [90m26Âµs[39m      [90m1381ms[39m 

[33m  â”Œ[39m
[33m[39m[90m  [33mâ”‚[90m [90m`Using "CryptoJS" is deprecated. Use "require('cr[39m
[90m  [33mâ”‚[90m ypto-js')" instead.`[90m[39m
[90m[39m[90m  [90mâ”‚[90m [90m'ë³µí˜¸í™” ê²°ê³¼ : '[90m[37m, [90m[90m'RETURNCODE=0000[39m
[90m  [90mâ”‚[90m &RETURNMSG=%BC%BA%B0%F8&BALANCE=0&O_TID=20260106151513[39m
[90m  [90mâ”‚[90m 7421063400&TID=202601061515159031153400&TRANTIME=15151[39m
[90m  [90mâ”‚[90m 5&TRANDATE=20260106&AMOUNT=301&DEPOSIT_AMT=0'[90m[39m
[90m[39m[90m  â””[39m
[90m[39m[32m  âˆš [39m [90mê²°ê³¼ì½”ë“œ(RETURNCODE) ì •ìƒì¶œë ¥[39m
[32m  âˆš [39m [90mê²°ê³¼ë©”ì„¸ì§€(RETURNMSG) ì •ìƒì¶œë ¥[39m
[32m  âˆš [39m [90mì·¨ì†Œ í›„ ì”ì•¡(BALANCE) ì •ìƒì¶œë ¥[39m
[32m  âˆš [39m [90më‹¤ë‚  ì› ê±°ë˜ í‚¤(O_TID) ì •ìƒì¶œë ¥[39m
[32m  âˆš [39m [90më‹¤ë‚  ê±°ë˜ í‚¤(TID) ì •ìƒì¶œë ¥[39m
[32m  âˆš [39m [90mìŠ¹ì¸ ë°œìƒì‹œê°„(TRANTIME) ì •ìƒì¶œë ¥[39m
[32m  âˆš [39m [90mìŠ¹ì¸ ë°œìƒì¼ì(TRANDATE)[39m
[32m  âˆš [39m [90mìŠ¹ì¸ ì·¨ì†Œ ê¸ˆì•¡(AMOUNT) ì •ìƒì¶œë ¥[39m
[32m  âˆš [39m [90mì»µ ë³´ì¦ê¸ˆ(DEPOSIT_AMT) ì •ìƒì¶œë ¥[39m

â–¡ [0mêµ­ë¯¼ì¹´ë“œ[0m
â”” [0mì •ê¸°ê²°ì œ ìš”ì²­ (OTBILL)[0m
[33m  â”Œ[39m
[33m[39m[90m  [33mâ”‚[90m [90m`Using "CryptoJS" is deprecated. Use "require('cr[39m
[90m  [33mâ”‚[90m ypto-js')" instead.`[90m[39m
[90m[39m[33m  â””[39m
[33m[39m  [90mPOST[39m [90mhttps://tx-creditcard.danalpay.com/credit/?CPID=A010037544&DATA=wcpoTy27mkzR%2FoCmuhu%2BEL1VevUN6wQgs96fAg0NJdKChw9Ccm7hXXJcj%2FUGj%2Bb8z5dq8TvydwIj3RXPjUXi4KzQHH0ZG0DZA03Udge2eI0IsrkEsoTSxKLbYyq5iCvbykTt6GhW9hCDbp8fHC1zGJEYvBJNsjEqz2X9zw2JzccTXfPyWymzriWFq4iqdmp99Wj2bHxTvGvcdoWGjKzABQ%3D%3D[39m  
  200 OK [90mâ˜…[39m 1416ms [90mtime[39m [90mâ˜…[39m 547B[90mâ†‘[39m 564B[90mâ†“[39m [90msize[39m [90mâ˜…[39m 9[90mâ†‘[39m 4[90mâ†“[39m [90mheaders[39m [90mâ˜…[39m 0 [90mcookies[39m
  [37mâ”Œ[39m [37mâ†“[39m text/plain [90mâ˜…[39m text [90mâ˜…[39m plain [90mâ˜…[39m euc-kr [90mâ˜…[39m 431B
[90m  [37mâ”‚[90m DATA=bH6El5elON5883LB3RlfF1OF1H8eZTXv49wXL8%2FAVeUOrT2[39m
[90m  [37mâ”‚[90m zbTtZtAh642sVeJ6Sm%2B6GBY9kJQrtcSXyYFxE9ezCIGNm17lww00[39m
[90m  [37mâ”‚[90m zN2MOnp4RwI3CEWqHyamLFWgwDgzB36e66nHJB9MQsFlY0kztqIHWO[39m
[90m  [37mâ”‚[90m XHiIqbVud8NnytB%2FARZmIJI0sPIJZ7TnvND5LhO0aq4ilZznwP5c[39m
[90m  [37mâ”‚[90m CIjTUIFTCUutrnbvDlYyKCQaGDF5PEuKAtnDzwmp3bB0TF6aXvsB0A[39m
[90m  [37mâ”‚[90m QQXdxYzdliG2m7nKSrXxdTFCJy0q79QfKLXIWk%2By5u5xozL5uAlM[39m
[90m  [37mâ”‚[90m F%2Fu4m8ocTx6lr23EQMItjSc6NbO1494lwz2WL2%2Bo1S%2Fqz07L[39m
[90m  [37mâ”‚[90m 1J2uzr2gS9wzz6aH143teMcSIOFitiaUAYwtCW8ELT4a3qg%3D%3D[39m
[90m[39m[37m  â””[39m
  [37mprepare[39m   [37mwait[39m    [37mdns-lookup[39m   [37mtcp-handshake[39m   [37mssl-handshake[39m   [37mtransfer-start[39m   [37mdownload[39m   [37mprocess[39m   [37mtotal[39m  
  [90m446Âµs[39m     [90m342Âµs[39m   [90m(cache)[39m      [90m(cache)[39m         [90m(cache)[39m         [90m1414ms[39m           [90m530Âµs[39m      [90m19Âµs[39m      [90m1415ms[39m 

[33m  â”Œ[39m
[33m[39m[90m  [33mâ”‚[90m [90m`Using "CryptoJS" is deprecated. Use "require('cr[39m
[90m  [33mâ”‚[90m ypto-js')" instead.`[90m[39m
[90m[39m[90m  [90mâ”‚[90m [90m'ë³µí˜¸í™” ê²°ê³¼ : '[90m[37m, [90m[90m'RETURNCODE=0000[39m
[90m  [90mâ”‚[90m &RETURNMSG=%BC%BA%B0%F8&CARDCODE=0300&USERPHONE=&QUOTA[39m
[90m  [90mâ”‚[90m =00&TRANTIME=151518&TRANDATE=20260106&AMOUNT=301&ITEMN[39m
[90m  [90mâ”‚[90m AME=apiautotest&DEPOSIT_AMT=0&TID=20260106151517448126[39m
[90m  [90mâ”‚[90m 3400&ORDERID=&CARDNO=540926******6041&CARDAUTHNO=30028[39m
[90m  [90mâ”‚[90m 671&CARDNAME=KB%B1%B9%B9%CE%C4%AB%B5%E5&USERNAME=&USER[39m
[90m  [90mâ”‚[90m ID=hnkim'[90m[39m
[90m[39m[90m  â””[39m
[90m[39m[32m  âˆš [39m [90mê²°ê³¼ì½”ë“œ(RETURNCODE) ì •ìƒì¶œë ¥[39m
[32m  âˆš [39m [90mê²°ê³¼ë©”ì„¸ì§€(RETURNMSG) ì •ìƒì¶œë ¥[39m
[32m  âˆš [39m [90mì¹´ë“œì‚¬ ì½”ë“œ(CARDCODE ì •ìƒì¶œë ¥[39m
[32m  âˆš [39m [90mêµ¬ë§¤ì ì „í™”ë²ˆí˜¸(USERPHONE) ë¹ˆê°’ í™•ì¸[39m
[32m  âˆš [39m [90mí• ë¶€ ê°œì›” ìˆ˜(QUOTA) ì •ìƒì¶œë ¥[39m
[32m  âˆš [39m [90më§¤ì¶œ ë°œìƒì‹œê°„(TRANTIME) Â±5ì´ˆ ì´ë‚´ ê²€ì¦[39m
[32m  âˆš [39m [90më§¤ì¶œ ë°œìƒì¼ì(TRANDATE) ì •ìƒì¶œë ¥[39m
[32m  âˆš [39m [90mìŠ¹ì¸ê¸ˆì•¡(AMOUNT) ì •ìƒì¶œë ¥[39m
[32m  âˆš [39m [90mìƒí’ˆëª…(ITEMNAME) ì •ìƒì¶œë ¥[39m
[32m  âˆš [39m [90më³´ì¦ê¸ˆ ê¸ˆì•¡(DEPOSIT_AMT) ì •ìƒì¶œë ¥[39m
[32m  âˆš [39m [90më‹¤ë‚  ê±°ë˜ í‚¤(TID) ì •ìƒì¶œë ¥[39m
[32m  âˆš [39m [90mê°€ë§¹ì  ì£¼ë¬¸ë²ˆí˜¸(ORDERID) ë¹ˆê°’ í™•ì¸[39m
[32m  âˆš [39m [90mì¹´ë“œë²ˆí˜¸(CARDNO) ì •ìƒì¶œë ¥[39m
[32m  âˆš [39m [90mê±°ë˜ ìŠ¹ì¸ ë²ˆí˜¸(CARDAUTHNO) ì •ìƒì¶œë ¥[39m
[32m  âˆš [39m [90mì¹´ë“œì‚¬ ëª…(CARDNAME) ì •ìƒì¶œë ¥[39m
[32m  âˆš [39m [90mêµ¬ë§¤ì ì´ë¦„(USERNAME) ì •ìƒì¶œë ¥[39m
[32m  âˆš [39m [90mêµ¬ë§¤ì ID(USERID) ì •ìƒì¶œë ¥[39m

â”” [0mì¹´ë“œ ìŠ¹ì¸ ì·¨ì†Œ (BILLCANCEL)[0m
[33m  â”Œ[39m
[33m[39m[90m  [33mâ”‚[90m [90m`Using "CryptoJS" is deprecated. Use "require('cr[39m
[90m  [33mâ”‚[90m ypto-js')" instead.`[90m[39m
[90m[39m[33m  â””[39m
[33m[39m  [90mPOST[39m [90mhttps://tx-creditcard.danalpay.com/credit/?CPID=A010037544&DATA=8kvDIwvdID7NWcBMND4uDUFZjNFkjmOOQy08GdIP%2FqVSXENsuWvMWxlvBOYX3pacPzVbIOIGjT1GOoz81VOyoB%2FHcHe7SpUcosJot9E04X1cB3FVfVAIMs2nxUIqQ2sN[39m  
  200 OK [90mâ˜…[39m 1433ms [90mtime[39m [90mâ˜…[39m 451B[90mâ†‘[39m 388B[90mâ†“[39m [90msize[39m [90mâ˜…[39m 9[90mâ†‘[39m 4[90mâ†“[39m [90mheaders[39m [90mâ˜…[39m 0 [90mcookies[39m
  [37mâ”Œ[39m [37mâ†“[39m text/plain [90mâ˜…[39m text [90mâ˜…[39m plain [90mâ˜…[39m euc-kr [90mâ˜…[39m 255B
[90m  [37mâ”‚[90m DATA=bH6El5elON5883LB3RlfF1OF1H8eZTXv49wXL8%2FAVeVzhHU[39m
[90m  [37mâ”‚[90m 5sdes40grvKmzi%2BrXHyfSJF3OOBNPKXUfskyl6k4m0AexgNRQsYS[39m
[90m  [37mâ”‚[90m oQZelKkWfNfEaHlU0IvmRrvO%2F8Q%2FVWk0QaVWf7SKvDBJroIQlE[39m
[90m  [37mâ”‚[90m 1u%2B5mFwYBj%2BCqx4rjKDiAjgZR52oW8FrqjwOBxgAbYAYQwQVHb[39m
[90m  [37mâ”‚[90m bsEnsaqBRtz5FAjOY0gZFM6Sn1q5XGqeoxtY%3D[39m
[90m[39m[37m  â””[39m
  [37mprepare[39m   [37mwait[39m    [37mdns-lookup[39m   [37mtcp-handshake[39m   [37mssl-handshake[39m   [37mtransfer-start[39m   [37mdownload[39m   [37mprocess[39m   [37mtotal[39m  
  [90m567Âµs[39m     [90m259Âµs[39m   [90m(cache)[39m      [90m(cache)[39m         [90m(cache)[39m         [90m1432ms[39m           [90m397Âµs[39m      [90m17Âµs[39m      [90m1433ms[39m 

[33m  â”Œ[39m
[33m[39m[90m  [33mâ”‚[90m [90m`Using "CryptoJS" is deprecated. Use "require('cr[39m
[90m  [33mâ”‚[90m ypto-js')" instead.`[90m[39m
[90m[39m[90m  [90mâ”‚[90m [90m'ë³µí˜¸í™” ê²°ê³¼ : '[90m[37m, [90m[90m'RETURNCODE=0000[39m
[90m  [90mâ”‚[90m &RETURNMSG=%BC%BA%B0%F8&BALANCE=0&O_TID=20260106151517[39m
[90m  [90mâ”‚[90m 4481263400&TID=202601061515190281333400&TRANTIME=15151[39m
[90m  [90mâ”‚[90m 8&TRANDATE=20260106&AMOUNT=301&DEPOSIT_AMT=0'[90m[39m
[90m[39m[90m  â””[39m
[90m[39m[32m  âˆš [39m [90mê²°ê³¼ì½”ë“œ(RETURNCODE) ì •ìƒì¶œë ¥[39m
[32m  âˆš [39m [90mê²°ê³¼ë©”ì„¸ì§€(RETURNMSG) ì •ìƒì¶œë ¥[39m
[32m  âˆš [39m [90mì·¨ì†Œ í›„ ì”ì•¡(BALANCE) ì •ìƒì¶œë ¥[39m
[32m  âˆš [39m [90më‹¤ë‚  ì› ê±°ë˜ í‚¤(O_TID) ì •ìƒì¶œë ¥[39m
[32m  âˆš [39m [90më‹¤ë‚  ê±°ë˜ í‚¤(TID) ì •ìƒì¶œë ¥[39m
[32m  âˆš [39m [90mìŠ¹ì¸ ë°œìƒì‹œê°„(TRANTIME) ì •ìƒì¶œë ¥[39m
[32m  âˆš [39m [90mìŠ¹ì¸ ë°œìƒì¼ì(TRANDATE)[39m
[32m  âˆš [39m [90mìŠ¹ì¸ ì·¨ì†Œ ê¸ˆì•¡(AMOUNT) ì •ìƒì¶œë ¥[39m
[32m  âˆš [39m [90mì»µ ë³´ì¦ê¸ˆ(DEPOSIT_AMT) ì •ìƒì¶œë ¥[39m

â–¡ [0mìš°ë¦¬BCì¹´ë“œ[0m
â”” [0mì •ê¸°ê²°ì œ ìš”ì²­ (OTBILL)[0m
[33m  â”Œ[39m
[33m[39m[90m  [33mâ”‚[90m [90m`Using "CryptoJS" is deprecated. Use "require('cr[39m
[90m  [33mâ”‚[90m ypto-js')" instead.`[90m[39m
[90m[39m[33m  â””[39m
[33m[39m  [90mPOST[39m [90mhttps://tx-creditcard.danalpay.com/credit/?CPID=A010037544&DATA=wcpoTy27mkzR%2FoCmuhu%2BEL1VevUN6wQgs96fAg0NJdKChw9Ccm7hXXJcj%2FUGj%2Bb8z5dq8TvydwIj3RXPjUXi4KzQHH0ZG0DZA03Udge2eI0IsrkEsoTSxKLbYyq5iCvbykTt6GhW9hCDbp8fHC1zGJEYvBJNsjEqz2X9zw2JzccVRR%2FtepSx6ESumfhyCleVEPVKGpunFtzDUwUlJoNVsg%3D%3D[39m  
  200 OK [90mâ˜…[39m 1871ms [90mtime[39m [90mâ˜…[39m 549B[90mâ†‘[39m 572B[90mâ†“[39m [90msize[39m [90mâ˜…[39m 9[90mâ†‘[39m 4[90mâ†“[39m [90mheaders[39m [90mâ˜…[39m 0 [90mcookies[39m
  [37mâ”Œ[39m [37mâ†“[39m text/plain [90mâ˜…[39m text [90mâ˜…[39m plain [90mâ˜…[39m euc-kr [90mâ˜…[39m 439B
[90m  [37mâ”‚[90m DATA=bH6El5elON5883LB3RlfF1OF1H8eZTXv49wXL8%2FAVeUOrT2[39m
[90m  [37mâ”‚[90m zbTtZtAh642sVeJ6SNrFX7MCwNAs4yihLk3Z9v21%2BybDcXzwxPi7[39m
[90m  [37mâ”‚[90m hJST13uFo0n%2BOuTJqQzTvMiSm7L998gkS%2FRqS%2BbAuUsNLIgw[39m
[90m  [37mâ”‚[90m uDpqnB9rx3o6OUK4MCTGBazPGYPad%2FCSMhdj2VdQQ5p9jID65l23[39m
[90m  [37mâ”‚[90m drmv9XnkKuC9Xjq4R%2FgXkd6tNEBro%2BW8iYWeeumFwZIw%2B69F[39m
[90m  [37mâ”‚[90m KhlkJmvt5RM24IlGUPbfggSnjeqaypDpjRBAu2mTIe7EWB54xGOMPF[39m
[90m  [37mâ”‚[90m 7RTbLslockSyybHb9oKSZhCWNeULhCLsxNOcrItUoKJ%2FakryGA%2[39m
[90m  [37mâ”‚[90m BskCsjB7CksBaHbWfCZ4YL8zrgVlqYz6zxs7Kwj76sVhrnDGdtFHhJ[39m
[90m  [37mâ”‚[90m w%3D%3D[39m
[90m[39m[37m  â””[39m
  [37mprepare[39m   [37mwait[39m    [37mdns-lookup[39m   [37mtcp-handshake[39m   [37mssl-handshake[39m   [37mtransfer-start[39m   [37mdownload[39m   [37mprocess[39m   [37mtotal[39m  
  [90m473Âµs[39m     [90m197Âµs[39m   [90m(cache)[39m      [90m(cache)[39m         [90m(cache)[39m         [90m1869ms[39m           [90m676Âµs[39m      [90m30Âµs[39m      [90m1871ms[39m 

[33m  â”Œ[39m
[33m[39m[90m  [33mâ”‚[90m [90m`Using "CryptoJS" is deprecated. Use "require('cr[39m
[90m  [33mâ”‚[90m ypto-js')" instead.`[90m[39m
[90m[39m[90m  [90mâ”‚[90m [90m'ë³µí˜¸í™” ê²°ê³¼ : '[90m[37m, [90m[90m'RETURNCODE=0000[39m
[90m  [90mâ”‚[90m &RETURNMSG=%BC%BA%B0%F8&CARDCODE=0202&USERPHONE=&QUOTA[39m
[90m  [90mâ”‚[90m =00&TRANTIME=151522&TRANDATE=20260106&AMOUNT=301&ITEMN[39m
[90m  [90mâ”‚[90m AME=apiautotest&DEPOSIT_AMT=0&TID=20260106151520632141[39m
[90m  [90mâ”‚[90m 3400&ORDERID=&CARDNO=538920******1226&CARDAUTHNO=35996[39m
[90m  [90mâ”‚[90m 390&CARDNAME=%BF%EC%B8%AEBC%C4%AB%B5%E5&USERNAME=&USER[39m
[90m  [90mâ”‚[90m ID=hnkim'[90m[39m
[90m[39m[90m  â””[39m
[90m[39m[32m  âˆš [39m [90mê²°ê³¼ì½”ë“œ(RETURNCODE) ì •ìƒì¶œë ¥[39m
[32m  âˆš [39m [90mê²°ê³¼ë©”ì„¸ì§€(RETURNMSG) ì •ìƒì¶œë ¥[39m
[32m  âˆš [39m [90mì¹´ë“œì‚¬ ì½”ë“œ(CARDCODE ì •ìƒì¶œë ¥[39m
[32m  âˆš [39m [90mêµ¬ë§¤ì ì „í™”ë²ˆí˜¸(USERPHONE) ë¹ˆê°’ í™•ì¸[39m
[32m  âˆš [39m [90mí• ë¶€ ê°œì›” ìˆ˜(QUOTA) ì •ìƒì¶œë ¥[39m
[32m  âˆš [39m [90më§¤ì¶œ ë°œìƒì‹œê°„(TRANTIME) Â±5ì´ˆ ì´ë‚´ ê²€ì¦[39m
[32m  âˆš [39m [90më§¤ì¶œ ë°œìƒì¼ì(TRANDATE) ì •ìƒì¶œë ¥[39m
[32m  âˆš [39m [90mìŠ¹ì¸ê¸ˆì•¡(AMOUNT) ì •ìƒì¶œë ¥[39m
[32m  âˆš [39m [90mìƒí’ˆëª…(ITEMNAME) ì •ìƒì¶œë ¥[39m
[32m  âˆš [39m [90më³´ì¦ê¸ˆ ê¸ˆì•¡(DEPOSIT_AMT) ì •ìƒì¶œë ¥[39m
[32m  âˆš [39m [90më‹¤ë‚  ê±°ë˜ í‚¤(TID) ì •ìƒì¶œë ¥[39m
[32m  âˆš [39m [90mê°€ë§¹ì  ì£¼ë¬¸ë²ˆí˜¸(ORDERID) ë¹ˆê°’ í™•ì¸[39m
[32m  âˆš [39m [90mì¹´ë“œë²ˆí˜¸(CARDNO) ì •ìƒì¶œë ¥[39m
[32m  âˆš [39m [90mê±°ë˜ ìŠ¹ì¸ ë²ˆí˜¸(CARDAUTHNO) ì •ìƒì¶œë ¥[39m
[32m  âˆš [39m [90mì¹´ë“œì‚¬ ëª…(CARDNAME) ì •ìƒì¶œë ¥[39m
[32m  âˆš [39m [90mêµ¬ë§¤ì ì´ë¦„(USERNAME) ì •ìƒì¶œë ¥[39m
[32m  âˆš [39m [90mêµ¬ë§¤ì ID(USERID) ì •ìƒì¶œë ¥[39m

â”” [0mì¹´ë“œ ìŠ¹ì¸ ì·¨ì†Œ (BILLCANCEL)[0m
[33m  â”Œ[39m
[33m[39m[90m  [33mâ”‚[90m [90m`Using "CryptoJS" is deprecated. Use "require('cr[39m
[90m  [33mâ”‚[90m ypto-js')" instead.`[90m[39m
[90m[39m[33m  â””[39m
[33m[39m  [90mPOST[39m [90mhttps://tx-creditcard.danalpay.com/credit/?CPID=A010037544&DATA=8kvDIwvdID7NWcBMND4uDdk2vBzZLUk4kD8BnFA%2FHpC68RprploqwM8SOX9L302rxnrx8MeuyVbjw1vr7mx4IH2FlSRkTgiU62dcvm3DdXjOHLSQ%2FMEel7r7j94O8eNH[39m  
  200 OK [90mâ˜…[39m 1461ms [90mtime[39m [90mâ˜…[39m 451B[90mâ†‘[39m 388B[90mâ†“[39m [90msize[39m [90mâ˜…[39m 9[90mâ†‘[39m 4[90mâ†“[39m [90mheaders[39m [90mâ˜…[39m 0 [90mcookies[39m
  [37mâ”Œ[39m [37mâ†“[39m text/plain [90mâ˜…[39m text [90mâ˜…[39m plain [90mâ˜…[39m euc-kr [90mâ˜…[39m 255B
[90m  [37mâ”‚[90m DATA=bH6El5elON5883LB3RlfF1OF1H8eZTXv49wXL8%2FAVeVzhHU[39m
[90m  [37mâ”‚[90m 5sdes40grvKmzi%2BrXHyfSJF3OOBNPKXUfskyl6sV59%2FgMblei4[39m
[90m  [37mâ”‚[90m qSR%2BqBniHY%2F9CNMMe2FkagdXH4U0wVzaqdj22zhQ2M6j8%2FZi[39m
[90m  [37mâ”‚[90m UaDolxiXB3BgWgSyj7OZIB8oSHakYHU0RlbYIUdm87ZFEDUKiqHzTI[39m
[90m  [37mâ”‚[90m 2wH2gWeg8zbIUF0lmFfWYHC6krJOxMDG7BUY%3D[39m
[90m[39m[37m  â””[39m
  [37mprepare[39m   [37mwait[39m    [37mdns-lookup[39m   [37mtcp-handshake[39m   [37mssl-handshake[39m   [37mtransfer-start[39m   [37mdownload[39m   [37mprocess[39m   [37mtotal[39m  
  [90m336Âµs[39m     [90m211Âµs[39m   [90m(cache)[39m      [90m(cache)[39m         [90m(cache)[39m         [90m1459ms[39m           [90m598Âµs[39m      [90m22Âµs[39m      [90m1460ms[39m 

[33m  â”Œ[39m
[33m[39m[90m  [33mâ”‚[90m [90m`Using "CryptoJS" is deprecated. Use "require('cr[39m
[90m  [33mâ”‚[90m ypto-js')" instead.`[90m[39m
[90m[39m[90m  [90mâ”‚[90m [90m'ë³µí˜¸í™” ê²°ê³¼ : '[90m[37m, [90m[90m'RETURNCODE=0000[39m
[90m  [90mâ”‚[90m &RETURNMSG=%BC%BA%B0%F8&BALANCE=0&O_TID=20260106151520[39m
[90m  [90mâ”‚[90m 6321413400&TID=202601061515227011503400&TRANTIME=15152[39m
[90m  [90mâ”‚[90m 2&TRANDATE=20260106&AMOUNT=301&DEPOSIT_AMT=0'[90m[39m
[90m[39m[90m  â””[39m
[90m[39m[32m  âˆš [39m [90mê²°ê³¼ì½”ë“œ(RETURNCODE) ì •ìƒì¶œë ¥[39m
[32m  âˆš [39m [90mê²°ê³¼ë©”ì„¸ì§€(RETURNMSG) ì •ìƒì¶œë ¥[39m
[32m  âˆš [39m [90mì·¨ì†Œ í›„ ì”ì•¡(BALANCE) ì •ìƒì¶œë ¥[39m
[32m  âˆš [39m [90më‹¤ë‚  ì› ê±°ë˜ í‚¤(O_TID) ì •ìƒì¶œë ¥[39m
[32m  âˆš [39m [90më‹¤ë‚  ê±°ë˜ í‚¤(TID) ì •ìƒì¶œë ¥[39m
[32m  âˆš [39m [90mìŠ¹ì¸ ë°œìƒì‹œê°„(TRANTIME) ì •ìƒì¶œë ¥[39m
[32m  âˆš [39m [90mìŠ¹ì¸ ë°œìƒì¼ì(TRANDATE)[39m
[32m  âˆš [39m [90mìŠ¹ì¸ ì·¨ì†Œ ê¸ˆì•¡(AMOUNT) ì •ìƒì¶œë ¥[39m
[32m  âˆš [39m [90mì»µ ë³´ì¦ê¸ˆ(DEPOSIT_AMT) ì •ìƒì¶œë ¥[39m

â–¡ [0mìš°ë¦¬ë…ìì¹´ë“œ[0m
â”” [0mì •ê¸°ê²°ì œ ìš”ì²­ (OTBILL)[0m
[33m  â”Œ[39m
[33m[39m[90m  [33mâ”‚[90m [90m`Using "CryptoJS" is deprecated. Use "require('cr[39m
[90m  [33mâ”‚[90m ypto-js')" instead.`[90m[39m
[90m[39m[33m  â””[39m
[33m[39m  [90mPOST[39m [90mhttps://tx-creditcard.danalpay.com/credit/?CPID=A010037544&DATA=wcpoTy27mkzR%2FoCmuhu%2BEL1VevUN6wQgs96fAg0NJdKChw9Ccm7hXXJcj%2FUGj%2Bb8z5dq8TvydwIj3RXPjUXi4KzQHH0ZG0DZA03Udge2eI0IsrkEsoTSxKLbYyq5iCvbykTt6GhW9hCDbp8fHC1zGJEYvBJNsjEqz2X9zw2JzcextrJriQhf%2FIUYtULhB8bH62Qdp0SGru%2BMd63vyNOLHA%3D%3D[39m  
  200 OK [90mâ˜…[39m 1399ms [90mtime[39m [90mâ˜…[39m 551B[90mâ†‘[39m 580B[90mâ†“[39m [90msize[39m [90mâ˜…[39m 9[90mâ†‘[39m 4[90mâ†“[39m [90mheaders[39m [90mâ˜…[39m 0 [90mcookies[39m
  [37mâ”Œ[39m [37mâ†“[39m text/plain [90mâ˜…[39m text [90mâ˜…[39m plain [90mâ˜…[39m euc-kr [90mâ˜…[39m 447B
[90m  [37mâ”‚[90m DATA=bH6El5elON5883LB3RlfF1OF1H8eZTXv49wXL8%2FAVeUOrT2[39m
[90m  [37mâ”‚[90m zbTtZtAh642sVeJ6SCEV8X0t3vMfl9ATc0EgMVgs%2BSe2%2BMSDg6[39m
[90m  [37mâ”‚[90m %2FG%2Fhau0IHDfO1OO6%2BAr%2FCZSWmedfkqoIb5kvixZR8SKJeJ[39m
[90m  [37mâ”‚[90m %2FlvpCysx%2BHeWvHDTKjSFOp%2BbherqlIuDsQnF4mYYOkXAIi9f[39m
[90m  [37mâ”‚[90m rDZpw8%2BId%2FvfSRRBAZZDAU%2BoxfkytOButBoQaYL9IVWzHDx%[39m
[90m  [37mâ”‚[90m 2BF3R1IcYjAmBczSAkDzkZCjBoiMveNGuYA5VCLESzNWox9sWr5iUb[39m
[90m  [37mâ”‚[90m XU748HXNY7GpdqmknxH1wLAAsBj6LBS8bpM0324AU943Lsw4PvypzW[39m
[90m  [37mâ”‚[90m HmmJ5UyJpK6tZmw59%2FdT22u01aHobv336Bc0GOX1Vrd67YyUjwCJ[39m
[90m  [37mâ”‚[90m eNePRUMYQ%3D%3D[39m
[90m[39m[37m  â””[39m
  [37mprepare[39m   [37mwait[39m    [37mdns-lookup[39m   [37mtcp-handshake[39m   [37mssl-handshake[39m   [37mtransfer-start[39m   [37mdownload[39m   [37mprocess[39m   [37mtotal[39m  
  [90m336Âµs[39m     [90m151Âµs[39m   [90m(cache)[39m      [90m(cache)[39m         [90m(cache)[39m         [90m1398ms[39m           [90m379Âµs[39m      [90m20Âµs[39m      [90m1399ms[39m 

[33m  â”Œ[39m
[33m[39m[90m  [33mâ”‚[90m [90m`Using "CryptoJS" is deprecated. Use "require('cr[39m
[90m  [33mâ”‚[90m ypto-js')" instead.`[90m[39m
[90m[39m[90m  [90mâ”‚[90m [90m'ë³µí˜¸í™” ê²°ê³¼ : '[90m[37m, [90m[90m'RETURNCODE=0000[39m
[90m  [90mâ”‚[90m &RETURNMSG=%BC%BA%B0%F8&CARDCODE=0907&USERPHONE=&QUOTA[39m
[90m  [90mâ”‚[90m =00&TRANTIME=151525&TRANDATE=20260106&AMOUNT=301&ITEMN[39m
[90m  [90mâ”‚[90m AME=apiautotest&DEPOSIT_AMT=0&TID=20260106151524290158[39m
[90m  [90mâ”‚[90m 3400&ORDERID=&CARDNO=624404******8380&CARDAUTHNO=82820[39m
[90m  [90mâ”‚[90m 633&CARDNAME=%BF%EC%B8%AE%C4%AB%B5%E5&USERNAME=&USERID[39m
[90m  [90mâ”‚[90m =hnkim'[90m[39m
[90m[39m[90m  â””[39m
[90m[39m[32m  âˆš [39m [90mê²°ê³¼ì½”ë“œ(RETURNCODE) ì •ìƒì¶œë ¥[39m
[32m  âˆš [39m [90mê²°ê³¼ë©”ì„¸ì§€(RETURNMSG) ì •ìƒì¶œë ¥[39m
[32m  âˆš [39m [90mì¹´ë“œì‚¬ ì½”ë“œ(CARDCODE ì •ìƒì¶œë ¥[39m
[32m  âˆš [39m [90mêµ¬ë§¤ì ì „í™”ë²ˆí˜¸(USERPHONE) ë¹ˆê°’ í™•ì¸[39m
[32m  âˆš [39m [90mí• ë¶€ ê°œì›” ìˆ˜(QUOTA) ì •ìƒì¶œë ¥[39m
[32m  âˆš [39m [90më§¤ì¶œ ë°œìƒì‹œê°„(TRANTIME) Â±5ì´ˆ ì´ë‚´ ê²€ì¦[39m
[32m  âˆš [39m [90më§¤ì¶œ ë°œìƒì¼ì(TRANDATE) ì •ìƒì¶œë ¥[39m
[32m  âˆš [39m [90mìŠ¹ì¸ê¸ˆì•¡(AMOUNT) ì •ìƒì¶œë ¥[39m
[32m  âˆš [39m [90mìƒí’ˆëª…(ITEMNAME) ì •ìƒì¶œë ¥[39m
[32m  âˆš [39m [90më³´ì¦ê¸ˆ ê¸ˆì•¡(DEPOSIT_AMT) ì •ìƒì¶œë ¥[39m
[32m  âˆš [39m [90më‹¤ë‚  ê±°ë˜ í‚¤(TID) ì •ìƒì¶œë ¥[39m
[32m  âˆš [39m [90mê°€ë§¹ì  ì£¼ë¬¸ë²ˆí˜¸(ORDERID) ë¹ˆê°’ í™•ì¸[39m
[32m  âˆš [39m [90mì¹´ë“œë²ˆí˜¸(CARDNO) ì •ìƒì¶œë ¥[39m
[32m  âˆš [39m [90mê±°ë˜ ìŠ¹ì¸ ë²ˆí˜¸(CARDAUTHNO) ì •ìƒì¶œë ¥[39m
[32m  âˆš [39m [90mì¹´ë“œì‚¬ ëª…(CARDNAME) ì •ìƒì¶œë ¥[39m
[32m  âˆš [39m [90mêµ¬ë§¤ì ì´ë¦„(USERNAME) ì •ìƒì¶œë ¥[39m
[32m  âˆš [39m [90mêµ¬ë§¤ì ID(USERID) ì •ìƒì¶œë ¥[39m

â”” [0mì¹´ë“œ ìŠ¹ì¸ ì·¨ì†Œ (BILLCANCEL)[0m
[33m  â”Œ[39m
[33m[39m[90m  [33mâ”‚[90m [90m`Using "CryptoJS" is deprecated. Use "require('cr[39m
[90m  [33mâ”‚[90m ypto-js')" instead.`[90m[39m
[90m[39m[33m  â””[39m
[33m[39m  [90mPOST[39m [90mhttps://tx-creditcard.danalpay.com/credit/?CPID=A010037544&DATA=8kvDIwvdID7NWcBMND4uDVW2s0VEj%2B8YXezEsCE%2FoySn16x27MOlnW2OYjml41gBmy%2FCWB5rpPbz1bnLkUbgfHkIhq%2Fh5OfCg15UCB3PTZS9LcMPxqsynGomlrRAwJXq[39m  
  200 OK [90mâ˜…[39m 1333ms [90mtime[39m [90mâ˜…[39m 455B[90mâ†‘[39m 392B[90mâ†“[39m [90msize[39m [90mâ˜…[39m 9[90mâ†‘[39m 4[90mâ†“[39m [90mheaders[39m [90mâ˜…[39m 0 [90mcookies[39m
  [37mâ”Œ[39m [37mâ†“[39m text/plain [90mâ˜…[39m text [90mâ˜…[39m plain [90mâ˜…[39m euc-kr [90mâ˜…[39m 259B
[90m  [37mâ”‚[90m DATA=bH6El5elON5883LB3RlfF1OF1H8eZTXv49wXL8%2FAVeVzhHU[39m
[90m  [37mâ”‚[90m 5sdes40grvKmzi%2BrXHyfSJF3OOBNPKXUfskyl6sWk%2BAfVyl2TB[39m
[90m  [37mâ”‚[90m 4Xfl4mSS6eXKzLOIVYDGgkpDAlnd6LU0TxtPBGEIjCGQ0vp9HLHXe8[39m
[90m  [37mâ”‚[90m yHgQE5yaFT36tE0C%2FYOogUAKv%2FjnjIc4GIu%2FNvMbbR9pi5Nj[39m
[90m  [37mâ”‚[90m FMVUlk7%2FS8T%2FBH72z6iphxRRMXJuT6VL2uXo%3D[39m
[90m[39m[37m  â””[39m
  [37mprepare[39m   [37mwait[39m    [37mdns-lookup[39m   [37mtcp-handshake[39m   [37mssl-handshake[39m   [37mtransfer-start[39m   [37mdownload[39m   [37mprocess[39m   [37mtotal[39m  
  [90m364Âµs[39m     [90m153Âµs[39m   [90m(cache)[39m      [90m(cache)[39m         [90m(cache)[39m         [90m1331ms[39m           [90m483Âµs[39m      [90m18Âµs[39m      [90m1333ms[39m 

[33m  â”Œ[39m
[33m[39m[90m  [33mâ”‚[90m [90m`Using "CryptoJS" is deprecated. Use "require('cr[39m
[90m  [33mâ”‚[90m ypto-js')" instead.`[90m[39m
[90m[39m[90m  [90mâ”‚[90m [90m'ë³µí˜¸í™” ê²°ê³¼ : '[90m[37m, [90m[90m'RETURNCODE=0000[39m
[90m  [90mâ”‚[90m &RETURNMSG=%BC%BA%B0%F8&BALANCE=0&O_TID=20260106151524[39m
[90m  [90mâ”‚[90m 2901583400&TID=202601061515258561653400&TRANTIME=15152[39m
[90m  [90mâ”‚[90m 5&TRANDATE=20260106&AMOUNT=301&DEPOSIT_AMT=0'[90m[39m
[90m[39m[90m  â””[39m
[90m[39m[32m  âˆš [39m [90mê²°ê³¼ì½”ë“œ(RETURNCODE) ì •ìƒì¶œë ¥[39m
[32m  âˆš [39m [90mê²°ê³¼ë©”ì„¸ì§€(RETURNMSG) ì •ìƒì¶œë ¥[39m
[32m  âˆš [39m [90mì·¨ì†Œ í›„ ì”ì•¡(BALANCE) ì •ìƒì¶œë ¥[39m
[32m  âˆš [39m [90më‹¤ë‚  ì› ê±°ë˜ í‚¤(O_TID) ì •ìƒì¶œë ¥[39m
[32m  âˆš [39m [90më‹¤ë‚  ê±°ë˜ í‚¤(TID) ì •ìƒì¶œë ¥[39m
[32m  âˆš [39m [90mìŠ¹ì¸ ë°œìƒì‹œê°„(TRANTIME) ì •ìƒì¶œë ¥[39m
[32m  âˆš [39m [90mìŠ¹ì¸ ë°œìƒì¼ì(TRANDATE)[39m
[32m  âˆš [39m [90mìŠ¹ì¸ ì·¨ì†Œ ê¸ˆì•¡(AMOUNT) ì •ìƒì¶œë ¥[39m
[32m  âˆš [39m [90mì»µ ë³´ì¦ê¸ˆ(DEPOSIT_AMT) ì •ìƒì¶œë ¥[39m

â–¡ [0mKbankì¹´ë“œ[0m
â”” [0mì •ê¸°ê²°ì œ ìš”ì²­ (OTBILL)[0m
[33m  â”Œ[39m
[33m[39m[90m  [33mâ”‚[90m [90m`Using "CryptoJS" is deprecated. Use "require('cr[39m
[90m  [33mâ”‚[90m ypto-js')" instead.`[90m[39m
[90m[39m[33m  â””[39m
[33m[39m  [90mPOST[39m [90mhttps://tx-creditcard.danalpay.com/credit/?CPID=A010037544&DATA=wcpoTy27mkzR%2FoCmuhu%2BEL1VevUN6wQgs96fAg0NJdKChw9Ccm7hXXJcj%2FUGj%2Bb8z5dq8TvydwIj3RXPjUXi4KzQHH0ZG0DZA03Udge2eI0IsrkEsoTSxKLbYyq5iCvbykTt6GhW9hCDbp8fHC1zGJEYvBJNsjEqz2X9zw2JzccQmxP3XnXAnB6A1V7j6yFer%2BQE%2Ba1pl7pMnq93f1iTpw%3D%3D[39m  
  200 OK [90mâ˜…[39m 1768ms [90mtime[39m [90mâ˜…[39m 551B[90mâ†‘[39m 570B[90mâ†“[39m [90msize[39m [90mâ˜…[39m 9[90mâ†‘[39m 4[90mâ†“[39m [90mheaders[39m [90mâ˜…[39m 0 [90mcookies[39m
  [37mâ”Œ[39m [37mâ†“[39m text/plain [90mâ˜…[39m text [90mâ˜…[39m plain [90mâ˜…[39m euc-kr [90mâ˜…[39m 437B
[90m  [37mâ”‚[90m DATA=bH6El5elON5883LB3RlfF1OF1H8eZTXv49wXL8%2FAVeUOrT2[39m
[90m  [37mâ”‚[90m zbTtZtAh642sVeJ6SinDkYn9ioJsD8ofeqixaZhafgVzRTFP%2FgCC[39m
[90m  [37mâ”‚[90m FxVS%2FmGZkzUgsj1R6IkPx5gCdoG%2F6gjr%2Fqzvipm8W0JEotyP[39m
[90m  [37mâ”‚[90m v6Tf2IvlLLsbrO0tgEI7HOhDbcB58U5q0gtIgyHYRTEECL441kKSBd[39m
[90m  [37mâ”‚[90m Bxm3NonO84zwZ5a2fV%2FbYmDJ2OiVB11bFBXWD%2F7A3dB4LKl3EV[39m
[90m  [37mâ”‚[90m f5mJp3FKOkgvb7UJGOlyjOJ5zyW%2BjsF2dmtbC%2BDrFAyNK14s9i[39m
[90m  [37mâ”‚[90m qXaUC3xq7F1AH6VvW1lOzE6al0SB8Izs3Cv05XYv5KUk8lYmZjC6Be[39m
[90m  [37mâ”‚[90m KxbRHl534SM9BB0De3EFMqd7y1VX%2BIA3CD0dPKwijDmImv8PNug%[39m
[90m  [37mâ”‚[90m 3D%3D[39m
[90m[39m[37m  â””[39m
  [37mprepare[39m   [37mwait[39m    [37mdns-lookup[39m   [37mtcp-handshake[39m   [37mssl-handshake[39m   [37mtransfer-start[39m   [37mdownload[39m   [37mprocess[39m   [37mtotal[39m  
  [90m397Âµs[39m     [90m178Âµs[39m   [90m(cache)[39m      [90m(cache)[39m         [90m(cache)[39m         [90m1766ms[39m           [90m443Âµs[39m      [90m17Âµs[39m      [90m1767ms[39m 

[33m  â”Œ[39m
[33m[39m[90m  [33mâ”‚[90m [90m`Using "CryptoJS" is deprecated. Use "require('cr[39m
[90m  [33mâ”‚[90m ypto-js')" instead.`[90m[39m
[90m[39m[90m  [90mâ”‚[90m [90m'ë³µí˜¸í™” ê²°ê³¼ : '[90m[37m, [90m[90m'RETURNCODE=0000[39m
[90m  [90mâ”‚[90m &RETURNMSG=%BC%BA%B0%F8&CARDCODE=0921&USERPHONE=&QUOTA[39m
[90m  [90mâ”‚[90m =00&TRANTIME=151529&TRANDATE=20260106&AMOUNT=301&ITEMN[39m
[90m  [90mâ”‚[90m AME=apiautotest&DEPOSIT_AMT=0&TID=20260106151527381173[39m
[90m  [90mâ”‚[90m 3400&ORDERID=&CARDNO=485462******0767&CARDAUTHNO=35989[39m
[90m  [90mâ”‚[90m 080&CARDNAME=%C4%C9%C0%CC%B9%F0%C5%A9%C4%AB%B5%E5&USER[39m
[90m  [90mâ”‚[90m NAME=&USERID=hnkim'[90m[39m
[90m[39m[90m  â””[39m
[90m[39m[32m  âˆš [39m [90mê²°ê³¼ì½”ë“œ(RETURNCODE) ì •ìƒì¶œë ¥[39m
[32m  âˆš [39m [90mê²°ê³¼ë©”ì„¸ì§€(RETURNMSG) ì •ìƒì¶œë ¥[39m
[32m  âˆš [39m [90mì¹´ë“œì‚¬ ì½”ë“œ(CARDCODE ì •ìƒì¶œë ¥[39m
[32m  âˆš [39m [90mêµ¬ë§¤ì ì „í™”ë²ˆí˜¸(USERPHONE) ë¹ˆê°’ í™•ì¸[39m
[32m  âˆš [39m [90mí• ë¶€ ê°œì›” ìˆ˜(QUOTA) ì •ìƒì¶œë ¥[39m
[32m  âˆš [39m [90më§¤ì¶œ ë°œìƒì‹œê°„(TRANTIME) Â±5ì´ˆ ì´ë‚´ ê²€ì¦[39m
[32m  âˆš [39m [90më§¤ì¶œ ë°œìƒì¼ì(TRANDATE) ì •ìƒì¶œë ¥[39m
[32m  âˆš [39m [90mìŠ¹ì¸ê¸ˆì•¡(AMOUNT) ì •ìƒì¶œë ¥[39m
[32m  âˆš [39m [90mìƒí’ˆëª…(ITEMNAME) ì •ìƒì¶œë ¥[39m
[32m  âˆš [39m [90më³´ì¦ê¸ˆ ê¸ˆì•¡(DEPOSIT_AMT) ì •ìƒì¶œë ¥[39m
[32m  âˆš [39m [90më‹¤ë‚  ê±°ë˜ í‚¤(TID) ì •ìƒì¶œë ¥[39m
[32m  âˆš [39m [90mê°€ë§¹ì  ì£¼ë¬¸ë²ˆí˜¸(ORDERID) ë¹ˆê°’ í™•ì¸[39m
[32m  âˆš [39m [90mì¹´ë“œë²ˆí˜¸(CARDNO) ì •ìƒì¶œë ¥[39m
[32m  âˆš [39m [90mê±°ë˜ ìŠ¹ì¸ ë²ˆí˜¸(CARDAUTHNO) ì •ìƒì¶œë ¥[39m
[32m  âˆš [39m [90mì¹´ë“œì‚¬ ëª…(CARDNAME) ì •ìƒì¶œë ¥[39m
[32m  âˆš [39m [90mêµ¬ë§¤ì ì´ë¦„(USERNAME) ì •ìƒì¶œë ¥[39m
[32m  âˆš [39m [90mêµ¬ë§¤ì ID(USERID) ì •ìƒì¶œë ¥[39m

â”” [0mì¹´ë“œ ìŠ¹ì¸ ì·¨ì†Œ (BILLCANCEL)[0m
[33m  â”Œ[39m
[33m[39m[90m  [33mâ”‚[90m [90m`Using "CryptoJS" is deprecated. Use "require('cr[39m
[90m  [33mâ”‚[90m ypto-js')" instead.`[90m[39m
[90m[39m[33m  â””[39m
[33m[39m  [90mPOST[39m [90mhttps://tx-creditcard.danalpay.com/credit/?CPID=A010037544&DATA=8kvDIwvdID7NWcBMND4uDQVhlJnQ9uvS5C5%2BEoM5G3d6jPtFZc0cahX5pF9tGBheK3yYQ%2BBQnLqIH5uWlGEolTv3ssm98ANaEUhMUPCYt6XoS%2FNexEASlRYARwcHem5k[39m  
  200 OK [90mâ˜…[39m 1352ms [90mtime[39m [90mâ˜…[39m 453B[90mâ†‘[39m 388B[90mâ†“[39m [90msize[39m [90mâ˜…[39m 9[90mâ†‘[39m 4[90mâ†“[39m [90mheaders[39m [90mâ˜…[39m 0 [90mcookies[39m
  [37mâ”Œ[39m [37mâ†“[39m text/plain [90mâ˜…[39m text [90mâ˜…[39m plain [90mâ˜…[39m euc-kr [90mâ˜…[39m 255B
[90m  [37mâ”‚[90m DATA=bH6El5elON5883LB3RlfF1OF1H8eZTXv49wXL8%2FAVeVzhHU[39m
[90m  [37mâ”‚[90m 5sdes40grvKmzi%2BrXHyfSJF3OOBNPKXUfskyl6ultOkD7A10FHG4[39m
[90m  [37mâ”‚[90m rQIwotY8lNszBjnSTWlUiVoSslNz6Irf3h%2BtGRdfgG8JCdBSWfjc[39m
[90m  [37mâ”‚[90m nmD8rE5202OVJ%2FOipLiNat2NboPIEevbhu%2FmAuUH84PXcT9Pym[39m
[90m  [37mâ”‚[90m ySMhwn8rLAPN7CFBES%2FDm6q7zdkMo1wXMk%3D[39m
[90m[39m[37m  â””[39m
  [37mprepare[39m   [37mwait[39m    [37mdns-lookup[39m   [37mtcp-handshake[39m   [37mssl-handshake[39m   [37mtransfer-start[39m   [37mdownload[39m   [37mprocess[39m   [37mtotal[39m  
  [90m373Âµs[39m     [90m141Âµs[39m   [90m(cache)[39m      [90m(cache)[39m         [90m(cache)[39m         [90m1350ms[39m           [90m344Âµs[39m      [90m16Âµs[39m      [90m1351ms[39m 

[33m  â”Œ[39m
[33m[39m[90m  [33mâ”‚[90m [90m`Using "CryptoJS" is deprecated. Use "require('cr[39m
[90m  [33mâ”‚[90m ypto-js')" instead.`[90m[39m
[90m[39m[90m  [90mâ”‚[90m [90m'ë³µí˜¸í™” ê²°ê³¼ : '[90m[37m, [90m[90m'RETURNCODE=0000[39m
[90m  [90mâ”‚[90m &RETURNMSG=%BC%BA%B0%F8&BALANCE=0&O_TID=20260106151527[39m
[90m  [90mâ”‚[90m 3811733400&TID=202601061515292861813400&TRANTIME=15152[39m
[90m  [90mâ”‚[90m 9&TRANDATE=20260106&AMOUNT=301&DEPOSIT_AMT=0'[90m[39m
[90m[39m[90m  â””[39m
[90m[39m[32m  âˆš [39m [90mê²°ê³¼ì½”ë“œ(RETURNCODE) ì •ìƒì¶œë ¥[39m
[32m  âˆš [39m [90mê²°ê³¼ë©”ì„¸ì§€(RETURNMSG) ì •ìƒì¶œë ¥[39m
[32m  âˆš [39m [90mì·¨ì†Œ í›„ ì”ì•¡(BALANCE) ì •ìƒì¶œë ¥[39m
[32m  âˆš [39m [90më‹¤ë‚  ì› ê±°ë˜ í‚¤(O_TID) ì •ìƒì¶œë ¥[39m
[32m  âˆš [39m [90më‹¤ë‚  ê±°ë˜ í‚¤(TID) ì •ìƒì¶œë ¥[39m
[32m  âˆš [39m [90mìŠ¹ì¸ ë°œìƒì‹œê°„(TRANTIME) ì •ìƒì¶œë ¥[39m
[32m  âˆš [39m [90mìŠ¹ì¸ ë°œìƒì¼ì(TRANDATE)[39m
[32m  âˆš [39m [90mìŠ¹ì¸ ì·¨ì†Œ ê¸ˆì•¡(AMOUNT) ì •ìƒì¶œë ¥[39m
[32m  âˆš [39m [90mì»µ ë³´ì¦ê¸ˆ(DEPOSIT_AMT) ì •ìƒì¶œë ¥[39m

â–¡ [0më¡¯ë°ì¹´ë“œ[0m
â”” [0mì •ê¸°ê²°ì œ ìš”ì²­ (OTBILL)[0m
[33m  â”Œ[39m
[33m[39m[90m  [33mâ”‚[90m [90m`Using "CryptoJS" is deprecated. Use "require('cr[39m
[90m  [33mâ”‚[90m ypto-js')" instead.`[90m[39m
[90m[39m[33m  â””[39m
[33m[39m  [90mPOST[39m [90mhttps://tx-creditcard.danalpay.com/credit/?CPID=A010037544&DATA=wcpoTy27mkzR%2FoCmuhu%2BEL1VevUN6wQgs96fAg0NJdKChw9Ccm7hXXJcj%2FUGj%2Bb8z5dq8TvydwIj3RXPjUXi4KzQHH0ZG0DZA03Udge2eI0IsrkEsoTSxKLbYyq5iCvbykTt6GhW9hCDbp8fHC1zGJEYvBJNsjEqz2X9zw2JzcfDPdPuA9czR8Lb0T%2Ba0ODlNEPIdgayTwp7V1JVXixp1g%3D%3D[39m  
  200 OK [90mâ˜…[39m 1292ms [90mtime[39m [90mâ˜…[39m 549B[90mâ†‘[39m 580B[90mâ†“[39m [90msize[39m [90mâ˜…[39m 9[90mâ†‘[39m 4[90mâ†“[39m [90mheaders[39m [90mâ˜…[39m 0 [90mcookies[39m
  [37mâ”Œ[39m [37mâ†“[39m text/plain [90mâ˜…[39m text [90mâ˜…[39m plain [90mâ˜…[39m euc-kr [90mâ˜…[39m 447B
[90m  [37mâ”‚[90m DATA=bH6El5elON5883LB3RlfF1OF1H8eZTXv49wXL8%2FAVeUOrT2[39m
[90m  [37mâ”‚[90m zbTtZtAh642sVeJ6StsCSLQrHY87ecb4BS7M9WO73D7od%2BJSwkFn[39m
[90m  [37mâ”‚[90m jsLRsnIYNHRv0lYAar%2Fi3ry3%2FiO6nbgbdn7zV92vJSENOGsZMa[39m
[90m  [37mâ”‚[90m NbaBIw%2FM6Gq7FN087aH4A0Fhi6Cj4JC1pbTST67%2BO7vgcaqQLb[39m
[90m  [37mâ”‚[90m UuLzHzkebnzY%2BUFy5KLE2umTNvXK7zvT8wir%2FI66twc2GtHdIe[39m
[90m  [37mâ”‚[90m 1%2FxrXX1WRzOsK3DihZKH%2Ftaf3HtuVIZYF1IcThqb6NuoMHruzB[39m
[90m  [37mâ”‚[90m v3WVtTTZQ%2Bm8yT5nRTNE%2Brn3WqtWFT1FhHwOG1Q8CffaTFJ9nx[39m
[90m  [37mâ”‚[90m %2FnAL%2BG7EncT5RH2N4RiB7i3Epi%2F2m7jAZv4JT778k1Z1YVgZ[39m
[90m  [37mâ”‚[90m 7F5epEdPQ%3D%3D[39m
[90m[39m[37m  â””[39m
  [37mprepare[39m   [37mwait[39m    [37mdns-lookup[39m   [37mtcp-handshake[39m   [37mssl-handshake[39m   [37mtransfer-start[39m   [37mdownload[39m   [37mprocess[39m   [37mtotal[39m  
  [90m425Âµs[39m     [90m141Âµs[39m   [90m(cache)[39m      [90m(cache)[39m         [90m(cache)[39m         [90m1290ms[39m           [90m547Âµs[39m      [90m26Âµs[39m      [90m1291ms[39m 

[33m  â”Œ[39m
[33m[39m[90m  [33mâ”‚[90m [90m`Using "CryptoJS" is deprecated. Use "require('cr[39m
[90m  [33mâ”‚[90m ypto-js')" instead.`[90m[39m
[90m[39m[90m  [90mâ”‚[90m [90m'ë³µí˜¸í™” ê²°ê³¼ : '[90m[37m, [90m[90m'RETURNCODE=0000[39m
[90m  [90mâ”‚[90m &RETURNMSG=%BC%BA%B0%F8&CARDCODE=0700&USERPHONE=&QUOTA[39m
[90m  [90mâ”‚[90m =00&TRANTIME=151532&TRANDATE=20260106&AMOUNT=301&ITEMN[39m
[90m  [90mâ”‚[90m AME=apiautotest&DEPOSIT_AMT=0&TID=20260106151530811186[39m
[90m  [90mâ”‚[90m 3400&ORDERID=&CARDNO=513792******3380&CARDAUTHNO=25848[39m
[90m  [90mâ”‚[90m 071&CARDNAME=%B7%D4%B5%A5%C4%AB%B5%E5&USERNAME=&USERID[39m
[90m  [90mâ”‚[90m =hnkim'[90m[39m
[90m[39m[90m  â””[39m
[90m[39m[32m  âˆš [39m [90mê²°ê³¼ì½”ë“œ(RETURNCODE) ì •ìƒì¶œë ¥[39m
[32m  âˆš [39m [90mê²°ê³¼ë©”ì„¸ì§€(RETURNMSG) ì •ìƒì¶œë ¥[39m
[32m  âˆš [39m [90mì¹´ë“œì‚¬ ì½”ë“œ(CARDCODE ì •ìƒì¶œë ¥[39m
[32m  âˆš [39m [90mêµ¬ë§¤ì ì „í™”ë²ˆí˜¸(USERPHONE) ë¹ˆê°’ í™•ì¸[39m
[32m  âˆš [39m [90mí• ë¶€ ê°œì›” ìˆ˜(QUOTA) ì •ìƒì¶œë ¥[39m
[32m  âˆš [39m [90më§¤ì¶œ ë°œìƒì‹œê°„(TRANTIME) Â±5ì´ˆ ì´ë‚´ ê²€ì¦[39m
[32m  âˆš [39m [90më§¤ì¶œ ë°œìƒì¼ì(TRANDATE) ì •ìƒì¶œë ¥[39m
[32m  âˆš [39m [90mìŠ¹ì¸ê¸ˆì•¡(AMOUNT) ì •ìƒì¶œë ¥[39m
[32m  âˆš [39m [90mìƒí’ˆëª…(ITEMNAME) ì •ìƒì¶œë ¥[39m
[32m  âˆš [39m [90më³´ì¦ê¸ˆ ê¸ˆì•¡(DEPOSIT_AMT) ì •ìƒì¶œë ¥[39m
[32m  âˆš [39m [90më‹¤ë‚  ê±°ë˜ í‚¤(TID) ì •ìƒì¶œë ¥[39m
[32m  âˆš [39m [90mê°€ë§¹ì  ì£¼ë¬¸ë²ˆí˜¸(ORDERID) ë¹ˆê°’ í™•ì¸[39m
[32m  âˆš [39m [90mì¹´ë“œë²ˆí˜¸(CARDNO) ì •ìƒì¶œë ¥[39m
[32m  âˆš [39m [90mê±°ë˜ ìŠ¹ì¸ ë²ˆí˜¸(CARDAUTHNO) ì •ìƒì¶œë ¥[39m
[32m  âˆš [39m [90mì¹´ë“œì‚¬ ëª…(CARDNAME) ì •ìƒì¶œë ¥[39m
[32m  âˆš [39m [90mêµ¬ë§¤ì ì´ë¦„(USERNAME) ì •ìƒì¶œë ¥[39m
[32m  âˆš [39m [90mêµ¬ë§¤ì ID(USERID) ì •ìƒì¶œë ¥[39m

â”” [0mì¹´ë“œ ìŠ¹ì¸ ì·¨ì†Œ (BILLCANCEL)[0m
[33m  â”Œ[39m
[33m[39m[90m  [33mâ”‚[90m [90m`Using "CryptoJS" is deprecated. Use "require('cr[39m
[90m  [33mâ”‚[90m ypto-js')" instead.`[90m[39m
[90m[39m[33m  â””[39m
[33m[39m  [90mPOST[39m [90mhttps://tx-creditcard.danalpay.com/credit/?CPID=A010037544&DATA=8kvDIwvdID7NWcBMND4uDVSso%2BvQ0CCeCCQsRt5dQJlfrKBO572pYCXOBciYBAtnboNIssQrVQZC0STWMfnibY2o2BFzjX0exL6lvJ8NZb%2B%2FFefU%2FJeXhYcZNyy8NO3c[39m  
  200 OK [90mâ˜…[39m 1295ms [90mtime[39m [90mâ˜…[39m 455B[90mâ†‘[39m 390B[90mâ†“[39m [90msize[39m [90mâ˜…[39m 9[90mâ†‘[39m 4[90mâ†“[39m [90mheaders[39m [90mâ˜…[39m 0 [90mcookies[39m
  [37mâ”Œ[39m [37mâ†“[39m text/plain [90mâ˜…[39m text [90mâ˜…[39m plain [90mâ˜…[39m euc-kr [90mâ˜…[39m 257B
[90m  [37mâ”‚[90m DATA=bH6El5elON5883LB3RlfF1OF1H8eZTXv49wXL8%2FAVeVzhHU[39m
[90m  [37mâ”‚[90m 5sdes40grvKmzi%2BrXHyfSJF3OOBNPKXUfskyl6iYU8MmAg02JqAb[39m
[90m  [37mâ”‚[90m nlysazTFwwcLpMa9OjnICYhdBdwCXNMFvo0PD8dtYAdU229A0XN%2F[39m
[90m  [37mâ”‚[90m oMDvt5seYC49bHqB1bm4fYdhBKBtB1cJv%2FMz4VarwOARSmY2oCh2[39m
[90m  [37mâ”‚[90m v%2FgynMYUufevTXksVm%2Bgt%2Bn5A3oSMtT8%3D[39m
[90m[39m[37m  â””[39m
  [37mprepare[39m   [37mwait[39m    [37mdns-lookup[39m   [37mtcp-handshake[39m   [37mssl-handshake[39m   [37mtransfer-start[39m   [37mdownload[39m   [37mprocess[39m   [37mtotal[39m  
  [90m697Âµs[39m     [90m161Âµs[39m   [90m(cache)[39m      [90m(cache)[39m         [90m(cache)[39m         [90m1293ms[39m           [90m492Âµs[39m      [90m16Âµs[39m      [90m1295ms[39m 

[33m  â”Œ[39m
[33m[39m[90m  [33mâ”‚[90m [90m`Using "CryptoJS" is deprecated. Use "require('cr[39m
[90m  [33mâ”‚[90m ypto-js')" instead.`[90m[39m
[90m[39m[90m  [90mâ”‚[90m [90m'ë³µí˜¸í™” ê²°ê³¼ : '[90m[37m, [90m[90m'RETURNCODE=0000[39m
[90m  [90mâ”‚[90m &RETURNMSG=%BC%BA%B0%F8&BALANCE=0&O_TID=20260106151530[39m
[90m  [90mâ”‚[90m 8111863400&TID=202601061515322571963400&TRANTIME=15153[39m
[90m  [90mâ”‚[90m 2&TRANDATE=20260106&AMOUNT=301&DEPOSIT_AMT=0'[90m[39m
[90m[39m[90m  â””[39m
[90m[39m[32m  âˆš [39m [90mê²°ê³¼ì½”ë“œ(RETURNCODE) ì •ìƒì¶œë ¥[39m
[32m  âˆš [39m [90mê²°ê³¼ë©”ì„¸ì§€(RETURNMSG) ì •ìƒì¶œë ¥[39m
[32m  âˆš [39m [90mì·¨ì†Œ í›„ ì”ì•¡(BALANCE) ì •ìƒì¶œë ¥[39m
[32m  âˆš [39m [90më‹¤ë‚  ì› ê±°ë˜ í‚¤(O_TID) ì •ìƒì¶œë ¥[39m
[32m  âˆš [39m [90më‹¤ë‚  ê±°ë˜ í‚¤(TID) ì •ìƒì¶œë ¥[39m
[32m  âˆš [39m [90mìŠ¹ì¸ ë°œìƒì‹œê°„(TRANTIME) ì •ìƒì¶œë ¥[39m
[32m  âˆš [39m [90mìŠ¹ì¸ ë°œìƒì¼ì(TRANDATE)[39m
[32m  âˆš [39m [90mìŠ¹ì¸ ì·¨ì†Œ ê¸ˆì•¡(AMOUNT) ì •ìƒì¶œë ¥[39m
[32m  âˆš [39m [90mì»µ ë³´ì¦ê¸ˆ(DEPOSIT_AMT) ì •ìƒì¶œë ¥[39m

[90mâ”Œâ”€â”€â”€â”€â”€â”€â”€â”€â”€â”€â”€â”€â”€â”€â”€â”€â”€â”€â”€â”€â”€â”€â”€â”€â”€[39m[90mâ”¬â”€â”€â”€â”€â”€â”€â”€â”€â”€â”€â”€â”€â”€â”€â”€â”€â”€â”€â”€â”€[39m[90mâ”¬â”€â”€â”€â”€â”€â”€â”€â”€â”€â”€â”€â”€â”€â”€â”€â”€â”€â”€â”€â”€â”[39m
[90mâ”‚[39m                         [90mâ”‚[39m           executed [90mâ”‚[39m             failed [90mâ”‚[39m
[90mâ”œâ”€â”€â”€â”€â”€â”€â”€â”€â”€â”€â”€â”€â”€â”€â”€â”€â”€â”€â”€â”€â”€â”€â”€â”€â”€[39m[90mâ”¼â”€â”€â”€â”€â”€â”€â”€â”€â”€â”€â”€â”€â”€â”€â”€â”€â”€â”€â”€â”€[39m[90mâ”¼â”€â”€â”€â”€â”€â”€â”€â”€â”€â”€â”€â”€â”€â”€â”€â”€â”€â”€â”€â”€â”¤[39m
[90mâ”‚[39m              [32miterations[39m [90mâ”‚[39m                  1 [90mâ”‚[39m                  0 [90mâ”‚[39m
[90mâ”œâ”€â”€â”€â”€â”€â”€â”€â”€â”€â”€â”€â”€â”€â”€â”€â”€â”€â”€â”€â”€â”€â”€â”€â”€â”€[39m[90mâ”¼â”€â”€â”€â”€â”€â”€â”€â”€â”€â”€â”€â”€â”€â”€â”€â”€â”€â”€â”€â”€[39m[90mâ”¼â”€â”€â”€â”€â”€â”€â”€â”€â”€â”€â”€â”€â”€â”€â”€â”€â”€â”€â”€â”€â”¤[39m
[90mâ”‚[39m                [32mrequests[39m [90mâ”‚[39m                 21 [90mâ”‚[39m                  0 [90mâ”‚[39m
[90mâ”œâ”€â”€â”€â”€â”€â”€â”€â”€â”€â”€â”€â”€â”€â”€â”€â”€â”€â”€â”€â”€â”€â”€â”€â”€â”€[39m[90mâ”¼â”€â”€â”€â”€â”€â”€â”€â”€â”€â”€â”€â”€â”€â”€â”€â”€â”€â”€â”€â”€[39m[90mâ”¼â”€â”€â”€â”€â”€â”€â”€â”€â”€â”€â”€â”€â”€â”€â”€â”€â”€â”€â”€â”€â”¤[39m
[90mâ”‚[39m            [32mtest-scripts[39m [90mâ”‚[39m                 21 [90mâ”‚[39m                  0 [90mâ”‚[39m
[90mâ”œâ”€â”€â”€â”€â”€â”€â”€â”€â”€â”€â”€â”€â”€â”€â”€â”€â”€â”€â”€â”€â”€â”€â”€â”€â”€[39m[90mâ”¼â”€â”€â”€â”€â”€â”€â”€â”€â”€â”€â”€â”€â”€â”€â”€â”€â”€â”€â”€â”€[39m[90mâ”¼â”€â”€â”€â”€â”€â”€â”€â”€â”€â”€â”€â”€â”€â”€â”€â”€â”€â”€â”€â”€â”¤[39m
[90mâ”‚[39m      [32mprerequest-scripts[39m [90mâ”‚[39m                 21 [90mâ”‚[39m                  0 [90mâ”‚[39m
[90mâ”œâ”€â”€â”€â”€â”€â”€â”€â”€â”€â”€â”€â”€â”€â”€â”€â”€â”€â”€â”€â”€â”€â”€â”€â”€â”€[39m[90mâ”¼â”€â”€â”€â”€â”€â”€â”€â”€â”€â”€â”€â”€â”€â”€â”€â”€â”€â”€â”€â”€[39m[90mâ”¼â”€â”€â”€â”€â”€â”€â”€â”€â”€â”€â”€â”€â”€â”€â”€â”€â”€â”€â”€â”€â”¤[39m
[90mâ”‚[39m              [32massertions[39m [90mâ”‚[39m                250 [90mâ”‚[39m                  0 [90mâ”‚[39m
[90mâ”œâ”€â”€â”€â”€â”€â”€â”€â”€â”€â”€â”€â”€â”€â”€â”€â”€â”€â”€â”€â”€â”€â”€â”€â”€â”€â”´â”€â”€â”€â”€â”€â”€â”€â”€â”€â”€â”€â”€â”€â”€â”€â”€â”€â”€â”€â”€â”´â”€â”€â”€â”€â”€â”€â”€â”€â”€â”€â”€â”€â”€â”€â”€â”€â”€â”€â”€â”€â”¤[39m
[90mâ”‚[39m total run duration: 30.1s                                         [90mâ”‚[39m
[90mâ”œâ”€â”€â”€â”€â”€â”€â”€â”€â”€â”€â”€â”€â”€â”€â”€â”€â”€â”€â”€â”€â”€â”€â”€â”€â”€â”€â”€â”€â”€â”€â”€â”€â”€â”€â”€â”€â”€â”€â”€â”€â”€â”€â”€â”€â”€â”€â”€â”€â”€â”€â”€â”€â”€â”€â”€â”€â”€â”€â”€â”€â”€â”€â”€â”€â”€â”€â”€â”¤[39m
[90mâ”‚[39m total data received: 8.03kB (approx)                              [90mâ”‚[39m
[90mâ”œâ”€â”€â”€â”€â”€â”€â”€â”€â”€â”€â”€â”€â”€â”€â”€â”€â”€â”€â”€â”€â”€â”€â”€â”€â”€â”€â”€â”€â”€â”€â”€â”€â”€â”€â”€â”€â”€â”€â”€â”€â”€â”€â”€â”€â”€â”€â”€â”€â”€â”€â”€â”€â”€â”€â”€â”€â”€â”€â”€â”€â”€â”€â”€â”€â”€â”€â”€â”¤[39m
[90mâ”‚[39m average response time: 1275ms [min: 20ms, max: 2s, s.d.: 529ms]   [90mâ”‚[39m
[90mâ”œâ”€â”€â”€â”€â”€â”€â”€â”€â”€â”€â”€â”€â”€â”€â”€â”€â”€â”€â”€â”€â”€â”€â”€â”€â”€â”€â”€â”€â”€â”€â”€â”€â”€â”€â”€â”€â”€â”€â”€â”€â”€â”€â”€â”€â”€â”€â”€â”€â”€â”€â”€â”€â”€â”€â”€â”€â”€â”€â”€â”€â”€â”€â”€â”€â”€â”€â”€â”¤[39m
[90mâ”‚[39m average DNS lookup time: 37ms [min: 37ms, max: 37ms, s.d.: 0Âµs]   [90mâ”‚[39m
[90mâ”œâ”€â”€â”€â”€â”€â”€â”€â”€â”€â”€â”€â”€â”€â”€â”€â”€â”€â”€â”€â”€â”€â”€â”€â”€â”€â”€â”€â”€â”€â”€â”€â”€â”€â”€â”€â”€â”€â”€â”€â”€â”€â”€â”€â”€â”€â”€â”€â”€â”€â”€â”€â”€â”€â”€â”€â”€â”€â”€â”€â”€â”€â”€â”€â”€â”€â”€â”€â”¤[39m
[90mâ”‚[39m average first byte time: 1270ms [min: 18ms, max: 2s, s.d.: 536ms] [90mâ”‚[39m
[90mâ””â”€â”€â”€â”€â”€â”€â”€â”€â”€â”€â”€â”€â”€â”€â”€â”€â”€â”€â”€â”€â”€â”€â”€â”€â”€â”€â”€â”€â”€â”€â”€â”€â”€â”€â”€â”€â”€â”€â”€â”€â”€â”€â”€â”€â”€â”€â”€â”€â”€â”€â”€â”€â”€â”€â”€â”€â”€â”€â”€â”€â”€â”€â”€â”€â”€â”€â”€â”˜[39m
