[0mnewman[0m

[0mDanal_CreditRebill_v1.0[0m

â–¡ [0mCP ë° ì •ê¸°ê²°ì œ ìš”ì²­ ì „ì†¡[0m
â”” [0mREADY - BATCH[0m
[33m  â”Œ[39m
[33m[39m[90m  [33mâ”‚[90m [90m`Using "CryptoJS" is deprecated. Use "require('cr[39m
[90m  [33mâ”‚[90m ypto-js')" instead.`[90m[39m
[90m[39m[33m  â””[39m
[33m[39m  [90mPOST[39m [90mhttps://tx-creditcard.danalpay.com/credit/?CPID=A010037544&DATA=wcpoTy27mkzR%2FoCmuhu%2BEL1VevUN6wQgs96fAg0NJdKChw9Ccm7hXXJcj%2FUGj%2Bb8z5dq8TvydwIj3RXPjUXi4PJAgyNbIM2hLz3kcfuDNAuCqSPVhBCpg6V8SYW3jJ%2FZIfE36F%2BlYYpMSgxO77gr%2BDwLH0n%2BtJG7ZAyj6rsqbDI3wCKhX4bzlTMTVKd8c%2BGAYmpCZ3i8%2BtXuuBm6g2NRznUDXGC09xQFVhQa4p6tQyOn5eKksesgLSgIMzKa6kDqC5%2BLzMcAl8IF7qCGgIqWAazfqDqnE0a5U%2BZ8p2HIn%2FENLsoKdJRXIlRiPnCOj5yDVfIQWasCSQLbccOu1NheelnZWQGZ5rGm%2FTC5F8i9Vs5%2BjHsIKtlMOIqeb%2BdxblE4thUJb9NDu3NPdadnhpnr9g%3D%3D[39m  
  200 OK [90mâ˜…[39m 198ms [90mtime[39m [90mâ˜…[39m 795B[90mâ†‘[39m 1.01kB[90mâ†“[39m [90msize[39m [90mâ˜…[39m 9[90mâ†‘[39m 5[90mâ†“[39m [90mheaders[39m [90mâ˜…[39m 0 [90mcookies[39m
  [37mâ”Œ[39m [37mâ†“[39m text/plain [90mâ˜…[39m text [90mâ˜…[39m plain [90mâ˜…[39m euc-kr [90mâ˜…[39m 793B
[90m  [37mâ”‚[90m DATA=bH6El5elON5883LB3RlfF1OF1H8eZTXv49wXL8%2FAVeUPd%2[39m
[90m  [37mâ”‚[90m BK0HnOxWTiKRFfoHkbh44XuFo%2F1YFe43srRQ4OJOxhLs95VAra5s[39m
[90m  [37mâ”‚[90m %2FVSLkz2ecI5qQP1JD7FiD808s7HiPd47XkJ1NntIGHG7zscw9xj%[39m
[90m  [37mâ”‚[90m 2BWV5BJabAZk95CvXzd4yPY2qMxK2LQqtdHUbQEgMwwQc5js67hLDn[39m
[90m  [37mâ”‚[90m tRwUMUo4ntdhZ%2FOGHquSBm3BAPz7VZDnoqXrRHeAQyRB3ePyxPQ6[39m
[90m  [37mâ”‚[90m QeNujFiysadoOck7Ow6SSy5OZ5CizXwlqxrZywZ9cpoyzI2XV7KSuP[39m
[90m  [37mâ”‚[90m J8zcC3P58yLTkZQkn%2FMrhzbCa2nXv55lUMDJvOKBX%2Fu3YncM3h[39m
[90m  [37mâ”‚[90m D%2FrZVtTyX31f68uX1V%2Bg2ywZvEovPq0KaM1w5S%2BKoqR1494J[39m
[90m  [37mâ”‚[90m awdtl8WDBTV0RrlrJEG%2FUQpz4v8NxSg9UMYe4J1VvSD7VvaOBB9c[39m
[90m  [37mâ”‚[90m 52794%2Bf3vzf7nrWF9Wi6t1g9H2u5Jt50SVWR7E4m8TUX2zCpgDmx[39m
[90m  [37mâ”‚[90m XjaUTs1PoUIvN16QhdjBRqBqOOTz2RVWoPDSJJzOzZoBm%2Bkb8u2u[39m
[90m  [37mâ”‚[90m xZCzkRxnZ%2BHr6vGzxIoHpnVfAL3SvfeWU%2Be9WrjZ2h0Yjrfs0z[39m
[90m  [37mâ”‚[90m 7E3Jf2HUE%2FM7MnyufTDdDbaM3hhp2dDqyStmZ9pXtiYF9ig69oj%[39m
[90m  [37mâ”‚[90m 2BjHbCpYP5GgrS4F5LAYj4Olnb2MrkabIRlavKHRpEzCu7hihsUjSM[39m
[90m  [37mâ”‚[90m Z8CVfexaF5arA3L8ysJ%2B4FKr6ldh6qWQ%3D[39m
[90m[39m[37m  â””[39m
  [37mprepare[39m   [37mwait[39m   [37mdns-lookup[39m   [37mtcp-handshake[39m   [37mssl-handshake[39m   [37mtransfer-start[39m   [37mdownload[39m   [37mprocess[39m   [37mtotal[39m 
  [90m5ms[39m       [90m18ms[39m   [90m127ms[39m        [90m3ms[39m             [90m6ms[39m             [90m37ms[39m             [90m3ms[39m        [90m193Âµs[39m     [90m203ms[39m 

[33m  â”Œ[39m
[33m[39m[90m  [33mâ”‚[90m [90m`Using "CryptoJS" is deprecated. Use "require('cr[39m
[90m  [33mâ”‚[90m ypto-js')" instead.`[90m[39m
[90m[39m[90m  [90mâ”‚[90m [90m'ë³µí˜¸í™” ê²°ê³¼ : '[90m[37m, [90m[90m'RETURNCODE=0000[39m
[90m  [90mâ”‚[90m &RETURNMSG=%BC%BA%B0%F8&STARTURL=https%3A%2F%2Fcheckou[39m
[90m  [90mâ”‚[90m t.teledit.com%2Fcreditcard_recurring%2Fweb&TID=2026010[39m
[90m  [90mâ”‚[90m 70350037863764400&ORDERID=&STARTPARAMS=4q3MUdEXw%2Ft4R[39m
[90m  [90mâ”‚[90m CqJf7Xl4Q74EPAbfg%2Fb6SlxrePp9qyI%2BCgqTSiVzEkD9s18AJz[39m
[90m  [90mâ”‚[90m k%2BJTLAVYviyEN%2Fkm3imZ1Ghuz6NVIx%2BqlYW%2FzMBfyYv0kF[39m
[90m  [90mâ”‚[90m bX5OqCSFNT8LKPLO1%2BoSil7%2FIhvZtK1jHrAznucOGq8WMjrx1N[39m
[90m  [90mâ”‚[90m uQCzGCm%2FCFvmvZRe%2BTDEZaJrf%2B%2Ffos0U0gqc6icGj1xUY8[39m
[90m  [90mâ”‚[90m 1WqlGb7pjTBcL1FLC%2B6vnY0cK5y3HS4eyIrA5K5S9alWOADCt43Z[39m
[90m  [90mâ”‚[90m 3MKsF3PAxWBQ1qUu2yS5TxCLX%2F7wjnqlxRpfBvI3i%2FaN3vrpln[39m
[90m  [90mâ”‚[90m Tm2T%2FQEY4efw6wa1fmRbtemsUknxReaxebg%3D%3D&AMOUNT=301[39m
[90m  [90mâ”‚[90m '[90m[39m
[90m[39m[90m  [90mâ”‚[90m [90m'STARTURL(ë””ì½”ë”©):'[90m[37m, [90m[90m'https://ch[39m
[90m  [90mâ”‚[90m eckout.teledit.com/creditcard_recurring/web'[90m[39m
[90m[39m[90m  â””[39m
[90m[39m[32m  âˆš [39m [90mê²°ê³¼ì½”ë“œ(RETURNCODE) ì •ìƒì¶œë ¥[39m
[32m  âˆš [39m [90mê²°ê³¼ë©”ì‹œì§€(RETURNMSG) ì •ìƒì¶œë ¥[39m
[32m  âˆš [39m [90mì •ê¸°ê²°ì œ ì´ˆê¸°ì¸ì¦ í‘œì¤€í˜ì´ì§€ ì‹œì‘ URL(STARTURL) ì •ìƒì¶œë ¥[39m
[32m  âˆš [39m [90më‹¤ë‚  ê±°ë˜ í‚¤(TID) ì •ìƒì¶œë ¥[39m
[32m  âˆš [39m [90mê°€ë§¹ì  ì£¼ë¬¸ë²ˆí˜¸(ORDERID) ë¹ˆê°’ í™•ì¸[39m
[32m  âˆš [39m [90mìœ„ í‘œì¤€í˜ì´ì§€ ì‹œì‘ URL ì „ì†¡ íŒŒë¼ë¯¸í„°(STARTPARAMS) ì •ìƒì¶œë ¥[39m
[32m  âˆš [39m [90mê²°ì œê¸ˆì•¡(AMOUNT) ì •ìƒì¶œë ¥[39m

â”” [0mREADY - DANALCARD[0m
[33m  â”Œ[39m
[33m[39m[90m  [33mâ”‚[90m [90m`Using "CryptoJS" is deprecated. Use "require('cr[39m
[90m  [33mâ”‚[90m ypto-js')" instead.`[90m[39m
[90m[39m[33m  â””[39m
[33m[39m  [90mPOST[39m [90mhttps://tx-creditcard.danalpay.com/credit/?CPID=A010037544&DATA=wcpoTy27mkzR%2FoCmuhu%2BEL1VevUN6wQgs96fAg0NJdKChw9Ccm7hXXJcj%2FUGj%2Bb8z5dq8TvydwIj3RXPjUXi4PJAgyNbIM2hLz3kcfuDNAsCL18rdUmVCzFjEXB9wjgQ82IteFWZK11Um66aaXg9%2BmJBA%2BzStWEMjr0dSocIEm%2Bbu9cYhIHHrFuuMeAbp0%2FaOn9YPjFswBAcVkFCl4MZNYRXi9%2BMiA7xwR%2FFNE00HJ0pC21O5yf5imQNizmVqk2bD03K20FpT3Fs3h%2FUCOJ0UXofslr6lyNGsyvb6DemiNcWC4LE3zCDhJmfdiJa9ITHGb2ToWrxU2XD3B50so4Ru4EZtRrOIrbszRI9doqcDx5dZKeCsMBh%2Ff1PMU0qTPX5ctV%2BHYz%2F289vKWnUu4B9CA%3D%3D[39m  
  200 OK [90mâ˜…[39m 35ms [90mtime[39m [90mâ˜…[39m 823B[90mâ†‘[39m 924B[90mâ†“[39m [90msize[39m [90mâ˜…[39m 10[90mâ†‘[39m 4[90mâ†“[39m [90mheaders[39m [90mâ˜…[39m 0 [90mcookies[39m
  [37mâ”Œ[39m [37mâ†“[39m text/plain [90mâ˜…[39m text [90mâ˜…[39m plain [90mâ˜…[39m euc-kr [90mâ˜…[39m 791B
[90m  [37mâ”‚[90m DATA=bH6El5elON5883LB3RlfF1OF1H8eZTXv49wXL8%2FAVeUPd%2[39m
[90m  [37mâ”‚[90m BK0HnOxWTiKRFfoHkbh44XuFo%2F1YFe43srRQ4OJOxhLs95VAra5s[39m
[90m  [37mâ”‚[90m %2FVSLkz2ecI5qQP1JD7FiD808s7HiPd4aiFvBjr3qYozdHQ5Xzgj5[39m
[90m  [37mâ”‚[90m D%2BbOFqcZCxOD60WU2qeMf90kNb7QEUA7W27dKpxBJU15mOL4Yz0Y[39m
[90m  [37mâ”‚[90m oGsgKT2TWzZjRHEN%2F5h%2B4KCJcd8%2FLjbXaPDP4tPkkNUDoDCN[39m
[90m  [37mâ”‚[90m LiwEMkReGd%2B3eHT6ybC%2FydUHTvChpG5wWmZDnUaF%2B3NDNMca[39m
[90m  [37mâ”‚[90m %2BNj6OqBceiQj1MJ67yMm7Sj%2FlgW8qIxfFqbqdoRA3LBi7SC3Fx[39m
[90m  [37mâ”‚[90m UIvtXBOg47JL2OT1Rb7XT3Biu2n1PSoomdwqz6XOncAH1Rik%2BN%2[39m
[90m  [37mâ”‚[90m BE1FUjWhhM%2BsOthnYs2D2oC13Zx61Rw%2FqItEN6PHSP5hleZ4DI[39m
[90m  [37mâ”‚[90m 4nqKqCsIHr5a7hkt9zirgpPxCwO06i%2BHCXGL%2FxXunYb6xWIKKX[39m
[90m  [37mâ”‚[90m h0UYp13m0P2k9oEUIPTP%2FsBzuEldBWeI4%2BRni%2FIxvvX70mI4[39m
[90m  [37mâ”‚[90m dWKO5FwFMLqor7SDLSsf5eUeFaRsEpizWBhC1UiCN%2FyERSuSAPgK[39m
[90m  [37mâ”‚[90m g8MuQ1h4VqdFQKyDqiQ3Wks65WmwOGHrquCntmHWJtrr%2Fa7LAp%2[39m
[90m  [37mâ”‚[90m B6ExIise715rYS3i%2Fs1d3UNeXk3lh1ULg94msNx24WFn5XGuO4fw[39m
[90m  [37mâ”‚[90m X0E7XV%2FnNWqobVycndPhs6FOTgQ%3D%3D[39m
[90m[39m[37m  â””[39m
  [37mprepare[39m   [37mwait[39m    [37mdns-lookup[39m   [37mtcp-handshake[39m   [37mssl-handshake[39m   [37mtransfer-start[39m   [37mdownload[39m   [37mprocess[39m   [37mtotal[39m 
  [90m822Âµs[39m     [90m356Âµs[39m   [90m(cache)[39m      [90m(cache)[39m         [90m(cache)[39m         [90m33ms[39m             [90m1ms[39m        [90m39Âµs[39m      [90m35ms[39m  

[33m  â”Œ[39m
[33m[39m[90m  [33mâ”‚[90m [90m`Using "CryptoJS" is deprecated. Use "require('cr[39m
[90m  [33mâ”‚[90m ypto-js')" instead.`[90m[39m
[90m[39m[90m  [90mâ”‚[90m [90m'ë³µí˜¸í™” ê²°ê³¼ : '[90m[37m, [90m[90m'RETURNCODE=0000[39m
[90m  [90mâ”‚[90m &RETURNMSG=%BC%BA%B0%F8&STARTURL=https%3A%2F%2Fcheckou[39m
[90m  [90mâ”‚[90m t.teledit.com%2Fcreditcard_std%2Fweb&TID=2026010703500[39m
[90m  [90mâ”‚[90m 40233774400&ORDERID=&STARTPARAMS=4q3MUdEXw%2Ft4RCqJf7X[39m
[90m  [90mâ”‚[90m l4Q74EPAbfg%2Fb6SlxrePp9qyO%2BFVA8%2FpmNnFPM3Teb5GzI9t[39m
[90m  [90mâ”‚[90m ksH80MfqXGZjNJ5leioNNN1t6KEe5X0SZnqoMLn6NZ%2Ft1%2FAQAI[39m
[90m  [90mâ”‚[90m JWu5ETBYIAJc6ztJyVE90xzoDaDck3zHgLW4KvcG8TV2Ra57J5c96B[39m
[90m  [90mâ”‚[90m LoeZ7DwX4jbTAyLTER4XBCJb1eNz3SadmOGs7FRRpR04zd9d2w3e%2[39m
[90m  [90mâ”‚[90m FumErrc97PDgn7lgL4bIB%2F2yKQfP606XiEWEXV6gpEkowctULe8D[39m
[90m  [90mâ”‚[90m JwIv4OThl16GjT9MVY0uirwLj10O5rXRVU9CTEeZI3xxALgnm0lhrk[39m
[90m  [90mâ”‚[90m XR0y4NXG3eBZA%3D%3D&AMOUNT=301'[90m[39m
[90m[39m[90m  [90mâ”‚[90m [90m'STARTURL(ë””ì½”ë”©):'[90m[37m, [90m[90m'https://ch[39m
[90m  [90mâ”‚[90m eckout.teledit.com/creditcard_std/web'[90m[39m
[90m[39m[90m  â””[39m
[90m[39m[32m  âˆš [39m [90mê²°ê³¼ì½”ë“œ(RETURNCODE) ì •ìƒì¶œë ¥[39m
[32m  âˆš [39m [90mê²°ê³¼ë©”ì‹œì§€(RETURNMSG) ì •ìƒì¶œë ¥[39m
[32m  âˆš [39m [90mì •ê¸°ê²°ì œ ì´ˆê¸°ì¸ì¦ í‘œì¤€í˜ì´ì§€ ì‹œì‘ URL(STARTURL) ì •ìƒì¶œë ¥[39m
[32m  âˆš [39m [90më‹¤ë‚  ê±°ë˜ í‚¤(TID) ì •ìƒì¶œë ¥[39m
[32m  âˆš [39m [90mê°€ë§¹ì  ì£¼ë¬¸ë²ˆí˜¸(ORDERID) ë¹ˆê°’ í™•ì¸[39m
[32m  âˆš [39m [90mìœ„ í‘œì¤€í˜ì´ì§€ ì‹œì‘ URL ì „ì†¡ íŒŒë¼ë¯¸í„°(STARTPARAMS) ì •ìƒì¶œë ¥[39m
[32m  âˆš [39m [90mê²°ì œê¸ˆì•¡(AMOUNT) ì •ìƒì¶œë ¥[39m

â–¡ [0mì´ˆê¸° ì¸ì¦ ê²°ì œ ìš”ì²­[0m
â”” [0mISSUEBILLKEY[0m
[33m  â”Œ[39m
[33m[39m[90m  [33mâ”‚[90m [90m`Using "CryptoJS" is deprecated. Use "require('cr[39m
[90m  [33mâ”‚[90m ypto-js')" instead.`[90m[39m
[90m[39m[33m  â””[39m
[33m[39m  [90mPOST[39m [90mhttps://tx-creditcard.danalpay.com/credit/?CPID=A010037544&DATA=8kvDIwvdID7NWcBMND4uDXHvMUqO25iIdKkD6XH4VkTYfgoBPJqjGpr15Fqq4CCxlzQc11Pn06IJSodR9hnt4%2FgbXDCdFcZ2uADRjw%2Fvh8Q%3D[39m  
  200 OK [90mâ˜…[39m 21ms [90mtime[39m [90mâ˜…[39m 497B[90mâ†‘[39m 306B[90mâ†“[39m [90msize[39m [90mâ˜…[39m 10[90mâ†‘[39m 4[90mâ†“[39m [90mheaders[39m [90mâ˜…[39m 0 [90mcookies[39m
  [37mâ”Œ[39m [37mâ†“[39m text/plain [90mâ˜…[39m text [90mâ˜…[39m plain [90mâ˜…[39m euc-kr [90mâ˜…[39m 173B
[90m  [37mâ”‚[90m DATA=fu6S2rILK1%2FE0lgEyKGQ3as6kEkKer8HBmYwPlLTQPqeWeo[39m
[90m  [37mâ”‚[90m 0taLjoIqY3nt5M9Ain9%2FdSrney5Xk7N8rrXeDatXmX3cBkW8AK%2[39m
[90m  [37mâ”‚[90m Fhur103JCPk%2FgnHIfgkNuxsIeQFSvIfI%2FH1JTi7tWOoc%2BmgT[39m
[90m  [37mâ”‚[90m 3dcXA%3D%3D[39m
[90m[39m[37m  â””[39m
  [37mprepare[39m   [37mwait[39m    [37mdns-lookup[39m   [37mtcp-handshake[39m   [37mssl-handshake[39m   [37mtransfer-start[39m   [37mdownload[39m   [37mprocess[39m   [37mtotal[39m 
  [90m493Âµs[39m     [90m151Âµs[39m   [90m(cache)[39m      [90m(cache)[39m         [90m(cache)[39m         [90m19ms[39m             [90m590Âµs[39m      [90m37Âµs[39m      [90m20ms[39m  

[33m  â”Œ[39m
[33m[39m[90m  [33mâ”‚[90m [90m`Using "CryptoJS" is deprecated. Use "require('cr[39m
[90m  [33mâ”‚[90m ypto-js')" instead.`[90m[39m
[90m[39m[90m  [90mâ”‚[90m [90m'ë³µí˜¸í™” ê²°ê³¼ : '[90m[37m, [90m[90m'RETURNCODE=1104[39m
[90m  [90mâ”‚[90m &RETURNMSG=%C1%B8%C0%E7%C7%CF%C1%F6+%BE%CA%B4%C2+%B0%C[39m
[90m  [90mâ”‚[90m 5%B7%A1+%C0%D4%B4%CF%B4%D9.'[90m[39m
[90m[39m[90m  â””[39m
[90m[39m[32m  âˆš [39m [90mê²°ê³¼ì½”ë“œ(RETURNCODE) : 1104 ì¶œë ¥[39m
[32m  âˆš [39m [90mê²°ê³¼ë©”ì„¸ì§€(RETURNMSG) : ì¡´ì¬í•˜ì§€ ì•ŠëŠ” ê±°ë˜ì…ë‹ˆë‹¤. ì¶œë ¥[39m

â–¡ [0mì‚¼ì„±ì¹´ë“œ[0m
â”” [0mì •ê¸°ê²°ì œ ìš”ì²­ (OTBILL)[0m
[33m  â”Œ[39m
[33m[39m[90m  [33mâ”‚[90m [90m`Using "CryptoJS" is deprecated. Use "require('cr[39m
[90m  [33mâ”‚[90m ypto-js')" instead.`[90m[39m
[90m[39m[33m  â””[39m
[33m[39m  [90mPOST[39m [90mhttps://tx-creditcard.danalpay.com/credit/?CPID=A010037544&DATA=wcpoTy27mkzR%2FoCmuhu%2BEL1VevUN6wQgs96fAg0NJdKChw9Ccm7hXXJcj%2FUGj%2Bb8z5dq8TvydwIj3RXPjUXi4KzQHH0ZG0DZA03Udge2eI0IsrkEsoTSxKLbYyq5iCvbykTt6GhW9hCDbp8fHC1zGJEYvBJNsjEqz2X9zw2JzccrERjqayECmibASVLCFcu3mtMwnyeSqsDkh6Ok0RVNhbkzCgrGZvyWLuE0qblstQgkt2NYUzE21ScHAo%2BsYJOcT3xCtYEislZjbacyD1Wou68o56siY3%2FOkdyV%2FLh5ZjM%3D[39m  
  200 OK [90mâ˜…[39m 1488ms [90mtime[39m [90mâ˜…[39m 699B[90mâ†‘[39m 608B[90mâ†“[39m [90msize[39m [90mâ˜…[39m 10[90mâ†‘[39m 4[90mâ†“[39m [90mheaders[39m [90mâ˜…[39m 0 [90mcookies[39m
  [37mâ”Œ[39m [37mâ†“[39m text/plain [90mâ˜…[39m text [90mâ˜…[39m plain [90mâ˜…[39m euc-kr [90mâ˜…[39m 475B
[90m  [37mâ”‚[90m DATA=bH6El5elON5883LB3RlfF1OF1H8eZTXv49wXL8%2FAVeUOrT2[39m
[90m  [37mâ”‚[90m zbTtZtAh642sVeJ6SinzZOuh%2FIZ8I4udqbGHtBkhgdi%2BMdWuDR[39m
[90m  [37mâ”‚[90m W9eksHgWIAxtcgM0QehGiYR1gSpwvvq2f6CUmwcd6mApN5Y4PxiLwX[39m
[90m  [37mâ”‚[90m V83xjMbCXeeOX8ZE3ySzBcQOK6GALohZUye9ThmKBqaY1bI4h8ODHP[39m
[90m  [37mâ”‚[90m KqtJhj9oJz8iSUr5scF6jomt3qTP55s5E7JjlMorf7xnFRZ6nvChhG[39m
[90m  [37mâ”‚[90m zCLVP2JD75tPrFGpWI9k6r8XdA3jndbU5Q%2B0%2Bi2gQWgxTnpRu9[39m
[90m  [37mâ”‚[90m 48h6UJihEHenaLMcD1zQ8Kh8ETJfE24kGCHVF%2FQpKuBJfsIjvhlk[39m
[90m  [37mâ”‚[90m io02S86dDYa2GAtD5nlPIYoI%2ByA%2BfCygng0dK2FSv3wRlg%2Fb[39m
[90m  [37mâ”‚[90m kNMPvYC7x0BHcX1gx9vdpXugHXjUl8N%2B9L85bo%2B[39m
[90m[39m[37m  â””[39m
  [37mprepare[39m   [37mwait[39m    [37mdns-lookup[39m   [37mtcp-handshake[39m   [37mssl-handshake[39m   [37mtransfer-start[39m   [37mdownload[39m   [37mprocess[39m   [37mtotal[39m  
  [90m359Âµs[39m     [90m182Âµs[39m   [90m(cache)[39m      [90m(cache)[39m         [90m(cache)[39m         [90m1486ms[39m           [90m704Âµs[39m      [90m26Âµs[39m      [90m1487ms[39m 

[33m  â”Œ[39m
[33m[39m[90m  [33mâ”‚[90m [90m`Using "CryptoJS" is deprecated. Use "require('cr[39m
[90m  [33mâ”‚[90m ypto-js')" instead.`[90m[39m
[90m[39m[90m  [90mâ”‚[90m [90m'ë³µí˜¸í™” ê²°ê³¼ : '[90m[37m, [90m[90m'RETURNCODE=0000[39m
[90m  [90mâ”‚[90m &RETURNMSG=%BC%BA%B0%F8&CARDCODE=0500&USERPHONE=010854[39m
[90m  [90mâ”‚[90m 02697&QUOTA=00&TRANTIME=035005&TRANDATE=20260107&AMOUN[39m
[90m  [90mâ”‚[90m T=301&ITEMNAME=apiautotest&DEPOSIT_AMT=0&TID=202601070[39m
[90m  [90mâ”‚[90m 350044113794400&ORDERID=01234567&CARDNO=512028******72[39m
[90m  [90mâ”‚[90m 94&CARDAUTHNO=83657261&CARDNAME=%BB%EF%BC%BA%C4%AB%B5%[39m
[90m  [90mâ”‚[90m E5&USERNAME=%EA%B9%3F%3F%3F%3F%3F&USERID=hnkim'[90m[39m
[90m[39m[90m  â””[39m
[90m[39m[32m  âˆš [39m [90mê²°ê³¼ì½”ë“œ(RETURNCODE) ì •ìƒì¶œë ¥[39m
[32m  âˆš [39m [90mê²°ê³¼ë©”ì„¸ì§€(RETURNMSG) ì •ìƒì¶œë ¥[39m
[32m  âˆš [39m [90mì¹´ë“œì‚¬ ì½”ë“œ(CARDCODE ì •ìƒì¶œë ¥[39m
[32m  âˆš [39m [90mêµ¬ë§¤ì ì „í™”ë²ˆí˜¸(USERPHONE) ë¹ˆê°’ í™•ì¸[39m
[32m  âˆš [39m [90mí• ë¶€ ê°œì›” ìˆ˜(QUOTA) ì •ìƒì¶œë ¥[39m
[32m  âˆš [39m [90më§¤ì¶œ ë°œìƒì‹œê°„(TRANTIME) Â±5ì´ˆ ì´ë‚´ ê²€ì¦[39m
[32m  âˆš [39m [90më§¤ì¶œ ë°œìƒì¼ì(TRANDATE) ì •ìƒì¶œë ¥[39m
[32m  âˆš [39m [90mìŠ¹ì¸ê¸ˆì•¡(AMOUNT) ì •ìƒì¶œë ¥[39m
[32m  âˆš [39m [90mìƒí’ˆëª…(ITEMNAME) ì •ìƒì¶œë ¥[39m
[32m  âˆš [39m [90mì»µ ë³´ì¦ê¸ˆ(DEPOSIT_AMT) ì •ìƒì¶œë ¥[39m
[32m  âˆš [39m [90më‹¤ë‚  ê±°ë˜ í‚¤(TID) ì •ìƒì¶œë ¥[39m
[32m  âˆš [39m [90mê°€ë§¹ì  ì£¼ë¬¸ë²ˆí˜¸(ORDERID) ë¹ˆê°’ í™•ì¸[39m
[32m  âˆš [39m [90mì¹´ë“œë²ˆí˜¸(CARDNO) ì •ìƒì¶œë ¥[39m
[32m  âˆš [39m [90mê±°ë˜ ìŠ¹ì¸ ë²ˆí˜¸(CARDAUTHNO) ì •ìƒì¶œë ¥[39m
[32m  âˆš [39m [90mì¹´ë“œì‚¬ ëª…(CARDNAME) ì •ìƒì¶œë ¥[39m
[32m  âˆš [39m [90mêµ¬ë§¤ì ì´ë¦„(USERNAME) ì •ìƒì¶œë ¥[39m
[32m  âˆš [39m [90mêµ¬ë§¤ì ID(USERID) ì •ìƒì¶œë ¥[39m

â”” [0mì¹´ë“œ ìŠ¹ì¸ ì·¨ì†Œ (BILLCANCEL)[0m
[33m  â”Œ[39m
[33m[39m[90m  [33mâ”‚[90m [90m`Using "CryptoJS" is deprecated. Use "require('cr[39m
[90m  [33mâ”‚[90m ypto-js')" instead.`[90m[39m
[90m[39m[33m  â””[39m
[33m[39m  [90mPOST[39m [90mhttps://tx-creditcard.danalpay.com/credit/?CPID=A010037544&DATA=8kvDIwvdID7NWcBMND4uDRpUkFm3uqiUGkrxy%2FbVyZ7QgerIWbWgWfo2UAQBSXtswkVUHGNtzoKzkBnECLnuJ4COwEJPaisFPACVsaSscTGETcJyhaLbpGJaskfaZ6%2F1[39m  
  200 OK [90mâ˜…[39m 1390ms [90mtime[39m [90mâ˜…[39m 451B[90mâ†‘[39m 386B[90mâ†“[39m [90msize[39m [90mâ˜…[39m 9[90mâ†‘[39m 4[90mâ†“[39m [90mheaders[39m [90mâ˜…[39m 0 [90mcookies[39m
  [37mâ”Œ[39m [37mâ†“[39m text/plain [90mâ˜…[39m text [90mâ˜…[39m plain [90mâ˜…[39m euc-kr [90mâ˜…[39m 253B
[90m  [37mâ”‚[90m DATA=bH6El5elON5883LB3RlfF1OF1H8eZTXv49wXL8%2FAVeVzhHU[39m
[90m  [37mâ”‚[90m 5sdes40grvKmzi%2BrXpEcmh7jL8tvQ8yMKlifmp20bnLuvNGkVczj[39m
[90m  [37mâ”‚[90m PHs0eP3HcZPvVO%2FnUQ8j8%2BrLuRhKKUPNHumOj7nq2uiB3sujrl[39m
[90m  [37mâ”‚[90m VoDOggbu8zlCxafOvzxTu5D9TLB5%2Fh3qqb19QPvtyREjR4ccsxGl[39m
[90m  [37mâ”‚[90m eXMQtWeOBlyIJTe9D6KzBLcLld8U4LJVRM%3D[39m
[90m[39m[37m  â””[39m
  [37mprepare[39m   [37mwait[39m    [37mdns-lookup[39m   [37mtcp-handshake[39m   [37mssl-handshake[39m   [37mtransfer-start[39m   [37mdownload[39m   [37mprocess[39m   [37mtotal[39m  
  [90m470Âµs[39m     [90m188Âµs[39m   [90m(cache)[39m      [90m(cache)[39m         [90m(cache)[39m         [90m1388ms[39m           [90m874Âµs[39m      [90m34Âµs[39m      [90m1389ms[39m 

[33m  â”Œ[39m
[33m[39m[90m  [33mâ”‚[90m [90m`Using "CryptoJS" is deprecated. Use "require('cr[39m
[90m  [33mâ”‚[90m ypto-js')" instead.`[90m[39m
[90m[39m[90m  [90mâ”‚[90m [90m'ë³µí˜¸í™” ê²°ê³¼ : '[90m[37m, [90m[90m'RETURNCODE=0000[39m
[90m  [90mâ”‚[90m &RETURNMSG=%BC%BA%B0%F8&BALANCE=0&O_TID=20260107035004[39m
[90m  [90mâ”‚[90m 4113794400&TID=202601070350060693824400&TRANTIME=03500[39m
[90m  [90mâ”‚[90m 5&TRANDATE=20260107&AMOUNT=301&DEPOSIT_AMT=0'[90m[39m
[90m[39m[90m  â””[39m
[90m[39m[32m  âˆš [39m [90mê²°ê³¼ì½”ë“œ(RETURNCODE) ì •ìƒì¶œë ¥[39m
[32m  âˆš [39m [90mê²°ê³¼ë©”ì„¸ì§€(RETURNMSG) ì •ìƒì¶œë ¥[39m
[32m  âˆš [39m [90mì·¨ì†Œ í›„ ì”ì•¡(BALANCE) ì •ìƒì¶œë ¥[39m
[32m  âˆš [39m [90më‹¤ë‚  ì› ê±°ë˜ í‚¤(O_TID) ì •ìƒì¶œë ¥[39m
[32m  âˆš [39m [90më‹¤ë‚  ê±°ë˜ í‚¤(TID) ì •ìƒì¶œë ¥[39m
[32m  âˆš [39m [90mìŠ¹ì¸ ë°œìƒì‹œê°„(TRANTIME) ì •ìƒì¶œë ¥[39m
[32m  âˆš [39m [90mìŠ¹ì¸ ë°œìƒì¼ì(TRANDATE)[39m
[32m  âˆš [39m [90mìŠ¹ì¸ ì·¨ì†Œ ê¸ˆì•¡(AMOUNT) ì •ìƒì¶œë ¥[39m
[32m  âˆš [39m [90mì»µ ë³´ì¦ê¸ˆ(DEPOSIT_AMT) ì •ìƒì¶œë ¥[39m

â–¡ [0mí˜„ëŒ€ì¹´ë“œ[0m
â”” [0mì •ê¸°ê²°ì œ ìš”ì²­ (OTBILL)[0m
[33m  â”Œ[39m
[33m[39m[90m  [33mâ”‚[90m [90m`Using "CryptoJS" is deprecated. Use "require('cr[39m
[90m  [33mâ”‚[90m ypto-js')" instead.`[90m[39m
[90m[39m[33m  â””[39m
[33m[39m  [90mPOST[39m [90mhttps://tx-creditcard.danalpay.com/credit/?CPID=A010037544&DATA=wcpoTy27mkzR%2FoCmuhu%2BEL1VevUN6wQgs96fAg0NJdKChw9Ccm7hXXJcj%2FUGj%2Bb8z5dq8TvydwIj3RXPjUXi4KzQHH0ZG0DZA03Udge2eI0IsrkEsoTSxKLbYyq5iCvbykTt6GhW9hCDbp8fHC1zGJEYvBJNsjEqz2X9zw2JzceacjSE9wkZ8OEcuyhqS4aTCOgYJsVDSvmkj%2FNDn1RD1w%3D%3D[39m  
  200 OK [90mâ˜…[39m 1289ms [90mtime[39m [90mâ˜…[39m 549B[90mâ†‘[39m 566B[90mâ†“[39m [90msize[39m [90mâ˜…[39m 9[90mâ†‘[39m 4[90mâ†“[39m [90mheaders[39m [90mâ˜…[39m 0 [90mcookies[39m
  [37mâ”Œ[39m [37mâ†“[39m text/plain [90mâ˜…[39m text [90mâ˜…[39m plain [90mâ˜…[39m euc-kr [90mâ˜…[39m 433B
[90m  [37mâ”‚[90m DATA=bH6El5elON5883LB3RlfF1OF1H8eZTXv49wXL8%2FAVeUOrT2[39m
[90m  [37mâ”‚[90m zbTtZtAh642sVeJ6S5FXThRFDGzadCfRKoaJkk27Nama6Wo84QdTlk[39m
[90m  [37mâ”‚[90m StjccpM498M3oyrQ69iIikJj%2BrkcUN2yOsOl6OYos2ixVWGaMfpx[39m
[90m  [37mâ”‚[90m ZntsXTWWm8Yzk5hLGFrMnYFpqZxbd6PJRjrxLvJxS%2F0XL3EVZTSQ[39m
[90m  [37mâ”‚[90m dCvv52rCg9dODHGftOG00zQvtTPkiEYQfhfkCmjQDhcyKT%2FaHLPh[39m
[90m  [37mâ”‚[90m BDmgui5QL0msUhwugayum9aPldTh3zAVB6FhxleK4Uct5C6IeDIc8G[39m
[90m  [37mâ”‚[90m sh3wePZT5hR6XpHXkp%2F1Whs0v6Q94qw9N7AL2o%2F2QcgFYFju%2[39m
[90m  [37mâ”‚[90m F9k34XoCXlNNKDC8riBvm1sJjUyDKlSTxjcv4zpv%2FZiAiJw%3D%3[39m
[90m  [37mâ”‚[90m D[39m
[90m[39m[37m  â””[39m
  [37mprepare[39m   [37mwait[39m    [37mdns-lookup[39m   [37mtcp-handshake[39m   [37mssl-handshake[39m   [37mtransfer-start[39m   [37mdownload[39m   [37mprocess[39m   [37mtotal[39m  
  [90m505Âµs[39m     [90m204Âµs[39m   [90m(cache)[39m      [90m(cache)[39m         [90m(cache)[39m         [90m1287ms[39m           [90m542Âµs[39m      [90m29Âµs[39m      [90m1288ms[39m 

[33m  â”Œ[39m
[33m[39m[90m  [33mâ”‚[90m [90m`Using "CryptoJS" is deprecated. Use "require('cr[39m
[90m  [33mâ”‚[90m ypto-js')" instead.`[90m[39m
[90m[39m[90m  [90mâ”‚[90m [90m'ë³µí˜¸í™” ê²°ê³¼ : '[90m[37m, [90m[90m'RETURNCODE=0000[39m
[90m  [90mâ”‚[90m &RETURNMSG=%BC%BA%B0%F8&CARDCODE=0400&USERPHONE=&QUOTA[39m
[90m  [90mâ”‚[90m =00&TRANTIME=035008&TRANDATE=20260107&AMOUNT=301&ITEMN[39m
[90m  [90mâ”‚[90m AME=apiautotest&DEPOSIT_AMT=0&TID=20260107035007623384[39m
[90m  [90mâ”‚[90m 4400&ORDERID=&CARDNO=403293******4003&CARDAUTHNO=00154[39m
[90m  [90mâ”‚[90m 254&CARDNAME=%C7%F6%B4%EB%C4%AB%B5%E5&USERNAME=&USERID[39m
[90m  [90mâ”‚[90m =hnkim'[90m[39m
[90m[39m[90m  â””[39m
[90m[39m[32m  âˆš [39m [90mê²°ê³¼ì½”ë“œ(RETURNCODE) ì •ìƒì¶œë ¥[39m
[32m  âˆš [39m [90mê²°ê³¼ë©”ì„¸ì§€(RETURNMSG) ì •ìƒì¶œë ¥[39m
[32m  âˆš [39m [90mì¹´ë“œì‚¬ ì½”ë“œ(CARDCODE ì •ìƒì¶œë ¥[39m
[32m  âˆš [39m [90mêµ¬ë§¤ì ì „í™”ë²ˆí˜¸(USERPHONE) ë¹ˆê°’ í™•ì¸[39m
[32m  âˆš [39m [90mí• ë¶€ ê°œì›” ìˆ˜(QUOTA) ì •ìƒì¶œë ¥[39m
[32m  âˆš [39m [90më§¤ì¶œ ë°œìƒì‹œê°„(TRANTIME) Â±5ì´ˆ ì´ë‚´ ê²€ì¦[39m
[32m  âˆš [39m [90më§¤ì¶œ ë°œìƒì¼ì(TRANDATE) ì •ìƒì¶œë ¥[39m
[32m  âˆš [39m [90mìŠ¹ì¸ê¸ˆì•¡(AMOUNT) ì •ìƒì¶œë ¥[39m
[32m  âˆš [39m [90mìƒí’ˆëª…(ITEMNAME) ì •ìƒì¶œë ¥[39m
[32m  âˆš [39m [90mì»µ ë³´ì¦ê¸ˆ(DEPOSIT_AMT) ì •ìƒì¶œë ¥[39m
[32m  âˆš [39m [90më‹¤ë‚  ê±°ë˜ í‚¤(TID) ì •ìƒì¶œë ¥[39m
[32m  âˆš [39m [90mê°€ë§¹ì  ì£¼ë¬¸ë²ˆí˜¸(ORDERID) ë¹ˆê°’ í™•ì¸[39m
[32m  âˆš [39m [90mì¹´ë“œë²ˆí˜¸(CARDNO) ì •ìƒì¶œë ¥[39m
[32m  âˆš [39m [90mê±°ë˜ ìŠ¹ì¸ ë²ˆí˜¸(CARDAUTHNO) ì •ìƒì¶œë ¥[39m
[32m  âˆš [39m [90mì¹´ë“œì‚¬ ëª…(CARDNAME) ì •ìƒì¶œë ¥[39m
[32m  âˆš [39m [90mêµ¬ë§¤ì ì´ë¦„(USERNAME) ì •ìƒì¶œë ¥[39m
[32m  âˆš [39m [90mêµ¬ë§¤ì ID(USERID) ì •ìƒì¶œë ¥[39m

â”” [0mì¹´ë“œ ìŠ¹ì¸ ì·¨ì†Œ (BILLCANCEL)[0m
[33m  â”Œ[39m
[33m[39m[90m  [33mâ”‚[90m [90m`Using "CryptoJS" is deprecated. Use "require('cr[39m
[90m  [33mâ”‚[90m ypto-js')" instead.`[90m[39m
[90m[39m[33m  â””[39m
[33m[39m  [90mPOST[39m [90mhttps://tx-creditcard.danalpay.com/credit/?CPID=A010037544&DATA=8kvDIwvdID7NWcBMND4uDZGRhPyauL1Qln4OVIddaZbuiaG7lG5NvntKIHR8C5%2BSqEI6o48451NZZCRiH%2Fr8FoxgC9mqvvZ4VvS%2BafZyoc9befpuc0P9F7SoToxdbHXw[39m  
  200 OK [90mâ˜…[39m 1314ms [90mtime[39m [90mâ˜…[39m 453B[90mâ†‘[39m 392B[90mâ†“[39m [90msize[39m [90mâ˜…[39m 9[90mâ†‘[39m 4[90mâ†“[39m [90mheaders[39m [90mâ˜…[39m 0 [90mcookies[39m
  [37mâ”Œ[39m [37mâ†“[39m text/plain [90mâ˜…[39m text [90mâ˜…[39m plain [90mâ˜…[39m euc-kr [90mâ˜…[39m 259B
[90m  [37mâ”‚[90m DATA=bH6El5elON5883LB3RlfF1OF1H8eZTXv49wXL8%2FAVeVzhHU[39m
[90m  [37mâ”‚[90m 5sdes40grvKmzi%2BrXpEcmh7jL8tvQ8yMKlifmpxYb%2BEA5WGBJE[39m
[90m  [37mâ”‚[90m iZ8go%2Bd7Li1zvproPFoWn%2FmbtUIZuHVxXPF7f4rTkhIPemGbtF[39m
[90m  [37mâ”‚[90m KqpLWKJ0fqdr9NHHUfshLgNJuNZQku9qf%2FAuNAGILmODrrTaiFYG[39m
[90m  [37mâ”‚[90m xBQ%2F6cXoStVGJLbaxY4y9g7DD4y%2Bq1LDMyeg%3D[39m
[90m[39m[37m  â””[39m
  [37mprepare[39m   [37mwait[39m    [37mdns-lookup[39m   [37mtcp-handshake[39m   [37mssl-handshake[39m   [37mtransfer-start[39m   [37mdownload[39m   [37mprocess[39m   [37mtotal[39m  
  [90m487Âµs[39m     [90m183Âµs[39m   [90m(cache)[39m      [90m(cache)[39m         [90m(cache)[39m         [90m1313ms[39m           [90m633Âµs[39m      [90m24Âµs[39m      [90m1314ms[39m 

[33m  â”Œ[39m
[33m[39m[90m  [33mâ”‚[90m [90m`Using "CryptoJS" is deprecated. Use "require('cr[39m
[90m  [33mâ”‚[90m ypto-js')" instead.`[90m[39m
[90m[39m[90m  [90mâ”‚[90m [90m'ë³µí˜¸í™” ê²°ê³¼ : '[90m[37m, [90m[90m'RETURNCODE=0000[39m
[90m  [90mâ”‚[90m &RETURNMSG=%BC%BA%B0%F8&BALANCE=0&O_TID=20260107035007[39m
[90m  [90mâ”‚[90m 6233844400&TID=202601070350090853874400&TRANTIME=03500[39m
[90m  [90mâ”‚[90m 8&TRANDATE=20260107&AMOUNT=301&DEPOSIT_AMT=0'[90m[39m
[90m[39m[90m  â””[39m
[90m[39m[32m  âˆš [39m [90mê²°ê³¼ì½”ë“œ(RETURNCODE) ì •ìƒì¶œë ¥[39m
[32m  âˆš [39m [90mê²°ê³¼ë©”ì„¸ì§€(RETURNMSG) ì •ìƒì¶œë ¥[39m
[32m  âˆš [39m [90mì·¨ì†Œ í›„ ì”ì•¡(BALANCE) ì •ìƒì¶œë ¥[39m
[32m  âˆš [39m [90më‹¤ë‚  ì› ê±°ë˜ í‚¤(O_TID) ì •ìƒì¶œë ¥[39m
[32m  âˆš [39m [90më‹¤ë‚  ê±°ë˜ í‚¤(TID) ì •ìƒì¶œë ¥[39m
[32m  âˆš [39m [90mìŠ¹ì¸ ë°œìƒì‹œê°„(TRANTIME) ì •ìƒì¶œë ¥[39m
[32m  âˆš [39m [90mìŠ¹ì¸ ë°œìƒì¼ì(TRANDATE)[39m
[32m  âˆš [39m [90mìŠ¹ì¸ ì·¨ì†Œ ê¸ˆì•¡(AMOUNT) ì •ìƒì¶œë ¥[39m
[32m  âˆš [39m [90mì»µ ë³´ì¦ê¸ˆ(DEPOSIT_AMT) ì •ìƒì¶œë ¥[39m

â–¡ [0mì‹ í•œì¹´ë“œ[0m
â”” [0mì •ê¸°ê²°ì œ ìš”ì²­ (OTBILL)[0m
[33m  â”Œ[39m
[33m[39m[90m  [33mâ”‚[90m [90m`Using "CryptoJS" is deprecated. Use "require('cr[39m
[90m  [33mâ”‚[90m ypto-js')" instead.`[90m[39m
[90m[39m[33m  â””[39m
[33m[39m  [90mPOST[39m [90mhttps://tx-creditcard.danalpay.com/credit/?CPID=A010037544&DATA=wcpoTy27mkzR%2FoCmuhu%2BEL1VevUN6wQgs96fAg0NJdKChw9Ccm7hXXJcj%2FUGj%2Bb8z5dq8TvydwIj3RXPjUXi4KzQHH0ZG0DZA03Udge2eI0IsrkEsoTSxKLbYyq5iCvbykTt6GhW9hCDbp8fHC1zGJEYvBJNsjEqz2X9zw2JzcfXTTxRRh%2BjuC1%2BxTb3aJM2weIs3zf7UG56%2FZflpkMYeg%3D%3D[39m  
  200 OK [90mâ˜…[39m 1388ms [90mtime[39m [90mâ˜…[39m 553B[90mâ†‘[39m 576B[90mâ†“[39m [90msize[39m [90mâ˜…[39m 9[90mâ†‘[39m 4[90mâ†“[39m [90mheaders[39m [90mâ˜…[39m 0 [90mcookies[39m
  [37mâ”Œ[39m [37mâ†“[39m text/plain [90mâ˜…[39m text [90mâ˜…[39m plain [90mâ˜…[39m euc-kr [90mâ˜…[39m 443B
[90m  [37mâ”‚[90m DATA=bH6El5elON5883LB3RlfF1OF1H8eZTXv49wXL8%2FAVeUOrT2[39m
[90m  [37mâ”‚[90m zbTtZtAh642sVeJ6SFDScsYvg4YcySL%2B5NLVNtgajIlwiSgIYcRP[39m
[90m  [37mâ”‚[90m %2BZ35Q59270Wd6UPZAXpU8o4qvNTs%2Bdy8UXYMAOG%2FucIPj%2F[39m
[90m  [37mâ”‚[90m XMyeG1OAbFLNa47cv98SJGMzLneoK33Hknjpydum4D13OSamrTkGW1[39m
[90m  [37mâ”‚[90m QUAPU8EiGpmgasqAab9lA7a98UZMrkbXhPqi7xVIJJ1MGEpL7o5HDw[39m
[90m  [37mâ”‚[90m Ho1NdLamGsj4S1yOxMgAL0tS7OnRn3jsjAtGCMujDkJqBohogcpRqh[39m
[90m  [37mâ”‚[90m f7dNBkXlHrkdu1cOaQU5ovDd%2FVIqt%2FfJnfSUoYYiLLog70Fdtw[39m
[90m  [37mâ”‚[90m W%2BPa3wX6n%2FWK5Q8c9EHFVX7cYoJM9K74cCbgzpUeaf3Uj%2B%2[39m
[90m  [37mâ”‚[90m F%2Bg%3D%3D[39m
[90m[39m[37m  â””[39m
  [37mprepare[39m   [37mwait[39m    [37mdns-lookup[39m   [37mtcp-handshake[39m   [37mssl-handshake[39m   [37mtransfer-start[39m   [37mdownload[39m   [37mprocess[39m   [37mtotal[39m  
  [90m564Âµs[39m     [90m161Âµs[39m   [90m(cache)[39m      [90m(cache)[39m         [90m(cache)[39m         [90m1386ms[39m           [90m696Âµs[39m      [90m26Âµs[39m      [90m1388ms[39m 

[33m  â”Œ[39m
[33m[39m[90m  [33mâ”‚[90m [90m`Using "CryptoJS" is deprecated. Use "require('cr[39m
[90m  [33mâ”‚[90m ypto-js')" instead.`[90m[39m
[90m[39m[90m  [90mâ”‚[90m [90m'ë³µí˜¸í™” ê²°ê³¼ : '[90m[37m, [90m[90m'RETURNCODE=0000[39m
[90m  [90mâ”‚[90m &RETURNMSG=%BC%BA%B0%F8&CARDCODE=0100&USERPHONE=&QUOTA[39m
[90m  [90mâ”‚[90m =00&TRANTIME=035011&TRANDATE=20260107&AMOUNT=301&ITEMN[39m
[90m  [90mâ”‚[90m AME=apiautotest&DEPOSIT_AMT=0&TID=20260107035010567388[39m
[90m  [90mâ”‚[90m 4400&ORDERID=&CARDNO=451842******5446&CARDAUTHNO=01372[39m
[90m  [90mâ”‚[90m 571&CARDNAME=%BD%C5%C7%D1%C4%AB%B5%E5&USERNAME=&USERID[39m
[90m  [90mâ”‚[90m =hnkim'[90m[39m
[90m[39m[90m  â””[39m
[90m[39m[32m  âˆš [39m [90mê²°ê³¼ì½”ë“œ(RETURNCODE) ì •ìƒì¶œë ¥[39m
[32m  âˆš [39m [90mê²°ê³¼ë©”ì„¸ì§€(RETURNMSG) ì •ìƒì¶œë ¥[39m
[32m  âˆš [39m [90mì¹´ë“œì‚¬ ì½”ë“œ(CARDCODE ì •ìƒì¶œë ¥[39m
[32m  âˆš [39m [90mêµ¬ë§¤ì ì „í™”ë²ˆí˜¸(USERPHONE) ë¹ˆê°’ í™•ì¸[39m
[32m  âˆš [39m [90mí• ë¶€ ê°œì›” ìˆ˜(QUOTA) ì •ìƒì¶œë ¥[39m
[32m  âˆš [39m [90më§¤ì¶œ ë°œìƒì‹œê°„(TRANTIME) Â±5ì´ˆ ì´ë‚´ ê²€ì¦[39m
[32m  âˆš [39m [90më§¤ì¶œ ë°œìƒì¼ì(TRANDATE) ì •ìƒì¶œë ¥[39m
[32m  âˆš [39m [90mìŠ¹ì¸ê¸ˆì•¡(AMOUNT) ì •ìƒì¶œë ¥[39m
[32m  âˆš [39m [90mìƒí’ˆëª…(ITEMNAME) ì •ìƒì¶œë ¥[39m
[32m  âˆš [39m [90mì»µ ë³´ì¦ê¸ˆ(DEPOSIT_AMT) ì •ìƒì¶œë ¥[39m
[32m  âˆš [39m [90më‹¤ë‚  ê±°ë˜ í‚¤(TID) ì •ìƒì¶œë ¥[39m
[32m  âˆš [39m [90mê°€ë§¹ì  ì£¼ë¬¸ë²ˆí˜¸(ORDERID) ë¹ˆê°’ í™•ì¸[39m
[32m  âˆš [39m [90mì¹´ë“œë²ˆí˜¸(CARDNO) ì •ìƒì¶œë ¥[39m
[32m  âˆš [39m [90mê±°ë˜ ìŠ¹ì¸ ë²ˆí˜¸(CARDAUTHNO) ì •ìƒì¶œë ¥[39m
[32m  âˆš [39m [90mì¹´ë“œì‚¬ ëª…(CARDNAME) ì •ìƒì¶œë ¥[39m
[32m  âˆš [39m [90mêµ¬ë§¤ì ì´ë¦„(USERNAME) ì •ìƒì¶œë ¥[39m
[32m  âˆš [39m [90mêµ¬ë§¤ì ID(USERID) ì •ìƒì¶œë ¥[39m

â”” [0mì¹´ë“œ ìŠ¹ì¸ ì·¨ì†Œ (BILLCANCEL)[0m
[33m  â”Œ[39m
[33m[39m[90m  [33mâ”‚[90m [90m`Using "CryptoJS" is deprecated. Use "require('cr[39m
[90m  [33mâ”‚[90m ypto-js')" instead.`[90m[39m
[90m[39m[33m  â””[39m
[33m[39m  [90mPOST[39m [90mhttps://tx-creditcard.danalpay.com/credit/?CPID=A010037544&DATA=8kvDIwvdID7NWcBMND4uDZ7cIWOCTzEC9qlAydGTNKnFfJz1WJCjLeXqovS1YlkUHIrX%2B%2BI05BF%2ByF6j8E1jnykth3EJYiA%2BJG%2FGyVGKhjmkSDZYTRIH0qzyFOSyVI3x[39m  
  200 OK [90mâ˜…[39m 1366ms [90mtime[39m [90mâ˜…[39m 457B[90mâ†‘[39m 384B[90mâ†“[39m [90msize[39m [90mâ˜…[39m 9[90mâ†‘[39m 4[90mâ†“[39m [90mheaders[39m [90mâ˜…[39m 0 [90mcookies[39m
  [37mâ”Œ[39m [37mâ†“[39m text/plain [90mâ˜…[39m text [90mâ˜…[39m plain [90mâ˜…[39m euc-kr [90mâ˜…[39m 251B
[90m  [37mâ”‚[90m DATA=bH6El5elON5883LB3RlfF1OF1H8eZTXv49wXL8%2FAVeVzhHU[39m
[90m  [37mâ”‚[90m 5sdes40grvKmzi%2BrXpEcmh7jL8tvQ8yMKlifmp2PSPiynxJHYPTm[39m
[90m  [37mâ”‚[90m Rl9PnHUBrAkaa80yvfLSpH6UZoLUzRhzWiosaxKX4OeYXbIARhwgDb[39m
[90m  [37mâ”‚[90m XMj%2FU3iMXeDfZ8TEwdwdZ%2FYWdR5cSwmKgeB8TiMqUgShBGcHGb[39m
[90m  [37mâ”‚[90m 6LlepRc2DNFeYo2SL4e9YzlLJjiIaKQ4%3D[39m
[90m[39m[37m  â””[39m
  [37mprepare[39m   [37mwait[39m    [37mdns-lookup[39m   [37mtcp-handshake[39m   [37mssl-handshake[39m   [37mtransfer-start[39m   [37mdownload[39m   [37mprocess[39m   [37mtotal[39m  
  [90m442Âµs[39m     [90m183Âµs[39m   [90m(cache)[39m      [90m(cache)[39m         [90m(cache)[39m         [90m1364ms[39m           [90m593Âµs[39m      [90m42Âµs[39m      [90m1366ms[39m 

[33m  â”Œ[39m
[33m[39m[90m  [33mâ”‚[90m [90m`Using "CryptoJS" is deprecated. Use "require('cr[39m
[90m  [33mâ”‚[90m ypto-js')" instead.`[90m[39m
[90m[39m[90m  [90mâ”‚[90m [90m'ë³µí˜¸í™” ê²°ê³¼ : '[90m[37m, [90m[90m'RETURNCODE=0000[39m
[90m  [90mâ”‚[90m &RETURNMSG=%BC%BA%B0%F8&BALANCE=0&O_TID=20260107035010[39m
[90m  [90mâ”‚[90m 5673884400&TID=202601070350121063894400&TRANTIME=03501[39m
[90m  [90mâ”‚[90m 1&TRANDATE=20260107&AMOUNT=301&DEPOSIT_AMT=0'[90m[39m
[90m[39m[90m  â””[39m
[90m[39m[32m  âˆš [39m [90mê²°ê³¼ì½”ë“œ(RETURNCODE) ì •ìƒì¶œë ¥[39m
[32m  âˆš [39m [90mê²°ê³¼ë©”ì„¸ì§€(RETURNMSG) ì •ìƒì¶œë ¥[39m
[32m  âˆš [39m [90mì·¨ì†Œ í›„ ì”ì•¡(BALANCE) ì •ìƒì¶œë ¥[39m
[32m  âˆš [39m [90më‹¤ë‚  ì› ê±°ë˜ í‚¤(O_TID) ì •ìƒì¶œë ¥[39m
[32m  âˆš [39m [90më‹¤ë‚  ê±°ë˜ í‚¤(TID) ì •ìƒì¶œë ¥[39m
[32m  âˆš [39m [90mìŠ¹ì¸ ë°œìƒì‹œê°„(TRANTIME) ì •ìƒì¶œë ¥[39m
[32m  âˆš [39m [90mìŠ¹ì¸ ë°œìƒì¼ì(TRANDATE)[39m
[32m  âˆš [39m [90mìŠ¹ì¸ ì·¨ì†Œ ê¸ˆì•¡(AMOUNT) ì •ìƒì¶œë ¥[39m
[32m  âˆš [39m [90mì»µ ë³´ì¦ê¸ˆ(DEPOSIT_AMT) ì •ìƒì¶œë ¥[39m

â–¡ [0më†í˜‘ì¹´ë“œ[0m
â”” [0mì •ê¸°ê²°ì œ ìš”ì²­ (OTBILL)[0m
[33m  â”Œ[39m
[33m[39m[90m  [33mâ”‚[90m [90m`Using "CryptoJS" is deprecated. Use "require('cr[39m
[90m  [33mâ”‚[90m ypto-js')" instead.`[90m[39m
[90m[39m[33m  â””[39m
[33m[39m  [90mPOST[39m [90mhttps://tx-creditcard.danalpay.com/credit/?CPID=A010037544&DATA=wcpoTy27mkzR%2FoCmuhu%2BEL1VevUN6wQgs96fAg0NJdKChw9Ccm7hXXJcj%2FUGj%2Bb8z5dq8TvydwIj3RXPjUXi4KzQHH0ZG0DZA03Udge2eI0IsrkEsoTSxKLbYyq5iCvbykTt6GhW9hCDbp8fHC1zGJEYvBJNsjEqz2X9zw2JzcfqMk1YAIjfTKOzEfoXN7bENBxmDICbQksXQP2fAKPCnw%3D%3D[39m  
  200 OK [90mâ˜…[39m 1704ms [90mtime[39m [90mâ˜…[39m 547B[90mâ†‘[39m 566B[90mâ†“[39m [90msize[39m [90mâ˜…[39m 9[90mâ†‘[39m 4[90mâ†“[39m [90mheaders[39m [90mâ˜…[39m 0 [90mcookies[39m
  [37mâ”Œ[39m [37mâ†“[39m text/plain [90mâ˜…[39m text [90mâ˜…[39m plain [90mâ˜…[39m euc-kr [90mâ˜…[39m 433B
[90m  [37mâ”‚[90m DATA=bH6El5elON5883LB3RlfF1OF1H8eZTXv49wXL8%2FAVeUOrT2[39m
[90m  [37mâ”‚[90m zbTtZtAh642sVeJ6ScL28iAqB5BoFjukygA67mUC2F05DBPFFDzRQv[39m
[90m  [37mâ”‚[90m E%2FTqj8dX9UId7JaZNMX7cuTwLbQQ6HQhTLJSly4u8pe20jMxFGHg[39m
[90m  [37mâ”‚[90m vcClqaVYYp3Ab4zeYoghcG1E71OcB2MvvSWQsXZScMcQOpKEz7aFDq[39m
[90m  [37mâ”‚[90m gNEWdI6nbM0ZHHLvb9oPcJE0LBdrEujFXfEdZcwn%2FtFmBgrwbTHi[39m
[90m  [37mâ”‚[90m qVu4%2F0MJTcjnzd4aNQRFrG9d7EtyYBFwexHnUrYf4Vi6vAVykqbl[39m
[90m  [37mâ”‚[90m n%2FCc3aSnZMVEujlQeJeb64HUhfFmzJz8iEM0UH7xwi8i3h1JNiF4[39m
[90m  [37mâ”‚[90m PJ1vXmzGjF62UEee22D%2FVM3DnX%2BGfx%2FmVd7wECg8qpw%3D%3[39m
[90m  [37mâ”‚[90m D[39m
[90m[39m[37m  â””[39m
  [37mprepare[39m   [37mwait[39m    [37mdns-lookup[39m   [37mtcp-handshake[39m   [37mssl-handshake[39m   [37mtransfer-start[39m   [37mdownload[39m   [37mprocess[39m   [37mtotal[39m  
  [90m451Âµs[39m     [90m210Âµs[39m   [90m(cache)[39m      [90m(cache)[39m         [90m(cache)[39m         [90m1702ms[39m           [90m587Âµs[39m      [90m58Âµs[39m      [90m1703ms[39m 

[33m  â”Œ[39m
[33m[39m[90m  [33mâ”‚[90m [90m`Using "CryptoJS" is deprecated. Use "require('cr[39m
[90m  [33mâ”‚[90m ypto-js')" instead.`[90m[39m
[90m[39m[90m  [90mâ”‚[90m [90m'ë³µí˜¸í™” ê²°ê³¼ : '[90m[37m, [90m[90m'RETURNCODE=0000[39m
[90m  [90mâ”‚[90m &RETURNMSG=%BC%BA%B0%F8&CARDCODE=0800&USERPHONE=&QUOTA[39m
[90m  [90mâ”‚[90m =00&TRANTIME=035015&TRANDATE=20260107&AMOUNT=301&ITEMN[39m
[90m  [90mâ”‚[90m AME=apiautotest&DEPOSIT_AMT=0&TID=20260107035013632390[39m
[90m  [90mâ”‚[90m 4400&ORDERID=&CARDNO=542586******3820&CARDAUTHNO=54915[39m
[90m  [90mâ”‚[90m 175&CARDNAME=NH%B3%F3%C7%F9%C4%AB%B5%E5&USERNAME=&USER[39m
[90m  [90mâ”‚[90m ID=hnkim'[90m[39m
[90m[39m[90m  â””[39m
[90m[39m[32m  âˆš [39m [90mê²°ê³¼ì½”ë“œ(RETURNCODE) ì •ìƒì¶œë ¥[39m
[32m  âˆš [39m [90mê²°ê³¼ë©”ì„¸ì§€(RETURNMSG) ì •ìƒì¶œë ¥[39m
[32m  âˆš [39m [90mì¹´ë“œì‚¬ ì½”ë“œ(CARDCODE ì •ìƒì¶œë ¥[39m
[32m  âˆš [39m [90mêµ¬ë§¤ì ì „í™”ë²ˆí˜¸(USERPHONE) ë¹ˆê°’ í™•ì¸[39m
[32m  âˆš [39m [90mí• ë¶€ ê°œì›” ìˆ˜(QUOTA) ì •ìƒì¶œë ¥[39m
[32m  âˆš [39m [90më§¤ì¶œ ë°œìƒì‹œê°„(TRANTIME) Â±5ì´ˆ ì´ë‚´ ê²€ì¦[39m
[32m  âˆš [39m [90më§¤ì¶œ ë°œìƒì¼ì(TRANDATE) ì •ìƒì¶œë ¥[39m
[32m  âˆš [39m [90mìŠ¹ì¸ê¸ˆì•¡(AMOUNT) ì •ìƒì¶œë ¥[39m
[32m  âˆš [39m [90mìƒí’ˆëª…(ITEMNAME) ì •ìƒì¶œë ¥[39m
[32m  âˆš [39m [90mì»µ ë³´ì¦ê¸ˆ(DEPOSIT_AMT) ì •ìƒì¶œë ¥[39m
[32m  âˆš [39m [90më‹¤ë‚  ê±°ë˜ í‚¤(TID) ì •ìƒì¶œë ¥[39m
[32m  âˆš [39m [90mê°€ë§¹ì  ì£¼ë¬¸ë²ˆí˜¸(ORDERID) ë¹ˆê°’ í™•ì¸[39m
[32m  âˆš [39m [90mì¹´ë“œë²ˆí˜¸(CARDNO) ì •ìƒì¶œë ¥[39m
[32m  âˆš [39m [90mê±°ë˜ ìŠ¹ì¸ ë²ˆí˜¸(CARDAUTHNO) ì •ìƒì¶œë ¥[39m
[32m  âˆš [39m [90mì¹´ë“œì‚¬ ëª…(CARDNAME) ì •ìƒì¶œë ¥[39m
[32m  âˆš [39m [90mêµ¬ë§¤ì ì´ë¦„(USERNAME) ì •ìƒì¶œë ¥[39m
[32m  âˆš [39m [90mêµ¬ë§¤ì ID(USERID) ì •ìƒì¶œë ¥[39m

â”” [0mì¹´ë“œ ìŠ¹ì¸ ì·¨ì†Œ (BILLCANCEL)[0m
[33m  â”Œ[39m
[33m[39m[90m  [33mâ”‚[90m [90m`Using "CryptoJS" is deprecated. Use "require('cr[39m
[90m  [33mâ”‚[90m ypto-js')" instead.`[90m[39m
[90m[39m[33m  â””[39m
[33m[39m  [90mPOST[39m [90mhttps://tx-creditcard.danalpay.com/credit/?CPID=A010037544&DATA=8kvDIwvdID7NWcBMND4uDRVy9q3eZdn6XjWG1Ngw84zE%2BRw5ITHeajnvyodsE64Au0%2BUAXNhLL2LbwQm7ZCUdFH1eRB7VODSXkGHpeqEKX5Y3NRtMhXOO5EvBG%2FUJsUl[39m  
  200 OK [90mâ˜…[39m 1356ms [90mtime[39m [90mâ˜…[39m 453B[90mâ†‘[39m 402B[90mâ†“[39m [90msize[39m [90mâ˜…[39m 9[90mâ†‘[39m 4[90mâ†“[39m [90mheaders[39m [90mâ˜…[39m 0 [90mcookies[39m
  [37mâ”Œ[39m [37mâ†“[39m text/plain [90mâ˜…[39m text [90mâ˜…[39m plain [90mâ˜…[39m euc-kr [90mâ˜…[39m 269B
[90m  [37mâ”‚[90m DATA=bH6El5elON5883LB3RlfF1OF1H8eZTXv49wXL8%2FAVeVzhHU[39m
[90m  [37mâ”‚[90m 5sdes40grvKmzi%2BrXpEcmh7jL8tvQ8yMKlifmpzzNKNKczZeiXke[39m
[90m  [37mâ”‚[90m yE3EuZ1PKpRYLItgtbKGvwi%2B26NMnaxpOG%2BCDRt4gKxPOhYZYc[39m
[90m  [37mâ”‚[90m 6IHap1HoG4ueCMiFdhVaeUWBC%2Bm92jlp9tGdZg%2B%2F6SCHgQnZ[39m
[90m  [37mâ”‚[90m fGF%2B3%2F5qE97c%2FY%2FZEDQgI%2BBGbkC9HLkZ5%2F2rfU%3D[39m
[90m[39m[37m  â””[39m
  [37mprepare[39m   [37mwait[39m    [37mdns-lookup[39m   [37mtcp-handshake[39m   [37mssl-handshake[39m   [37mtransfer-start[39m   [37mdownload[39m   [37mprocess[39m   [37mtotal[39m  
  [90m403Âµs[39m     [90m197Âµs[39m   [90m(cache)[39m      [90m(cache)[39m         [90m(cache)[39m         [90m1354ms[39m           [90m553Âµs[39m      [90m19Âµs[39m      [90m1355ms[39m 

[33m  â”Œ[39m
[33m[39m[90m  [33mâ”‚[90m [90m`Using "CryptoJS" is deprecated. Use "require('cr[39m
[90m  [33mâ”‚[90m ypto-js')" instead.`[90m[39m
[90m[39m[90m  [90mâ”‚[90m [90m'ë³µí˜¸í™” ê²°ê³¼ : '[90m[37m, [90m[90m'RETURNCODE=0000[39m
[90m  [90mâ”‚[90m &RETURNMSG=%BC%BA%B0%F8&BALANCE=0&O_TID=20260107035013[39m
[90m  [90mâ”‚[90m 6323904400&TID=202601070350155013914400&TRANTIME=03501[39m
[90m  [90mâ”‚[90m 5&TRANDATE=20260107&AMOUNT=301&DEPOSIT_AMT=0'[90m[39m
[90m[39m[90m  â””[39m
[90m[39m[32m  âˆš [39m [90mê²°ê³¼ì½”ë“œ(RETURNCODE) ì •ìƒì¶œë ¥[39m
[32m  âˆš [39m [90mê²°ê³¼ë©”ì„¸ì§€(RETURNMSG) ì •ìƒì¶œë ¥[39m
[32m  âˆš [39m [90mì·¨ì†Œ í›„ ì”ì•¡(BALANCE) ì •ìƒì¶œë ¥[39m
[32m  âˆš [39m [90më‹¤ë‚  ì› ê±°ë˜ í‚¤(O_TID) ì •ìƒì¶œë ¥[39m
[32m  âˆš [39m [90më‹¤ë‚  ê±°ë˜ í‚¤(TID) ì •ìƒì¶œë ¥[39m
[32m  âˆš [39m [90mìŠ¹ì¸ ë°œìƒì‹œê°„(TRANTIME) ì •ìƒì¶œë ¥[39m
[32m  âˆš [39m [90mìŠ¹ì¸ ë°œìƒì¼ì(TRANDATE)[39m
[32m  âˆš [39m [90mìŠ¹ì¸ ì·¨ì†Œ ê¸ˆì•¡(AMOUNT) ì •ìƒì¶œë ¥[39m
[32m  âˆš [39m [90mì»µ ë³´ì¦ê¸ˆ(DEPOSIT_AMT) ì •ìƒì¶œë ¥[39m

â–¡ [0mêµ­ë¯¼ì¹´ë“œ[0m
â”” [0mì •ê¸°ê²°ì œ ìš”ì²­ (OTBILL)[0m
[33m  â”Œ[39m
[33m[39m[90m  [33mâ”‚[90m [90m`Using "CryptoJS" is deprecated. Use "require('cr[39m
[90m  [33mâ”‚[90m ypto-js')" instead.`[90m[39m
[90m[39m[33m  â””[39m
[33m[39m  [90mPOST[39m [90mhttps://tx-creditcard.danalpay.com/credit/?CPID=A010037544&DATA=wcpoTy27mkzR%2FoCmuhu%2BEL1VevUN6wQgs96fAg0NJdKChw9Ccm7hXXJcj%2FUGj%2Bb8z5dq8TvydwIj3RXPjUXi4KzQHH0ZG0DZA03Udge2eI0IsrkEsoTSxKLbYyq5iCvbykTt6GhW9hCDbp8fHC1zGJEYvBJNsjEqz2X9zw2JzccTXfPyWymzriWFq4iqdmp99Wj2bHxTvGvcdoWGjKzABQ%3D%3D[39m  
  200 OK [90mâ˜…[39m 1315ms [90mtime[39m [90mâ˜…[39m 547B[90mâ†‘[39m 574B[90mâ†“[39m [90msize[39m [90mâ˜…[39m 9[90mâ†‘[39m 4[90mâ†“[39m [90mheaders[39m [90mâ˜…[39m 0 [90mcookies[39m
  [37mâ”Œ[39m [37mâ†“[39m text/plain [90mâ˜…[39m text [90mâ˜…[39m plain [90mâ˜…[39m euc-kr [90mâ˜…[39m 441B
[90m  [37mâ”‚[90m DATA=bH6El5elON5883LB3RlfF1OF1H8eZTXv49wXL8%2FAVeUOrT2[39m
[90m  [37mâ”‚[90m zbTtZtAh642sVeJ6Sm%2B6GBY9kJQrtcSXyYFxE9ezCIGNm17lww00[39m
[90m  [37mâ”‚[90m zN2MOnp7IfpuE9b4q8I3riTjRHrvTuj%2FnwvPfOb5rbQNO3QIGxXR[39m
[90m  [37mâ”‚[90m BHNgNCKrr%2BFT39nglFpLN1PcJHDKLmUMuGFyVC1hU9MOZp3Hd7%2[39m
[90m  [37mâ”‚[90m BSAhlIvgUxvjuGFCiQ2of3hA%2Ff2w%2B5TIMflssBvWGEgd0j%2Bj[39m
[90m  [37mâ”‚[90m %2FbwgxoqmnYQxwED2b7mbV6MFypILQhQCj64pS2%2BvSxODBaGRWQ[39m
[90m  [37mâ”‚[90m hKgeVcEfQRwxOkJjj6mvMHSOYC%2BjkQ1omZU7P5Tf9bTvxsaE2sW6[39m
[90m  [37mâ”‚[90m ntkiDNc9dcYKTFjycOgPUC1FsH2TGR5e%2FZ8jCEq5pSiGKa9qGcd1[39m
[90m  [37mâ”‚[90m qtg%3D%3D[39m
[90m[39m[37m  â””[39m
  [37mprepare[39m   [37mwait[39m    [37mdns-lookup[39m   [37mtcp-handshake[39m   [37mssl-handshake[39m   [37mtransfer-start[39m   [37mdownload[39m   [37mprocess[39m   [37mtotal[39m  
  [90m408Âµs[39m     [90m243Âµs[39m   [90m(cache)[39m      [90m(cache)[39m         [90m(cache)[39m         [90m1313ms[39m           [90m464Âµs[39m      [90m23Âµs[39m      [90m1314ms[39m 

[33m  â”Œ[39m
[33m[39m[90m  [33mâ”‚[90m [90m`Using "CryptoJS" is deprecated. Use "require('cr[39m
[90m  [33mâ”‚[90m ypto-js')" instead.`[90m[39m
[90m[39m[90m  [90mâ”‚[90m [90m'ë³µí˜¸í™” ê²°ê³¼ : '[90m[37m, [90m[90m'RETURNCODE=0000[39m
[90m  [90mâ”‚[90m &RETURNMSG=%BC%BA%B0%F8&CARDCODE=0300&USERPHONE=&QUOTA[39m
[90m  [90mâ”‚[90m =00&TRANTIME=035018&TRANDATE=20260107&AMOUNT=301&ITEMN[39m
[90m  [90mâ”‚[90m AME=apiautotest&DEPOSIT_AMT=0&TID=20260107035017030392[39m
[90m  [90mâ”‚[90m 4400&ORDERID=&CARDNO=540926******6041&CARDAUTHNO=30030[39m
[90m  [90mâ”‚[90m 180&CARDNAME=KB%B1%B9%B9%CE%C4%AB%B5%E5&USERNAME=&USER[39m
[90m  [90mâ”‚[90m ID=hnkim'[90m[39m
[90m[39m[90m  â””[39m
[90m[39m[32m  âˆš [39m [90mê²°ê³¼ì½”ë“œ(RETURNCODE) ì •ìƒì¶œë ¥[39m
[32m  âˆš [39m [90mê²°ê³¼ë©”ì„¸ì§€(RETURNMSG) ì •ìƒì¶œë ¥[39m
[32m  âˆš [39m [90mì¹´ë“œì‚¬ ì½”ë“œ(CARDCODE ì •ìƒì¶œë ¥[39m
[32m  âˆš [39m [90mêµ¬ë§¤ì ì „í™”ë²ˆí˜¸(USERPHONE) ë¹ˆê°’ í™•ì¸[39m
[32m  âˆš [39m [90mí• ë¶€ ê°œì›” ìˆ˜(QUOTA) ì •ìƒì¶œë ¥[39m
[32m  âˆš [39m [90më§¤ì¶œ ë°œìƒì‹œê°„(TRANTIME) Â±5ì´ˆ ì´ë‚´ ê²€ì¦[39m
[32m  âˆš [39m [90më§¤ì¶œ ë°œìƒì¼ì(TRANDATE) ì •ìƒì¶œë ¥[39m
[32m  âˆš [39m [90mìŠ¹ì¸ê¸ˆì•¡(AMOUNT) ì •ìƒì¶œë ¥[39m
[32m  âˆš [39m [90mìƒí’ˆëª…(ITEMNAME) ì •ìƒì¶œë ¥[39m
[32m  âˆš [39m [90më³´ì¦ê¸ˆ ê¸ˆì•¡(DEPOSIT_AMT) ì •ìƒì¶œë ¥[39m
[32m  âˆš [39m [90më‹¤ë‚  ê±°ë˜ í‚¤(TID) ì •ìƒì¶œë ¥[39m
[32m  âˆš [39m [90mê°€ë§¹ì  ì£¼ë¬¸ë²ˆí˜¸(ORDERID) ë¹ˆê°’ í™•ì¸[39m
[32m  âˆš [39m [90mì¹´ë“œë²ˆí˜¸(CARDNO) ì •ìƒì¶œë ¥[39m
[32m  âˆš [39m [90mê±°ë˜ ìŠ¹ì¸ ë²ˆí˜¸(CARDAUTHNO) ì •ìƒì¶œë ¥[39m
[32m  âˆš [39m [90mì¹´ë“œì‚¬ ëª…(CARDNAME) ì •ìƒì¶œë ¥[39m
[32m  âˆš [39m [90mêµ¬ë§¤ì ì´ë¦„(USERNAME) ì •ìƒì¶œë ¥[39m
[32m  âˆš [39m [90mêµ¬ë§¤ì ID(USERID) ì •ìƒì¶œë ¥[39m

â”” [0mì¹´ë“œ ìŠ¹ì¸ ì·¨ì†Œ (BILLCANCEL)[0m
[33m  â”Œ[39m
[33m[39m[90m  [33mâ”‚[90m [90m`Using "CryptoJS" is deprecated. Use "require('cr[39m
[90m  [33mâ”‚[90m ypto-js')" instead.`[90m[39m
[90m[39m[33m  â””[39m
[33m[39m  [90mPOST[39m [90mhttps://tx-creditcard.danalpay.com/credit/?CPID=A010037544&DATA=8kvDIwvdID7NWcBMND4uDdkh6WAgkYHA%2BwmbvREVKVi0YEuf9DvcIYr6T3gKlNomobb%2FKv4F1pDj8H97dazBNNex9jbkYKihxz1qKuQLQl7%2FTI9CGnILtnV2VvXiaKSk[39m  
  200 OK [90mâ˜…[39m 1427ms [90mtime[39m [90mâ˜…[39m 453B[90mâ†‘[39m 396B[90mâ†“[39m [90msize[39m [90mâ˜…[39m 9[90mâ†‘[39m 4[90mâ†“[39m [90mheaders[39m [90mâ˜…[39m 0 [90mcookies[39m
  [37mâ”Œ[39m [37mâ†“[39m text/plain [90mâ˜…[39m text [90mâ˜…[39m plain [90mâ˜…[39m euc-kr [90mâ˜…[39m 263B
[90m  [37mâ”‚[90m DATA=bH6El5elON5883LB3RlfF1OF1H8eZTXv49wXL8%2FAVeVzhHU[39m
[90m  [37mâ”‚[90m 5sdes40grvKmzi%2BrXpEcmh7jL8tvQ8yMKlifmp7LCuD7YHW%2F1S[39m
[90m  [37mâ”‚[90m 7TCJWVgr431DUXQRjtGn63DobZ%2FAoIWdTanF19auSCtRv3o3O1SW[39m
[90m  [37mâ”‚[90m icNVC6%2BEWn8kpt%2BzWjlU4YABGqzpJt7cp%2FSrZ%2BKnXPq%2F[39m
[90m  [37mâ”‚[90m H4PXZ3h5xc5dFF1mzyxRWf%2FQDOGA188Zt5YNFFAweg%3D[39m
[90m[39m[37m  â””[39m
  [37mprepare[39m   [37mwait[39m    [37mdns-lookup[39m   [37mtcp-handshake[39m   [37mssl-handshake[39m   [37mtransfer-start[39m   [37mdownload[39m   [37mprocess[39m   [37mtotal[39m  
  [90m425Âµs[39m     [90m181Âµs[39m   [90m(cache)[39m      [90m(cache)[39m         [90m(cache)[39m         [90m1425ms[39m           [90m811Âµs[39m      [90m37Âµs[39m      [90m1426ms[39m 

[33m  â”Œ[39m
[33m[39m[90m  [33mâ”‚[90m [90m`Using "CryptoJS" is deprecated. Use "require('cr[39m
[90m  [33mâ”‚[90m ypto-js')" instead.`[90m[39m
[90m[39m[90m  [90mâ”‚[90m [90m'ë³µí˜¸í™” ê²°ê³¼ : '[90m[37m, [90m[90m'RETURNCODE=0000[39m
[90m  [90mâ”‚[90m &RETURNMSG=%BC%BA%B0%F8&BALANCE=0&O_TID=20260107035017[39m
[90m  [90mâ”‚[90m 0303924400&TID=202601070350185083934400&TRANTIME=03501[39m
[90m  [90mâ”‚[90m 8&TRANDATE=20260107&AMOUNT=301&DEPOSIT_AMT=0'[90m[39m
[90m[39m[90m  â””[39m
[90m[39m[32m  âˆš [39m [90mê²°ê³¼ì½”ë“œ(RETURNCODE) ì •ìƒì¶œë ¥[39m
[32m  âˆš [39m [90mê²°ê³¼ë©”ì„¸ì§€(RETURNMSG) ì •ìƒì¶œë ¥[39m
[32m  âˆš [39m [90mì·¨ì†Œ í›„ ì”ì•¡(BALANCE) ì •ìƒì¶œë ¥[39m
[32m  âˆš [39m [90më‹¤ë‚  ì› ê±°ë˜ í‚¤(O_TID) ì •ìƒì¶œë ¥[39m
[32m  âˆš [39m [90më‹¤ë‚  ê±°ë˜ í‚¤(TID) ì •ìƒì¶œë ¥[39m
[32m  âˆš [39m [90mìŠ¹ì¸ ë°œìƒì‹œê°„(TRANTIME) ì •ìƒì¶œë ¥[39m
[32m  âˆš [39m [90mìŠ¹ì¸ ë°œìƒì¼ì(TRANDATE)[39m
[32m  âˆš [39m [90mìŠ¹ì¸ ì·¨ì†Œ ê¸ˆì•¡(AMOUNT) ì •ìƒì¶œë ¥[39m
[32m  âˆš [39m [90mì»µ ë³´ì¦ê¸ˆ(DEPOSIT_AMT) ì •ìƒì¶œë ¥[39m

â–¡ [0mìš°ë¦¬BCì¹´ë“œ[0m
â”” [0mì •ê¸°ê²°ì œ ìš”ì²­ (OTBILL)[0m
[33m  â”Œ[39m
[33m[39m[90m  [33mâ”‚[90m [90m`Using "CryptoJS" is deprecated. Use "require('cr[39m
[90m  [33mâ”‚[90m ypto-js')" instead.`[90m[39m
[90m[39m[33m  â””[39m
[33m[39m  [90mPOST[39m [90mhttps://tx-creditcard.danalpay.com/credit/?CPID=A010037544&DATA=wcpoTy27mkzR%2FoCmuhu%2BEL1VevUN6wQgs96fAg0NJdKChw9Ccm7hXXJcj%2FUGj%2Bb8z5dq8TvydwIj3RXPjUXi4KzQHH0ZG0DZA03Udge2eI0IsrkEsoTSxKLbYyq5iCvbykTt6GhW9hCDbp8fHC1zGJEYvBJNsjEqz2X9zw2JzccVRR%2FtepSx6ESumfhyCleVEPVKGpunFtzDUwUlJoNVsg%3D%3D[39m  
  200 OK [90mâ˜…[39m 1865ms [90mtime[39m [90mâ˜…[39m 549B[90mâ†‘[39m 566B[90mâ†“[39m [90msize[39m [90mâ˜…[39m 9[90mâ†‘[39m 4[90mâ†“[39m [90mheaders[39m [90mâ˜…[39m 0 [90mcookies[39m
  [37mâ”Œ[39m [37mâ†“[39m text/plain [90mâ˜…[39m text [90mâ˜…[39m plain [90mâ˜…[39m euc-kr [90mâ˜…[39m 433B
[90m  [37mâ”‚[90m DATA=bH6El5elON5883LB3RlfF1OF1H8eZTXv49wXL8%2FAVeUOrT2[39m
[90m  [37mâ”‚[90m zbTtZtAh642sVeJ6SNrFX7MCwNAs4yihLk3Z9v21%2BybDcXzwxPi7[39m
[90m  [37mâ”‚[90m hJST13uGiCpdnDeUrxyDO9nx6cIZ0SUyU910FoeXotLSkejydS7IR6[39m
[90m  [37mâ”‚[90m sXkb7%2BodQWKnvJnFAdw%2FNbGSUAPf9seQskrNIeM6tjDehNw5Vc[39m
[90m  [37mâ”‚[90m tYfLwOh9wIQccPBLRV5ar1lrOuaffHMBLMXf2ppR7VklM2uDaUD2Z9[39m
[90m  [37mâ”‚[90m CRaN2C4G1eWLkZeTfpteT6Na0xSvyeXzl8bcZYyYN5q6IUlZikahrO[39m
[90m  [37mâ”‚[90m t6n4%2BGEkbjMSIy9Owpn2IfHQYvZdeeholgTWhL1HM1bDKTkSe%2F[39m
[90m  [37mâ”‚[90m 1I%2BxCAmDQeOsEM2ZiJe0V9X4NFbhJAy%2BMDeFAzD4Qe4bg%3D%3[39m
[90m  [37mâ”‚[90m D[39m
[90m[39m[37m  â””[39m
  [37mprepare[39m   [37mwait[39m    [37mdns-lookup[39m   [37mtcp-handshake[39m   [37mssl-handshake[39m   [37mtransfer-start[39m   [37mdownload[39m   [37mprocess[39m   [37mtotal[39m  
  [90m1ms[39m       [90m372Âµs[39m   [90m(cache)[39m      [90m(cache)[39m         [90m(cache)[39m         [90m1863ms[39m           [90m777Âµs[39m      [90m41Âµs[39m      [90m1865ms[39m 

[33m  â”Œ[39m
[33m[39m[90m  [33mâ”‚[90m [90m`Using "CryptoJS" is deprecated. Use "require('cr[39m
[90m  [33mâ”‚[90m ypto-js')" instead.`[90m[39m
[90m[39m[90m  [90mâ”‚[90m [90m'ë³µí˜¸í™” ê²°ê³¼ : '[90m[37m, [90m[90m'RETURNCODE=0000[39m
[90m  [90mâ”‚[90m &RETURNMSG=%BC%BA%B0%F8&CARDCODE=0202&USERPHONE=&QUOTA[39m
[90m  [90mâ”‚[90m =00&TRANTIME=035021&TRANDATE=20260107&AMOUNT=301&ITEMN[39m
[90m  [90mâ”‚[90m AME=apiautotest&DEPOSIT_AMT=0&TID=20260107035020060394[39m
[90m  [90mâ”‚[90m 4400&ORDERID=&CARDNO=538920******1226&CARDAUTHNO=39149[39m
[90m  [90mâ”‚[90m 592&CARDNAME=%BF%EC%B8%AEBC%C4%AB%B5%E5&USERNAME=&USER[39m
[90m  [90mâ”‚[90m ID=hnkim'[90m[39m
[90m[39m[90m  â””[39m
[90m[39m[32m  âˆš [39m [90mê²°ê³¼ì½”ë“œ(RETURNCODE) ì •ìƒì¶œë ¥[39m
[32m  âˆš [39m [90mê²°ê³¼ë©”ì„¸ì§€(RETURNMSG) ì •ìƒì¶œë ¥[39m
[32m  âˆš [39m [90mì¹´ë“œì‚¬ ì½”ë“œ(CARDCODE ì •ìƒì¶œë ¥[39m
[32m  âˆš [39m [90mêµ¬ë§¤ì ì „í™”ë²ˆí˜¸(USERPHONE) ë¹ˆê°’ í™•ì¸[39m
[32m  âˆš [39m [90mí• ë¶€ ê°œì›” ìˆ˜(QUOTA) ì •ìƒì¶œë ¥[39m
[32m  âˆš [39m [90më§¤ì¶œ ë°œìƒì‹œê°„(TRANTIME) Â±5ì´ˆ ì´ë‚´ ê²€ì¦[39m
[32m  âˆš [39m [90më§¤ì¶œ ë°œìƒì¼ì(TRANDATE) ì •ìƒì¶œë ¥[39m
[32m  âˆš [39m [90mìŠ¹ì¸ê¸ˆì•¡(AMOUNT) ì •ìƒì¶œë ¥[39m
[32m  âˆš [39m [90mìƒí’ˆëª…(ITEMNAME) ì •ìƒì¶œë ¥[39m
[32m  âˆš [39m [90më³´ì¦ê¸ˆ ê¸ˆì•¡(DEPOSIT_AMT) ì •ìƒì¶œë ¥[39m
[32m  âˆš [39m [90më‹¤ë‚  ê±°ë˜ í‚¤(TID) ì •ìƒì¶œë ¥[39m
[32m  âˆš [39m [90mê°€ë§¹ì  ì£¼ë¬¸ë²ˆí˜¸(ORDERID) ë¹ˆê°’ í™•ì¸[39m
[32m  âˆš [39m [90mì¹´ë“œë²ˆí˜¸(CARDNO) ì •ìƒì¶œë ¥[39m
[32m  âˆš [39m [90mê±°ë˜ ìŠ¹ì¸ ë²ˆí˜¸(CARDAUTHNO) ì •ìƒì¶œë ¥[39m
[32m  âˆš [39m [90mì¹´ë“œì‚¬ ëª…(CARDNAME) ì •ìƒì¶œë ¥[39m
[32m  âˆš [39m [90mêµ¬ë§¤ì ì´ë¦„(USERNAME) ì •ìƒì¶œë ¥[39m
[32m  âˆš [39m [90mêµ¬ë§¤ì ID(USERID) ì •ìƒì¶œë ¥[39m

â”” [0mì¹´ë“œ ìŠ¹ì¸ ì·¨ì†Œ (BILLCANCEL)[0m
[33m  â”Œ[39m
[33m[39m[90m  [33mâ”‚[90m [90m`Using "CryptoJS" is deprecated. Use "require('cr[39m
[90m  [33mâ”‚[90m ypto-js')" instead.`[90m[39m
[90m[39m[33m  â””[39m
[33m[39m  [90mPOST[39m [90mhttps://tx-creditcard.danalpay.com/credit/?CPID=A010037544&DATA=8kvDIwvdID7NWcBMND4uDXj5S29rZjZ3WdMb7VrVPwQs7O3jm%2B75oKLJ9uf0ShIRSwg9CHnRp260%2BN1LjS0Kmsi%2BlLSN3E9HrE1j8%2BWZZ858jgy8JHqk%2FyTCiFUJC8KU[39m  
  200 OK [90mâ˜…[39m 1367ms [90mtime[39m [90mâ˜…[39m 457B[90mâ†‘[39m 394B[90mâ†“[39m [90msize[39m [90mâ˜…[39m 9[90mâ†‘[39m 4[90mâ†“[39m [90mheaders[39m [90mâ˜…[39m 0 [90mcookies[39m
  [37mâ”Œ[39m [37mâ†“[39m text/plain [90mâ˜…[39m text [90mâ˜…[39m plain [90mâ˜…[39m euc-kr [90mâ˜…[39m 261B
[90m  [37mâ”‚[90m DATA=bH6El5elON5883LB3RlfF1OF1H8eZTXv49wXL8%2FAVeVzhHU[39m
[90m  [37mâ”‚[90m 5sdes40grvKmzi%2BrXpEcmh7jL8tvQ8yMKlifmpx7%2FFzBK1bEj0[39m
[90m  [37mâ”‚[90m bUjv6GXaABJ6ITK%2FIx6AOzp2MLQYDt62%2BQ9yahYGy7ks2mMT5y[39m
[90m  [37mâ”‚[90m wmIymB5Tx1RvpenVK0eIYQAAzKs%2FaHPDNzFyDTs1tg7%2BXYlf6X[39m
[90m  [37mâ”‚[90m 2C28uE2aTUsHo2mKIkWGgOjECcT%2FUDmApM%2Bu2M%3D[39m
[90m[39m[37m  â””[39m
  [37mprepare[39m   [37mwait[39m    [37mdns-lookup[39m   [37mtcp-handshake[39m   [37mssl-handshake[39m   [37mtransfer-start[39m   [37mdownload[39m   [37mprocess[39m   [37mtotal[39m  
  [90m494Âµs[39m     [90m226Âµs[39m   [90m(cache)[39m      [90m(cache)[39m         [90m(cache)[39m         [90m1365ms[39m           [90m530Âµs[39m      [90m24Âµs[39m      [90m1366ms[39m 

[33m  â”Œ[39m
[33m[39m[90m  [33mâ”‚[90m [90m`Using "CryptoJS" is deprecated. Use "require('cr[39m
[90m  [33mâ”‚[90m ypto-js')" instead.`[90m[39m
[90m[39m[90m  [90mâ”‚[90m [90m'ë³µí˜¸í™” ê²°ê³¼ : '[90m[37m, [90m[90m'RETURNCODE=0000[39m
[90m  [90mâ”‚[90m &RETURNMSG=%BC%BA%B0%F8&BALANCE=0&O_TID=20260107035020[39m
[90m  [90mâ”‚[90m 0603944400&TID=202601070350220893954400&TRANTIME=03502[39m
[90m  [90mâ”‚[90m 1&TRANDATE=20260107&AMOUNT=301&DEPOSIT_AMT=0'[90m[39m
[90m[39m[90m  â””[39m
[90m[39m[32m  âˆš [39m [90mê²°ê³¼ì½”ë“œ(RETURNCODE) ì •ìƒì¶œë ¥[39m
[32m  âˆš [39m [90mê²°ê³¼ë©”ì„¸ì§€(RETURNMSG) ì •ìƒì¶œë ¥[39m
[32m  âˆš [39m [90mì·¨ì†Œ í›„ ì”ì•¡(BALANCE) ì •ìƒì¶œë ¥[39m
[32m  âˆš [39m [90më‹¤ë‚  ì› ê±°ë˜ í‚¤(O_TID) ì •ìƒì¶œë ¥[39m
[32m  âˆš [39m [90më‹¤ë‚  ê±°ë˜ í‚¤(TID) ì •ìƒì¶œë ¥[39m
[32m  âˆš [39m [90mìŠ¹ì¸ ë°œìƒì‹œê°„(TRANTIME) ì •ìƒì¶œë ¥[39m
[32m  âˆš [39m [90mìŠ¹ì¸ ë°œìƒì¼ì(TRANDATE)[39m
[32m  âˆš [39m [90mìŠ¹ì¸ ì·¨ì†Œ ê¸ˆì•¡(AMOUNT) ì •ìƒì¶œë ¥[39m
[32m  âˆš [39m [90mì»µ ë³´ì¦ê¸ˆ(DEPOSIT_AMT) ì •ìƒì¶œë ¥[39m

â–¡ [0mìš°ë¦¬ë…ìì¹´ë“œ[0m
â”” [0mì •ê¸°ê²°ì œ ìš”ì²­ (OTBILL)[0m
[33m  â”Œ[39m
[33m[39m[90m  [33mâ”‚[90m [90m`Using "CryptoJS" is deprecated. Use "require('cr[39m
[90m  [33mâ”‚[90m ypto-js')" instead.`[90m[39m
[90m[39m[33m  â””[39m
[33m[39m  [90mPOST[39m [90mhttps://tx-creditcard.danalpay.com/credit/?CPID=A010037544&DATA=wcpoTy27mkzR%2FoCmuhu%2BEL1VevUN6wQgs96fAg0NJdKChw9Ccm7hXXJcj%2FUGj%2Bb8z5dq8TvydwIj3RXPjUXi4KzQHH0ZG0DZA03Udge2eI0IsrkEsoTSxKLbYyq5iCvbykTt6GhW9hCDbp8fHC1zGJEYvBJNsjEqz2X9zw2JzcextrJriQhf%2FIUYtULhB8bH62Qdp0SGru%2BMd63vyNOLHA%3D%3D[39m  
  200 OK [90mâ˜…[39m 1308ms [90mtime[39m [90mâ˜…[39m 551B[90mâ†‘[39m 570B[90mâ†“[39m [90msize[39m [90mâ˜…[39m 9[90mâ†‘[39m 4[90mâ†“[39m [90mheaders[39m [90mâ˜…[39m 0 [90mcookies[39m
  [37mâ”Œ[39m [37mâ†“[39m text/plain [90mâ˜…[39m text [90mâ˜…[39m plain [90mâ˜…[39m euc-kr [90mâ˜…[39m 437B
[90m  [37mâ”‚[90m DATA=bH6El5elON5883LB3RlfF1OF1H8eZTXv49wXL8%2FAVeUOrT2[39m
[90m  [37mâ”‚[90m zbTtZtAh642sVeJ6SCEV8X0t3vMfl9ATc0EgMVgs%2BSe2%2BMSDg6[39m
[90m  [37mâ”‚[90m %2FG%2Fhau0IHAi%2F2ifY4YoLCXZuu7KqtYcG4P29moTpeYtXWqrG[39m
[90m  [37mâ”‚[90m 7fK%2BEmDckVlZpzRmcURXtoy5aYEQDOi%2FHmySp5ITjYPIfxST2U[39m
[90m  [37mâ”‚[90m HjSSN9ay6mXPGUJJquWBtYIjCYFI35z4X8epkork7eO1rO5rtSETLP[39m
[90m  [37mâ”‚[90m 4dijKpZsffLfz7ADGjY7Sax8cOpkyhApO0T1ScHdUkOeW5nt8Gd5Hz[39m
[90m  [37mâ”‚[90m 0I2M1hxzcmHkA5ti3qVFLhYWvbRkj3E9Ev2vWEX1kR%2BpTBI8E2Gf[39m
[90m  [37mâ”‚[90m KRLBSrtc%2FhNkgDtLtzjYgbLcoCYkYWBG37Z5fRLgIWtmel8QqsA%[39m
[90m  [37mâ”‚[90m 3D%3D[39m
[90m[39m[37m  â””[39m
  [37mprepare[39m   [37mwait[39m    [37mdns-lookup[39m   [37mtcp-handshake[39m   [37mssl-handshake[39m   [37mtransfer-start[39m   [37mdownload[39m   [37mprocess[39m   [37mtotal[39m  
  [90m424Âµs[39m     [90m166Âµs[39m   [90m(cache)[39m      [90m(cache)[39m         [90m(cache)[39m         [90m1306ms[39m           [90m511Âµs[39m      [90m23Âµs[39m      [90m1307ms[39m 

[33m  â”Œ[39m
[33m[39m[90m  [33mâ”‚[90m [90m`Using "CryptoJS" is deprecated. Use "require('cr[39m
[90m  [33mâ”‚[90m ypto-js')" instead.`[90m[39m
[90m[39m[90m  [90mâ”‚[90m [90m'ë³µí˜¸í™” ê²°ê³¼ : '[90m[37m, [90m[90m'RETURNCODE=0000[39m
[90m  [90mâ”‚[90m &RETURNMSG=%BC%BA%B0%F8&CARDCODE=0907&USERPHONE=&QUOTA[39m
[90m  [90mâ”‚[90m =00&TRANTIME=035024&TRANDATE=20260107&AMOUNT=301&ITEMN[39m
[90m  [90mâ”‚[90m AME=apiautotest&DEPOSIT_AMT=0&TID=20260107035023626396[39m
[90m  [90mâ”‚[90m 4400&ORDERID=&CARDNO=624404******8380&CARDAUTHNO=84222[39m
[90m  [90mâ”‚[90m 147&CARDNAME=%BF%EC%B8%AE%C4%AB%B5%E5&USERNAME=&USERID[39m
[90m  [90mâ”‚[90m =hnkim'[90m[39m
[90m[39m[90m  â””[39m
[90m[39m[32m  âˆš [39m [90mê²°ê³¼ì½”ë“œ(RETURNCODE) ì •ìƒì¶œë ¥[39m
[32m  âˆš [39m [90mê²°ê³¼ë©”ì„¸ì§€(RETURNMSG) ì •ìƒì¶œë ¥[39m
[32m  âˆš [39m [90mì¹´ë“œì‚¬ ì½”ë“œ(CARDCODE ì •ìƒì¶œë ¥[39m
[32m  âˆš [39m [90mêµ¬ë§¤ì ì „í™”ë²ˆí˜¸(USERPHONE) ë¹ˆê°’ í™•ì¸[39m
[32m  âˆš [39m [90mí• ë¶€ ê°œì›” ìˆ˜(QUOTA) ì •ìƒì¶œë ¥[39m
[32m  âˆš [39m [90më§¤ì¶œ ë°œìƒì‹œê°„(TRANTIME) Â±5ì´ˆ ì´ë‚´ ê²€ì¦[39m
[32m  âˆš [39m [90më§¤ì¶œ ë°œìƒì¼ì(TRANDATE) ì •ìƒì¶œë ¥[39m
[32m  âˆš [39m [90mìŠ¹ì¸ê¸ˆì•¡(AMOUNT) ì •ìƒì¶œë ¥[39m
[32m  âˆš [39m [90mìƒí’ˆëª…(ITEMNAME) ì •ìƒì¶œë ¥[39m
[32m  âˆš [39m [90më³´ì¦ê¸ˆ ê¸ˆì•¡(DEPOSIT_AMT) ì •ìƒì¶œë ¥[39m
[32m  âˆš [39m [90më‹¤ë‚  ê±°ë˜ í‚¤(TID) ì •ìƒì¶œë ¥[39m
[32m  âˆš [39m [90mê°€ë§¹ì  ì£¼ë¬¸ë²ˆí˜¸(ORDERID) ë¹ˆê°’ í™•ì¸[39m
[32m  âˆš [39m [90mì¹´ë“œë²ˆí˜¸(CARDNO) ì •ìƒì¶œë ¥[39m
[32m  âˆš [39m [90mê±°ë˜ ìŠ¹ì¸ ë²ˆí˜¸(CARDAUTHNO) ì •ìƒì¶œë ¥[39m
[32m  âˆš [39m [90mì¹´ë“œì‚¬ ëª…(CARDNAME) ì •ìƒì¶œë ¥[39m
[32m  âˆš [39m [90mêµ¬ë§¤ì ì´ë¦„(USERNAME) ì •ìƒì¶œë ¥[39m
[32m  âˆš [39m [90mêµ¬ë§¤ì ID(USERID) ì •ìƒì¶œë ¥[39m

â”” [0mì¹´ë“œ ìŠ¹ì¸ ì·¨ì†Œ (BILLCANCEL)[0m
[33m  â”Œ[39m
[33m[39m[90m  [33mâ”‚[90m [90m`Using "CryptoJS" is deprecated. Use "require('cr[39m
[90m  [33mâ”‚[90m ypto-js')" instead.`[90m[39m
[90m[39m[33m  â””[39m
[33m[39m  [90mPOST[39m [90mhttps://tx-creditcard.danalpay.com/credit/?CPID=A010037544&DATA=8kvDIwvdID7NWcBMND4uDTA83NB95uAhdD2xYZmvYk52ojYadcJ%2Blr37j4WiWQm32loZEl7q%2B1SuqrVGDF%2BKrMwTtOCw%2BVDVez416hgLu4cbGVzT3USLyrEVlUK2%2FuCC[39m  
  200 OK [90mâ˜…[39m 1341ms [90mtime[39m [90mâ˜…[39m 457B[90mâ†‘[39m 398B[90mâ†“[39m [90msize[39m [90mâ˜…[39m 9[90mâ†‘[39m 4[90mâ†“[39m [90mheaders[39m [90mâ˜…[39m 0 [90mcookies[39m
  [37mâ”Œ[39m [37mâ†“[39m text/plain [90mâ˜…[39m text [90mâ˜…[39m plain [90mâ˜…[39m euc-kr [90mâ˜…[39m 265B
[90m  [37mâ”‚[90m DATA=bH6El5elON5883LB3RlfF1OF1H8eZTXv49wXL8%2FAVeVzhHU[39m
[90m  [37mâ”‚[90m 5sdes40grvKmzi%2BrXpEcmh7jL8tvQ8yMKlifmp%2Bxgg%2Fpn3HL[39m
[90m  [37mâ”‚[90m Q%2Femc3lRBmuV5pD3De222YCLn%2Bj6V6xcJlxKmL%2B4AQmFFNdT[39m
[90m  [37mâ”‚[90m EkekIccy1a1MVjYyd4r%2FZOM0%2BKI6iS6VGD9iz2KrXZnzlX%2BT[39m
[90m  [37mâ”‚[90m zYoP%2FdPWoN2FPHotOvyb5A78eQHBa66x8BOzCmDPV17k%3D[39m
[90m[39m[37m  â””[39m
  [37mprepare[39m   [37mwait[39m    [37mdns-lookup[39m   [37mtcp-handshake[39m   [37mssl-handshake[39m   [37mtransfer-start[39m   [37mdownload[39m   [37mprocess[39m   [37mtotal[39m  
  [90m532Âµs[39m     [90m228Âµs[39m   [90m(cache)[39m      [90m(cache)[39m         [90m(cache)[39m         [90m1339ms[39m           [90m546Âµs[39m      [90m21Âµs[39m      [90m1341ms[39m 

[33m  â”Œ[39m
[33m[39m[90m  [33mâ”‚[90m [90m`Using "CryptoJS" is deprecated. Use "require('cr[39m
[90m  [33mâ”‚[90m ypto-js')" instead.`[90m[39m
[90m[39m[90m  [90mâ”‚[90m [90m'ë³µí˜¸í™” ê²°ê³¼ : '[90m[37m, [90m[90m'RETURNCODE=0000[39m
[90m  [90mâ”‚[90m &RETURNMSG=%BC%BA%B0%F8&BALANCE=0&O_TID=20260107035023[39m
[90m  [90mâ”‚[90m 6263964400&TID=202601070350251053984400&TRANTIME=03502[39m
[90m  [90mâ”‚[90m 4&TRANDATE=20260107&AMOUNT=301&DEPOSIT_AMT=0'[90m[39m
[90m[39m[90m  â””[39m
[90m[39m[32m  âˆš [39m [90mê²°ê³¼ì½”ë“œ(RETURNCODE) ì •ìƒì¶œë ¥[39m
[32m  âˆš [39m [90mê²°ê³¼ë©”ì„¸ì§€(RETURNMSG) ì •ìƒì¶œë ¥[39m
[32m  âˆš [39m [90mì·¨ì†Œ í›„ ì”ì•¡(BALANCE) ì •ìƒì¶œë ¥[39m
[32m  âˆš [39m [90më‹¤ë‚  ì› ê±°ë˜ í‚¤(O_TID) ì •ìƒì¶œë ¥[39m
[32m  âˆš [39m [90më‹¤ë‚  ê±°ë˜ í‚¤(TID) ì •ìƒì¶œë ¥[39m
[32m  âˆš [39m [90mìŠ¹ì¸ ë°œìƒì‹œê°„(TRANTIME) ì •ìƒì¶œë ¥[39m
[32m  âˆš [39m [90mìŠ¹ì¸ ë°œìƒì¼ì(TRANDATE)[39m
[32m  âˆš [39m [90mìŠ¹ì¸ ì·¨ì†Œ ê¸ˆì•¡(AMOUNT) ì •ìƒì¶œë ¥[39m
[32m  âˆš [39m [90mì»µ ë³´ì¦ê¸ˆ(DEPOSIT_AMT) ì •ìƒì¶œë ¥[39m

â–¡ [0mKbankì¹´ë“œ[0m
â”” [0mì •ê¸°ê²°ì œ ìš”ì²­ (OTBILL)[0m
[33m  â”Œ[39m
[33m[39m[90m  [33mâ”‚[90m [90m`Using "CryptoJS" is deprecated. Use "require('cr[39m
[90m  [33mâ”‚[90m ypto-js')" instead.`[90m[39m
[90m[39m[33m  â””[39m
[33m[39m  [90mPOST[39m [90mhttps://tx-creditcard.danalpay.com/credit/?CPID=A010037544&DATA=wcpoTy27mkzR%2FoCmuhu%2BEL1VevUN6wQgs96fAg0NJdKChw9Ccm7hXXJcj%2FUGj%2Bb8z5dq8TvydwIj3RXPjUXi4KzQHH0ZG0DZA03Udge2eI0IsrkEsoTSxKLbYyq5iCvbykTt6GhW9hCDbp8fHC1zGJEYvBJNsjEqz2X9zw2JzccQmxP3XnXAnB6A1V7j6yFer%2BQE%2Ba1pl7pMnq93f1iTpw%3D%3D[39m  
  200 OK [90mâ˜…[39m 1633ms [90mtime[39m [90mâ˜…[39m 551B[90mâ†‘[39m 568B[90mâ†“[39m [90msize[39m [90mâ˜…[39m 9[90mâ†‘[39m 4[90mâ†“[39m [90mheaders[39m [90mâ˜…[39m 0 [90mcookies[39m
  [37mâ”Œ[39m [37mâ†“[39m text/plain [90mâ˜…[39m text [90mâ˜…[39m plain [90mâ˜…[39m euc-kr [90mâ˜…[39m 435B
[90m  [37mâ”‚[90m DATA=bH6El5elON5883LB3RlfF1OF1H8eZTXv49wXL8%2FAVeUOrT2[39m
[90m  [37mâ”‚[90m zbTtZtAh642sVeJ6SinDkYn9ioJsD8ofeqixaZhafgVzRTFP%2FgCC[39m
[90m  [37mâ”‚[90m FxVS%2FmGYeTHgXq2TN2bfsJlaeJFT8UT0BPzmsxhxMqto7BK7bv46[39m
[90m  [37mâ”‚[90m FVnadqXkeb%2BTeOSM0YYJZBRzi8q0OHFTg%2BV%2B3bbfUhf4hkEh[39m
[90m  [37mâ”‚[90m lPRwfJQE40GC16lIg5GtfiOcGd%2FacZ62ylxsg1hFoeZv694GSXi%[39m
[90m  [37mâ”‚[90m 2BjoxpvpiMXBzdYCrXOwUziM05gYJwWsi4v5kI0zNUZaNBNFlUdvoy[39m
[90m  [37mâ”‚[90m j8dYxzzIbbGY3aj3uWvBKmsdNS6cKyzd4Vo5NA3VYgURo64WG%2FZd[39m
[90m  [37mâ”‚[90m A712Rlgo0SAagcnu98NHZMXxga7as1bfJ1zomJZRn8fO99dz0BQ%3D[39m
[90m  [37mâ”‚[90m %3D[39m
[90m[39m[37m  â””[39m
  [37mprepare[39m   [37mwait[39m    [37mdns-lookup[39m   [37mtcp-handshake[39m   [37mssl-handshake[39m   [37mtransfer-start[39m   [37mdownload[39m   [37mprocess[39m   [37mtotal[39m  
  [90m303Âµs[39m     [90m161Âµs[39m   [90m(cache)[39m      [90m(cache)[39m         [90m(cache)[39m         [90m1632ms[39m           [90m339Âµs[39m      [90m15Âµs[39m      [90m1632ms[39m 

[33m  â”Œ[39m
[33m[39m[90m  [33mâ”‚[90m [90m`Using "CryptoJS" is deprecated. Use "require('cr[39m
[90m  [33mâ”‚[90m ypto-js')" instead.`[90m[39m
[90m[39m[90m  [90mâ”‚[90m [90m'ë³µí˜¸í™” ê²°ê³¼ : '[90m[37m, [90m[90m'RETURNCODE=0000[39m
[90m  [90mâ”‚[90m &RETURNMSG=%BC%BA%B0%F8&CARDCODE=0921&USERPHONE=&QUOTA[39m
[90m  [90mâ”‚[90m =00&TRANTIME=035028&TRANDATE=20260107&AMOUNT=301&ITEMN[39m
[90m  [90mâ”‚[90m AME=apiautotest&DEPOSIT_AMT=0&TID=20260107035026615399[39m
[90m  [90mâ”‚[90m 4400&ORDERID=&CARDNO=485462******0767&CARDAUTHNO=39149[39m
[90m  [90mâ”‚[90m 628&CARDNAME=%C4%C9%C0%CC%B9%F0%C5%A9%C4%AB%B5%E5&USER[39m
[90m  [90mâ”‚[90m NAME=&USERID=hnkim'[90m[39m
[90m[39m[90m  â””[39m
[90m[39m[32m  âˆš [39m [90mê²°ê³¼ì½”ë“œ(RETURNCODE) ì •ìƒì¶œë ¥[39m
[32m  âˆš [39m [90mê²°ê³¼ë©”ì„¸ì§€(RETURNMSG) ì •ìƒì¶œë ¥[39m
[32m  âˆš [39m [90mì¹´ë“œì‚¬ ì½”ë“œ(CARDCODE ì •ìƒì¶œë ¥[39m
[32m  âˆš [39m [90mêµ¬ë§¤ì ì „í™”ë²ˆí˜¸(USERPHONE) ë¹ˆê°’ í™•ì¸[39m
[32m  âˆš [39m [90mí• ë¶€ ê°œì›” ìˆ˜(QUOTA) ì •ìƒì¶œë ¥[39m
[32m  âˆš [39m [90më§¤ì¶œ ë°œìƒì‹œê°„(TRANTIME) Â±5ì´ˆ ì´ë‚´ ê²€ì¦[39m
[32m  âˆš [39m [90më§¤ì¶œ ë°œìƒì¼ì(TRANDATE) ì •ìƒì¶œë ¥[39m
[32m  âˆš [39m [90mìŠ¹ì¸ê¸ˆì•¡(AMOUNT) ì •ìƒì¶œë ¥[39m
[32m  âˆš [39m [90mìƒí’ˆëª…(ITEMNAME) ì •ìƒì¶œë ¥[39m
[32m  âˆš [39m [90më³´ì¦ê¸ˆ ê¸ˆì•¡(DEPOSIT_AMT) ì •ìƒì¶œë ¥[39m
[32m  âˆš [39m [90më‹¤ë‚  ê±°ë˜ í‚¤(TID) ì •ìƒì¶œë ¥[39m
[32m  âˆš [39m [90mê°€ë§¹ì  ì£¼ë¬¸ë²ˆí˜¸(ORDERID) ë¹ˆê°’ í™•ì¸[39m
[32m  âˆš [39m [90mì¹´ë“œë²ˆí˜¸(CARDNO) ì •ìƒì¶œë ¥[39m
[32m  âˆš [39m [90mê±°ë˜ ìŠ¹ì¸ ë²ˆí˜¸(CARDAUTHNO) ì •ìƒì¶œë ¥[39m
[32m  âˆš [39m [90mì¹´ë“œì‚¬ ëª…(CARDNAME) ì •ìƒì¶œë ¥[39m
[32m  âˆš [39m [90mêµ¬ë§¤ì ì´ë¦„(USERNAME) ì •ìƒì¶œë ¥[39m
[32m  âˆš [39m [90mêµ¬ë§¤ì ID(USERID) ì •ìƒì¶œë ¥[39m

â”” [0mì¹´ë“œ ìŠ¹ì¸ ì·¨ì†Œ (BILLCANCEL)[0m
[33m  â”Œ[39m
[33m[39m[90m  [33mâ”‚[90m [90m`Using "CryptoJS" is deprecated. Use "require('cr[39m
[90m  [33mâ”‚[90m ypto-js')" instead.`[90m[39m
[90m[39m[33m  â””[39m
[33m[39m  [90mPOST[39m [90mhttps://tx-creditcard.danalpay.com/credit/?CPID=A010037544&DATA=8kvDIwvdID7NWcBMND4uDdGH%2BVe%2BK5aHSKMyShldNSfBDGT%2FNi3UP9ORRTCIROBVea9lgk8jKF6YeXW1E3E08qEMAcnDbKkJosyKRMPNrvKgsxbCnBDNpX2JL6CEq%2Bnm[39m  
  200 OK [90mâ˜…[39m 1357ms [90mtime[39m [90mâ˜…[39m 455B[90mâ†‘[39m 388B[90mâ†“[39m [90msize[39m [90mâ˜…[39m 9[90mâ†‘[39m 4[90mâ†“[39m [90mheaders[39m [90mâ˜…[39m 0 [90mcookies[39m
  [37mâ”Œ[39m [37mâ†“[39m text/plain [90mâ˜…[39m text [90mâ˜…[39m plain [90mâ˜…[39m euc-kr [90mâ˜…[39m 255B
[90m  [37mâ”‚[90m DATA=bH6El5elON5883LB3RlfF1OF1H8eZTXv49wXL8%2FAVeVzhHU[39m
[90m  [37mâ”‚[90m 5sdes40grvKmzi%2BrXpEcmh7jL8tvQ8yMKlifmp%2BroMpyyX5WPi[39m
[90m  [37mâ”‚[90m 4CzIxpby9W1F7IfLFycepTkRbSdRX7kRLTh0vVOWRJgWxbP6yLYoBH[39m
[90m  [37mâ”‚[90m sD5Bck5IxVHwWFMeqEa3DgCM7evRRemelAZ4cQnar6qxNXt%2FAWgr[39m
[90m  [37mâ”‚[90m hT%2FnuF2MOHPt3TsJsDk3dW1jnqqNH4%2FA%3D[39m
[90m[39m[37m  â””[39m
  [37mprepare[39m   [37mwait[39m    [37mdns-lookup[39m   [37mtcp-handshake[39m   [37mssl-handshake[39m   [37mtransfer-start[39m   [37mdownload[39m   [37mprocess[39m   [37mtotal[39m  
  [90m411Âµs[39m     [90m128Âµs[39m   [90m(cache)[39m      [90m(cache)[39m         [90m(cache)[39m         [90m1355ms[39m           [90m364Âµs[39m      [90m15Âµs[39m      [90m1356ms[39m 

[33m  â”Œ[39m
[33m[39m[90m  [33mâ”‚[90m [90m`Using "CryptoJS" is deprecated. Use "require('cr[39m
[90m  [33mâ”‚[90m ypto-js')" instead.`[90m[39m
[90m[39m[90m  [90mâ”‚[90m [90m'ë³µí˜¸í™” ê²°ê³¼ : '[90m[37m, [90m[90m'RETURNCODE=0000[39m
[90m  [90mâ”‚[90m &RETURNMSG=%BC%BA%B0%F8&BALANCE=0&O_TID=20260107035026[39m
[90m  [90mâ”‚[90m 6153994400&TID=202601070350284214004400&TRANTIME=03502[39m
[90m  [90mâ”‚[90m 8&TRANDATE=20260107&AMOUNT=301&DEPOSIT_AMT=0'[90m[39m
[90m[39m[90m  â””[39m
[90m[39m[32m  âˆš [39m [90mê²°ê³¼ì½”ë“œ(RETURNCODE) ì •ìƒì¶œë ¥[39m
[32m  âˆš [39m [90mê²°ê³¼ë©”ì„¸ì§€(RETURNMSG) ì •ìƒì¶œë ¥[39m
[32m  âˆš [39m [90mì·¨ì†Œ í›„ ì”ì•¡(BALANCE) ì •ìƒì¶œë ¥[39m
[32m  âˆš [39m [90më‹¤ë‚  ì› ê±°ë˜ í‚¤(O_TID) ì •ìƒì¶œë ¥[39m
[32m  âˆš [39m [90më‹¤ë‚  ê±°ë˜ í‚¤(TID) ì •ìƒì¶œë ¥[39m
[32m  âˆš [39m [90mìŠ¹ì¸ ë°œìƒì‹œê°„(TRANTIME) ì •ìƒì¶œë ¥[39m
[32m  âˆš [39m [90mìŠ¹ì¸ ë°œìƒì¼ì(TRANDATE)[39m
[32m  âˆš [39m [90mìŠ¹ì¸ ì·¨ì†Œ ê¸ˆì•¡(AMOUNT) ì •ìƒì¶œë ¥[39m
[32m  âˆš [39m [90mì»µ ë³´ì¦ê¸ˆ(DEPOSIT_AMT) ì •ìƒì¶œë ¥[39m

â–¡ [0më¡¯ë°ì¹´ë“œ[0m
â”” [0mì •ê¸°ê²°ì œ ìš”ì²­ (OTBILL)[0m
[33m  â”Œ[39m
[33m[39m[90m  [33mâ”‚[90m [90m`Using "CryptoJS" is deprecated. Use "require('cr[39m
[90m  [33mâ”‚[90m ypto-js')" instead.`[90m[39m
[90m[39m[33m  â””[39m
[33m[39m  [90mPOST[39m [90mhttps://tx-creditcard.danalpay.com/credit/?CPID=A010037544&DATA=wcpoTy27mkzR%2FoCmuhu%2BEL1VevUN6wQgs96fAg0NJdKChw9Ccm7hXXJcj%2FUGj%2Bb8z5dq8TvydwIj3RXPjUXi4KzQHH0ZG0DZA03Udge2eI0IsrkEsoTSxKLbYyq5iCvbykTt6GhW9hCDbp8fHC1zGJEYvBJNsjEqz2X9zw2JzcfDPdPuA9czR8Lb0T%2Ba0ODlNEPIdgayTwp7V1JVXixp1g%3D%3D[39m  
  200 OK [90mâ˜…[39m 1258ms [90mtime[39m [90mâ˜…[39m 549B[90mâ†‘[39m 562B[90mâ†“[39m [90msize[39m [90mâ˜…[39m 9[90mâ†‘[39m 4[90mâ†“[39m [90mheaders[39m [90mâ˜…[39m 0 [90mcookies[39m
  [37mâ”Œ[39m [37mâ†“[39m text/plain [90mâ˜…[39m text [90mâ˜…[39m plain [90mâ˜…[39m euc-kr [90mâ˜…[39m 429B
[90m  [37mâ”‚[90m DATA=bH6El5elON5883LB3RlfF1OF1H8eZTXv49wXL8%2FAVeUOrT2[39m
[90m  [37mâ”‚[90m zbTtZtAh642sVeJ6StsCSLQrHY87ecb4BS7M9WO73D7od%2BJSwkFn[39m
[90m  [37mâ”‚[90m jsLRsnIZaozZdytYZqwlJ8OCEyx1MQ1f4xiA8WPFXVb6kyvGtZPdCc[39m
[90m  [37mâ”‚[90m jtj2bnr7CUm9%2FE84AQtostH3HVip7gUEWp0xN2JqfBPmBEgVElVi[39m
[90m  [37mâ”‚[90m VaE1FndRAkA7vheO3dlXXDGywx%2BOlfRRJ440aqA8Nr8ZJO3HmUoz[39m
[90m  [37mâ”‚[90m Ub%2Ff9M66oHYLRZ8yeGqTiRzKOCZqMzxDrEXMub%2BF1c4c2nbt5D[39m
[90m  [37mâ”‚[90m VeUwbHAYeXOZ6MU9wJovXAryM1yjeZ6VYAdrkburDVhlCssPUxdHLE[39m
[90m  [37mâ”‚[90m OLerSS234i9IwKwbj2u3PSAwKRh4NryTsEroEqR4DBJFg%3D%3D[39m
[90m[39m[37m  â””[39m
  [37mprepare[39m   [37mwait[39m    [37mdns-lookup[39m   [37mtcp-handshake[39m   [37mssl-handshake[39m   [37mtransfer-start[39m   [37mdownload[39m   [37mprocess[39m   [37mtotal[39m  
  [90m564Âµs[39m     [90m143Âµs[39m   [90m(cache)[39m      [90m(cache)[39m         [90m(cache)[39m         [90m1257ms[39m           [90m467Âµs[39m      [90m22Âµs[39m      [90m1258ms[39m 

[33m  â”Œ[39m
[33m[39m[90m  [33mâ”‚[90m [90m`Using "CryptoJS" is deprecated. Use "require('cr[39m
[90m  [33mâ”‚[90m ypto-js')" instead.`[90m[39m
[90m[39m[90m  [90mâ”‚[90m [90m'ë³µí˜¸í™” ê²°ê³¼ : '[90m[37m, [90m[90m'RETURNCODE=0000[39m
[90m  [90mâ”‚[90m &RETURNMSG=%BC%BA%B0%F8&CARDCODE=0700&USERPHONE=&QUOTA[39m
[90m  [90mâ”‚[90m =00&TRANTIME=035031&TRANDATE=20260107&AMOUNT=301&ITEMN[39m
[90m  [90mâ”‚[90m AME=apiautotest&DEPOSIT_AMT=0&TID=20260107035029949402[39m
[90m  [90mâ”‚[90m 4400&ORDERID=&CARDNO=513792******3380&CARDAUTHNO=67026[39m
[90m  [90mâ”‚[90m 222&CARDNAME=%B7%D4%B5%A5%C4%AB%B5%E5&USERNAME=&USERID[39m
[90m  [90mâ”‚[90m =hnkim'[90m[39m
[90m[39m[90m  â””[39m
[90m[39m[32m  âˆš [39m [90mê²°ê³¼ì½”ë“œ(RETURNCODE) ì •ìƒì¶œë ¥[39m
[32m  âˆš [39m [90mê²°ê³¼ë©”ì„¸ì§€(RETURNMSG) ì •ìƒì¶œë ¥[39m
[32m  âˆš [39m [90mì¹´ë“œì‚¬ ì½”ë“œ(CARDCODE ì •ìƒì¶œë ¥[39m
[32m  âˆš [39m [90mêµ¬ë§¤ì ì „í™”ë²ˆí˜¸(USERPHONE) ë¹ˆê°’ í™•ì¸[39m
[32m  âˆš [39m [90mí• ë¶€ ê°œì›” ìˆ˜(QUOTA) ì •ìƒì¶œë ¥[39m
[32m  âˆš [39m [90më§¤ì¶œ ë°œìƒì‹œê°„(TRANTIME) Â±5ì´ˆ ì´ë‚´ ê²€ì¦[39m
[32m  âˆš [39m [90më§¤ì¶œ ë°œìƒì¼ì(TRANDATE) ì •ìƒì¶œë ¥[39m
[32m  âˆš [39m [90mìŠ¹ì¸ê¸ˆì•¡(AMOUNT) ì •ìƒì¶œë ¥[39m
[32m  âˆš [39m [90mìƒí’ˆëª…(ITEMNAME) ì •ìƒì¶œë ¥[39m
[32m  âˆš [39m [90më³´ì¦ê¸ˆ ê¸ˆì•¡(DEPOSIT_AMT) ì •ìƒì¶œë ¥[39m
[32m  âˆš [39m [90më‹¤ë‚  ê±°ë˜ í‚¤(TID) ì •ìƒì¶œë ¥[39m
[32m  âˆš [39m [90mê°€ë§¹ì  ì£¼ë¬¸ë²ˆí˜¸(ORDERID) ë¹ˆê°’ í™•ì¸[39m
[32m  âˆš [39m [90mì¹´ë“œë²ˆí˜¸(CARDNO) ì •ìƒì¶œë ¥[39m
[32m  âˆš [39m [90mê±°ë˜ ìŠ¹ì¸ ë²ˆí˜¸(CARDAUTHNO) ì •ìƒì¶œë ¥[39m
[32m  âˆš [39m [90mì¹´ë“œì‚¬ ëª…(CARDNAME) ì •ìƒì¶œë ¥[39m
[32m  âˆš [39m [90mêµ¬ë§¤ì ì´ë¦„(USERNAME) ì •ìƒì¶œë ¥[39m
[32m  âˆš [39m [90mêµ¬ë§¤ì ID(USERID) ì •ìƒì¶œë ¥[39m

â”” [0mì¹´ë“œ ìŠ¹ì¸ ì·¨ì†Œ (BILLCANCEL)[0m
[33m  â”Œ[39m
[33m[39m[90m  [33mâ”‚[90m [90m`Using "CryptoJS" is deprecated. Use "require('cr[39m
[90m  [33mâ”‚[90m ypto-js')" instead.`[90m[39m
[90m[39m[33m  â””[39m
[33m[39m  [90mPOST[39m [90mhttps://tx-creditcard.danalpay.com/credit/?CPID=A010037544&DATA=8kvDIwvdID7NWcBMND4uDYf%2FUYZ5329oWXd9rAQa6u6EgieraFsPytCO2YMtgz2%2FkgnnzwmtdfGj6I%2BGS0Uh38oCqbULtEG0a6OLrbZOpU03OVt5Q8%2FFyU9msyEstLrX[39m  
  200 OK [90mâ˜…[39m 1308ms [90mtime[39m [90mâ˜…[39m 455B[90mâ†‘[39m 388B[90mâ†“[39m [90msize[39m [90mâ˜…[39m 9[90mâ†‘[39m 4[90mâ†“[39m [90mheaders[39m [90mâ˜…[39m 0 [90mcookies[39m
  [37mâ”Œ[39m [37mâ†“[39m text/plain [90mâ˜…[39m text [90mâ˜…[39m plain [90mâ˜…[39m euc-kr [90mâ˜…[39m 255B
[90m  [37mâ”‚[90m DATA=bH6El5elON5883LB3RlfF1OF1H8eZTXv49wXL8%2FAVeVzhHU[39m
[90m  [37mâ”‚[90m 5sdes40grvKmzi%2BrXpEcmh7jL8tvQ8yMKlifmpxMTTN0KWzWba%2[39m
[90m  [37mâ”‚[90m B5if1%2Bjm496BMfU%2Bx5AzPDV5sgIOtWmWMaeIm9yU4Fj02OtR5O[39m
[90m  [37mâ”‚[90m Niy8drKOMsdxSPNydmTTWslRf%2F6TpziXdpyPWWZkMJ2yntfZsf5b[39m
[90m  [37mâ”‚[90m jXSokncst8qPbdEw4DC9aut8V4lGO6kUjyR8%3D[39m
[90m[39m[37m  â””[39m
  [37mprepare[39m   [37mwait[39m    [37mdns-lookup[39m   [37mtcp-handshake[39m   [37mssl-handshake[39m   [37mtransfer-start[39m   [37mdownload[39m   [37mprocess[39m   [37mtotal[39m  
  [90m522Âµs[39m     [90m133Âµs[39m   [90m(cache)[39m      [90m(cache)[39m         [90m(cache)[39m         [90m1307ms[39m           [90m404Âµs[39m      [90m25Âµs[39m      [90m1308ms[39m 

[33m  â”Œ[39m
[33m[39m[90m  [33mâ”‚[90m [90m`Using "CryptoJS" is deprecated. Use "require('cr[39m
[90m  [33mâ”‚[90m ypto-js')" instead.`[90m[39m
[90m[39m[90m  [90mâ”‚[90m [90m'ë³µí˜¸í™” ê²°ê³¼ : '[90m[37m, [90m[90m'RETURNCODE=0000[39m
[90m  [90mâ”‚[90m &RETURNMSG=%BC%BA%B0%F8&BALANCE=0&O_TID=20260107035029[39m
[90m  [90mâ”‚[90m 9494024400&TID=202601070350313674034400&TRANTIME=03503[39m
[90m  [90mâ”‚[90m 1&TRANDATE=20260107&AMOUNT=301&DEPOSIT_AMT=0'[90m[39m
[90m[39m[90m  â””[39m
[90m[39m[32m  âˆš [39m [90mê²°ê³¼ì½”ë“œ(RETURNCODE) ì •ìƒì¶œë ¥[39m
[32m  âˆš [39m [90mê²°ê³¼ë©”ì„¸ì§€(RETURNMSG) ì •ìƒì¶œë ¥[39m
[32m  âˆš [39m [90mì·¨ì†Œ í›„ ì”ì•¡(BALANCE) ì •ìƒì¶œë ¥[39m
[32m  âˆš [39m [90më‹¤ë‚  ì› ê±°ë˜ í‚¤(O_TID) ì •ìƒì¶œë ¥[39m
[32m  âˆš [39m [90më‹¤ë‚  ê±°ë˜ í‚¤(TID) ì •ìƒì¶œë ¥[39m
[32m  âˆš [39m [90mìŠ¹ì¸ ë°œìƒì‹œê°„(TRANTIME) ì •ìƒì¶œë ¥[39m
[32m  âˆš [39m [90mìŠ¹ì¸ ë°œìƒì¼ì(TRANDATE)[39m
[32m  âˆš [39m [90mìŠ¹ì¸ ì·¨ì†Œ ê¸ˆì•¡(AMOUNT) ì •ìƒì¶œë ¥[39m
[32m  âˆš [39m [90mì»µ ë³´ì¦ê¸ˆ(DEPOSIT_AMT) ì •ìƒì¶œë ¥[39m

[90mâ”Œâ”€â”€â”€â”€â”€â”€â”€â”€â”€â”€â”€â”€â”€â”€â”€â”€â”€â”€â”€â”€â”€â”€â”€â”€â”€[39m[90mâ”¬â”€â”€â”€â”€â”€â”€â”€â”€â”€â”€â”€â”€â”€â”€â”€â”€â”€â”€â”€â”€â”€â”€[39m[90mâ”¬â”€â”€â”€â”€â”€â”€â”€â”€â”€â”€â”€â”€â”€â”€â”€â”€â”€â”€â”€â”€â”€â”€â”[39m
[90mâ”‚[39m                         [90mâ”‚[39m             executed [90mâ”‚[39m               failed [90mâ”‚[39m
[90mâ”œâ”€â”€â”€â”€â”€â”€â”€â”€â”€â”€â”€â”€â”€â”€â”€â”€â”€â”€â”€â”€â”€â”€â”€â”€â”€[39m[90mâ”¼â”€â”€â”€â”€â”€â”€â”€â”€â”€â”€â”€â”€â”€â”€â”€â”€â”€â”€â”€â”€â”€â”€[39m[90mâ”¼â”€â”€â”€â”€â”€â”€â”€â”€â”€â”€â”€â”€â”€â”€â”€â”€â”€â”€â”€â”€â”€â”€â”¤[39m
[90mâ”‚[39m              [32miterations[39m [90mâ”‚[39m                    1 [90mâ”‚[39m                    0 [90mâ”‚[39m
[90mâ”œâ”€â”€â”€â”€â”€â”€â”€â”€â”€â”€â”€â”€â”€â”€â”€â”€â”€â”€â”€â”€â”€â”€â”€â”€â”€[39m[90mâ”¼â”€â”€â”€â”€â”€â”€â”€â”€â”€â”€â”€â”€â”€â”€â”€â”€â”€â”€â”€â”€â”€â”€[39m[90mâ”¼â”€â”€â”€â”€â”€â”€â”€â”€â”€â”€â”€â”€â”€â”€â”€â”€â”€â”€â”€â”€â”€â”€â”¤[39m
[90mâ”‚[39m                [32mrequests[39m [90mâ”‚[39m                   21 [90mâ”‚[39m                    0 [90mâ”‚[39m
[90mâ”œâ”€â”€â”€â”€â”€â”€â”€â”€â”€â”€â”€â”€â”€â”€â”€â”€â”€â”€â”€â”€â”€â”€â”€â”€â”€[39m[90mâ”¼â”€â”€â”€â”€â”€â”€â”€â”€â”€â”€â”€â”€â”€â”€â”€â”€â”€â”€â”€â”€â”€â”€[39m[90mâ”¼â”€â”€â”€â”€â”€â”€â”€â”€â”€â”€â”€â”€â”€â”€â”€â”€â”€â”€â”€â”€â”€â”€â”¤[39m
[90mâ”‚[39m            [32mtest-scripts[39m [90mâ”‚[39m                   21 [90mâ”‚[39m                    0 [90mâ”‚[39m
[90mâ”œâ”€â”€â”€â”€â”€â”€â”€â”€â”€â”€â”€â”€â”€â”€â”€â”€â”€â”€â”€â”€â”€â”€â”€â”€â”€[39m[90mâ”¼â”€â”€â”€â”€â”€â”€â”€â”€â”€â”€â”€â”€â”€â”€â”€â”€â”€â”€â”€â”€â”€â”€[39m[90mâ”¼â”€â”€â”€â”€â”€â”€â”€â”€â”€â”€â”€â”€â”€â”€â”€â”€â”€â”€â”€â”€â”€â”€â”¤[39m
[90mâ”‚[39m      [32mprerequest-scripts[39m [90mâ”‚[39m                   21 [90mâ”‚[39m                    0 [90mâ”‚[39m
[90mâ”œâ”€â”€â”€â”€â”€â”€â”€â”€â”€â”€â”€â”€â”€â”€â”€â”€â”€â”€â”€â”€â”€â”€â”€â”€â”€[39m[90mâ”¼â”€â”€â”€â”€â”€â”€â”€â”€â”€â”€â”€â”€â”€â”€â”€â”€â”€â”€â”€â”€â”€â”€[39m[90mâ”¼â”€â”€â”€â”€â”€â”€â”€â”€â”€â”€â”€â”€â”€â”€â”€â”€â”€â”€â”€â”€â”€â”€â”¤[39m
[90mâ”‚[39m              [32massertions[39m [90mâ”‚[39m                  250 [90mâ”‚[39m                    0 [90mâ”‚[39m
[90mâ”œâ”€â”€â”€â”€â”€â”€â”€â”€â”€â”€â”€â”€â”€â”€â”€â”€â”€â”€â”€â”€â”€â”€â”€â”€â”€â”´â”€â”€â”€â”€â”€â”€â”€â”€â”€â”€â”€â”€â”€â”€â”€â”€â”€â”€â”€â”€â”€â”€â”´â”€â”€â”€â”€â”€â”€â”€â”€â”€â”€â”€â”€â”€â”€â”€â”€â”€â”€â”€â”€â”€â”€â”¤[39m
[90mâ”‚[39m total run duration: 29.2s                                             [90mâ”‚[39m
[90mâ”œâ”€â”€â”€â”€â”€â”€â”€â”€â”€â”€â”€â”€â”€â”€â”€â”€â”€â”€â”€â”€â”€â”€â”€â”€â”€â”€â”€â”€â”€â”€â”€â”€â”€â”€â”€â”€â”€â”€â”€â”€â”€â”€â”€â”€â”€â”€â”€â”€â”€â”€â”€â”€â”€â”€â”€â”€â”€â”€â”€â”€â”€â”€â”€â”€â”€â”€â”€â”€â”€â”€â”€â”¤[39m
[90mâ”‚[39m total data received: 8.05kB (approx)                                  [90mâ”‚[39m
[90mâ”œâ”€â”€â”€â”€â”€â”€â”€â”€â”€â”€â”€â”€â”€â”€â”€â”€â”€â”€â”€â”€â”€â”€â”€â”€â”€â”€â”€â”€â”€â”€â”€â”€â”€â”€â”€â”€â”€â”€â”€â”€â”€â”€â”€â”€â”€â”€â”€â”€â”€â”€â”€â”€â”€â”€â”€â”€â”€â”€â”€â”€â”€â”€â”€â”€â”€â”€â”€â”€â”€â”€â”€â”¤[39m
[90mâ”‚[39m average response time: 1225ms [min: 21ms, max: 1865ms, s.d.: 488ms]   [90mâ”‚[39m
[90mâ”œâ”€â”€â”€â”€â”€â”€â”€â”€â”€â”€â”€â”€â”€â”€â”€â”€â”€â”€â”€â”€â”€â”€â”€â”€â”€â”€â”€â”€â”€â”€â”€â”€â”€â”€â”€â”€â”€â”€â”€â”€â”€â”€â”€â”€â”€â”€â”€â”€â”€â”€â”€â”€â”€â”€â”€â”€â”€â”€â”€â”€â”€â”€â”€â”€â”€â”€â”€â”€â”€â”€â”€â”¤[39m
[90mâ”‚[39m average DNS lookup time: 127ms [min: 127ms, max: 127ms, s.d.: 0Âµs]    [90mâ”‚[39m
[90mâ”œâ”€â”€â”€â”€â”€â”€â”€â”€â”€â”€â”€â”€â”€â”€â”€â”€â”€â”€â”€â”€â”€â”€â”€â”€â”€â”€â”€â”€â”€â”€â”€â”€â”€â”€â”€â”€â”€â”€â”€â”€â”€â”€â”€â”€â”€â”€â”€â”€â”€â”€â”€â”€â”€â”€â”€â”€â”€â”€â”€â”€â”€â”€â”€â”€â”€â”€â”€â”€â”€â”€â”€â”¤[39m
[90mâ”‚[39m average first byte time: 1216ms [min: 19ms, max: 1863ms, s.d.: 505ms] [90mâ”‚[39m
[90mâ””â”€â”€â”€â”€â”€â”€â”€â”€â”€â”€â”€â”€â”€â”€â”€â”€â”€â”€â”€â”€â”€â”€â”€â”€â”€â”€â”€â”€â”€â”€â”€â”€â”€â”€â”€â”€â”€â”€â”€â”€â”€â”€â”€â”€â”€â”€â”€â”€â”€â”€â”€â”€â”€â”€â”€â”€â”€â”€â”€â”€â”€â”€â”€â”€â”€â”€â”€â”€â”€â”€â”€â”˜[39m
