[0mnewman[0m

[0mDanal_CreditRebill_v1.0[0m

â–¡ [0mCP ë° ì •ê¸°ê²°ì œ ìš”ì²­ ì „ì†¡[0m
â”” [0mREADY - BATCH[0m
[33m  â”Œ[39m
[33m[39m[90m  [33mâ”‚[90m [90m`Using "CryptoJS" is deprecated. Use "require('cr[39m
[90m  [33mâ”‚[90m ypto-js')" instead.`[90m[39m
[90m[39m[33m  â””[39m
[33m[39m  [90mPOST[39m [90mhttps://tx-creditcard.danalpay.com/credit/?CPID=A010037544&DATA=wcpoTy27mkzR%2FoCmuhu%2BEL1VevUN6wQgs96fAg0NJdKChw9Ccm7hXXJcj%2FUGj%2Bb8z5dq8TvydwIj3RXPjUXi4PJAgyNbIM2hLz3kcfuDNAuCqSPVhBCpg6V8SYW3jJ%2FZIfE36F%2BlYYpMSgxO77gr%2BDwLH0n%2BtJG7ZAyj6rsqbDI3wCKhX4bzlTMTVKd8c%2BGAYmpCZ3i8%2BtXuuBm6g2NRznUDXGC09xQFVhQa4p6tQyOn5eKksesgLSgIMzKa6kDqC5%2BLzMcAl8IF7qCGgIqWAazfqDqnE0a5U%2BZ8p2HIn%2FENLsoKdJRXIlRiPnCOj5yDVfIQWasCSQLbccOu1NheelnZWQGZ5rGm%2FTC5F8i9Vs5%2BjHsIKtlMOIqeb%2BdxblE4thUJb9NDu3NPdadnhpnr9g%3D%3D[39m  
  200 OK [90mâ˜…[39m 288ms [90mtime[39m [90mâ˜…[39m 795B[90mâ†‘[39m 995B[90mâ†“[39m [90msize[39m [90mâ˜…[39m 9[90mâ†‘[39m 5[90mâ†“[39m [90mheaders[39m [90mâ˜…[39m 0 [90mcookies[39m
  [37mâ”Œ[39m [37mâ†“[39m text/plain [90mâ˜…[39m text [90mâ˜…[39m plain [90mâ˜…[39m euc-kr [90mâ˜…[39m 779B
[90m  [37mâ”‚[90m DATA=bH6El5elON5883LB3RlfF1OF1H8eZTXv49wXL8%2FAVeUPd%2[39m
[90m  [37mâ”‚[90m BK0HnOxWTiKRFfoHkbh44XuFo%2F1YFe43srRQ4OJOxhLs95VAra5s[39m
[90m  [37mâ”‚[90m %2FVSLkz2ecI5qQP1JD7FiD808s7HiPd47XkJ1NntIGHG7zscw9xj%[39m
[90m  [37mâ”‚[90m 2BdBpMyi2sgOB%2F3mXoccMwYnmtZIzBq%2FpT8Rt7O6FvqqXAZPG%[39m
[90m  [37mâ”‚[90m 2FFULLxuY92RaHSTmZCCMxUeMUnJVR36nROxSegYDSkBhTAJtZ6W07[39m
[90m  [37mâ”‚[90m EUKXABmIjQrK8HdvuIYQi9cCs1%2BLELUtoQ641D8AFIm8VeVJTzd7[39m
[90m  [37mâ”‚[90m yeK%2FC9Kth3DGDlqr4CaNxoSnhvJz6lPeydWmEOKLhvX1DvPYcDik[39m
[90m  [37mâ”‚[90m S9kgqYNUShcKjQA36qtQ8OHwIEcPdnCnNoFFK3uCQ13yDpgGume4I6[39m
[90m  [37mâ”‚[90m Ld3%2FWYN%2BU8UT%2Bf3oEESSQqlSP2vKX5DGXP2YXKfAuYX%2F5R[39m
[90m  [37mâ”‚[90m N4dXXqC1kE7v82Xthq6KEuOnku4RklIDxIEZT%2F1I4usu%2BKwYn%[39m
[90m  [37mâ”‚[90m 2BLbMBUtyPL8k3e1u%2BrtsgdRGWaHeaRVac1%2F0nhbG4xpFnCplJ[39m
[90m  [37mâ”‚[90m 2aQWs2gV0G9i0vKCwrBKWuhH738zTdQSb3O1Ug%2FPvh0muIvurK%2[39m
[90m  [37mâ”‚[90m BG2Rl9R4VufihveQKL7PyrkXYkocv6WC0FUwfrIRIdLmqEafQNjPTa[39m
[90m  [37mâ”‚[90m d5oLGNc8tXKhUPe8L2KyuyZ43K5VHvG3nkVjA7lxJeWDOOECYScuCp[39m
[90m  [37mâ”‚[90m rrwVVMGytGP2RVGmQ%3D%3D[39m
[90m[39m[37m  â””[39m
  [37mprepare[39m   [37mwait[39m   [37mdns-lookup[39m   [37mtcp-handshake[39m   [37mssl-handshake[39m   [37mtransfer-start[39m   [37mdownload[39m   [37mprocess[39m   [37mtotal[39m 
  [90m5ms[39m       [90m17ms[39m   [90m213ms[39m        [90m3ms[39m             [90m7ms[39m             [90m41ms[39m             [90m3ms[39m        [90m193Âµs[39m     [90m292ms[39m 

[33m  â”Œ[39m
[33m[39m[90m  [33mâ”‚[90m [90m`Using "CryptoJS" is deprecated. Use "require('cr[39m
[90m  [33mâ”‚[90m ypto-js')" instead.`[90m[39m
[90m[39m[90m  [90mâ”‚[90m [90m'ë³µí˜¸í™” ê²°ê³¼ : '[90m[37m, [90m[90m'RETURNCODE=0000[39m
[90m  [90mâ”‚[90m &RETURNMSG=%BC%BA%B0%F8&STARTURL=https%3A%2F%2Fcheckou[39m
[90m  [90mâ”‚[90m t.teledit.com%2Fcreditcard_recurring%2Fweb&TID=2026010[39m
[90m  [90mâ”‚[90m 61540042477164400&ORDERID=&STARTPARAMS=4q3MUdEXw%2Ft4R[39m
[90m  [90mâ”‚[90m CqJf7Xl4d5hf80UQWyCTb4J4ua77R9KJQao3TMfg9ok36u%2BV0gBQ[39m
[90m  [90mâ”‚[90m LfOuQKX%2BM9ikx5BJh8xB5gouIVe6N%2FpCbJ5sbLmpBCsBn9PIeu[39m
[90m  [90mâ”‚[90m jov8IfZGxcdxBXzIlm15ejMDe7xsg5p5KhdeipnAPXravQ7UmtK2r%[39m
[90m  [90mâ”‚[90m 2B3USa8CGrqDeBHoy1svJHjcz9ekmBY9MKgAqgBtPV6Z3XHiR%2B3K[39m
[90m  [90mâ”‚[90m G2PSQYXY8E%2F5Y9KIup7ezq%2FdsbNqMSnFada%2FCctvMAaB3tX9[39m
[90m  [90mâ”‚[90m fNqdX0virpM9niLuXSvzckERLrksnx1Bxw4o6dWKv7WVJtWsyZMYwt[39m
[90m  [90mâ”‚[90m IuKi91dm2%2FT8SGZgA3%2BgA%3D%3D&AMOUNT=301'[90m[39m
[90m[39m[90m  [90mâ”‚[90m [90m'STARTURL(ë””ì½”ë”©):'[90m[37m, [90m[90m'https://ch[39m
[90m  [90mâ”‚[90m eckout.teledit.com/creditcard_recurring/web'[90m[39m
[90m[39m[90m  â””[39m
[90m[39m[32m  âˆš [39m [90mê²°ê³¼ì½”ë“œ(RETURNCODE) ì •ìƒì¶œë ¥[39m
[32m  âˆš [39m [90mê²°ê³¼ë©”ì‹œì§€(RETURNMSG) ì •ìƒì¶œë ¥[39m
[32m  âˆš [39m [90mì •ê¸°ê²°ì œ ì´ˆê¸°ì¸ì¦ í‘œì¤€í˜ì´ì§€ ì‹œì‘ URL(STARTURL) ì •ìƒì¶œë ¥[39m
[32m  âˆš [39m [90më‹¤ë‚  ê±°ë˜ í‚¤(TID) ì •ìƒì¶œë ¥[39m
[32m  âˆš [39m [90mê°€ë§¹ì  ì£¼ë¬¸ë²ˆí˜¸(ORDERID) ë¹ˆê°’ í™•ì¸[39m
[32m  âˆš [39m [90mìœ„ í‘œì¤€í˜ì´ì§€ ì‹œì‘ URL ì „ì†¡ íŒŒë¼ë¯¸í„°(STARTPARAMS) ì •ìƒì¶œë ¥[39m
[32m  âˆš [39m [90mê²°ì œê¸ˆì•¡(AMOUNT) ì •ìƒì¶œë ¥[39m

â”” [0mREADY - DANALCARD[0m
[33m  â”Œ[39m
[33m[39m[90m  [33mâ”‚[90m [90m`Using "CryptoJS" is deprecated. Use "require('cr[39m
[90m  [33mâ”‚[90m ypto-js')" instead.`[90m[39m
[90m[39m[33m  â””[39m
[33m[39m  [90mPOST[39m [90mhttps://tx-creditcard.danalpay.com/credit/?CPID=A010037544&DATA=wcpoTy27mkzR%2FoCmuhu%2BEL1VevUN6wQgs96fAg0NJdKChw9Ccm7hXXJcj%2FUGj%2Bb8z5dq8TvydwIj3RXPjUXi4PJAgyNbIM2hLz3kcfuDNAsCL18rdUmVCzFjEXB9wjgQ82IteFWZK11Um66aaXg9%2BmJBA%2BzStWEMjr0dSocIEm%2Bbu9cYhIHHrFuuMeAbp0%2FaOn9YPjFswBAcVkFCl4MZNYRXi9%2BMiA7xwR%2FFNE00HJ0pC21O5yf5imQNizmVqk2bD03K20FpT3Fs3h%2FUCOJ0UXofslr6lyNGsyvb6DemiNcWC4LE3zCDhJmfdiJa9ITHGb2ToWrxU2XD3B50so4Ru4EZtRrOIrbszRI9doqcDx5dZKeCsMBh%2Ff1PMU0qTPX5ctV%2BHYz%2F289vKWnUu4B9CA%3D%3D[39m  
  200 OK [90mâ˜…[39m 32ms [90mtime[39m [90mâ˜…[39m 823B[90mâ†‘[39m 922B[90mâ†“[39m [90msize[39m [90mâ˜…[39m 10[90mâ†‘[39m 4[90mâ†“[39m [90mheaders[39m [90mâ˜…[39m 0 [90mcookies[39m
  [37mâ”Œ[39m [37mâ†“[39m text/plain [90mâ˜…[39m text [90mâ˜…[39m plain [90mâ˜…[39m euc-kr [90mâ˜…[39m 789B
[90m  [37mâ”‚[90m DATA=bH6El5elON5883LB3RlfF1OF1H8eZTXv49wXL8%2FAVeUPd%2[39m
[90m  [37mâ”‚[90m BK0HnOxWTiKRFfoHkbh44XuFo%2F1YFe43srRQ4OJOxhLs95VAra5s[39m
[90m  [37mâ”‚[90m %2FVSLkz2ecI5qQP1JD7FiD808s7HiPd4aiFvBjr3qYozdHQ5Xzgj5[39m
[90m  [37mâ”‚[90m M8jqiT96BstvskixOL8Z%2Fm3FpfSDFh34VKLWqhb56fZ4lu%2FIH5[39m
[90m  [37mâ”‚[90m 4bEX4UBzRdOINwXra%2FocDopmE7Y2JtK1g%2Fz3F%2B0kr9hm0OFE[39m
[90m  [37mâ”‚[90m xcxY5beiKNy4Ly6OWFcZ8OmG6Cw3OyUv9fvFr4FrFltjC6I0fV%2BS[39m
[90m  [37mâ”‚[90m oz%2Bs%2BR9jAOd0BpT1LDzdPU7Jui8p4gHEov9pl5lvRl%2FVj3DE[39m
[90m  [37mâ”‚[90m TOCrbcDdFfYs3Pspa1fp2Hdv6ld3Jz51XIMTL3baGQRxXq6sPvhjpw[39m
[90m  [37mâ”‚[90m LHk9135kcwTagagZBGKVe5%2BNz1gJs83iwBdDr9aZvZH8xXoNVvjW[39m
[90m  [37mâ”‚[90m ryo9dr1SqYSyTTAJHx0kX6fnHDEy9TwVig921%2BfJ6npDXhgoYSY5[39m
[90m  [37mâ”‚[90m mNcaGciavW4%2BYY8%2Ba7x92Wt1VHbhzXEqikhKKQ5HetvaUNMk%2[39m
[90m  [37mâ”‚[90m FukIEuQ5imP0rGTJ2CbSpUAfD0og8q%2Bu5tm%2FqMR7e%2FaNErs1[39m
[90m  [37mâ”‚[90m xtbPS3BCwHmF%2F8PIlcwjsXvGeW4AZAi%2BNtr7msP5ku0%2BmBqG[39m
[90m  [37mâ”‚[90m Y0fJloq6mfSr2QSOap8qs3gxQBE%2BwTVE1gFEUtAAxHZQ8omlOQJ2[39m
[90m  [37mâ”‚[90m uC4yFDJC8sHUo2t5Ko%2B6zaCFg%3D%3D[39m
[90m[39m[37m  â””[39m
  [37mprepare[39m   [37mwait[39m    [37mdns-lookup[39m   [37mtcp-handshake[39m   [37mssl-handshake[39m   [37mtransfer-start[39m   [37mdownload[39m   [37mprocess[39m   [37mtotal[39m 
  [90m645Âµs[39m     [90m345Âµs[39m   [90m(cache)[39m      [90m(cache)[39m         [90m(cache)[39m         [90m29ms[39m             [90m1ms[39m        [90m40Âµs[39m      [90m31ms[39m  

[33m  â”Œ[39m
[33m[39m[90m  [33mâ”‚[90m [90m`Using "CryptoJS" is deprecated. Use "require('cr[39m
[90m  [33mâ”‚[90m ypto-js')" instead.`[90m[39m
[90m[39m[90m  [90mâ”‚[90m [90m'ë³µí˜¸í™” ê²°ê³¼ : '[90m[37m, [90m[90m'RETURNCODE=0000[39m
[90m  [90mâ”‚[90m &RETURNMSG=%BC%BA%B0%F8&STARTURL=https%3A%2F%2Fcheckou[39m
[90m  [90mâ”‚[90m t.teledit.com%2Fcreditcard_std%2Fweb&TID=2026010615400[39m
[90m  [90mâ”‚[90m 44907174400&ORDERID=&STARTPARAMS=4q3MUdEXw%2Ft4RCqJf7X[39m
[90m  [90mâ”‚[90m l4d5hf80UQWyCTb4J4ua77R%2FlH2DwdZaH9VwX%2BKoZZykCtcosz[39m
[90m  [90mâ”‚[90m XDuO64UIPKjb7aAFNR66e7YwANoYrfXUNBlfIQ9iWnQK%2Fag5Koe7[39m
[90m  [90mâ”‚[90m nkQi%2BPeDdD%2BLrNDLgZ%2BOug39Xjo1EeQ14d3IBALOP2GV1SBA[39m
[90m  [90mâ”‚[90m yBorvZCvQxGrtFcabCBVUMDZu5Ep4tEF5PCeBuVSODJHAPWXtLZ8Fy[39m
[90m  [90mâ”‚[90m kQYdDDHSD565x5MZbikS%2BDH2gUF8IYfIhsD8E7M73SlFw%2F8fGh[39m
[90m  [90mâ”‚[90m HbBR5wWP5d%2B%2B%2Bkhq8QkSkzIYtfMi1gJIkH488ds%2FQmt7TP[39m
[90m  [90mâ”‚[90m 9CGNldXhdEGeriYHdoj9W9A%3D%3D&AMOUNT=301'[90m[39m
[90m[39m[90m  [90mâ”‚[90m [90m'STARTURL(ë””ì½”ë”©):'[90m[37m, [90m[90m'https://ch[39m
[90m  [90mâ”‚[90m eckout.teledit.com/creditcard_std/web'[90m[39m
[90m[39m[90m  â””[39m
[90m[39m[32m  âˆš [39m [90mê²°ê³¼ì½”ë“œ(RETURNCODE) ì •ìƒì¶œë ¥[39m
[32m  âˆš [39m [90mê²°ê³¼ë©”ì‹œì§€(RETURNMSG) ì •ìƒì¶œë ¥[39m
[32m  âˆš [39m [90mì •ê¸°ê²°ì œ ì´ˆê¸°ì¸ì¦ í‘œì¤€í˜ì´ì§€ ì‹œì‘ URL(STARTURL) ì •ìƒì¶œë ¥[39m
[32m  âˆš [39m [90më‹¤ë‚  ê±°ë˜ í‚¤(TID) ì •ìƒì¶œë ¥[39m
[32m  âˆš [39m [90mê°€ë§¹ì  ì£¼ë¬¸ë²ˆí˜¸(ORDERID) ë¹ˆê°’ í™•ì¸[39m
[32m  âˆš [39m [90mìœ„ í‘œì¤€í˜ì´ì§€ ì‹œì‘ URL ì „ì†¡ íŒŒë¼ë¯¸í„°(STARTPARAMS) ì •ìƒì¶œë ¥[39m
[32m  âˆš [39m [90mê²°ì œê¸ˆì•¡(AMOUNT) ì •ìƒì¶œë ¥[39m

â–¡ [0mì´ˆê¸° ì¸ì¦ ê²°ì œ ìš”ì²­[0m
â”” [0mISSUEBILLKEY[0m
[33m  â”Œ[39m
[33m[39m[90m  [33mâ”‚[90m [90m`Using "CryptoJS" is deprecated. Use "require('cr[39m
[90m  [33mâ”‚[90m ypto-js')" instead.`[90m[39m
[90m[39m[33m  â””[39m
[33m[39m  [90mPOST[39m [90mhttps://tx-creditcard.danalpay.com/credit/?CPID=A010037544&DATA=8kvDIwvdID7NWcBMND4uDXHvMUqO25iIdKkD6XH4VkTYfgoBPJqjGpr15Fqq4CCxlzQc11Pn06IJSodR9hnt4%2FgbXDCdFcZ2uADRjw%2Fvh8Q%3D[39m  
  200 OK [90mâ˜…[39m 23ms [90mtime[39m [90mâ˜…[39m 497B[90mâ†‘[39m 306B[90mâ†“[39m [90msize[39m [90mâ˜…[39m 10[90mâ†‘[39m 4[90mâ†“[39m [90mheaders[39m [90mâ˜…[39m 0 [90mcookies[39m
  [37mâ”Œ[39m [37mâ†“[39m text/plain [90mâ˜…[39m text [90mâ˜…[39m plain [90mâ˜…[39m euc-kr [90mâ˜…[39m 173B
[90m  [37mâ”‚[90m DATA=fu6S2rILK1%2FE0lgEyKGQ3as6kEkKer8HBmYwPlLTQPqeWeo[39m
[90m  [37mâ”‚[90m 0taLjoIqY3nt5M9Ain9%2FdSrney5Xk7N8rrXeDatXmX3cBkW8AK%2[39m
[90m  [37mâ”‚[90m Fhur103JCPk%2FgnHIfgkNuxsIeQFSvIfI%2FH1JTi7tWOoc%2BmgT[39m
[90m  [37mâ”‚[90m 3dcXA%3D%3D[39m
[90m[39m[37m  â””[39m
  [37mprepare[39m   [37mwait[39m    [37mdns-lookup[39m   [37mtcp-handshake[39m   [37mssl-handshake[39m   [37mtransfer-start[39m   [37mdownload[39m   [37mprocess[39m   [37mtotal[39m 
  [90m679Âµs[39m     [90m176Âµs[39m   [90m(cache)[39m      [90m(cache)[39m         [90m(cache)[39m         [90m21ms[39m             [90m767Âµs[39m      [90m32Âµs[39m      [90m22ms[39m  

[33m  â”Œ[39m
[33m[39m[90m  [33mâ”‚[90m [90m`Using "CryptoJS" is deprecated. Use "require('cr[39m
[90m  [33mâ”‚[90m ypto-js')" instead.`[90m[39m
[90m[39m[90m  [90mâ”‚[90m [90m'ë³µí˜¸í™” ê²°ê³¼ : '[90m[37m, [90m[90m'RETURNCODE=1104[39m
[90m  [90mâ”‚[90m &RETURNMSG=%C1%B8%C0%E7%C7%CF%C1%F6+%BE%CA%B4%C2+%B0%C[39m
[90m  [90mâ”‚[90m 5%B7%A1+%C0%D4%B4%CF%B4%D9.'[90m[39m
[90m[39m[90m  â””[39m
[90m[39m[32m  âˆš [39m [90mê²°ê³¼ì½”ë“œ(RETURNCODE) : 1104 ì¶œë ¥[39m
[32m  âˆš [39m [90mê²°ê³¼ë©”ì„¸ì§€(RETURNMSG) : ì¡´ì¬í•˜ì§€ ì•ŠëŠ” ê±°ë˜ì…ë‹ˆë‹¤. ì¶œë ¥[39m

â–¡ [0mì‚¼ì„±ì¹´ë“œ[0m
â”” [0mì •ê¸°ê²°ì œ ìš”ì²­ (OTBILL)[0m
[33m  â”Œ[39m
[33m[39m[90m  [33mâ”‚[90m [90m`Using "CryptoJS" is deprecated. Use "require('cr[39m
[90m  [33mâ”‚[90m ypto-js')" instead.`[90m[39m
[90m[39m[33m  â””[39m
[33m[39m  [90mPOST[39m [90mhttps://tx-creditcard.danalpay.com/credit/?CPID=A010037544&DATA=wcpoTy27mkzR%2FoCmuhu%2BEL1VevUN6wQgs96fAg0NJdKChw9Ccm7hXXJcj%2FUGj%2Bb8z5dq8TvydwIj3RXPjUXi4KzQHH0ZG0DZA03Udge2eI0IsrkEsoTSxKLbYyq5iCvbykTt6GhW9hCDbp8fHC1zGJEYvBJNsjEqz2X9zw2JzccrERjqayECmibASVLCFcu3mtMwnyeSqsDkh6Ok0RVNhbkzCgrGZvyWLuE0qblstQgkt2NYUzE21ScHAo%2BsYJOcT3xCtYEislZjbacyD1Wou68o56siY3%2FOkdyV%2FLh5ZjM%3D[39m  
  200 OK [90mâ˜…[39m 1558ms [90mtime[39m [90mâ˜…[39m 699B[90mâ†‘[39m 606B[90mâ†“[39m [90msize[39m [90mâ˜…[39m 10[90mâ†‘[39m 4[90mâ†“[39m [90mheaders[39m [90mâ˜…[39m 0 [90mcookies[39m
  [37mâ”Œ[39m [37mâ†“[39m text/plain [90mâ˜…[39m text [90mâ˜…[39m plain [90mâ˜…[39m euc-kr [90mâ˜…[39m 473B
[90m  [37mâ”‚[90m DATA=bH6El5elON5883LB3RlfF1OF1H8eZTXv49wXL8%2FAVeUOrT2[39m
[90m  [37mâ”‚[90m zbTtZtAh642sVeJ6SinzZOuh%2FIZ8I4udqbGHtBkhgdi%2BMdWuDR[39m
[90m  [37mâ”‚[90m W9eksHgWIDiPBLKlPIFFghx8000KcnMprOcRbYglttGJEo1xf3yU%2[39m
[90m  [37mâ”‚[90m FXMlTpKX3uZ%2BcpNTRUGAsVzd93pZ9keV5JdGepUbWbeOWj1jMquH[39m
[90m  [37mâ”‚[90m ZoEdCVDHO%2FdIfwcNJo82ZSwoF78vDTcJlIUSMg8M7sWhTaA%2Fwq[39m
[90m  [37mâ”‚[90m CtU68zDUoBuO5O2fNZyRridJ4UAa%2FiEViGO4%2FMWFvWibMKoAPp[39m
[90m  [37mâ”‚[90m Bi0Mo454E4LpwJAkXQfjhAU4u6NLpa1wiTJcuFKx845EQkIbay4kjM[39m
[90m  [37mâ”‚[90m B5anHs1jyUnNTdXcjPA0TIzzTV%2Fqif9u0kzslonc4kwHoQFWYR7j[39m
[90m  [37mâ”‚[90m 5g2dpywfPFEU5PaugH7r1xt12xfAKuHMD42QlXME9[39m
[90m[39m[37m  â””[39m
  [37mprepare[39m   [37mwait[39m    [37mdns-lookup[39m   [37mtcp-handshake[39m   [37mssl-handshake[39m   [37mtransfer-start[39m   [37mdownload[39m   [37mprocess[39m   [37mtotal[39m  
  [90m526Âµs[39m     [90m206Âµs[39m   [90m(cache)[39m      [90m(cache)[39m         [90m(cache)[39m         [90m1557ms[39m           [90m748Âµs[39m      [90m28Âµs[39m      [90m1558ms[39m 

[33m  â”Œ[39m
[33m[39m[90m  [33mâ”‚[90m [90m`Using "CryptoJS" is deprecated. Use "require('cr[39m
[90m  [33mâ”‚[90m ypto-js')" instead.`[90m[39m
[90m[39m[90m  [90mâ”‚[90m [90m'ë³µí˜¸í™” ê²°ê³¼ : '[90m[37m, [90m[90m'RETURNCODE=0000[39m
[90m  [90mâ”‚[90m &RETURNMSG=%BC%BA%B0%F8&CARDCODE=0500&USERPHONE=010854[39m
[90m  [90mâ”‚[90m 02697&QUOTA=00&TRANTIME=154006&TRANDATE=20260106&AMOUN[39m
[90m  [90mâ”‚[90m T=301&ITEMNAME=apiautotest&DEPOSIT_AMT=0&TID=202601061[39m
[90m  [90mâ”‚[90m 540048787184400&ORDERID=01234567&CARDNO=512028******72[39m
[90m  [90mâ”‚[90m 94&CARDAUTHNO=82508501&CARDNAME=%BB%EF%BC%BA%C4%AB%B5%[39m
[90m  [90mâ”‚[90m E5&USERNAME=%EA%B9%3F%3F%3F%3F%3F&USERID=hnkim'[90m[39m
[90m[39m[90m  â””[39m
[90m[39m[32m  âˆš [39m [90mê²°ê³¼ì½”ë“œ(RETURNCODE) ì •ìƒì¶œë ¥[39m
[32m  âˆš [39m [90mê²°ê³¼ë©”ì„¸ì§€(RETURNMSG) ì •ìƒì¶œë ¥[39m
[32m  âˆš [39m [90mì¹´ë“œì‚¬ ì½”ë“œ(CARDCODE ì •ìƒì¶œë ¥[39m
[32m  âˆš [39m [90mêµ¬ë§¤ì ì „í™”ë²ˆí˜¸(USERPHONE) ë¹ˆê°’ í™•ì¸[39m
[32m  âˆš [39m [90mí• ë¶€ ê°œì›” ìˆ˜(QUOTA) ì •ìƒì¶œë ¥[39m
[32m  âˆš [39m [90më§¤ì¶œ ë°œìƒì‹œê°„(TRANTIME) Â±5ì´ˆ ì´ë‚´ ê²€ì¦[39m
[32m  âˆš [39m [90më§¤ì¶œ ë°œìƒì¼ì(TRANDATE) ì •ìƒì¶œë ¥[39m
[32m  âˆš [39m [90mìŠ¹ì¸ê¸ˆì•¡(AMOUNT) ì •ìƒì¶œë ¥[39m
[32m  âˆš [39m [90mìƒí’ˆëª…(ITEMNAME) ì •ìƒì¶œë ¥[39m
[32m  âˆš [39m [90mì»µ ë³´ì¦ê¸ˆ(DEPOSIT_AMT) ì •ìƒì¶œë ¥[39m
[32m  âˆš [39m [90më‹¤ë‚  ê±°ë˜ í‚¤(TID) ì •ìƒì¶œë ¥[39m
[32m  âˆš [39m [90mê°€ë§¹ì  ì£¼ë¬¸ë²ˆí˜¸(ORDERID) ë¹ˆê°’ í™•ì¸[39m
[32m  âˆš [39m [90mì¹´ë“œë²ˆí˜¸(CARDNO) ì •ìƒì¶œë ¥[39m
[32m  âˆš [39m [90mê±°ë˜ ìŠ¹ì¸ ë²ˆí˜¸(CARDAUTHNO) ì •ìƒì¶œë ¥[39m
[32m  âˆš [39m [90mì¹´ë“œì‚¬ ëª…(CARDNAME) ì •ìƒì¶œë ¥[39m
[32m  âˆš [39m [90mêµ¬ë§¤ì ì´ë¦„(USERNAME) ì •ìƒì¶œë ¥[39m
[32m  âˆš [39m [90mêµ¬ë§¤ì ID(USERID) ì •ìƒì¶œë ¥[39m

â”” [0mì¹´ë“œ ìŠ¹ì¸ ì·¨ì†Œ (BILLCANCEL)[0m
[33m  â”Œ[39m
[33m[39m[90m  [33mâ”‚[90m [90m`Using "CryptoJS" is deprecated. Use "require('cr[39m
[90m  [33mâ”‚[90m ypto-js')" instead.`[90m[39m
[90m[39m[33m  â””[39m
[33m[39m  [90mPOST[39m [90mhttps://tx-creditcard.danalpay.com/credit/?CPID=A010037544&DATA=8kvDIwvdID7NWcBMND4uDYI1DgW5OaERUvQ%2BAkR0hwJOLe9gdyGRs0%2BkneWmTMLKejwThcJD2SKA%2BNBEo1TanuAeKbyJG4gI%2Bl1rDpubnf9IgTT8HWi5SJZBp9M9Z8nW[39m  
  200 OK [90mâ˜…[39m 1384ms [90mtime[39m [90mâ˜…[39m 455B[90mâ†‘[39m 386B[90mâ†“[39m [90msize[39m [90mâ˜…[39m 9[90mâ†‘[39m 4[90mâ†“[39m [90mheaders[39m [90mâ˜…[39m 0 [90mcookies[39m
  [37mâ”Œ[39m [37mâ†“[39m text/plain [90mâ˜…[39m text [90mâ˜…[39m plain [90mâ˜…[39m euc-kr [90mâ˜…[39m 253B
[90m  [37mâ”‚[90m DATA=bH6El5elON5883LB3RlfF1OF1H8eZTXv49wXL8%2FAVeVzhHU[39m
[90m  [37mâ”‚[90m 5sdes40grvKmzi%2BrXHyfSJF3OOBNPKXUfskyl6q1BQQMQLsSBIsX[39m
[90m  [37mâ”‚[90m UBRHsKD2Sd3OlzcTvJpO5mmEBRC0xmvcpY1gvLfhwLUDHvEJlBScSx[39m
[90m  [37mâ”‚[90m GFXSBtXXYpgEYBYomxuxIPZd4SvKnwIFThiEAy%2ByXmyu%2F9OBND[39m
[90m  [37mâ”‚[90m ZT3DFCZdeINX2MGMv33IRbMimS11%2FXX8%3D[39m
[90m[39m[37m  â””[39m
  [37mprepare[39m   [37mwait[39m    [37mdns-lookup[39m   [37mtcp-handshake[39m   [37mssl-handshake[39m   [37mtransfer-start[39m   [37mdownload[39m   [37mprocess[39m   [37mtotal[39m  
  [90m504Âµs[39m     [90m173Âµs[39m   [90m(cache)[39m      [90m(cache)[39m         [90m(cache)[39m         [90m1382ms[39m           [90m573Âµs[39m      [90m26Âµs[39m      [90m1384ms[39m 

[33m  â”Œ[39m
[33m[39m[90m  [33mâ”‚[90m [90m`Using "CryptoJS" is deprecated. Use "require('cr[39m
[90m  [33mâ”‚[90m ypto-js')" instead.`[90m[39m
[90m[39m[90m  [90mâ”‚[90m [90m'ë³µí˜¸í™” ê²°ê³¼ : '[90m[37m, [90m[90m'RETURNCODE=0000[39m
[90m  [90mâ”‚[90m &RETURNMSG=%BC%BA%B0%F8&BALANCE=0&O_TID=20260106154004[39m
[90m  [90mâ”‚[90m 8787184400&TID=202601061540065767304400&TRANTIME=15400[39m
[90m  [90mâ”‚[90m 6&TRANDATE=20260106&AMOUNT=301&DEPOSIT_AMT=0'[90m[39m
[90m[39m[90m  â””[39m
[90m[39m[32m  âˆš [39m [90mê²°ê³¼ì½”ë“œ(RETURNCODE) ì •ìƒì¶œë ¥[39m
[32m  âˆš [39m [90mê²°ê³¼ë©”ì„¸ì§€(RETURNMSG) ì •ìƒì¶œë ¥[39m
[32m  âˆš [39m [90mì·¨ì†Œ í›„ ì”ì•¡(BALANCE) ì •ìƒì¶œë ¥[39m
[32m  âˆš [39m [90më‹¤ë‚  ì› ê±°ë˜ í‚¤(O_TID) ì •ìƒì¶œë ¥[39m
[32m  âˆš [39m [90më‹¤ë‚  ê±°ë˜ í‚¤(TID) ì •ìƒì¶œë ¥[39m
[32m  âˆš [39m [90mìŠ¹ì¸ ë°œìƒì‹œê°„(TRANTIME) ì •ìƒì¶œë ¥[39m
[32m  âˆš [39m [90mìŠ¹ì¸ ë°œìƒì¼ì(TRANDATE)[39m
[32m  âˆš [39m [90mìŠ¹ì¸ ì·¨ì†Œ ê¸ˆì•¡(AMOUNT) ì •ìƒì¶œë ¥[39m
[32m  âˆš [39m [90mì»µ ë³´ì¦ê¸ˆ(DEPOSIT_AMT) ì •ìƒì¶œë ¥[39m

â–¡ [0mí˜„ëŒ€ì¹´ë“œ[0m
â”” [0mì •ê¸°ê²°ì œ ìš”ì²­ (OTBILL)[0m
[33m  â”Œ[39m
[33m[39m[90m  [33mâ”‚[90m [90m`Using "CryptoJS" is deprecated. Use "require('cr[39m
[90m  [33mâ”‚[90m ypto-js')" instead.`[90m[39m
[90m[39m[33m  â””[39m
[33m[39m  [90mPOST[39m [90mhttps://tx-creditcard.danalpay.com/credit/?CPID=A010037544&DATA=wcpoTy27mkzR%2FoCmuhu%2BEL1VevUN6wQgs96fAg0NJdKChw9Ccm7hXXJcj%2FUGj%2Bb8z5dq8TvydwIj3RXPjUXi4KzQHH0ZG0DZA03Udge2eI0IsrkEsoTSxKLbYyq5iCvbykTt6GhW9hCDbp8fHC1zGJEYvBJNsjEqz2X9zw2JzceacjSE9wkZ8OEcuyhqS4aTCOgYJsVDSvmkj%2FNDn1RD1w%3D%3D[39m  
  200 OK [90mâ˜…[39m 1317ms [90mtime[39m [90mâ˜…[39m 549B[90mâ†‘[39m 576B[90mâ†“[39m [90msize[39m [90mâ˜…[39m 9[90mâ†‘[39m 4[90mâ†“[39m [90mheaders[39m [90mâ˜…[39m 0 [90mcookies[39m
  [37mâ”Œ[39m [37mâ†“[39m text/plain [90mâ˜…[39m text [90mâ˜…[39m plain [90mâ˜…[39m euc-kr [90mâ˜…[39m 443B
[90m  [37mâ”‚[90m DATA=bH6El5elON5883LB3RlfF1OF1H8eZTXv49wXL8%2FAVeUOrT2[39m
[90m  [37mâ”‚[90m zbTtZtAh642sVeJ6S5FXThRFDGzadCfRKoaJkk27Nama6Wo84QdTlk[39m
[90m  [37mâ”‚[90m Stjcco%2F2y2chuEqT0eBLnx6NcSHeDXQBfLYpWMKn6s%2BSsPSMqT[39m
[90m  [37mâ”‚[90m GpEOM0q8zKWuxQlWKmqMhg%2FoSc%2FhEwsQG5fxSjAWuWcn79srr%[39m
[90m  [37mâ”‚[90m 2FgXaa%2ByXICu6L%2BZfPqvRbLuJJlbQaBNMe9RisYIWTUq%2BfVz[39m
[90m  [37mâ”‚[90m 8e8jqvL%2F1xsLSBWfepRLhq8ZoWEXoZly09DELn%2FaYel3gZgIJ5[39m
[90m  [37mâ”‚[90m gW9hGfT9gHq4Rmr3I5eByuia85mFo0etqQj8%2FR%2FzBrgN2MTp68[39m
[90m  [37mâ”‚[90m X8bNGkhFxjZ5UTmrBti7G9AmrLP4PFxZApbjgE20HubkCC38u878Ub[39m
[90m  [37mâ”‚[90m uH83Q%3D%3D[39m
[90m[39m[37m  â””[39m
  [37mprepare[39m   [37mwait[39m    [37mdns-lookup[39m   [37mtcp-handshake[39m   [37mssl-handshake[39m   [37mtransfer-start[39m   [37mdownload[39m   [37mprocess[39m   [37mtotal[39m  
  [90m576Âµs[39m     [90m184Âµs[39m   [90m(cache)[39m      [90m(cache)[39m         [90m(cache)[39m         [90m1316ms[39m           [90m613Âµs[39m      [90m27Âµs[39m      [90m1317ms[39m 

[33m  â”Œ[39m
[33m[39m[90m  [33mâ”‚[90m [90m`Using "CryptoJS" is deprecated. Use "require('cr[39m
[90m  [33mâ”‚[90m ypto-js')" instead.`[90m[39m
[90m[39m[90m  [90mâ”‚[90m [90m'ë³µí˜¸í™” ê²°ê³¼ : '[90m[37m, [90m[90m'RETURNCODE=0000[39m
[90m  [90mâ”‚[90m &RETURNMSG=%BC%BA%B0%F8&CARDCODE=0400&USERPHONE=&QUOTA[39m
[90m  [90mâ”‚[90m =00&TRANTIME=154009&TRANDATE=20260106&AMOUNT=301&ITEMN[39m
[90m  [90mâ”‚[90m AME=apiautotest&DEPOSIT_AMT=0&TID=20260106154008119734[39m
[90m  [90mâ”‚[90m 4400&ORDERID=&CARDNO=403293******4003&CARDAUTHNO=00003[39m
[90m  [90mâ”‚[90m 385&CARDNAME=%C7%F6%B4%EB%C4%AB%B5%E5&USERNAME=&USERID[39m
[90m  [90mâ”‚[90m =hnkim'[90m[39m
[90m[39m[90m  â””[39m
[90m[39m[32m  âˆš [39m [90mê²°ê³¼ì½”ë“œ(RETURNCODE) ì •ìƒì¶œë ¥[39m
[32m  âˆš [39m [90mê²°ê³¼ë©”ì„¸ì§€(RETURNMSG) ì •ìƒì¶œë ¥[39m
[32m  âˆš [39m [90mì¹´ë“œì‚¬ ì½”ë“œ(CARDCODE ì •ìƒì¶œë ¥[39m
[32m  âˆš [39m [90mêµ¬ë§¤ì ì „í™”ë²ˆí˜¸(USERPHONE) ë¹ˆê°’ í™•ì¸[39m
[32m  âˆš [39m [90mí• ë¶€ ê°œì›” ìˆ˜(QUOTA) ì •ìƒì¶œë ¥[39m
[32m  âˆš [39m [90më§¤ì¶œ ë°œìƒì‹œê°„(TRANTIME) Â±5ì´ˆ ì´ë‚´ ê²€ì¦[39m
[32m  âˆš [39m [90më§¤ì¶œ ë°œìƒì¼ì(TRANDATE) ì •ìƒì¶œë ¥[39m
[32m  âˆš [39m [90mìŠ¹ì¸ê¸ˆì•¡(AMOUNT) ì •ìƒì¶œë ¥[39m
[32m  âˆš [39m [90mìƒí’ˆëª…(ITEMNAME) ì •ìƒì¶œë ¥[39m
[32m  âˆš [39m [90mì»µ ë³´ì¦ê¸ˆ(DEPOSIT_AMT) ì •ìƒì¶œë ¥[39m
[32m  âˆš [39m [90më‹¤ë‚  ê±°ë˜ í‚¤(TID) ì •ìƒì¶œë ¥[39m
[32m  âˆš [39m [90mê°€ë§¹ì  ì£¼ë¬¸ë²ˆí˜¸(ORDERID) ë¹ˆê°’ í™•ì¸[39m
[32m  âˆš [39m [90mì¹´ë“œë²ˆí˜¸(CARDNO) ì •ìƒì¶œë ¥[39m
[32m  âˆš [39m [90mê±°ë˜ ìŠ¹ì¸ ë²ˆí˜¸(CARDAUTHNO) ì •ìƒì¶œë ¥[39m
[32m  âˆš [39m [90mì¹´ë“œì‚¬ ëª…(CARDNAME) ì •ìƒì¶œë ¥[39m
[32m  âˆš [39m [90mêµ¬ë§¤ì ì´ë¦„(USERNAME) ì •ìƒì¶œë ¥[39m
[32m  âˆš [39m [90mêµ¬ë§¤ì ID(USERID) ì •ìƒì¶œë ¥[39m

â”” [0mì¹´ë“œ ìŠ¹ì¸ ì·¨ì†Œ (BILLCANCEL)[0m
[33m  â”Œ[39m
[33m[39m[90m  [33mâ”‚[90m [90m`Using "CryptoJS" is deprecated. Use "require('cr[39m
[90m  [33mâ”‚[90m ypto-js')" instead.`[90m[39m
[90m[39m[33m  â””[39m
[33m[39m  [90mPOST[39m [90mhttps://tx-creditcard.danalpay.com/credit/?CPID=A010037544&DATA=8kvDIwvdID7NWcBMND4uDW2sS2cmcOnHW%2FDuUcn7VZiaXjlYbBK5TrpDVkZu2FrTdiJ%2Fb22HTExlPpSnOEXAL7zYdXrE41ZkMUOcF814gXVCo%2FL%2BVp4WlA6Ehg9J6nwJ[39m  
  200 OK [90mâ˜…[39m 1302ms [90mtime[39m [90mâ˜…[39m 455B[90mâ†‘[39m 390B[90mâ†“[39m [90msize[39m [90mâ˜…[39m 9[90mâ†‘[39m 4[90mâ†“[39m [90mheaders[39m [90mâ˜…[39m 0 [90mcookies[39m
  [37mâ”Œ[39m [37mâ†“[39m text/plain [90mâ˜…[39m text [90mâ˜…[39m plain [90mâ˜…[39m euc-kr [90mâ˜…[39m 257B
[90m  [37mâ”‚[90m DATA=bH6El5elON5883LB3RlfF1OF1H8eZTXv49wXL8%2FAVeVzhHU[39m
[90m  [37mâ”‚[90m 5sdes40grvKmzi%2BrXHyfSJF3OOBNPKXUfskyl6n3XL0D510nLfN%[39m
[90m  [37mâ”‚[90m 2Bqh74nNZjLbhDXMcksPlkm1BW8kYk9RCqgTdwsKu1MJUSl%2FJ5GF[39m
[90m  [37mâ”‚[90m qcSAADmFf1NUO0BvvONwPtIKQF83BAIXtckE6NL6EN%2FnZYMAtYDj[39m
[90m  [37mâ”‚[90m s0hzDWN05EUz8rN9H2dzfP%2F%2BWet5ppHoQE%3D[39m
[90m[39m[37m  â””[39m
  [37mprepare[39m   [37mwait[39m    [37mdns-lookup[39m   [37mtcp-handshake[39m   [37mssl-handshake[39m   [37mtransfer-start[39m   [37mdownload[39m   [37mprocess[39m   [37mtotal[39m  
  [90m375Âµs[39m     [90m147Âµs[39m   [90m(cache)[39m      [90m(cache)[39m         [90m(cache)[39m         [90m1300ms[39m           [90m569Âµs[39m      [90m22Âµs[39m      [90m1301ms[39m 

[33m  â”Œ[39m
[33m[39m[90m  [33mâ”‚[90m [90m`Using "CryptoJS" is deprecated. Use "require('cr[39m
[90m  [33mâ”‚[90m ypto-js')" instead.`[90m[39m
[90m[39m[90m  [90mâ”‚[90m [90m'ë³µí˜¸í™” ê²°ê³¼ : '[90m[37m, [90m[90m'RETURNCODE=0000[39m
[90m  [90mâ”‚[90m &RETURNMSG=%BC%BA%B0%F8&BALANCE=0&O_TID=20260106154008[39m
[90m  [90mâ”‚[90m 1197344400&TID=202601061540095827414400&TRANTIME=15400[39m
[90m  [90mâ”‚[90m 9&TRANDATE=20260106&AMOUNT=301&DEPOSIT_AMT=0'[90m[39m
[90m[39m[90m  â””[39m
[90m[39m[32m  âˆš [39m [90mê²°ê³¼ì½”ë“œ(RETURNCODE) ì •ìƒì¶œë ¥[39m
[32m  âˆš [39m [90mê²°ê³¼ë©”ì„¸ì§€(RETURNMSG) ì •ìƒì¶œë ¥[39m
[32m  âˆš [39m [90mì·¨ì†Œ í›„ ì”ì•¡(BALANCE) ì •ìƒì¶œë ¥[39m
[32m  âˆš [39m [90më‹¤ë‚  ì› ê±°ë˜ í‚¤(O_TID) ì •ìƒì¶œë ¥[39m
[32m  âˆš [39m [90më‹¤ë‚  ê±°ë˜ í‚¤(TID) ì •ìƒì¶œë ¥[39m
[32m  âˆš [39m [90mìŠ¹ì¸ ë°œìƒì‹œê°„(TRANTIME) ì •ìƒì¶œë ¥[39m
[32m  âˆš [39m [90mìŠ¹ì¸ ë°œìƒì¼ì(TRANDATE)[39m
[32m  âˆš [39m [90mìŠ¹ì¸ ì·¨ì†Œ ê¸ˆì•¡(AMOUNT) ì •ìƒì¶œë ¥[39m
[32m  âˆš [39m [90mì»µ ë³´ì¦ê¸ˆ(DEPOSIT_AMT) ì •ìƒì¶œë ¥[39m

â–¡ [0mì‹ í•œì¹´ë“œ[0m
â”” [0mì •ê¸°ê²°ì œ ìš”ì²­ (OTBILL)[0m
[33m  â”Œ[39m
[33m[39m[90m  [33mâ”‚[90m [90m`Using "CryptoJS" is deprecated. Use "require('cr[39m
[90m  [33mâ”‚[90m ypto-js')" instead.`[90m[39m
[90m[39m[33m  â””[39m
[33m[39m  [90mPOST[39m [90mhttps://tx-creditcard.danalpay.com/credit/?CPID=A010037544&DATA=wcpoTy27mkzR%2FoCmuhu%2BEL1VevUN6wQgs96fAg0NJdKChw9Ccm7hXXJcj%2FUGj%2Bb8z5dq8TvydwIj3RXPjUXi4KzQHH0ZG0DZA03Udge2eI0IsrkEsoTSxKLbYyq5iCvbykTt6GhW9hCDbp8fHC1zGJEYvBJNsjEqz2X9zw2JzcfXTTxRRh%2BjuC1%2BxTb3aJM2weIs3zf7UG56%2FZflpkMYeg%3D%3D[39m  
  200 OK [90mâ˜…[39m 1575ms [90mtime[39m [90mâ˜…[39m 553B[90mâ†‘[39m 572B[90mâ†“[39m [90msize[39m [90mâ˜…[39m 9[90mâ†‘[39m 4[90mâ†“[39m [90mheaders[39m [90mâ˜…[39m 0 [90mcookies[39m
  [37mâ”Œ[39m [37mâ†“[39m text/plain [90mâ˜…[39m text [90mâ˜…[39m plain [90mâ˜…[39m euc-kr [90mâ˜…[39m 439B
[90m  [37mâ”‚[90m DATA=bH6El5elON5883LB3RlfF1OF1H8eZTXv49wXL8%2FAVeUOrT2[39m
[90m  [37mâ”‚[90m zbTtZtAh642sVeJ6SFDScsYvg4YcySL%2B5NLVNtgajIlwiSgIYcRP[39m
[90m  [37mâ”‚[90m %2BZ35Q592acIc9cKM0aYnJw8ppwVnM8BPdXq8W0OlgUTjt%2F75cE[39m
[90m  [37mâ”‚[90m %2FS%2Fp5iDeRwpe0y%2BKlGnbWseRppV8F1VLWTz3wjnqlss8jTLm[39m
[90m  [37mâ”‚[90m gzjjUW5jziZ1tvuowNZKjuZeTTQ7fO%2Br6Lk%2BGndY94BbhWEzDA[39m
[90m  [37mâ”‚[90m gDJLd5fKc0EaVeU2AEpy2hS5COPvWOGmOPtmAyStMJccZ1FVJPe8iN[39m
[90m  [37mâ”‚[90m Rvbpw9pGAtK8WVtllA2wo5pmfgmRFNg5LcVumflurx1a6Ql58ITD3w[39m
[90m  [37mâ”‚[90m 1WJUNqWC%2BQLjWx7uWQeOEZ4LKoduEaZMKioPJip3pULFBa%2FmLQ[39m
[90m  [37mâ”‚[90m g%3D%3D[39m
[90m[39m[37m  â””[39m
  [37mprepare[39m   [37mwait[39m    [37mdns-lookup[39m   [37mtcp-handshake[39m   [37mssl-handshake[39m   [37mtransfer-start[39m   [37mdownload[39m   [37mprocess[39m   [37mtotal[39m  
  [90m554Âµs[39m     [90m163Âµs[39m   [90m(cache)[39m      [90m(cache)[39m         [90m(cache)[39m         [90m1573ms[39m           [90m582Âµs[39m      [90m24Âµs[39m      [90m1574ms[39m 

[33m  â”Œ[39m
[33m[39m[90m  [33mâ”‚[90m [90m`Using "CryptoJS" is deprecated. Use "require('cr[39m
[90m  [33mâ”‚[90m ypto-js')" instead.`[90m[39m
[90m[39m[90m  [90mâ”‚[90m [90m'ë³µí˜¸í™” ê²°ê³¼ : '[90m[37m, [90m[90m'RETURNCODE=0000[39m
[90m  [90mâ”‚[90m &RETURNMSG=%BC%BA%B0%F8&CARDCODE=0100&USERPHONE=&QUOTA[39m
[90m  [90mâ”‚[90m =00&TRANTIME=154012&TRANDATE=20260106&AMOUNT=301&ITEMN[39m
[90m  [90mâ”‚[90m AME=apiautotest&DEPOSIT_AMT=0&TID=20260106154011044747[39m
[90m  [90mâ”‚[90m 4400&ORDERID=&CARDNO=451842******5446&CARDAUTHNO=44945[39m
[90m  [90mâ”‚[90m 545&CARDNAME=%BD%C5%C7%D1%C4%AB%B5%E5&USERNAME=&USERID[39m
[90m  [90mâ”‚[90m =hnkim'[90m[39m
[90m[39m[90m  â””[39m
[90m[39m[32m  âˆš [39m [90mê²°ê³¼ì½”ë“œ(RETURNCODE) ì •ìƒì¶œë ¥[39m
[32m  âˆš [39m [90mê²°ê³¼ë©”ì„¸ì§€(RETURNMSG) ì •ìƒì¶œë ¥[39m
[32m  âˆš [39m [90mì¹´ë“œì‚¬ ì½”ë“œ(CARDCODE ì •ìƒì¶œë ¥[39m
[32m  âˆš [39m [90mêµ¬ë§¤ì ì „í™”ë²ˆí˜¸(USERPHONE) ë¹ˆê°’ í™•ì¸[39m
[32m  âˆš [39m [90mí• ë¶€ ê°œì›” ìˆ˜(QUOTA) ì •ìƒì¶œë ¥[39m
[32m  âˆš [39m [90më§¤ì¶œ ë°œìƒì‹œê°„(TRANTIME) Â±5ì´ˆ ì´ë‚´ ê²€ì¦[39m
[32m  âˆš [39m [90më§¤ì¶œ ë°œìƒì¼ì(TRANDATE) ì •ìƒì¶œë ¥[39m
[32m  âˆš [39m [90mìŠ¹ì¸ê¸ˆì•¡(AMOUNT) ì •ìƒì¶œë ¥[39m
[32m  âˆš [39m [90mìƒí’ˆëª…(ITEMNAME) ì •ìƒì¶œë ¥[39m
[32m  âˆš [39m [90mì»µ ë³´ì¦ê¸ˆ(DEPOSIT_AMT) ì •ìƒì¶œë ¥[39m
[32m  âˆš [39m [90më‹¤ë‚  ê±°ë˜ í‚¤(TID) ì •ìƒì¶œë ¥[39m
[32m  âˆš [39m [90mê°€ë§¹ì  ì£¼ë¬¸ë²ˆí˜¸(ORDERID) ë¹ˆê°’ í™•ì¸[39m
[32m  âˆš [39m [90mì¹´ë“œë²ˆí˜¸(CARDNO) ì •ìƒì¶œë ¥[39m
[32m  âˆš [39m [90mê±°ë˜ ìŠ¹ì¸ ë²ˆí˜¸(CARDAUTHNO) ì •ìƒì¶œë ¥[39m
[32m  âˆš [39m [90mì¹´ë“œì‚¬ ëª…(CARDNAME) ì •ìƒì¶œë ¥[39m
[32m  âˆš [39m [90mêµ¬ë§¤ì ì´ë¦„(USERNAME) ì •ìƒì¶œë ¥[39m
[32m  âˆš [39m [90mêµ¬ë§¤ì ID(USERID) ì •ìƒì¶œë ¥[39m

â”” [0mì¹´ë“œ ìŠ¹ì¸ ì·¨ì†Œ (BILLCANCEL)[0m
[33m  â”Œ[39m
[33m[39m[90m  [33mâ”‚[90m [90m`Using "CryptoJS" is deprecated. Use "require('cr[39m
[90m  [33mâ”‚[90m ypto-js')" instead.`[90m[39m
[90m[39m[33m  â””[39m
[33m[39m  [90mPOST[39m [90mhttps://tx-creditcard.danalpay.com/credit/?CPID=A010037544&DATA=8kvDIwvdID7NWcBMND4uDRm%2BfhUuyTfwiLShk06A4LJzX2kT3kb5Cj8YjYtahDUNXClZgID8EeRaUMVYaonv4ga1E8v4WzCmarvKD%2BkZcMCTPdh608jn42Qo9IofXngP[39m  
  200 OK [90mâ˜…[39m 1409ms [90mtime[39m [90mâ˜…[39m 451B[90mâ†‘[39m 394B[90mâ†“[39m [90msize[39m [90mâ˜…[39m 9[90mâ†‘[39m 4[90mâ†“[39m [90mheaders[39m [90mâ˜…[39m 0 [90mcookies[39m
  [37mâ”Œ[39m [37mâ†“[39m text/plain [90mâ˜…[39m text [90mâ˜…[39m plain [90mâ˜…[39m euc-kr [90mâ˜…[39m 261B
[90m  [37mâ”‚[90m DATA=bH6El5elON5883LB3RlfF1OF1H8eZTXv49wXL8%2FAVeVzhHU[39m
[90m  [37mâ”‚[90m 5sdes40grvKmzi%2BrXHyfSJF3OOBNPKXUfskyl6vZkEH%2FlxSSJA[39m
[90m  [37mâ”‚[90m L4lJkFM8y4%2FAcg6Hjtwnl9LNHqsUL8wwWgEfjdlfv62r%2FqzUve[39m
[90m  [37mâ”‚[90m cyk6ZONhvFl8ncg6n9NyUbXAF1tNRJOh3KlJEfPYFMRFORsKsc2mXS[39m
[90m  [37mâ”‚[90m UQY3WIyTKPfGsM5cAb%2B2aIOPxM7y%2B%2BV%2BIQ%3D[39m
[90m[39m[37m  â””[39m
  [37mprepare[39m   [37mwait[39m    [37mdns-lookup[39m   [37mtcp-handshake[39m   [37mssl-handshake[39m   [37mtransfer-start[39m   [37mdownload[39m   [37mprocess[39m   [37mtotal[39m  
  [90m669Âµs[39m     [90m200Âµs[39m   [90m(cache)[39m      [90m(cache)[39m         [90m(cache)[39m         [90m1408ms[39m           [90m527Âµs[39m      [90m47Âµs[39m      [90m1409ms[39m 

[33m  â”Œ[39m
[33m[39m[90m  [33mâ”‚[90m [90m`Using "CryptoJS" is deprecated. Use "require('cr[39m
[90m  [33mâ”‚[90m ypto-js')" instead.`[90m[39m
[90m[39m[90m  [90mâ”‚[90m [90m'ë³µí˜¸í™” ê²°ê³¼ : '[90m[37m, [90m[90m'RETURNCODE=0000[39m
[90m  [90mâ”‚[90m &RETURNMSG=%BC%BA%B0%F8&BALANCE=0&O_TID=20260106154011[39m
[90m  [90mâ”‚[90m 0447474400&TID=202601061540127817544400&TRANTIME=15401[39m
[90m  [90mâ”‚[90m 2&TRANDATE=20260106&AMOUNT=301&DEPOSIT_AMT=0'[90m[39m
[90m[39m[90m  â””[39m
[90m[39m[32m  âˆš [39m [90mê²°ê³¼ì½”ë“œ(RETURNCODE) ì •ìƒì¶œë ¥[39m
[32m  âˆš [39m [90mê²°ê³¼ë©”ì„¸ì§€(RETURNMSG) ì •ìƒì¶œë ¥[39m
[32m  âˆš [39m [90mì·¨ì†Œ í›„ ì”ì•¡(BALANCE) ì •ìƒì¶œë ¥[39m
[32m  âˆš [39m [90më‹¤ë‚  ì› ê±°ë˜ í‚¤(O_TID) ì •ìƒì¶œë ¥[39m
[32m  âˆš [39m [90më‹¤ë‚  ê±°ë˜ í‚¤(TID) ì •ìƒì¶œë ¥[39m
[32m  âˆš [39m [90mìŠ¹ì¸ ë°œìƒì‹œê°„(TRANTIME) ì •ìƒì¶œë ¥[39m
[32m  âˆš [39m [90mìŠ¹ì¸ ë°œìƒì¼ì(TRANDATE)[39m
[32m  âˆš [39m [90mìŠ¹ì¸ ì·¨ì†Œ ê¸ˆì•¡(AMOUNT) ì •ìƒì¶œë ¥[39m
[32m  âˆš [39m [90mì»µ ë³´ì¦ê¸ˆ(DEPOSIT_AMT) ì •ìƒì¶œë ¥[39m

â–¡ [0më†í˜‘ì¹´ë“œ[0m
â”” [0mì •ê¸°ê²°ì œ ìš”ì²­ (OTBILL)[0m
[33m  â”Œ[39m
[33m[39m[90m  [33mâ”‚[90m [90m`Using "CryptoJS" is deprecated. Use "require('cr[39m
[90m  [33mâ”‚[90m ypto-js')" instead.`[90m[39m
[90m[39m[33m  â””[39m
[33m[39m  [90mPOST[39m [90mhttps://tx-creditcard.danalpay.com/credit/?CPID=A010037544&DATA=wcpoTy27mkzR%2FoCmuhu%2BEL1VevUN6wQgs96fAg0NJdKChw9Ccm7hXXJcj%2FUGj%2Bb8z5dq8TvydwIj3RXPjUXi4KzQHH0ZG0DZA03Udge2eI0IsrkEsoTSxKLbYyq5iCvbykTt6GhW9hCDbp8fHC1zGJEYvBJNsjEqz2X9zw2JzcfqMk1YAIjfTKOzEfoXN7bENBxmDICbQksXQP2fAKPCnw%3D%3D[39m  
  200 OK [90mâ˜…[39m 1508ms [90mtime[39m [90mâ˜…[39m 547B[90mâ†‘[39m 564B[90mâ†“[39m [90msize[39m [90mâ˜…[39m 9[90mâ†‘[39m 4[90mâ†“[39m [90mheaders[39m [90mâ˜…[39m 0 [90mcookies[39m
  [37mâ”Œ[39m [37mâ†“[39m text/plain [90mâ˜…[39m text [90mâ˜…[39m plain [90mâ˜…[39m euc-kr [90mâ˜…[39m 431B
[90m  [37mâ”‚[90m DATA=bH6El5elON5883LB3RlfF1OF1H8eZTXv49wXL8%2FAVeUOrT2[39m
[90m  [37mâ”‚[90m zbTtZtAh642sVeJ6ScL28iAqB5BoFjukygA67mUC2F05DBPFFDzRQv[39m
[90m  [37mâ”‚[90m E%2FTqj%2FNzkXQnQO6FC2glGDoSaukdUYSPKfinB4oo6zM0SlnpIE[39m
[90m  [37mâ”‚[90m wiq9tHAjN5RctVSJMLUAsN2%2FAJ6m%2FA2ESx0SlV8LcFcIUxNtTc[39m
[90m  [37mâ”‚[90m tseu31Nb7Art2NGkYY6QsITyrYJHRKGXceQ3BONBExpTExgxLycDVH[39m
[90m  [37mâ”‚[90m y4ssnVhofPfBYK5dFN82kFI9XFPH8hY7Fn9BayqPM0H7oEZDPx9ZPR[39m
[90m  [37mâ”‚[90m hfqzDDp0f6ERMEPMsOH7EYDwEqwS5pvuG9LrEj%2BXYFiU1PTHpKDq[39m
[90m  [37mâ”‚[90m DLYiYXK0whkSU7L5xsOtG63LofqJt5GPb9uMF%2Bs2GACkA%3D%3D[39m
[90m[39m[37m  â””[39m
  [37mprepare[39m   [37mwait[39m    [37mdns-lookup[39m   [37mtcp-handshake[39m   [37mssl-handshake[39m   [37mtransfer-start[39m   [37mdownload[39m   [37mprocess[39m   [37mtotal[39m  
  [90m417Âµs[39m     [90m245Âµs[39m   [90m(cache)[39m      [90m(cache)[39m         [90m(cache)[39m         [90m1506ms[39m           [90m747Âµs[39m      [90m43Âµs[39m      [90m1508ms[39m 

[33m  â”Œ[39m
[33m[39m[90m  [33mâ”‚[90m [90m`Using "CryptoJS" is deprecated. Use "require('cr[39m
[90m  [33mâ”‚[90m ypto-js')" instead.`[90m[39m
[90m[39m[90m  [90mâ”‚[90m [90m'ë³µí˜¸í™” ê²°ê³¼ : '[90m[37m, [90m[90m'RETURNCODE=0000[39m
[90m  [90mâ”‚[90m &RETURNMSG=%BC%BA%B0%F8&CARDCODE=0800&USERPHONE=&QUOTA[39m
[90m  [90mâ”‚[90m =00&TRANTIME=154015&TRANDATE=20260106&AMOUNT=301&ITEMN[39m
[90m  [90mâ”‚[90m AME=apiautotest&DEPOSIT_AMT=0&TID=20260106154014352757[39m
[90m  [90mâ”‚[90m 4400&ORDERID=&CARDNO=542586******3820&CARDAUTHNO=50978[39m
[90m  [90mâ”‚[90m 320&CARDNAME=NH%B3%F3%C7%F9%C4%AB%B5%E5&USERNAME=&USER[39m
[90m  [90mâ”‚[90m ID=hnkim'[90m[39m
[90m[39m[90m  â””[39m
[90m[39m[32m  âˆš [39m [90mê²°ê³¼ì½”ë“œ(RETURNCODE) ì •ìƒì¶œë ¥[39m
[32m  âˆš [39m [90mê²°ê³¼ë©”ì„¸ì§€(RETURNMSG) ì •ìƒì¶œë ¥[39m
[32m  âˆš [39m [90mì¹´ë“œì‚¬ ì½”ë“œ(CARDCODE ì •ìƒì¶œë ¥[39m
[32m  âˆš [39m [90mêµ¬ë§¤ì ì „í™”ë²ˆí˜¸(USERPHONE) ë¹ˆê°’ í™•ì¸[39m
[32m  âˆš [39m [90mí• ë¶€ ê°œì›” ìˆ˜(QUOTA) ì •ìƒì¶œë ¥[39m
[32m  âˆš [39m [90më§¤ì¶œ ë°œìƒì‹œê°„(TRANTIME) Â±5ì´ˆ ì´ë‚´ ê²€ì¦[39m
[32m  âˆš [39m [90më§¤ì¶œ ë°œìƒì¼ì(TRANDATE) ì •ìƒì¶œë ¥[39m
[32m  âˆš [39m [90mìŠ¹ì¸ê¸ˆì•¡(AMOUNT) ì •ìƒì¶œë ¥[39m
[32m  âˆš [39m [90mìƒí’ˆëª…(ITEMNAME) ì •ìƒì¶œë ¥[39m
[32m  âˆš [39m [90mì»µ ë³´ì¦ê¸ˆ(DEPOSIT_AMT) ì •ìƒì¶œë ¥[39m
[32m  âˆš [39m [90më‹¤ë‚  ê±°ë˜ í‚¤(TID) ì •ìƒì¶œë ¥[39m
[32m  âˆš [39m [90mê°€ë§¹ì  ì£¼ë¬¸ë²ˆí˜¸(ORDERID) ë¹ˆê°’ í™•ì¸[39m
[32m  âˆš [39m [90mì¹´ë“œë²ˆí˜¸(CARDNO) ì •ìƒì¶œë ¥[39m
[32m  âˆš [39m [90mê±°ë˜ ìŠ¹ì¸ ë²ˆí˜¸(CARDAUTHNO) ì •ìƒì¶œë ¥[39m
[32m  âˆš [39m [90mì¹´ë“œì‚¬ ëª…(CARDNAME) ì •ìƒì¶œë ¥[39m
[32m  âˆš [39m [90mêµ¬ë§¤ì ì´ë¦„(USERNAME) ì •ìƒì¶œë ¥[39m
[32m  âˆš [39m [90mêµ¬ë§¤ì ID(USERID) ì •ìƒì¶œë ¥[39m

â”” [0mì¹´ë“œ ìŠ¹ì¸ ì·¨ì†Œ (BILLCANCEL)[0m
[33m  â”Œ[39m
[33m[39m[90m  [33mâ”‚[90m [90m`Using "CryptoJS" is deprecated. Use "require('cr[39m
[90m  [33mâ”‚[90m ypto-js')" instead.`[90m[39m
[90m[39m[33m  â””[39m
[33m[39m  [90mPOST[39m [90mhttps://tx-creditcard.danalpay.com/credit/?CPID=A010037544&DATA=8kvDIwvdID7NWcBMND4uDWJS0N5IpUwsbiur3zqQkTlnvJ%2BS8teeKUknJeh5%2FATzZIoJOBZrD3orpYmn%2FSIF9W3p71wVSfmCN0e0dfF71w3%2FP7%2B3DKGHuqgt2JR%2FNLwB[39m  
  200 OK [90mâ˜…[39m 1653ms [90mtime[39m [90mâ˜…[39m 459B[90mâ†‘[39m 398B[90mâ†“[39m [90msize[39m [90mâ˜…[39m 9[90mâ†‘[39m 4[90mâ†“[39m [90mheaders[39m [90mâ˜…[39m 0 [90mcookies[39m
  [37mâ”Œ[39m [37mâ†“[39m text/plain [90mâ˜…[39m text [90mâ˜…[39m plain [90mâ˜…[39m euc-kr [90mâ˜…[39m 265B
[90m  [37mâ”‚[90m DATA=bH6El5elON5883LB3RlfF1OF1H8eZTXv49wXL8%2FAVeVzhHU[39m
[90m  [37mâ”‚[90m 5sdes40grvKmzi%2BrXHyfSJF3OOBNPKXUfskyl6rFhka5SBb81EUN[39m
[90m  [37mâ”‚[90m 4PutA9g%2FzqBg8F5VPlmI%2BUxCveSbfCG749HS6CakX42sSLHAw6[39m
[90m  [37mâ”‚[90m puo1TeMMIsnPrrTa2q%2BQZ%2B9kAZnq07q8JRv2ND7H6RP5%2BFFs[39m
[90m  [37mâ”‚[90m %2FatLNKdcLdB%2BEMF%2BE%2Fh5cj24qbSTmvP1UOwQ4E%3D[39m
[90m[39m[37m  â””[39m
  [37mprepare[39m   [37mwait[39m    [37mdns-lookup[39m   [37mtcp-handshake[39m   [37mssl-handshake[39m   [37mtransfer-start[39m   [37mdownload[39m   [37mprocess[39m   [37mtotal[39m  
  [90m449Âµs[39m     [90m211Âµs[39m   [90m(cache)[39m      [90m(cache)[39m         [90m(cache)[39m         [90m1651ms[39m           [90m469Âµs[39m      [90m18Âµs[39m      [90m1652ms[39m 

[33m  â”Œ[39m
[33m[39m[90m  [33mâ”‚[90m [90m`Using "CryptoJS" is deprecated. Use "require('cr[39m
[90m  [33mâ”‚[90m ypto-js')" instead.`[90m[39m
[90m[39m[90m  [90mâ”‚[90m [90m'ë³µí˜¸í™” ê²°ê³¼ : '[90m[37m, [90m[90m'RETURNCODE=0000[39m
[90m  [90mâ”‚[90m &RETURNMSG=%BC%BA%B0%F8&BALANCE=0&O_TID=20260106154014[39m
[90m  [90mâ”‚[90m 3527574400&TID=202601061540160167624400&TRANTIME=15401[39m
[90m  [90mâ”‚[90m 5&TRANDATE=20260106&AMOUNT=301&DEPOSIT_AMT=0'[90m[39m
[90m[39m[90m  â””[39m
[90m[39m[32m  âˆš [39m [90mê²°ê³¼ì½”ë“œ(RETURNCODE) ì •ìƒì¶œë ¥[39m
[32m  âˆš [39m [90mê²°ê³¼ë©”ì„¸ì§€(RETURNMSG) ì •ìƒì¶œë ¥[39m
[32m  âˆš [39m [90mì·¨ì†Œ í›„ ì”ì•¡(BALANCE) ì •ìƒì¶œë ¥[39m
[32m  âˆš [39m [90më‹¤ë‚  ì› ê±°ë˜ í‚¤(O_TID) ì •ìƒì¶œë ¥[39m
[32m  âˆš [39m [90më‹¤ë‚  ê±°ë˜ í‚¤(TID) ì •ìƒì¶œë ¥[39m
[32m  âˆš [39m [90mìŠ¹ì¸ ë°œìƒì‹œê°„(TRANTIME) ì •ìƒì¶œë ¥[39m
[32m  âˆš [39m [90mìŠ¹ì¸ ë°œìƒì¼ì(TRANDATE)[39m
[32m  âˆš [39m [90mìŠ¹ì¸ ì·¨ì†Œ ê¸ˆì•¡(AMOUNT) ì •ìƒì¶œë ¥[39m
[32m  âˆš [39m [90mì»µ ë³´ì¦ê¸ˆ(DEPOSIT_AMT) ì •ìƒì¶œë ¥[39m

â–¡ [0mêµ­ë¯¼ì¹´ë“œ[0m
â”” [0mì •ê¸°ê²°ì œ ìš”ì²­ (OTBILL)[0m
[33m  â”Œ[39m
[33m[39m[90m  [33mâ”‚[90m [90m`Using "CryptoJS" is deprecated. Use "require('cr[39m
[90m  [33mâ”‚[90m ypto-js')" instead.`[90m[39m
[90m[39m[33m  â””[39m
[33m[39m  [90mPOST[39m [90mhttps://tx-creditcard.danalpay.com/credit/?CPID=A010037544&DATA=wcpoTy27mkzR%2FoCmuhu%2BEL1VevUN6wQgs96fAg0NJdKChw9Ccm7hXXJcj%2FUGj%2Bb8z5dq8TvydwIj3RXPjUXi4KzQHH0ZG0DZA03Udge2eI0IsrkEsoTSxKLbYyq5iCvbykTt6GhW9hCDbp8fHC1zGJEYvBJNsjEqz2X9zw2JzccTXfPyWymzriWFq4iqdmp99Wj2bHxTvGvcdoWGjKzABQ%3D%3D[39m  
  200 OK [90mâ˜…[39m 1383ms [90mtime[39m [90mâ˜…[39m 547B[90mâ†‘[39m 566B[90mâ†“[39m [90msize[39m [90mâ˜…[39m 9[90mâ†‘[39m 4[90mâ†“[39m [90mheaders[39m [90mâ˜…[39m 0 [90mcookies[39m
  [37mâ”Œ[39m [37mâ†“[39m text/plain [90mâ˜…[39m text [90mâ˜…[39m plain [90mâ˜…[39m euc-kr [90mâ˜…[39m 433B
[90m  [37mâ”‚[90m DATA=bH6El5elON5883LB3RlfF1OF1H8eZTXv49wXL8%2FAVeUOrT2[39m
[90m  [37mâ”‚[90m zbTtZtAh642sVeJ6Sm%2B6GBY9kJQrtcSXyYFxE9ezCIGNm17lww00[39m
[90m  [37mâ”‚[90m zN2MOnp6WTC5mN5myBLVRRBdC5SH44DeiyOK3mQhgN0jG4TFf78jAG[39m
[90m  [37mâ”‚[90m 63RSJkn6oN4ccDxcdNnPUK5eSb%2FSxHoy8Y2lB2pcnvOJSTn0IVUk[39m
[90m  [37mâ”‚[90m DvkqDcMZn1jLivewSyBP2xPeLxZR6bqKPC86kRmGaKfhcjQZEdUU9s[39m
[90m  [37mâ”‚[90m lvf8BNI7iVlUi%2B7Ms0dmYK%2F4UY0PxqNGVrClZCcW8QyOdRytim[39m
[90m  [37mâ”‚[90m FhGzLxnCVqsTHCuogq5N4RgQpT7Gj5nWZf6w2arUCLrTgutow%2FtW[39m
[90m  [37mâ”‚[90m bgkW7Tm1GNipO%2BzYnJDDgpMOBuKx31bh%2FI7l8qTqNKL7Q%3D%3[39m
[90m  [37mâ”‚[90m D[39m
[90m[39m[37m  â””[39m
  [37mprepare[39m   [37mwait[39m    [37mdns-lookup[39m   [37mtcp-handshake[39m   [37mssl-handshake[39m   [37mtransfer-start[39m   [37mdownload[39m   [37mprocess[39m   [37mtotal[39m  
  [90m574Âµs[39m     [90m345Âµs[39m   [90m(cache)[39m      [90m(cache)[39m         [90m(cache)[39m         [90m1381ms[39m           [90m629Âµs[39m      [90m24Âµs[39m      [90m1383ms[39m 

[33m  â”Œ[39m
[33m[39m[90m  [33mâ”‚[90m [90m`Using "CryptoJS" is deprecated. Use "require('cr[39m
[90m  [33mâ”‚[90m ypto-js')" instead.`[90m[39m
[90m[39m[90m  [90mâ”‚[90m [90m'ë³µí˜¸í™” ê²°ê³¼ : '[90m[37m, [90m[90m'RETURNCODE=0000[39m
[90m  [90mâ”‚[90m &RETURNMSG=%BC%BA%B0%F8&CARDCODE=0300&USERPHONE=&QUOTA[39m
[90m  [90mâ”‚[90m =00&TRANTIME=154019&TRANDATE=20260106&AMOUNT=301&ITEMN[39m
[90m  [90mâ”‚[90m AME=apiautotest&DEPOSIT_AMT=0&TID=20260106154017840765[39m
[90m  [90mâ”‚[90m 4400&ORDERID=&CARDNO=540926******6041&CARDAUTHNO=30028[39m
[90m  [90mâ”‚[90m 727&CARDNAME=KB%B1%B9%B9%CE%C4%AB%B5%E5&USERNAME=&USER[39m
[90m  [90mâ”‚[90m ID=hnkim'[90m[39m
[90m[39m[90m  â””[39m
[90m[39m[32m  âˆš [39m [90mê²°ê³¼ì½”ë“œ(RETURNCODE) ì •ìƒì¶œë ¥[39m
[32m  âˆš [39m [90mê²°ê³¼ë©”ì„¸ì§€(RETURNMSG) ì •ìƒì¶œë ¥[39m
[32m  âˆš [39m [90mì¹´ë“œì‚¬ ì½”ë“œ(CARDCODE ì •ìƒì¶œë ¥[39m
[32m  âˆš [39m [90mêµ¬ë§¤ì ì „í™”ë²ˆí˜¸(USERPHONE) ë¹ˆê°’ í™•ì¸[39m
[32m  âˆš [39m [90mí• ë¶€ ê°œì›” ìˆ˜(QUOTA) ì •ìƒì¶œë ¥[39m
[32m  âˆš [39m [90më§¤ì¶œ ë°œìƒì‹œê°„(TRANTIME) Â±5ì´ˆ ì´ë‚´ ê²€ì¦[39m
[32m  âˆš [39m [90më§¤ì¶œ ë°œìƒì¼ì(TRANDATE) ì •ìƒì¶œë ¥[39m
[32m  âˆš [39m [90mìŠ¹ì¸ê¸ˆì•¡(AMOUNT) ì •ìƒì¶œë ¥[39m
[32m  âˆš [39m [90mìƒí’ˆëª…(ITEMNAME) ì •ìƒì¶œë ¥[39m
[32m  âˆš [39m [90më³´ì¦ê¸ˆ ê¸ˆì•¡(DEPOSIT_AMT) ì •ìƒì¶œë ¥[39m
[32m  âˆš [39m [90më‹¤ë‚  ê±°ë˜ í‚¤(TID) ì •ìƒì¶œë ¥[39m
[32m  âˆš [39m [90mê°€ë§¹ì  ì£¼ë¬¸ë²ˆí˜¸(ORDERID) ë¹ˆê°’ í™•ì¸[39m
[32m  âˆš [39m [90mì¹´ë“œë²ˆí˜¸(CARDNO) ì •ìƒì¶œë ¥[39m
[32m  âˆš [39m [90mê±°ë˜ ìŠ¹ì¸ ë²ˆí˜¸(CARDAUTHNO) ì •ìƒì¶œë ¥[39m
[32m  âˆš [39m [90mì¹´ë“œì‚¬ ëª…(CARDNAME) ì •ìƒì¶œë ¥[39m
[32m  âˆš [39m [90mêµ¬ë§¤ì ì´ë¦„(USERNAME) ì •ìƒì¶œë ¥[39m
[32m  âˆš [39m [90mêµ¬ë§¤ì ID(USERID) ì •ìƒì¶œë ¥[39m

â”” [0mì¹´ë“œ ìŠ¹ì¸ ì·¨ì†Œ (BILLCANCEL)[0m
[33m  â”Œ[39m
[33m[39m[90m  [33mâ”‚[90m [90m`Using "CryptoJS" is deprecated. Use "require('cr[39m
[90m  [33mâ”‚[90m ypto-js')" instead.`[90m[39m
[90m[39m[33m  â””[39m
[33m[39m  [90mPOST[39m [90mhttps://tx-creditcard.danalpay.com/credit/?CPID=A010037544&DATA=8kvDIwvdID7NWcBMND4uDQhNyZTrS0jVJ%2BRYpts6V89JFzequo0zaYzj4y0fLF0XYzTRhkGYCPixO4zrhccwdl%2BukF6eiENKhzymHYqfgNQpU0GB%2FoYOFTfF%2BwbUGgMi[39m  
  200 OK [90mâ˜…[39m 1417ms [90mtime[39m [90mâ˜…[39m 455B[90mâ†‘[39m 386B[90mâ†“[39m [90msize[39m [90mâ˜…[39m 9[90mâ†‘[39m 4[90mâ†“[39m [90mheaders[39m [90mâ˜…[39m 0 [90mcookies[39m
  [37mâ”Œ[39m [37mâ†“[39m text/plain [90mâ˜…[39m text [90mâ˜…[39m plain [90mâ˜…[39m euc-kr [90mâ˜…[39m 253B
[90m  [37mâ”‚[90m DATA=bH6El5elON5883LB3RlfF1OF1H8eZTXv49wXL8%2FAVeVzhHU[39m
[90m  [37mâ”‚[90m 5sdes40grvKmzi%2BrXHyfSJF3OOBNPKXUfskyl6u9UFVMWKw9LFeO[39m
[90m  [37mâ”‚[90m fbXhYVrBScNdK%2F6CGkxc8GkCd%2FXQEdvRc13FrMKkgcd6Q4FSDZ[39m
[90m  [37mâ”‚[90m o0Uvo3nfyCr7rqorwPY3iqZlsXT%2Fenjsk3CcqNqyaPtGMB5xiYnh[39m
[90m  [37mâ”‚[90m nLRNvxqGG3oBcrelgoxD6gdpz0BFwLOZus%3D[39m
[90m[39m[37m  â””[39m
  [37mprepare[39m   [37mwait[39m    [37mdns-lookup[39m   [37mtcp-handshake[39m   [37mssl-handshake[39m   [37mtransfer-start[39m   [37mdownload[39m   [37mprocess[39m   [37mtotal[39m  
  [90m488Âµs[39m     [90m197Âµs[39m   [90m(cache)[39m      [90m(cache)[39m         [90m(cache)[39m         [90m1415ms[39m           [90m909Âµs[39m      [90m34Âµs[39m      [90m1417ms[39m 

[33m  â”Œ[39m
[33m[39m[90m  [33mâ”‚[90m [90m`Using "CryptoJS" is deprecated. Use "require('cr[39m
[90m  [33mâ”‚[90m ypto-js')" instead.`[90m[39m
[90m[39m[90m  [90mâ”‚[90m [90m'ë³µí˜¸í™” ê²°ê³¼ : '[90m[37m, [90m[90m'RETURNCODE=0000[39m
[90m  [90mâ”‚[90m &RETURNMSG=%BC%BA%B0%F8&BALANCE=0&O_TID=20260106154017[39m
[90m  [90mâ”‚[90m 8407654400&TID=202601061540193487674400&TRANTIME=15401[39m
[90m  [90mâ”‚[90m 9&TRANDATE=20260106&AMOUNT=301&DEPOSIT_AMT=0'[90m[39m
[90m[39m[90m  â””[39m
[90m[39m[32m  âˆš [39m [90mê²°ê³¼ì½”ë“œ(RETURNCODE) ì •ìƒì¶œë ¥[39m
[32m  âˆš [39m [90mê²°ê³¼ë©”ì„¸ì§€(RETURNMSG) ì •ìƒì¶œë ¥[39m
[32m  âˆš [39m [90mì·¨ì†Œ í›„ ì”ì•¡(BALANCE) ì •ìƒì¶œë ¥[39m
[32m  âˆš [39m [90më‹¤ë‚  ì› ê±°ë˜ í‚¤(O_TID) ì •ìƒì¶œë ¥[39m
[32m  âˆš [39m [90më‹¤ë‚  ê±°ë˜ í‚¤(TID) ì •ìƒì¶œë ¥[39m
[32m  âˆš [39m [90mìŠ¹ì¸ ë°œìƒì‹œê°„(TRANTIME) ì •ìƒì¶œë ¥[39m
[32m  âˆš [39m [90mìŠ¹ì¸ ë°œìƒì¼ì(TRANDATE)[39m
[32m  âˆš [39m [90mìŠ¹ì¸ ì·¨ì†Œ ê¸ˆì•¡(AMOUNT) ì •ìƒì¶œë ¥[39m
[32m  âˆš [39m [90mì»µ ë³´ì¦ê¸ˆ(DEPOSIT_AMT) ì •ìƒì¶œë ¥[39m

â–¡ [0mìš°ë¦¬BCì¹´ë“œ[0m
â”” [0mì •ê¸°ê²°ì œ ìš”ì²­ (OTBILL)[0m
[33m  â”Œ[39m
[33m[39m[90m  [33mâ”‚[90m [90m`Using "CryptoJS" is deprecated. Use "require('cr[39m
[90m  [33mâ”‚[90m ypto-js')" instead.`[90m[39m
[90m[39m[33m  â””[39m
[33m[39m  [90mPOST[39m [90mhttps://tx-creditcard.danalpay.com/credit/?CPID=A010037544&DATA=wcpoTy27mkzR%2FoCmuhu%2BEL1VevUN6wQgs96fAg0NJdKChw9Ccm7hXXJcj%2FUGj%2Bb8z5dq8TvydwIj3RXPjUXi4KzQHH0ZG0DZA03Udge2eI0IsrkEsoTSxKLbYyq5iCvbykTt6GhW9hCDbp8fHC1zGJEYvBJNsjEqz2X9zw2JzccVRR%2FtepSx6ESumfhyCleVEPVKGpunFtzDUwUlJoNVsg%3D%3D[39m  
  200 OK [90mâ˜…[39m 1888ms [90mtime[39m [90mâ˜…[39m 549B[90mâ†‘[39m 576B[90mâ†“[39m [90msize[39m [90mâ˜…[39m 9[90mâ†‘[39m 4[90mâ†“[39m [90mheaders[39m [90mâ˜…[39m 0 [90mcookies[39m
  [37mâ”Œ[39m [37mâ†“[39m text/plain [90mâ˜…[39m text [90mâ˜…[39m plain [90mâ˜…[39m euc-kr [90mâ˜…[39m 443B
[90m  [37mâ”‚[90m DATA=bH6El5elON5883LB3RlfF1OF1H8eZTXv49wXL8%2FAVeUOrT2[39m
[90m  [37mâ”‚[90m zbTtZtAh642sVeJ6SNrFX7MCwNAs4yihLk3Z9v21%2BybDcXzwxPi7[39m
[90m  [37mâ”‚[90m hJST13uF6%2ByLgBXGemegejFJs7RPyDtry3KBgm9x5PVL5mWoNWwD[39m
[90m  [37mâ”‚[90m UqBmHRJ4%2F6Z8VCufQt%2FqcP82NDkJniTdpNYgx2khBDapRI%2Fj[39m
[90m  [37mâ”‚[90m 7EcDXC6PEAJwqEXf5lZgJPrbGbCu0QlBi4lLOGJ2l1nCd0wBOnPc6R[39m
[90m  [37mâ”‚[90m EkaiN9eLzaFHnlC%2BAH6uFyworpC%2BDJ1u8Lf68vYNyzuJ%2FAqW[39m
[90m  [37mâ”‚[90m xA3u9NmLQVwvnQGQheteGKEnzkNx%2BcxnYO4vwcypSDrRA0aBk7hk[39m
[90m  [37mâ”‚[90m xUX3%2BU9SNREFZ3tuXgYSsVH%2F8Ulr9UpvC55OZnVNLJsRU6Vw3U[39m
[90m  [37mâ”‚[90m %2FhA%3D%3D[39m
[90m[39m[37m  â””[39m
  [37mprepare[39m   [37mwait[39m    [37mdns-lookup[39m   [37mtcp-handshake[39m   [37mssl-handshake[39m   [37mtransfer-start[39m   [37mdownload[39m   [37mprocess[39m   [37mtotal[39m  
  [90m583Âµs[39m     [90m511Âµs[39m   [90m(cache)[39m      [90m(cache)[39m         [90m(cache)[39m         [90m1886ms[39m           [90m912Âµs[39m      [90m38Âµs[39m      [90m1888ms[39m 

[33m  â”Œ[39m
[33m[39m[90m  [33mâ”‚[90m [90m`Using "CryptoJS" is deprecated. Use "require('cr[39m
[90m  [33mâ”‚[90m ypto-js')" instead.`[90m[39m
[90m[39m[90m  [90mâ”‚[90m [90m'ë³µí˜¸í™” ê²°ê³¼ : '[90m[37m, [90m[90m'RETURNCODE=0000[39m
[90m  [90mâ”‚[90m &RETURNMSG=%BC%BA%B0%F8&CARDCODE=0202&USERPHONE=&QUOTA[39m
[90m  [90mâ”‚[90m =00&TRANTIME=154022&TRANDATE=20260106&AMOUNT=301&ITEMN[39m
[90m  [90mâ”‚[90m AME=apiautotest&DEPOSIT_AMT=0&TID=20260106154020938770[39m
[90m  [90mâ”‚[90m 4400&ORDERID=&CARDNO=538920******1226&CARDAUTHNO=36134[39m
[90m  [90mâ”‚[90m 714&CARDNAME=%BF%EC%B8%AEBC%C4%AB%B5%E5&USERNAME=&USER[39m
[90m  [90mâ”‚[90m ID=hnkim'[90m[39m
[90m[39m[90m  â””[39m
[90m[39m[32m  âˆš [39m [90mê²°ê³¼ì½”ë“œ(RETURNCODE) ì •ìƒì¶œë ¥[39m
[32m  âˆš [39m [90mê²°ê³¼ë©”ì„¸ì§€(RETURNMSG) ì •ìƒì¶œë ¥[39m
[32m  âˆš [39m [90mì¹´ë“œì‚¬ ì½”ë“œ(CARDCODE ì •ìƒì¶œë ¥[39m
[32m  âˆš [39m [90mêµ¬ë§¤ì ì „í™”ë²ˆí˜¸(USERPHONE) ë¹ˆê°’ í™•ì¸[39m
[32m  âˆš [39m [90mí• ë¶€ ê°œì›” ìˆ˜(QUOTA) ì •ìƒì¶œë ¥[39m
[32m  âˆš [39m [90më§¤ì¶œ ë°œìƒì‹œê°„(TRANTIME) Â±5ì´ˆ ì´ë‚´ ê²€ì¦[39m
[32m  âˆš [39m [90më§¤ì¶œ ë°œìƒì¼ì(TRANDATE) ì •ìƒì¶œë ¥[39m
[32m  âˆš [39m [90mìŠ¹ì¸ê¸ˆì•¡(AMOUNT) ì •ìƒì¶œë ¥[39m
[32m  âˆš [39m [90mìƒí’ˆëª…(ITEMNAME) ì •ìƒì¶œë ¥[39m
[32m  âˆš [39m [90më³´ì¦ê¸ˆ ê¸ˆì•¡(DEPOSIT_AMT) ì •ìƒì¶œë ¥[39m
[32m  âˆš [39m [90më‹¤ë‚  ê±°ë˜ í‚¤(TID) ì •ìƒì¶œë ¥[39m
[32m  âˆš [39m [90mê°€ë§¹ì  ì£¼ë¬¸ë²ˆí˜¸(ORDERID) ë¹ˆê°’ í™•ì¸[39m
[32m  âˆš [39m [90mì¹´ë“œë²ˆí˜¸(CARDNO) ì •ìƒì¶œë ¥[39m
[32m  âˆš [39m [90mê±°ë˜ ìŠ¹ì¸ ë²ˆí˜¸(CARDAUTHNO) ì •ìƒì¶œë ¥[39m
[32m  âˆš [39m [90mì¹´ë“œì‚¬ ëª…(CARDNAME) ì •ìƒì¶œë ¥[39m
[32m  âˆš [39m [90mêµ¬ë§¤ì ì´ë¦„(USERNAME) ì •ìƒì¶œë ¥[39m
[32m  âˆš [39m [90mêµ¬ë§¤ì ID(USERID) ì •ìƒì¶œë ¥[39m

â”” [0mì¹´ë“œ ìŠ¹ì¸ ì·¨ì†Œ (BILLCANCEL)[0m
[33m  â”Œ[39m
[33m[39m[90m  [33mâ”‚[90m [90m`Using "CryptoJS" is deprecated. Use "require('cr[39m
[90m  [33mâ”‚[90m ypto-js')" instead.`[90m[39m
[90m[39m[33m  â””[39m
[33m[39m  [90mPOST[39m [90mhttps://tx-creditcard.danalpay.com/credit/?CPID=A010037544&DATA=8kvDIwvdID7NWcBMND4uDcxtTccTQsyGGGpwFgVTstsmj6w0hkS1W0%2B5CL8sb%2FgEGls9UjZAN1ime2DtipSgPeJJItv4jkR%2FLmsXC3HH4J09PSTzAwgfdvgc7n3KQ8sm[39m  
  200 OK [90mâ˜…[39m 1377ms [90mtime[39m [90mâ˜…[39m 453B[90mâ†‘[39m 390B[90mâ†“[39m [90msize[39m [90mâ˜…[39m 9[90mâ†‘[39m 4[90mâ†“[39m [90mheaders[39m [90mâ˜…[39m 0 [90mcookies[39m
  [37mâ”Œ[39m [37mâ†“[39m text/plain [90mâ˜…[39m text [90mâ˜…[39m plain [90mâ˜…[39m euc-kr [90mâ˜…[39m 257B
[90m  [37mâ”‚[90m DATA=bH6El5elON5883LB3RlfF1OF1H8eZTXv49wXL8%2FAVeVzhHU[39m
[90m  [37mâ”‚[90m 5sdes40grvKmzi%2BrXHyfSJF3OOBNPKXUfskyl6gl2mdILeFqGgxw[39m
[90m  [37mâ”‚[90m uTj5%2F%2FaQ4iqTloR5I2w8S1MGhIx5B%2ByqXdxK1Wt03N3pm0Lm[39m
[90m  [37mâ”‚[90m db5o5sO0tjwJFg5gRv6iR5iK9As2fDhZ0qdiksD%2B58kHjTVOcqbk[39m
[90m  [37mâ”‚[90m uNa9xUkGqmgKo%2Fwl2q6kNasBv08T3QyQLiMs%3D[39m
[90m[39m[37m  â””[39m
  [37mprepare[39m   [37mwait[39m    [37mdns-lookup[39m   [37mtcp-handshake[39m   [37mssl-handshake[39m   [37mtransfer-start[39m   [37mdownload[39m   [37mprocess[39m   [37mtotal[39m  
  [90m429Âµs[39m     [90m217Âµs[39m   [90m(cache)[39m      [90m(cache)[39m         [90m(cache)[39m         [90m1375ms[39m           [90m683Âµs[39m      [90m33Âµs[39m      [90m1376ms[39m 

[33m  â”Œ[39m
[33m[39m[90m  [33mâ”‚[90m [90m`Using "CryptoJS" is deprecated. Use "require('cr[39m
[90m  [33mâ”‚[90m ypto-js')" instead.`[90m[39m
[90m[39m[90m  [90mâ”‚[90m [90m'ë³µí˜¸í™” ê²°ê³¼ : '[90m[37m, [90m[90m'RETURNCODE=0000[39m
[90m  [90mâ”‚[90m &RETURNMSG=%BC%BA%B0%F8&BALANCE=0&O_TID=20260106154020[39m
[90m  [90mâ”‚[90m 9387704400&TID=202601061540229977774400&TRANTIME=15402[39m
[90m  [90mâ”‚[90m 2&TRANDATE=20260106&AMOUNT=301&DEPOSIT_AMT=0'[90m[39m
[90m[39m[90m  â””[39m
[90m[39m[32m  âˆš [39m [90mê²°ê³¼ì½”ë“œ(RETURNCODE) ì •ìƒì¶œë ¥[39m
[32m  âˆš [39m [90mê²°ê³¼ë©”ì„¸ì§€(RETURNMSG) ì •ìƒì¶œë ¥[39m
[32m  âˆš [39m [90mì·¨ì†Œ í›„ ì”ì•¡(BALANCE) ì •ìƒì¶œë ¥[39m
[32m  âˆš [39m [90më‹¤ë‚  ì› ê±°ë˜ í‚¤(O_TID) ì •ìƒì¶œë ¥[39m
[32m  âˆš [39m [90më‹¤ë‚  ê±°ë˜ í‚¤(TID) ì •ìƒì¶œë ¥[39m
[32m  âˆš [39m [90mìŠ¹ì¸ ë°œìƒì‹œê°„(TRANTIME) ì •ìƒì¶œë ¥[39m
[32m  âˆš [39m [90mìŠ¹ì¸ ë°œìƒì¼ì(TRANDATE)[39m
[32m  âˆš [39m [90mìŠ¹ì¸ ì·¨ì†Œ ê¸ˆì•¡(AMOUNT) ì •ìƒì¶œë ¥[39m
[32m  âˆš [39m [90mì»µ ë³´ì¦ê¸ˆ(DEPOSIT_AMT) ì •ìƒì¶œë ¥[39m

â–¡ [0mìš°ë¦¬ë…ìì¹´ë“œ[0m
â”” [0mì •ê¸°ê²°ì œ ìš”ì²­ (OTBILL)[0m
[33m  â”Œ[39m
[33m[39m[90m  [33mâ”‚[90m [90m`Using "CryptoJS" is deprecated. Use "require('cr[39m
[90m  [33mâ”‚[90m ypto-js')" instead.`[90m[39m
[90m[39m[33m  â””[39m
[33m[39m  [90mPOST[39m [90mhttps://tx-creditcard.danalpay.com/credit/?CPID=A010037544&DATA=wcpoTy27mkzR%2FoCmuhu%2BEL1VevUN6wQgs96fAg0NJdKChw9Ccm7hXXJcj%2FUGj%2Bb8z5dq8TvydwIj3RXPjUXi4KzQHH0ZG0DZA03Udge2eI0IsrkEsoTSxKLbYyq5iCvbykTt6GhW9hCDbp8fHC1zGJEYvBJNsjEqz2X9zw2JzcextrJriQhf%2FIUYtULhB8bH62Qdp0SGru%2BMd63vyNOLHA%3D%3D[39m  
  200 OK [90mâ˜…[39m 1309ms [90mtime[39m [90mâ˜…[39m 551B[90mâ†‘[39m 578B[90mâ†“[39m [90msize[39m [90mâ˜…[39m 9[90mâ†‘[39m 4[90mâ†“[39m [90mheaders[39m [90mâ˜…[39m 0 [90mcookies[39m
  [37mâ”Œ[39m [37mâ†“[39m text/plain [90mâ˜…[39m text [90mâ˜…[39m plain [90mâ˜…[39m euc-kr [90mâ˜…[39m 445B
[90m  [37mâ”‚[90m DATA=bH6El5elON5883LB3RlfF1OF1H8eZTXv49wXL8%2FAVeUOrT2[39m
[90m  [37mâ”‚[90m zbTtZtAh642sVeJ6SCEV8X0t3vMfl9ATc0EgMVgs%2BSe2%2BMSDg6[39m
[90m  [37mâ”‚[90m %2FG%2Fhau0IHBS7Vw%2B8xdDSD9YjKw8FdgZqfJinln4P13eg%2FK[39m
[90m  [37mâ”‚[90m nuuJKHzlILZ6ByxgNUqQ4tL2x8za3kHybYPSz0pq%2Fc7UTD3poqLR[39m
[90m  [37mâ”‚[90m kvm7xfmt8Jv8PIWTLmaMiTr8qS0l7frvnBdF%2Bt6wqcIhEE5TDKzh[39m
[90m  [37mâ”‚[90m qmH%2FKEjJuzr%2BWXWWgBRnFc2ipfYk%2FFsN%2BLCyB9NDKLDu0e[39m
[90m  [37mâ”‚[90m eA%2Fr12Ikwg78pcZ794fR3BHTim7lpdrNf9fm64gTHffnSPIwLzLQ[39m
[90m  [37mâ”‚[90m 8vpZjyt7gFRlAI0338u8R2s36RVY6ePuc9zu6ArySYddz0cYoEMQWS[39m
[90m  [37mâ”‚[90m 4JR4FNw%3D%3D[39m
[90m[39m[37m  â””[39m
  [37mprepare[39m   [37mwait[39m    [37mdns-lookup[39m   [37mtcp-handshake[39m   [37mssl-handshake[39m   [37mtransfer-start[39m   [37mdownload[39m   [37mprocess[39m   [37mtotal[39m  
  [90m385Âµs[39m     [90m143Âµs[39m   [90m(cache)[39m      [90m(cache)[39m         [90m(cache)[39m         [90m1308ms[39m           [90m542Âµs[39m      [90m23Âµs[39m      [90m1309ms[39m 

[33m  â”Œ[39m
[33m[39m[90m  [33mâ”‚[90m [90m`Using "CryptoJS" is deprecated. Use "require('cr[39m
[90m  [33mâ”‚[90m ypto-js')" instead.`[90m[39m
[90m[39m[90m  [90mâ”‚[90m [90m'ë³µí˜¸í™” ê²°ê³¼ : '[90m[37m, [90m[90m'RETURNCODE=0000[39m
[90m  [90mâ”‚[90m &RETURNMSG=%BC%BA%B0%F8&CARDCODE=0907&USERPHONE=&QUOTA[39m
[90m  [90mâ”‚[90m =00&TRANTIME=154025&TRANDATE=20260106&AMOUNT=301&ITEMN[39m
[90m  [90mâ”‚[90m AME=apiautotest&DEPOSIT_AMT=0&TID=20260106154024512780[39m
[90m  [90mâ”‚[90m 4400&ORDERID=&CARDNO=624404******8380&CARDAUTHNO=85430[39m
[90m  [90mâ”‚[90m 682&CARDNAME=%BF%EC%B8%AE%C4%AB%B5%E5&USERNAME=&USERID[39m
[90m  [90mâ”‚[90m =hnkim'[90m[39m
[90m[39m[90m  â””[39m
[90m[39m[32m  âˆš [39m [90mê²°ê³¼ì½”ë“œ(RETURNCODE) ì •ìƒì¶œë ¥[39m
[32m  âˆš [39m [90mê²°ê³¼ë©”ì„¸ì§€(RETURNMSG) ì •ìƒì¶œë ¥[39m
[32m  âˆš [39m [90mì¹´ë“œì‚¬ ì½”ë“œ(CARDCODE ì •ìƒì¶œë ¥[39m
[32m  âˆš [39m [90mêµ¬ë§¤ì ì „í™”ë²ˆí˜¸(USERPHONE) ë¹ˆê°’ í™•ì¸[39m
[32m  âˆš [39m [90mí• ë¶€ ê°œì›” ìˆ˜(QUOTA) ì •ìƒì¶œë ¥[39m
[32m  âˆš [39m [90më§¤ì¶œ ë°œìƒì‹œê°„(TRANTIME) Â±5ì´ˆ ì´ë‚´ ê²€ì¦[39m
[32m  âˆš [39m [90më§¤ì¶œ ë°œìƒì¼ì(TRANDATE) ì •ìƒì¶œë ¥[39m
[32m  âˆš [39m [90mìŠ¹ì¸ê¸ˆì•¡(AMOUNT) ì •ìƒì¶œë ¥[39m
[32m  âˆš [39m [90mìƒí’ˆëª…(ITEMNAME) ì •ìƒì¶œë ¥[39m
[32m  âˆš [39m [90më³´ì¦ê¸ˆ ê¸ˆì•¡(DEPOSIT_AMT) ì •ìƒì¶œë ¥[39m
[32m  âˆš [39m [90më‹¤ë‚  ê±°ë˜ í‚¤(TID) ì •ìƒì¶œë ¥[39m
[32m  âˆš [39m [90mê°€ë§¹ì  ì£¼ë¬¸ë²ˆí˜¸(ORDERID) ë¹ˆê°’ í™•ì¸[39m
[32m  âˆš [39m [90mì¹´ë“œë²ˆí˜¸(CARDNO) ì •ìƒì¶œë ¥[39m
[32m  âˆš [39m [90mê±°ë˜ ìŠ¹ì¸ ë²ˆí˜¸(CARDAUTHNO) ì •ìƒì¶œë ¥[39m
[32m  âˆš [39m [90mì¹´ë“œì‚¬ ëª…(CARDNAME) ì •ìƒì¶œë ¥[39m
[32m  âˆš [39m [90mêµ¬ë§¤ì ì´ë¦„(USERNAME) ì •ìƒì¶œë ¥[39m
[32m  âˆš [39m [90mêµ¬ë§¤ì ID(USERID) ì •ìƒì¶œë ¥[39m

â”” [0mì¹´ë“œ ìŠ¹ì¸ ì·¨ì†Œ (BILLCANCEL)[0m
[33m  â”Œ[39m
[33m[39m[90m  [33mâ”‚[90m [90m`Using "CryptoJS" is deprecated. Use "require('cr[39m
[90m  [33mâ”‚[90m ypto-js')" instead.`[90m[39m
[90m[39m[33m  â””[39m
[33m[39m  [90mPOST[39m [90mhttps://tx-creditcard.danalpay.com/credit/?CPID=A010037544&DATA=8kvDIwvdID7NWcBMND4uDWNje2mg%2B5JDpVIe16R3AeVMvpRT41cuCw8uNNjW6bk3ONucxETpZ3gcPNPreDfJ1TrzpWD98J80jcTC23bTSSwpZvjOsGHdnG0b9d9vcVPy[39m  
  200 OK [90mâ˜…[39m 1324ms [90mtime[39m [90mâ˜…[39m 449B[90mâ†‘[39m 396B[90mâ†“[39m [90msize[39m [90mâ˜…[39m 9[90mâ†‘[39m 4[90mâ†“[39m [90mheaders[39m [90mâ˜…[39m 0 [90mcookies[39m
  [37mâ”Œ[39m [37mâ†“[39m text/plain [90mâ˜…[39m text [90mâ˜…[39m plain [90mâ˜…[39m euc-kr [90mâ˜…[39m 263B
[90m  [37mâ”‚[90m DATA=bH6El5elON5883LB3RlfF1OF1H8eZTXv49wXL8%2FAVeVzhHU[39m
[90m  [37mâ”‚[90m 5sdes40grvKmzi%2BrXHyfSJF3OOBNPKXUfskyl6iDz4aiWbeGEsJo[39m
[90m  [37mâ”‚[90m ub7rmC%2F3XoYNVNNuvfYOJ8%2FqgbrbeUIoLyepT48IGS%2BzRADW[39m
[90m  [37mâ”‚[90m s0NZ8888elfBNo5COWo2gI%2BuoNAwctxv%2F%2Fh0p9sk%2BUoKup[39m
[90m  [37mâ”‚[90m q5qnQ3HtEbZA5OQep88snY15qz47huB0y%2FvjDp9Goc%3D[39m
[90m[39m[37m  â””[39m
  [37mprepare[39m   [37mwait[39m    [37mdns-lookup[39m   [37mtcp-handshake[39m   [37mssl-handshake[39m   [37mtransfer-start[39m   [37mdownload[39m   [37mprocess[39m   [37mtotal[39m  
  [90m421Âµs[39m     [90m176Âµs[39m   [90m(cache)[39m      [90m(cache)[39m         [90m(cache)[39m         [90m1322ms[39m           [90m573Âµs[39m      [90m34Âµs[39m      [90m1324ms[39m 

[33m  â”Œ[39m
[33m[39m[90m  [33mâ”‚[90m [90m`Using "CryptoJS" is deprecated. Use "require('cr[39m
[90m  [33mâ”‚[90m ypto-js')" instead.`[90m[39m
[90m[39m[90m  [90mâ”‚[90m [90m'ë³µí˜¸í™” ê²°ê³¼ : '[90m[37m, [90m[90m'RETURNCODE=0000[39m
[90m  [90mâ”‚[90m &RETURNMSG=%BC%BA%B0%F8&BALANCE=0&O_TID=20260106154024[39m
[90m  [90mâ”‚[90m 5127804400&TID=202601061540259757834400&TRANTIME=15402[39m
[90m  [90mâ”‚[90m 5&TRANDATE=20260106&AMOUNT=301&DEPOSIT_AMT=0'[90m[39m
[90m[39m[90m  â””[39m
[90m[39m[32m  âˆš [39m [90mê²°ê³¼ì½”ë“œ(RETURNCODE) ì •ìƒì¶œë ¥[39m
[32m  âˆš [39m [90mê²°ê³¼ë©”ì„¸ì§€(RETURNMSG) ì •ìƒì¶œë ¥[39m
[32m  âˆš [39m [90mì·¨ì†Œ í›„ ì”ì•¡(BALANCE) ì •ìƒì¶œë ¥[39m
[32m  âˆš [39m [90më‹¤ë‚  ì› ê±°ë˜ í‚¤(O_TID) ì •ìƒì¶œë ¥[39m
[32m  âˆš [39m [90më‹¤ë‚  ê±°ë˜ í‚¤(TID) ì •ìƒì¶œë ¥[39m
[32m  âˆš [39m [90mìŠ¹ì¸ ë°œìƒì‹œê°„(TRANTIME) ì •ìƒì¶œë ¥[39m
[32m  âˆš [39m [90mìŠ¹ì¸ ë°œìƒì¼ì(TRANDATE)[39m
[32m  âˆš [39m [90mìŠ¹ì¸ ì·¨ì†Œ ê¸ˆì•¡(AMOUNT) ì •ìƒì¶œë ¥[39m
[32m  âˆš [39m [90mì»µ ë³´ì¦ê¸ˆ(DEPOSIT_AMT) ì •ìƒì¶œë ¥[39m

â–¡ [0mKbankì¹´ë“œ[0m
â”” [0mì •ê¸°ê²°ì œ ìš”ì²­ (OTBILL)[0m
[33m  â”Œ[39m
[33m[39m[90m  [33mâ”‚[90m [90m`Using "CryptoJS" is deprecated. Use "require('cr[39m
[90m  [33mâ”‚[90m ypto-js')" instead.`[90m[39m
[90m[39m[33m  â””[39m
[33m[39m  [90mPOST[39m [90mhttps://tx-creditcard.danalpay.com/credit/?CPID=A010037544&DATA=wcpoTy27mkzR%2FoCmuhu%2BEL1VevUN6wQgs96fAg0NJdKChw9Ccm7hXXJcj%2FUGj%2Bb8z5dq8TvydwIj3RXPjUXi4KzQHH0ZG0DZA03Udge2eI0IsrkEsoTSxKLbYyq5iCvbykTt6GhW9hCDbp8fHC1zGJEYvBJNsjEqz2X9zw2JzccQmxP3XnXAnB6A1V7j6yFer%2BQE%2Ba1pl7pMnq93f1iTpw%3D%3D[39m  
  200 OK [90mâ˜…[39m 1671ms [90mtime[39m [90mâ˜…[39m 551B[90mâ†‘[39m 576B[90mâ†“[39m [90msize[39m [90mâ˜…[39m 9[90mâ†‘[39m 4[90mâ†“[39m [90mheaders[39m [90mâ˜…[39m 0 [90mcookies[39m
  [37mâ”Œ[39m [37mâ†“[39m text/plain [90mâ˜…[39m text [90mâ˜…[39m plain [90mâ˜…[39m euc-kr [90mâ˜…[39m 443B
[90m  [37mâ”‚[90m DATA=bH6El5elON5883LB3RlfF1OF1H8eZTXv49wXL8%2FAVeUOrT2[39m
[90m  [37mâ”‚[90m zbTtZtAh642sVeJ6SinDkYn9ioJsD8ofeqixaZhafgVzRTFP%2FgCC[39m
[90m  [37mâ”‚[90m FxVS%2FmGZyRJefG%2FjHUh2fkS%2BJhe%2BtrLcGANh3HBCBYj1ox[39m
[90m  [37mâ”‚[90m MlJq8hsuFZIvOryEgvg1FobpijIYzAKEBQo1Gx18U50mFq0ZiS3T2Z[39m
[90m  [37mâ”‚[90m rC0rOBj4OWx%2FOCkxmfxrfl3CANKGb4Z4w76TPFYnUkjITil2Rl4T[39m
[90m  [37mâ”‚[90m 3AlZcpf34OMzxIDRxfBSHOOX9Rx4zMxkrzb%2BFih5YAd%2FbgB7q%[39m
[90m  [37mâ”‚[90m 2FidTt%2FInqpURM235zwaOUOA6jI4KQ6Hdt2usLwCu1aha2fS1n5m[39m
[90m  [37mâ”‚[90m %2B6d7pbcuKqNXCll0PCRIAiNlW000cEkV81FRTFIpd4QPH1pOSw%2[39m
[90m  [37mâ”‚[90m BxHvg%3D%3D[39m
[90m[39m[37m  â””[39m
  [37mprepare[39m   [37mwait[39m    [37mdns-lookup[39m   [37mtcp-handshake[39m   [37mssl-handshake[39m   [37mtransfer-start[39m   [37mdownload[39m   [37mprocess[39m   [37mtotal[39m  
  [90m311Âµs[39m     [90m132Âµs[39m   [90m(cache)[39m      [90m(cache)[39m         [90m(cache)[39m         [90m1670ms[39m           [90m369Âµs[39m      [90m14Âµs[39m      [90m1670ms[39m 

[33m  â”Œ[39m
[33m[39m[90m  [33mâ”‚[90m [90m`Using "CryptoJS" is deprecated. Use "require('cr[39m
[90m  [33mâ”‚[90m ypto-js')" instead.`[90m[39m
[90m[39m[90m  [90mâ”‚[90m [90m'ë³µí˜¸í™” ê²°ê³¼ : '[90m[37m, [90m[90m'RETURNCODE=0000[39m
[90m  [90mâ”‚[90m &RETURNMSG=%BC%BA%B0%F8&CARDCODE=0921&USERPHONE=&QUOTA[39m
[90m  [90mâ”‚[90m =00&TRANTIME=154029&TRANDATE=20260106&AMOUNT=301&ITEMN[39m
[90m  [90mâ”‚[90m AME=apiautotest&DEPOSIT_AMT=0&TID=20260106154027457784[39m
[90m  [90mâ”‚[90m 4400&ORDERID=&CARDNO=485462******0767&CARDAUTHNO=36135[39m
[90m  [90mâ”‚[90m 031&CARDNAME=%C4%C9%C0%CC%B9%F0%C5%A9%C4%AB%B5%E5&USER[39m
[90m  [90mâ”‚[90m NAME=&USERID=hnkim'[90m[39m
[90m[39m[90m  â””[39m
[90m[39m[32m  âˆš [39m [90mê²°ê³¼ì½”ë“œ(RETURNCODE) ì •ìƒì¶œë ¥[39m
[32m  âˆš [39m [90mê²°ê³¼ë©”ì„¸ì§€(RETURNMSG) ì •ìƒì¶œë ¥[39m
[32m  âˆš [39m [90mì¹´ë“œì‚¬ ì½”ë“œ(CARDCODE ì •ìƒì¶œë ¥[39m
[32m  âˆš [39m [90mêµ¬ë§¤ì ì „í™”ë²ˆí˜¸(USERPHONE) ë¹ˆê°’ í™•ì¸[39m
[32m  âˆš [39m [90mí• ë¶€ ê°œì›” ìˆ˜(QUOTA) ì •ìƒì¶œë ¥[39m
[32m  âˆš [39m [90më§¤ì¶œ ë°œìƒì‹œê°„(TRANTIME) Â±5ì´ˆ ì´ë‚´ ê²€ì¦[39m
[32m  âˆš [39m [90më§¤ì¶œ ë°œìƒì¼ì(TRANDATE) ì •ìƒì¶œë ¥[39m
[32m  âˆš [39m [90mìŠ¹ì¸ê¸ˆì•¡(AMOUNT) ì •ìƒì¶œë ¥[39m
[32m  âˆš [39m [90mìƒí’ˆëª…(ITEMNAME) ì •ìƒì¶œë ¥[39m
[32m  âˆš [39m [90më³´ì¦ê¸ˆ ê¸ˆì•¡(DEPOSIT_AMT) ì •ìƒì¶œë ¥[39m
[32m  âˆš [39m [90më‹¤ë‚  ê±°ë˜ í‚¤(TID) ì •ìƒì¶œë ¥[39m
[32m  âˆš [39m [90mê°€ë§¹ì  ì£¼ë¬¸ë²ˆí˜¸(ORDERID) ë¹ˆê°’ í™•ì¸[39m
[32m  âˆš [39m [90mì¹´ë“œë²ˆí˜¸(CARDNO) ì •ìƒì¶œë ¥[39m
[32m  âˆš [39m [90mê±°ë˜ ìŠ¹ì¸ ë²ˆí˜¸(CARDAUTHNO) ì •ìƒì¶œë ¥[39m
[32m  âˆš [39m [90mì¹´ë“œì‚¬ ëª…(CARDNAME) ì •ìƒì¶œë ¥[39m
[32m  âˆš [39m [90mêµ¬ë§¤ì ì´ë¦„(USERNAME) ì •ìƒì¶œë ¥[39m
[32m  âˆš [39m [90mêµ¬ë§¤ì ID(USERID) ì •ìƒì¶œë ¥[39m

â”” [0mì¹´ë“œ ìŠ¹ì¸ ì·¨ì†Œ (BILLCANCEL)[0m
[33m  â”Œ[39m
[33m[39m[90m  [33mâ”‚[90m [90m`Using "CryptoJS" is deprecated. Use "require('cr[39m
[90m  [33mâ”‚[90m ypto-js')" instead.`[90m[39m
[90m[39m[33m  â””[39m
[33m[39m  [90mPOST[39m [90mhttps://tx-creditcard.danalpay.com/credit/?CPID=A010037544&DATA=8kvDIwvdID7NWcBMND4uDfsIpjggofWQFoyhSsnpDC%2FKM6zLeSOBJV4N9ja2NHLVG7O8RgvXfwJ1nLiyHMCEeJN67VOrOLJwaLaRT%2FlRng6XIgVT6EBR3PpUSJvqaLmz[39m  
  200 OK [90mâ˜…[39m 1376ms [90mtime[39m [90mâ˜…[39m 451B[90mâ†‘[39m 388B[90mâ†“[39m [90msize[39m [90mâ˜…[39m 9[90mâ†‘[39m 4[90mâ†“[39m [90mheaders[39m [90mâ˜…[39m 0 [90mcookies[39m
  [37mâ”Œ[39m [37mâ†“[39m text/plain [90mâ˜…[39m text [90mâ˜…[39m plain [90mâ˜…[39m euc-kr [90mâ˜…[39m 255B
[90m  [37mâ”‚[90m DATA=bH6El5elON5883LB3RlfF1OF1H8eZTXv49wXL8%2FAVeVzhHU[39m
[90m  [37mâ”‚[90m 5sdes40grvKmzi%2BrXHyfSJF3OOBNPKXUfskyl6gAbcL735EyfyVC[39m
[90m  [37mâ”‚[90m 1A%2BFh6i0e75MXNMuKKhPaElAbsNdNaTT0pWg%2FYctIjolT6sd0W[39m
[90m  [37mâ”‚[90m 2TSLPrDNpjQgIVwYtpScdVWl6Cp%2FOeVWhJUAXdLkh%2Foabq8WxW[39m
[90m  [37mâ”‚[90m YC4iJZZvyhoNG3UZCIxin9fQvpagnHRTVbr4%3D[39m
[90m[39m[37m  â””[39m
  [37mprepare[39m   [37mwait[39m    [37mdns-lookup[39m   [37mtcp-handshake[39m   [37mssl-handshake[39m   [37mtransfer-start[39m   [37mdownload[39m   [37mprocess[39m   [37mtotal[39m  
  [90m621Âµs[39m     [90m128Âµs[39m   [90m(cache)[39m      [90m(cache)[39m         [90m(cache)[39m         [90m1374ms[39m           [90m558Âµs[39m      [90m22Âµs[39m      [90m1375ms[39m 

[33m  â”Œ[39m
[33m[39m[90m  [33mâ”‚[90m [90m`Using "CryptoJS" is deprecated. Use "require('cr[39m
[90m  [33mâ”‚[90m ypto-js')" instead.`[90m[39m
[90m[39m[90m  [90mâ”‚[90m [90m'ë³µí˜¸í™” ê²°ê³¼ : '[90m[37m, [90m[90m'RETURNCODE=0000[39m
[90m  [90mâ”‚[90m &RETURNMSG=%BC%BA%B0%F8&BALANCE=0&O_TID=20260106154027[39m
[90m  [90mâ”‚[90m 4577844400&TID=202601061540292937864400&TRANTIME=15402[39m
[90m  [90mâ”‚[90m 9&TRANDATE=20260106&AMOUNT=301&DEPOSIT_AMT=0'[90m[39m
[90m[39m[90m  â””[39m
[90m[39m[32m  âˆš [39m [90mê²°ê³¼ì½”ë“œ(RETURNCODE) ì •ìƒì¶œë ¥[39m
[32m  âˆš [39m [90mê²°ê³¼ë©”ì„¸ì§€(RETURNMSG) ì •ìƒì¶œë ¥[39m
[32m  âˆš [39m [90mì·¨ì†Œ í›„ ì”ì•¡(BALANCE) ì •ìƒì¶œë ¥[39m
[32m  âˆš [39m [90më‹¤ë‚  ì› ê±°ë˜ í‚¤(O_TID) ì •ìƒì¶œë ¥[39m
[32m  âˆš [39m [90më‹¤ë‚  ê±°ë˜ í‚¤(TID) ì •ìƒì¶œë ¥[39m
[32m  âˆš [39m [90mìŠ¹ì¸ ë°œìƒì‹œê°„(TRANTIME) ì •ìƒì¶œë ¥[39m
[32m  âˆš [39m [90mìŠ¹ì¸ ë°œìƒì¼ì(TRANDATE)[39m
[32m  âˆš [39m [90mìŠ¹ì¸ ì·¨ì†Œ ê¸ˆì•¡(AMOUNT) ì •ìƒì¶œë ¥[39m
[32m  âˆš [39m [90mì»µ ë³´ì¦ê¸ˆ(DEPOSIT_AMT) ì •ìƒì¶œë ¥[39m

â–¡ [0më¡¯ë°ì¹´ë“œ[0m
â”” [0mì •ê¸°ê²°ì œ ìš”ì²­ (OTBILL)[0m
[33m  â”Œ[39m
[33m[39m[90m  [33mâ”‚[90m [90m`Using "CryptoJS" is deprecated. Use "require('cr[39m
[90m  [33mâ”‚[90m ypto-js')" instead.`[90m[39m
[90m[39m[33m  â””[39m
[33m[39m  [90mPOST[39m [90mhttps://tx-creditcard.danalpay.com/credit/?CPID=A010037544&DATA=wcpoTy27mkzR%2FoCmuhu%2BEL1VevUN6wQgs96fAg0NJdKChw9Ccm7hXXJcj%2FUGj%2Bb8z5dq8TvydwIj3RXPjUXi4KzQHH0ZG0DZA03Udge2eI0IsrkEsoTSxKLbYyq5iCvbykTt6GhW9hCDbp8fHC1zGJEYvBJNsjEqz2X9zw2JzcfDPdPuA9czR8Lb0T%2Ba0ODlNEPIdgayTwp7V1JVXixp1g%3D%3D[39m  
  200 OK [90mâ˜…[39m 1284ms [90mtime[39m [90mâ˜…[39m 549B[90mâ†‘[39m 572B[90mâ†“[39m [90msize[39m [90mâ˜…[39m 9[90mâ†‘[39m 4[90mâ†“[39m [90mheaders[39m [90mâ˜…[39m 0 [90mcookies[39m
  [37mâ”Œ[39m [37mâ†“[39m text/plain [90mâ˜…[39m text [90mâ˜…[39m plain [90mâ˜…[39m euc-kr [90mâ˜…[39m 439B
[90m  [37mâ”‚[90m DATA=bH6El5elON5883LB3RlfF1OF1H8eZTXv49wXL8%2FAVeUOrT2[39m
[90m  [37mâ”‚[90m zbTtZtAh642sVeJ6StsCSLQrHY87ecb4BS7M9WO73D7od%2BJSwkFn[39m
[90m  [37mâ”‚[90m jsLRsnIZ7%2FEu7mSii%2BUjMwwD9GLakDqTsOIN1x6czcvZYb4u2e[39m
[90m  [37mâ”‚[90m W97JHgCeit85xKRpolPvF2ayrJXEnyVQyFonKv2elDSXi7epaGqO0f[39m
[90m  [37mâ”‚[90m tojNbY%2FsjJKcs%2BTw8TQFbhCI4gGAsEK83Ym48LDdWYTg4h9J8r[39m
[90m  [37mâ”‚[90m 1rm%2FYG%2FEkB3joHgWwpB9C2KmKPzb9Xvwommu8NUT8gDQv%2Fnw[39m
[90m  [37mâ”‚[90m OmqzepgL1z5LEsD9Y%2Br0SDdQYdyb0zUjDF5KZw2vv66g6A3X2W1v[39m
[90m  [37mâ”‚[90m NSN5InnX%2B1gRfSDygNlj92MS7S4lHChEyw99nkrZJwBpq0iYN0KA[39m
[90m  [37mâ”‚[90m Q%3D%3D[39m
[90m[39m[37m  â””[39m
  [37mprepare[39m   [37mwait[39m    [37mdns-lookup[39m   [37mtcp-handshake[39m   [37mssl-handshake[39m   [37mtransfer-start[39m   [37mdownload[39m   [37mprocess[39m   [37mtotal[39m  
  [90m438Âµs[39m     [90m163Âµs[39m   [90m(cache)[39m      [90m(cache)[39m         [90m(cache)[39m         [90m1282ms[39m           [90m567Âµs[39m      [90m23Âµs[39m      [90m1284ms[39m 

[33m  â”Œ[39m
[33m[39m[90m  [33mâ”‚[90m [90m`Using "CryptoJS" is deprecated. Use "require('cr[39m
[90m  [33mâ”‚[90m ypto-js')" instead.`[90m[39m
[90m[39m[90m  [90mâ”‚[90m [90m'ë³µí˜¸í™” ê²°ê³¼ : '[90m[37m, [90m[90m'RETURNCODE=0000[39m
[90m  [90mâ”‚[90m &RETURNMSG=%BC%BA%B0%F8&CARDCODE=0700&USERPHONE=&QUOTA[39m
[90m  [90mâ”‚[90m =00&TRANTIME=154032&TRANDATE=20260106&AMOUNT=301&ITEMN[39m
[90m  [90mâ”‚[90m AME=apiautotest&DEPOSIT_AMT=0&TID=20260106154030837791[39m
[90m  [90mâ”‚[90m 4400&ORDERID=&CARDNO=513792******3380&CARDAUTHNO=38605[39m
[90m  [90mâ”‚[90m 076&CARDNAME=%B7%D4%B5%A5%C4%AB%B5%E5&USERNAME=&USERID[39m
[90m  [90mâ”‚[90m =hnkim'[90m[39m
[90m[39m[90m  â””[39m
[90m[39m[32m  âˆš [39m [90mê²°ê³¼ì½”ë“œ(RETURNCODE) ì •ìƒì¶œë ¥[39m
[32m  âˆš [39m [90mê²°ê³¼ë©”ì„¸ì§€(RETURNMSG) ì •ìƒì¶œë ¥[39m
[32m  âˆš [39m [90mì¹´ë“œì‚¬ ì½”ë“œ(CARDCODE ì •ìƒì¶œë ¥[39m
[32m  âˆš [39m [90mêµ¬ë§¤ì ì „í™”ë²ˆí˜¸(USERPHONE) ë¹ˆê°’ í™•ì¸[39m
[32m  âˆš [39m [90mí• ë¶€ ê°œì›” ìˆ˜(QUOTA) ì •ìƒì¶œë ¥[39m
[32m  âˆš [39m [90më§¤ì¶œ ë°œìƒì‹œê°„(TRANTIME) Â±5ì´ˆ ì´ë‚´ ê²€ì¦[39m
[32m  âˆš [39m [90më§¤ì¶œ ë°œìƒì¼ì(TRANDATE) ì •ìƒì¶œë ¥[39m
[32m  âˆš [39m [90mìŠ¹ì¸ê¸ˆì•¡(AMOUNT) ì •ìƒì¶œë ¥[39m
[32m  âˆš [39m [90mìƒí’ˆëª…(ITEMNAME) ì •ìƒì¶œë ¥[39m
[32m  âˆš [39m [90më³´ì¦ê¸ˆ ê¸ˆì•¡(DEPOSIT_AMT) ì •ìƒì¶œë ¥[39m
[32m  âˆš [39m [90më‹¤ë‚  ê±°ë˜ í‚¤(TID) ì •ìƒì¶œë ¥[39m
[32m  âˆš [39m [90mê°€ë§¹ì  ì£¼ë¬¸ë²ˆí˜¸(ORDERID) ë¹ˆê°’ í™•ì¸[39m
[32m  âˆš [39m [90mì¹´ë“œë²ˆí˜¸(CARDNO) ì •ìƒì¶œë ¥[39m
[32m  âˆš [39m [90mê±°ë˜ ìŠ¹ì¸ ë²ˆí˜¸(CARDAUTHNO) ì •ìƒì¶œë ¥[39m
[32m  âˆš [39m [90mì¹´ë“œì‚¬ ëª…(CARDNAME) ì •ìƒì¶œë ¥[39m
[32m  âˆš [39m [90mêµ¬ë§¤ì ì´ë¦„(USERNAME) ì •ìƒì¶œë ¥[39m
[32m  âˆš [39m [90mêµ¬ë§¤ì ID(USERID) ì •ìƒì¶œë ¥[39m

â”” [0mì¹´ë“œ ìŠ¹ì¸ ì·¨ì†Œ (BILLCANCEL)[0m
[33m  â”Œ[39m
[33m[39m[90m  [33mâ”‚[90m [90m`Using "CryptoJS" is deprecated. Use "require('cr[39m
[90m  [33mâ”‚[90m ypto-js')" instead.`[90m[39m
[90m[39m[33m  â””[39m
[33m[39m  [90mPOST[39m [90mhttps://tx-creditcard.danalpay.com/credit/?CPID=A010037544&DATA=8kvDIwvdID7NWcBMND4uDQS%2Fh%2ByTvq%2BSnspvfvlGq3JHou37ExHHYDxH6bnBcLcVmnB0oQuHB2L%2B8BgR4D%2B3VTSCs7EDmje5UVDHCnvQ%2F32IFJh2NDYwndAFDwpE5JYX[39m  
  200 OK [90mâ˜…[39m 1363ms [90mtime[39m [90mâ˜…[39m 459B[90mâ†‘[39m 390B[90mâ†“[39m [90msize[39m [90mâ˜…[39m 9[90mâ†‘[39m 4[90mâ†“[39m [90mheaders[39m [90mâ˜…[39m 0 [90mcookies[39m
  [37mâ”Œ[39m [37mâ†“[39m text/plain [90mâ˜…[39m text [90mâ˜…[39m plain [90mâ˜…[39m euc-kr [90mâ˜…[39m 257B
[90m  [37mâ”‚[90m DATA=bH6El5elON5883LB3RlfF1OF1H8eZTXv49wXL8%2FAVeVzhHU[39m
[90m  [37mâ”‚[90m 5sdes40grvKmzi%2BrXHyfSJF3OOBNPKXUfskyl6joXn5Gvz7iJZIi[39m
[90m  [37mâ”‚[90m 5r6x%2FuEA5WvQAwPPMqF2zuW8%2BiAEmrwPD5%2B9o0cNkt5koaWa[39m
[90m  [37mâ”‚[90m %2FQUswHcgFz40AKsU1gTRPV%2FdD2a55G0baP8jBqQ95QDjDVv109[39m
[90m  [37mâ”‚[90m 6ycRWOABuykENFkHYg5wEYgjVzaHbjhuYlXLZE%3D[39m
[90m[39m[37m  â””[39m
  [37mprepare[39m   [37mwait[39m    [37mdns-lookup[39m   [37mtcp-handshake[39m   [37mssl-handshake[39m   [37mtransfer-start[39m   [37mdownload[39m   [37mprocess[39m   [37mtotal[39m  
  [90m658Âµs[39m     [90m136Âµs[39m   [90m(cache)[39m      [90m(cache)[39m         [90m(cache)[39m         [90m1362ms[39m           [90m442Âµs[39m      [90m15Âµs[39m      [90m1363ms[39m 

[33m  â”Œ[39m
[33m[39m[90m  [33mâ”‚[90m [90m`Using "CryptoJS" is deprecated. Use "require('cr[39m
[90m  [33mâ”‚[90m ypto-js')" instead.`[90m[39m
[90m[39m[90m  [90mâ”‚[90m [90m'ë³µí˜¸í™” ê²°ê³¼ : '[90m[37m, [90m[90m'RETURNCODE=0000[39m
[90m  [90mâ”‚[90m &RETURNMSG=%BC%BA%B0%F8&BALANCE=0&O_TID=20260106154030[39m
[90m  [90mâ”‚[90m 8377914400&TID=202601061540322827944400&TRANTIME=15403[39m
[90m  [90mâ”‚[90m 2&TRANDATE=20260106&AMOUNT=301&DEPOSIT_AMT=0'[90m[39m
[90m[39m[90m  â””[39m
[90m[39m[32m  âˆš [39m [90mê²°ê³¼ì½”ë“œ(RETURNCODE) ì •ìƒì¶œë ¥[39m
[32m  âˆš [39m [90mê²°ê³¼ë©”ì„¸ì§€(RETURNMSG) ì •ìƒì¶œë ¥[39m
[32m  âˆš [39m [90mì·¨ì†Œ í›„ ì”ì•¡(BALANCE) ì •ìƒì¶œë ¥[39m
[32m  âˆš [39m [90më‹¤ë‚  ì› ê±°ë˜ í‚¤(O_TID) ì •ìƒì¶œë ¥[39m
[32m  âˆš [39m [90më‹¤ë‚  ê±°ë˜ í‚¤(TID) ì •ìƒì¶œë ¥[39m
[32m  âˆš [39m [90mìŠ¹ì¸ ë°œìƒì‹œê°„(TRANTIME) ì •ìƒì¶œë ¥[39m
[32m  âˆš [39m [90mìŠ¹ì¸ ë°œìƒì¼ì(TRANDATE)[39m
[32m  âˆš [39m [90mìŠ¹ì¸ ì·¨ì†Œ ê¸ˆì•¡(AMOUNT) ì •ìƒì¶œë ¥[39m
[32m  âˆš [39m [90mì»µ ë³´ì¦ê¸ˆ(DEPOSIT_AMT) ì •ìƒì¶œë ¥[39m

[90mâ”Œâ”€â”€â”€â”€â”€â”€â”€â”€â”€â”€â”€â”€â”€â”€â”€â”€â”€â”€â”€â”€â”€â”€â”€â”€â”€[39m[90mâ”¬â”€â”€â”€â”€â”€â”€â”€â”€â”€â”€â”€â”€â”€â”€â”€â”€â”€â”€â”€â”€â”€â”€[39m[90mâ”¬â”€â”€â”€â”€â”€â”€â”€â”€â”€â”€â”€â”€â”€â”€â”€â”€â”€â”€â”€â”€â”€â”€â”[39m
[90mâ”‚[39m                         [90mâ”‚[39m             executed [90mâ”‚[39m               failed [90mâ”‚[39m
[90mâ”œâ”€â”€â”€â”€â”€â”€â”€â”€â”€â”€â”€â”€â”€â”€â”€â”€â”€â”€â”€â”€â”€â”€â”€â”€â”€[39m[90mâ”¼â”€â”€â”€â”€â”€â”€â”€â”€â”€â”€â”€â”€â”€â”€â”€â”€â”€â”€â”€â”€â”€â”€[39m[90mâ”¼â”€â”€â”€â”€â”€â”€â”€â”€â”€â”€â”€â”€â”€â”€â”€â”€â”€â”€â”€â”€â”€â”€â”¤[39m
[90mâ”‚[39m              [32miterations[39m [90mâ”‚[39m                    1 [90mâ”‚[39m                    0 [90mâ”‚[39m
[90mâ”œâ”€â”€â”€â”€â”€â”€â”€â”€â”€â”€â”€â”€â”€â”€â”€â”€â”€â”€â”€â”€â”€â”€â”€â”€â”€[39m[90mâ”¼â”€â”€â”€â”€â”€â”€â”€â”€â”€â”€â”€â”€â”€â”€â”€â”€â”€â”€â”€â”€â”€â”€[39m[90mâ”¼â”€â”€â”€â”€â”€â”€â”€â”€â”€â”€â”€â”€â”€â”€â”€â”€â”€â”€â”€â”€â”€â”€â”¤[39m
[90mâ”‚[39m                [32mrequests[39m [90mâ”‚[39m                   21 [90mâ”‚[39m                    0 [90mâ”‚[39m
[90mâ”œâ”€â”€â”€â”€â”€â”€â”€â”€â”€â”€â”€â”€â”€â”€â”€â”€â”€â”€â”€â”€â”€â”€â”€â”€â”€[39m[90mâ”¼â”€â”€â”€â”€â”€â”€â”€â”€â”€â”€â”€â”€â”€â”€â”€â”€â”€â”€â”€â”€â”€â”€[39m[90mâ”¼â”€â”€â”€â”€â”€â”€â”€â”€â”€â”€â”€â”€â”€â”€â”€â”€â”€â”€â”€â”€â”€â”€â”¤[39m
[90mâ”‚[39m            [32mtest-scripts[39m [90mâ”‚[39m                   21 [90mâ”‚[39m                    0 [90mâ”‚[39m
[90mâ”œâ”€â”€â”€â”€â”€â”€â”€â”€â”€â”€â”€â”€â”€â”€â”€â”€â”€â”€â”€â”€â”€â”€â”€â”€â”€[39m[90mâ”¼â”€â”€â”€â”€â”€â”€â”€â”€â”€â”€â”€â”€â”€â”€â”€â”€â”€â”€â”€â”€â”€â”€[39m[90mâ”¼â”€â”€â”€â”€â”€â”€â”€â”€â”€â”€â”€â”€â”€â”€â”€â”€â”€â”€â”€â”€â”€â”€â”¤[39m
[90mâ”‚[39m      [32mprerequest-scripts[39m [90mâ”‚[39m                   21 [90mâ”‚[39m                    0 [90mâ”‚[39m
[90mâ”œâ”€â”€â”€â”€â”€â”€â”€â”€â”€â”€â”€â”€â”€â”€â”€â”€â”€â”€â”€â”€â”€â”€â”€â”€â”€[39m[90mâ”¼â”€â”€â”€â”€â”€â”€â”€â”€â”€â”€â”€â”€â”€â”€â”€â”€â”€â”€â”€â”€â”€â”€[39m[90mâ”¼â”€â”€â”€â”€â”€â”€â”€â”€â”€â”€â”€â”€â”€â”€â”€â”€â”€â”€â”€â”€â”€â”€â”¤[39m
[90mâ”‚[39m              [32massertions[39m [90mâ”‚[39m                  250 [90mâ”‚[39m                    0 [90mâ”‚[39m
[90mâ”œâ”€â”€â”€â”€â”€â”€â”€â”€â”€â”€â”€â”€â”€â”€â”€â”€â”€â”€â”€â”€â”€â”€â”€â”€â”€â”´â”€â”€â”€â”€â”€â”€â”€â”€â”€â”€â”€â”€â”€â”€â”€â”€â”€â”€â”€â”€â”€â”€â”´â”€â”€â”€â”€â”€â”€â”€â”€â”€â”€â”€â”€â”€â”€â”€â”€â”€â”€â”€â”€â”€â”€â”¤[39m
[90mâ”‚[39m total run duration: 29.7s                                             [90mâ”‚[39m
[90mâ”œâ”€â”€â”€â”€â”€â”€â”€â”€â”€â”€â”€â”€â”€â”€â”€â”€â”€â”€â”€â”€â”€â”€â”€â”€â”€â”€â”€â”€â”€â”€â”€â”€â”€â”€â”€â”€â”€â”€â”€â”€â”€â”€â”€â”€â”€â”€â”€â”€â”€â”€â”€â”€â”€â”€â”€â”€â”€â”€â”€â”€â”€â”€â”€â”€â”€â”€â”€â”€â”€â”€â”€â”¤[39m
[90mâ”‚[39m total data received: 8.05kB (approx)                                  [90mâ”‚[39m
[90mâ”œâ”€â”€â”€â”€â”€â”€â”€â”€â”€â”€â”€â”€â”€â”€â”€â”€â”€â”€â”€â”€â”€â”€â”€â”€â”€â”€â”€â”€â”€â”€â”€â”€â”€â”€â”€â”€â”€â”€â”€â”€â”€â”€â”€â”€â”€â”€â”€â”€â”€â”€â”€â”€â”€â”€â”€â”€â”€â”€â”€â”€â”€â”€â”€â”€â”€â”€â”€â”€â”€â”€â”€â”¤[39m
[90mâ”‚[39m average response time: 1259ms [min: 23ms, max: 1888ms, s.d.: 491ms]   [90mâ”‚[39m
[90mâ”œâ”€â”€â”€â”€â”€â”€â”€â”€â”€â”€â”€â”€â”€â”€â”€â”€â”€â”€â”€â”€â”€â”€â”€â”€â”€â”€â”€â”€â”€â”€â”€â”€â”€â”€â”€â”€â”€â”€â”€â”€â”€â”€â”€â”€â”€â”€â”€â”€â”€â”€â”€â”€â”€â”€â”€â”€â”€â”€â”€â”€â”€â”€â”€â”€â”€â”€â”€â”€â”€â”€â”€â”¤[39m
[90mâ”‚[39m average DNS lookup time: 213ms [min: 213ms, max: 213ms, s.d.: 0Âµs]    [90mâ”‚[39m
[90mâ”œâ”€â”€â”€â”€â”€â”€â”€â”€â”€â”€â”€â”€â”€â”€â”€â”€â”€â”€â”€â”€â”€â”€â”€â”€â”€â”€â”€â”€â”€â”€â”€â”€â”€â”€â”€â”€â”€â”€â”€â”€â”€â”€â”€â”€â”€â”€â”€â”€â”€â”€â”€â”€â”€â”€â”€â”€â”€â”€â”€â”€â”€â”€â”€â”€â”€â”€â”€â”€â”€â”€â”€â”¤[39m
[90mâ”‚[39m average first byte time: 1246ms [min: 21ms, max: 1886ms, s.d.: 517ms] [90mâ”‚[39m
[90mâ””â”€â”€â”€â”€â”€â”€â”€â”€â”€â”€â”€â”€â”€â”€â”€â”€â”€â”€â”€â”€â”€â”€â”€â”€â”€â”€â”€â”€â”€â”€â”€â”€â”€â”€â”€â”€â”€â”€â”€â”€â”€â”€â”€â”€â”€â”€â”€â”€â”€â”€â”€â”€â”€â”€â”€â”€â”€â”€â”€â”€â”€â”€â”€â”€â”€â”€â”€â”€â”€â”€â”€â”˜[39m
