[0mnewman[0m

[0mDanal_CreditRebill_v1.0[0m

â–¡ [0mCP ë° ì •ê¸°ê²°ì œ ìš”ì²­ ì „ì†¡[0m
â”” [0mREADY - BATCH[0m
[33m  â”Œ[39m
[33m[39m[90m  [33mâ”‚[90m [90m`Using "CryptoJS" is deprecated. Use "require('cr[39m
[90m  [33mâ”‚[90m ypto-js')" instead.`[90m[39m
[90m[39m[33m  â””[39m
[33m[39m  [90mPOST[39m [90mhttps://tx-creditcard.danalpay.com/credit/?CPID=A010037544&DATA=wcpoTy27mkzR%2FoCmuhu%2BEL1VevUN6wQgs96fAg0NJdKChw9Ccm7hXXJcj%2FUGj%2Bb8z5dq8TvydwIj3RXPjUXi4PJAgyNbIM2hLz3kcfuDNAuCqSPVhBCpg6V8SYW3jJ%2FZIfE36F%2BlYYpMSgxO77gr%2BDwLH0n%2BtJG7ZAyj6rsqbDI3wCKhX4bzlTMTVKd8c%2BGAYmpCZ3i8%2BtXuuBm6g2NRznUDXGC09xQFVhQa4p6tQyOn5eKksesgLSgIMzKa6kDqC5%2BLzMcAl8IF7qCGgIqWAazfqDqnE0a5U%2BZ8p2HIn%2FENLsoKdJRXIlRiPnCOj5yDVfIQWasCSQLbccOu1NheelnZWQGZ5rGm%2FTC5F8i9Vs5%2BjHsIKtlMOIqeb%2BdxblE4thUJb9NDu3NPdadnhpnr9g%3D%3D[39m  
  200 OK [90mâ˜…[39m 436ms [90mtime[39m [90mâ˜…[39m 795B[90mâ†‘[39m 995B[90mâ†“[39m [90msize[39m [90mâ˜…[39m 9[90mâ†‘[39m 5[90mâ†“[39m [90mheaders[39m [90mâ˜…[39m 0 [90mcookies[39m
  [37mâ”Œ[39m [37mâ†“[39m text/plain [90mâ˜…[39m text [90mâ˜…[39m plain [90mâ˜…[39m euc-kr [90mâ˜…[39m 779B
[90m  [37mâ”‚[90m DATA=bH6El5elON5883LB3RlfF1OF1H8eZTXv49wXL8%2FAVeUPd%2[39m
[90m  [37mâ”‚[90m BK0HnOxWTiKRFfoHkbh44XuFo%2F1YFe43srRQ4OJOxhLs95VAra5s[39m
[90m  [37mâ”‚[90m %2FVSLkz2ecI5qQP1JD7FiD808s7HiPd47XkJ1NntIGHG7zscw9xj%[39m
[90m  [37mâ”‚[90m 2BfnlKoexaR7o31ocluI0OhkGbLZVV0%2FjvjU1aLfrd%2BoZvCtQ8[39m
[90m  [37mâ”‚[90m RUaTy7fKATDjSUaapAfBhRM%2FqDrzlG43X8Z1fsl2j0xGnPt6ZsxX[39m
[90m  [37mâ”‚[90m Rt9n%2BKhVprRIo2N02Ek7po7DnaQCLGiwG5yCPhRsiMK0%2FG6dbL[39m
[90m  [37mâ”‚[90m phG3m9QJVcxkF51kuNywUMNfbKuC2SrNnYzdUKdQgTGAMrkzBS%2BG[39m
[90m  [37mâ”‚[90m smbBwHAim1iiRS9yGRXvp2CvAA6ZASkjxv0tP3vUeDJLTFs3tcapcB[39m
[90m  [37mâ”‚[90m ODNyeY3Zo6lBwVGkyC0i3kjTka3YRriiuKA53%2B9fKHIxfYsXBqQ2[39m
[90m  [37mâ”‚[90m seum9Fop58xI4nxjFwzRCpUw%2F5xa2frP5QFx4vyC1LfZR28cTsx3[39m
[90m  [37mâ”‚[90m EM%2B%2BPzxsUZEb7d0oVpcaUt94eJJYues2b6IRf2DWs7KNzbTfKl[39m
[90m  [37mâ”‚[90m F7QjLW8jgSTgtBfVii9TX3MR0ZUKyqGUXT0OsCrcb46wln09MP%2FA[39m
[90m  [37mâ”‚[90m OgQR5BpDtos%2FEvSD8rkRUO3K6h%2B2pJ%2FcLKPq6KHrghYZgpb4[39m
[90m  [37mâ”‚[90m %2FONfsaKVOqcLBgXmeHPKFLSdegBGnH7eCMieXD18rDpQIYwRYY9J[39m
[90m  [37mâ”‚[90m lF0kDB5XL%2FnGHuA%3D%3D[39m
[90m[39m[37m  â””[39m
  [37mprepare[39m   [37mwait[39m   [37mdns-lookup[39m   [37mtcp-handshake[39m   [37mssl-handshake[39m   [37mtransfer-start[39m   [37mdownload[39m   [37mprocess[39m   [37mtotal[39m 
  [90m5ms[39m       [90m17ms[39m   [90m368ms[39m        [90m3ms[39m             [90m6ms[39m             [90m36ms[39m             [90m3ms[39m        [90m189Âµs[39m     [90m441ms[39m 

[33m  â”Œ[39m
[33m[39m[90m  [33mâ”‚[90m [90m`Using "CryptoJS" is deprecated. Use "require('cr[39m
[90m  [33mâ”‚[90m ypto-js')" instead.`[90m[39m
[90m[39m[90m  [90mâ”‚[90m [90m'ë³µí˜¸í™” ê²°ê³¼ : '[90m[37m, [90m[90m'RETURNCODE=0000[39m
[90m  [90mâ”‚[90m &RETURNMSG=%BC%BA%B0%F8&STARTURL=https%3A%2F%2Fcheckou[39m
[90m  [90mâ”‚[90m t.teledit.com%2Fcreditcard_recurring%2Fweb&TID=2026010[39m
[90m  [90mâ”‚[90m 70325035497193400&ORDERID=&STARTPARAMS=4q3MUdEXw%2Ft4R[39m
[90m  [90mâ”‚[90m CqJf7Xl4S9Q4dAoFdr6ESxMJW4eXzbbiAFGcvVIn%2BvN18tmYo62A[39m
[90m  [90mâ”‚[90m tXs7hjJQN4nyHPKP1tj0eiGVY0BhCzYACmwiOMBs9iohX%2FW4erKz[39m
[90m  [90mâ”‚[90m %2FXOo9tiz9SlQTQDly2GGI0seAa60daV8z%2F83fWCSOHHeJ3zVMG[39m
[90m  [90mâ”‚[90m uHCkktYs4G9tkSukfGFqy0pgEnGXdlkfv%2BrQUG9fBJPys1OVYMhI[39m
[90m  [90mâ”‚[90m e6K8vzjYKqsLtoXoN9QW%2FOd94qu%2FzhUWVhrCJOFwVaaWNYFY5R[39m
[90m  [90mâ”‚[90m kwCkuik38GDGc5Y0SIeCg%2B9S1BeH86LHzElPCnpX3RmNywMpBmhz[39m
[90m  [90mâ”‚[90m MYUGWXxO%2FGhpBHLMINchA%3D%3D&AMOUNT=301'[90m[39m
[90m[39m[90m  [90mâ”‚[90m [90m'STARTURL(ë””ì½”ë”©):'[90m[37m, [90m[90m'https://ch[39m
[90m  [90mâ”‚[90m eckout.teledit.com/creditcard_recurring/web'[90m[39m
[90m[39m[90m  â””[39m
[90m[39m[32m  âˆš [39m [90mê²°ê³¼ì½”ë“œ(RETURNCODE) ì •ìƒì¶œë ¥[39m
[32m  âˆš [39m [90mê²°ê³¼ë©”ì‹œì§€(RETURNMSG) ì •ìƒì¶œë ¥[39m
[32m  âˆš [39m [90mì •ê¸°ê²°ì œ ì´ˆê¸°ì¸ì¦ í‘œì¤€í˜ì´ì§€ ì‹œì‘ URL(STARTURL) ì •ìƒì¶œë ¥[39m
[32m  âˆš [39m [90më‹¤ë‚  ê±°ë˜ í‚¤(TID) ì •ìƒì¶œë ¥[39m
[32m  âˆš [39m [90mê°€ë§¹ì  ì£¼ë¬¸ë²ˆí˜¸(ORDERID) ë¹ˆê°’ í™•ì¸[39m
[32m  âˆš [39m [90mìœ„ í‘œì¤€í˜ì´ì§€ ì‹œì‘ URL ì „ì†¡ íŒŒë¼ë¯¸í„°(STARTPARAMS) ì •ìƒì¶œë ¥[39m
[32m  âˆš [39m [90mê²°ì œê¸ˆì•¡(AMOUNT) ì •ìƒì¶œë ¥[39m

â”” [0mREADY - DANALCARD[0m
[33m  â”Œ[39m
[33m[39m[90m  [33mâ”‚[90m [90m`Using "CryptoJS" is deprecated. Use "require('cr[39m
[90m  [33mâ”‚[90m ypto-js')" instead.`[90m[39m
[90m[39m[33m  â””[39m
[33m[39m  [90mPOST[39m [90mhttps://tx-creditcard.danalpay.com/credit/?CPID=A010037544&DATA=wcpoTy27mkzR%2FoCmuhu%2BEL1VevUN6wQgs96fAg0NJdKChw9Ccm7hXXJcj%2FUGj%2Bb8z5dq8TvydwIj3RXPjUXi4PJAgyNbIM2hLz3kcfuDNAsCL18rdUmVCzFjEXB9wjgQ82IteFWZK11Um66aaXg9%2BmJBA%2BzStWEMjr0dSocIEm%2Bbu9cYhIHHrFuuMeAbp0%2FaOn9YPjFswBAcVkFCl4MZNYRXi9%2BMiA7xwR%2FFNE00HJ0pC21O5yf5imQNizmVqk2bD03K20FpT3Fs3h%2FUCOJ0UXofslr6lyNGsyvb6DemiNcWC4LE3zCDhJmfdiJa9ITHGb2ToWrxU2XD3B50so4Ru4EZtRrOIrbszRI9doqcDx5dZKeCsMBh%2Ff1PMU0qTPX5ctV%2BHYz%2F289vKWnUu4B9CA%3D%3D[39m  
  200 OK [90mâ˜…[39m 32ms [90mtime[39m [90mâ˜…[39m 823B[90mâ†‘[39m 900B[90mâ†“[39m [90msize[39m [90mâ˜…[39m 10[90mâ†‘[39m 4[90mâ†“[39m [90mheaders[39m [90mâ˜…[39m 0 [90mcookies[39m
  [37mâ”Œ[39m [37mâ†“[39m text/plain [90mâ˜…[39m text [90mâ˜…[39m plain [90mâ˜…[39m euc-kr [90mâ˜…[39m 767B
[90m  [37mâ”‚[90m DATA=bH6El5elON5883LB3RlfF1OF1H8eZTXv49wXL8%2FAVeUPd%2[39m
[90m  [37mâ”‚[90m BK0HnOxWTiKRFfoHkbh44XuFo%2F1YFe43srRQ4OJOxhLs95VAra5s[39m
[90m  [37mâ”‚[90m %2FVSLkz2ecI5qQP1JD7FiD808s7HiPd4aiFvBjr3qYozdHQ5Xzgj5[39m
[90m  [37mâ”‚[90m Fdsy7kfxax3WWSgqsIAon%2BT7ZTWb5Kkht%2BgzLQABJ7Uvg%2FIi[39m
[90m  [37mâ”‚[90m 5D1qEzGd7DPVUCrrMuTACb3SgRew8TO2hD7RhWNi1AARfaqoF0YePw[39m
[90m  [37mâ”‚[90m NEQoNHPcf0eAcbvTauYBqrDtD8j4WrbmKF7iyEZ%2Fns0yMIpUwMv6[39m
[90m  [37mâ”‚[90m cO2skl87BRZPMFRofLsZgRSNvusQUuy8PBrqeuHwSCgsW4Z5P2b4Tx[39m
[90m  [37mâ”‚[90m 5r4is4hN4QGwXpRh91jk4IGP80BeBR2IWfitIOqh0haRgZz6eSUZ9x[39m
[90m  [37mâ”‚[90m JP%2FYxHrHZsJDM4J4fPgvYO6lrvYLndxD4YQEZXGY9kWkJuLTmCUU[39m
[90m  [37mâ”‚[90m 3INa8JJLnLzdYoa%2BDt8qdnxMmosoG8ABCx2n%2BysisUL8K9s81u[39m
[90m  [37mâ”‚[90m 1eL%2FFkvJyXHXhCxDhwy%2BK5IOxR9CzZGi2prXORVrvtznOGaCc6[39m
[90m  [37mâ”‚[90m WjfAzQC9nsqFRpnj6o6ZkpryW0hq2MD2tJz02HiHBT3MZPMqAxVsxH[39m
[90m  [37mâ”‚[90m pxg5enlYMJpDDm%2BTiBJun3mEZu5vk0c5CfZbT6cxLnzSmnhKPHEE[39m
[90m  [37mâ”‚[90m CG1cTzjzeQwe2fr3a%2BtXvNZ2E0Rme5zLLHsfkQjxYYMGHcgOJEjT[39m
[90m  [37mâ”‚[90m km4MA%3D%3D[39m
[90m[39m[37m  â””[39m
  [37mprepare[39m   [37mwait[39m    [37mdns-lookup[39m   [37mtcp-handshake[39m   [37mssl-handshake[39m   [37mtransfer-start[39m   [37mdownload[39m   [37mprocess[39m   [37mtotal[39m 
  [90m574Âµs[39m     [90m353Âµs[39m   [90m(cache)[39m      [90m(cache)[39m         [90m(cache)[39m         [90m30ms[39m             [90m955Âµs[39m      [90m41Âµs[39m      [90m32ms[39m  

[33m  â”Œ[39m
[33m[39m[90m  [33mâ”‚[90m [90m`Using "CryptoJS" is deprecated. Use "require('cr[39m
[90m  [33mâ”‚[90m ypto-js')" instead.`[90m[39m
[90m[39m[90m  [90mâ”‚[90m [90m'ë³µí˜¸í™” ê²°ê³¼ : '[90m[37m, [90m[90m'RETURNCODE=0000[39m
[90m  [90mâ”‚[90m &RETURNMSG=%BC%BA%B0%F8&STARTURL=https%3A%2F%2Fcheckou[39m
[90m  [90mâ”‚[90m t.teledit.com%2Fcreditcard_std%2Fweb&TID=2026010703250[39m
[90m  [90mâ”‚[90m 37807203400&ORDERID=&STARTPARAMS=4q3MUdEXw%2Ft4RCqJf7X[39m
[90m  [90mâ”‚[90m l4S9Q4dAoFdr6ESxMJW4eXzb7B0%2B0PfBLQW9oPPnekX0xcQIS65H[39m
[90m  [90mâ”‚[90m blVQMK6GkFzC5r1mYGgS11F62J68wlZABxYZXutJvSQRmbF7IOmWCL[39m
[90m  [90mâ”‚[90m TmGK0tO6nZkmBeGsQ%2BBwx9ioeCThl6M0rFHjYgZtUglCAb5iQ5hW[39m
[90m  [90mâ”‚[90m PrysAqlKi5HWueDcY4As7UeKzN%2BL8EB2nYEb164c%2FWS8GRhNjY[39m
[90m  [90mâ”‚[90m 9K6hpitLClfUInfppyMPdECZrqxy%2BMVajjTuiZlszovUlEKnoz%2[39m
[90m  [90mâ”‚[90m BWyKHEupa7%2F8qhtYE0UhLUREQUaxUZouUnme2xXQV2t68PfgVCL2[39m
[90m  [90mâ”‚[90m yPyJWCEe8RBQw%3D%3D&AMOUNT=301'[90m[39m
[90m[39m[90m  [90mâ”‚[90m [90m'STARTURL(ë””ì½”ë”©):'[90m[37m, [90m[90m'https://ch[39m
[90m  [90mâ”‚[90m eckout.teledit.com/creditcard_std/web'[90m[39m
[90m[39m[90m  â””[39m
[90m[39m[32m  âˆš [39m [90mê²°ê³¼ì½”ë“œ(RETURNCODE) ì •ìƒì¶œë ¥[39m
[32m  âˆš [39m [90mê²°ê³¼ë©”ì‹œì§€(RETURNMSG) ì •ìƒì¶œë ¥[39m
[32m  âˆš [39m [90mì •ê¸°ê²°ì œ ì´ˆê¸°ì¸ì¦ í‘œì¤€í˜ì´ì§€ ì‹œì‘ URL(STARTURL) ì •ìƒì¶œë ¥[39m
[32m  âˆš [39m [90më‹¤ë‚  ê±°ë˜ í‚¤(TID) ì •ìƒì¶œë ¥[39m
[32m  âˆš [39m [90mê°€ë§¹ì  ì£¼ë¬¸ë²ˆí˜¸(ORDERID) ë¹ˆê°’ í™•ì¸[39m
[32m  âˆš [39m [90mìœ„ í‘œì¤€í˜ì´ì§€ ì‹œì‘ URL ì „ì†¡ íŒŒë¼ë¯¸í„°(STARTPARAMS) ì •ìƒì¶œë ¥[39m
[32m  âˆš [39m [90mê²°ì œê¸ˆì•¡(AMOUNT) ì •ìƒì¶œë ¥[39m

â–¡ [0mì´ˆê¸° ì¸ì¦ ê²°ì œ ìš”ì²­[0m
â”” [0mISSUEBILLKEY[0m
[33m  â”Œ[39m
[33m[39m[90m  [33mâ”‚[90m [90m`Using "CryptoJS" is deprecated. Use "require('cr[39m
[90m  [33mâ”‚[90m ypto-js')" instead.`[90m[39m
[90m[39m[33m  â””[39m
[33m[39m  [90mPOST[39m [90mhttps://tx-creditcard.danalpay.com/credit/?CPID=A010037544&DATA=8kvDIwvdID7NWcBMND4uDXHvMUqO25iIdKkD6XH4VkTYfgoBPJqjGpr15Fqq4CCxlzQc11Pn06IJSodR9hnt4%2FgbXDCdFcZ2uADRjw%2Fvh8Q%3D[39m  
  200 OK [90mâ˜…[39m 19ms [90mtime[39m [90mâ˜…[39m 497B[90mâ†‘[39m 306B[90mâ†“[39m [90msize[39m [90mâ˜…[39m 10[90mâ†‘[39m 4[90mâ†“[39m [90mheaders[39m [90mâ˜…[39m 0 [90mcookies[39m
  [37mâ”Œ[39m [37mâ†“[39m text/plain [90mâ˜…[39m text [90mâ˜…[39m plain [90mâ˜…[39m euc-kr [90mâ˜…[39m 173B
[90m  [37mâ”‚[90m DATA=fu6S2rILK1%2FE0lgEyKGQ3as6kEkKer8HBmYwPlLTQPqeWeo[39m
[90m  [37mâ”‚[90m 0taLjoIqY3nt5M9Ain9%2FdSrney5Xk7N8rrXeDatXmX3cBkW8AK%2[39m
[90m  [37mâ”‚[90m Fhur103JCPk%2FgnHIfgkNuxsIeQFSvIfI%2FH1JTi7tWOoc%2BmgT[39m
[90m  [37mâ”‚[90m 3dcXA%3D%3D[39m
[90m[39m[37m  â””[39m
  [37mprepare[39m   [37mwait[39m    [37mdns-lookup[39m   [37mtcp-handshake[39m   [37mssl-handshake[39m   [37mtransfer-start[39m   [37mdownload[39m   [37mprocess[39m   [37mtotal[39m 
  [90m592Âµs[39m     [90m185Âµs[39m   [90m(cache)[39m      [90m(cache)[39m         [90m(cache)[39m         [90m18ms[39m             [90m576Âµs[39m      [90m31Âµs[39m      [90m19ms[39m  

[33m  â”Œ[39m
[33m[39m[90m  [33mâ”‚[90m [90m`Using "CryptoJS" is deprecated. Use "require('cr[39m
[90m  [33mâ”‚[90m ypto-js')" instead.`[90m[39m
[90m[39m[90m  [90mâ”‚[90m [90m'ë³µí˜¸í™” ê²°ê³¼ : '[90m[37m, [90m[90m'RETURNCODE=1104[39m
[90m  [90mâ”‚[90m &RETURNMSG=%C1%B8%C0%E7%C7%CF%C1%F6+%BE%CA%B4%C2+%B0%C[39m
[90m  [90mâ”‚[90m 5%B7%A1+%C0%D4%B4%CF%B4%D9.'[90m[39m
[90m[39m[90m  â””[39m
[90m[39m[32m  âˆš [39m [90mê²°ê³¼ì½”ë“œ(RETURNCODE) : 1104 ì¶œë ¥[39m
[32m  âˆš [39m [90mê²°ê³¼ë©”ì„¸ì§€(RETURNMSG) : ì¡´ì¬í•˜ì§€ ì•ŠëŠ” ê±°ë˜ì…ë‹ˆë‹¤. ì¶œë ¥[39m

â–¡ [0mì‚¼ì„±ì¹´ë“œ[0m
â”” [0mì •ê¸°ê²°ì œ ìš”ì²­ (OTBILL)[0m
[33m  â”Œ[39m
[33m[39m[90m  [33mâ”‚[90m [90m`Using "CryptoJS" is deprecated. Use "require('cr[39m
[90m  [33mâ”‚[90m ypto-js')" instead.`[90m[39m
[90m[39m[33m  â””[39m
[33m[39m  [90mPOST[39m [90mhttps://tx-creditcard.danalpay.com/credit/?CPID=A010037544&DATA=wcpoTy27mkzR%2FoCmuhu%2BEL1VevUN6wQgs96fAg0NJdKChw9Ccm7hXXJcj%2FUGj%2Bb8z5dq8TvydwIj3RXPjUXi4KzQHH0ZG0DZA03Udge2eI0IsrkEsoTSxKLbYyq5iCvbykTt6GhW9hCDbp8fHC1zGJEYvBJNsjEqz2X9zw2JzccrERjqayECmibASVLCFcu3mtMwnyeSqsDkh6Ok0RVNhbkzCgrGZvyWLuE0qblstQgkt2NYUzE21ScHAo%2BsYJOcT3xCtYEislZjbacyD1Wou68o56siY3%2FOkdyV%2FLh5ZjM%3D[39m  
  200 OK [90mâ˜…[39m 1516ms [90mtime[39m [90mâ˜…[39m 699B[90mâ†‘[39m 620B[90mâ†“[39m [90msize[39m [90mâ˜…[39m 10[90mâ†‘[39m 4[90mâ†“[39m [90mheaders[39m [90mâ˜…[39m 0 [90mcookies[39m
  [37mâ”Œ[39m [37mâ†“[39m text/plain [90mâ˜…[39m text [90mâ˜…[39m plain [90mâ˜…[39m euc-kr [90mâ˜…[39m 487B
[90m  [37mâ”‚[90m DATA=bH6El5elON5883LB3RlfF1OF1H8eZTXv49wXL8%2FAVeUOrT2[39m
[90m  [37mâ”‚[90m zbTtZtAh642sVeJ6SinzZOuh%2FIZ8I4udqbGHtBkhgdi%2BMdWuDR[39m
[90m  [37mâ”‚[90m W9eksHgWICX6tNTm%2FWIKiArUlpBtkc6QQevae%2B7TJxReOdNbWC[39m
[90m  [37mâ”‚[90m 6RjbZTBgAqP5hu4WTPkf4V1UkJOJVJWjDfpbumeNrcjXwB8DLNfg6I[39m
[90m  [37mâ”‚[90m 10mgHSZnDqL94aKcGTiaj05nz7g8O5PiOI1uK0W5ijIulGutejC7v%[39m
[90m  [37mâ”‚[90m 2Bo%2Bkl8JEwDB1FZ1DNP8vgCaI2S6Ls%2FlUyrD7PIo1uRDyjCg%2[39m
[90m  [37mâ”‚[90m FmSLWOsBj0wVhp2CL19Y45K%2BzhRgQgDCEi2%2Ff2weWeRAq7PdrP[39m
[90m  [37mâ”‚[90m iLl1FAa9sHUYJbfW6SfcXH%2FTdYgNwJzsx9ZtWSe1xZEZ3lvgQQ4B[39m
[90m  [37mâ”‚[90m k3jj2%2BNIH0yS5d8htsqBtj%2FZXFADAkV3kvAKG%2BYD%2B6%2Fo[39m
[90m  [37mâ”‚[90m p[39m
[90m[39m[37m  â””[39m
  [37mprepare[39m   [37mwait[39m    [37mdns-lookup[39m   [37mtcp-handshake[39m   [37mssl-handshake[39m   [37mtransfer-start[39m   [37mdownload[39m   [37mprocess[39m   [37mtotal[39m  
  [90m462Âµs[39m     [90m182Âµs[39m   [90m(cache)[39m      [90m(cache)[39m         [90m(cache)[39m         [90m1514ms[39m           [90m681Âµs[39m      [90m28Âµs[39m      [90m1515ms[39m 

[33m  â”Œ[39m
[33m[39m[90m  [33mâ”‚[90m [90m`Using "CryptoJS" is deprecated. Use "require('cr[39m
[90m  [33mâ”‚[90m ypto-js')" instead.`[90m[39m
[90m[39m[90m  [90mâ”‚[90m [90m'ë³µí˜¸í™” ê²°ê³¼ : '[90m[37m, [90m[90m'RETURNCODE=0000[39m
[90m  [90mâ”‚[90m &RETURNMSG=%BC%BA%B0%F8&CARDCODE=0500&USERPHONE=010854[39m
[90m  [90mâ”‚[90m 02697&QUOTA=00&TRANTIME=032505&TRANDATE=20260107&AMOUN[39m
[90m  [90mâ”‚[90m T=301&ITEMNAME=apiautotest&DEPOSIT_AMT=0&TID=202601070[39m
[90m  [90mâ”‚[90m 325041687213400&ORDERID=01234567&CARDNO=512028******72[39m
[90m  [90mâ”‚[90m 94&CARDAUTHNO=44039432&CARDNAME=%BB%EF%BC%BA%C4%AB%B5%[39m
[90m  [90mâ”‚[90m E5&USERNAME=%EA%B9%3F%3F%3F%3F%3F&USERID=hnkim'[90m[39m
[90m[39m[90m  â””[39m
[90m[39m[32m  âˆš [39m [90mê²°ê³¼ì½”ë“œ(RETURNCODE) ì •ìƒì¶œë ¥[39m
[32m  âˆš [39m [90mê²°ê³¼ë©”ì„¸ì§€(RETURNMSG) ì •ìƒì¶œë ¥[39m
[32m  âˆš [39m [90mì¹´ë“œì‚¬ ì½”ë“œ(CARDCODE ì •ìƒì¶œë ¥[39m
[32m  âˆš [39m [90mêµ¬ë§¤ì ì „í™”ë²ˆí˜¸(USERPHONE) ë¹ˆê°’ í™•ì¸[39m
[32m  âˆš [39m [90mí• ë¶€ ê°œì›” ìˆ˜(QUOTA) ì •ìƒì¶œë ¥[39m
[32m  âˆš [39m [90më§¤ì¶œ ë°œìƒì‹œê°„(TRANTIME) Â±5ì´ˆ ì´ë‚´ ê²€ì¦[39m
[32m  âˆš [39m [90më§¤ì¶œ ë°œìƒì¼ì(TRANDATE) ì •ìƒì¶œë ¥[39m
[32m  âˆš [39m [90mìŠ¹ì¸ê¸ˆì•¡(AMOUNT) ì •ìƒì¶œë ¥[39m
[32m  âˆš [39m [90mìƒí’ˆëª…(ITEMNAME) ì •ìƒì¶œë ¥[39m
[32m  âˆš [39m [90mì»µ ë³´ì¦ê¸ˆ(DEPOSIT_AMT) ì •ìƒì¶œë ¥[39m
[32m  âˆš [39m [90më‹¤ë‚  ê±°ë˜ í‚¤(TID) ì •ìƒì¶œë ¥[39m
[32m  âˆš [39m [90mê°€ë§¹ì  ì£¼ë¬¸ë²ˆí˜¸(ORDERID) ë¹ˆê°’ í™•ì¸[39m
[32m  âˆš [39m [90mì¹´ë“œë²ˆí˜¸(CARDNO) ì •ìƒì¶œë ¥[39m
[32m  âˆš [39m [90mê±°ë˜ ìŠ¹ì¸ ë²ˆí˜¸(CARDAUTHNO) ì •ìƒì¶œë ¥[39m
[32m  âˆš [39m [90mì¹´ë“œì‚¬ ëª…(CARDNAME) ì •ìƒì¶œë ¥[39m
[32m  âˆš [39m [90mêµ¬ë§¤ì ì´ë¦„(USERNAME) ì •ìƒì¶œë ¥[39m
[32m  âˆš [39m [90mêµ¬ë§¤ì ID(USERID) ì •ìƒì¶œë ¥[39m

â”” [0mì¹´ë“œ ìŠ¹ì¸ ì·¨ì†Œ (BILLCANCEL)[0m
[33m  â”Œ[39m
[33m[39m[90m  [33mâ”‚[90m [90m`Using "CryptoJS" is deprecated. Use "require('cr[39m
[90m  [33mâ”‚[90m ypto-js')" instead.`[90m[39m
[90m[39m[33m  â””[39m
[33m[39m  [90mPOST[39m [90mhttps://tx-creditcard.danalpay.com/credit/?CPID=A010037544&DATA=8kvDIwvdID7NWcBMND4uDZ6TkKhS7vOjoP3SjQzmSej8bCB9ySrueWNBSTqx7XQPblzw%2FZmRZPKdD%2BR%2Fj8Yq8lYXxKLEtpNQJuKIh72nhjVfUkS%2FWpF6PE04fYcBoFq9[39m  
  200 OK [90mâ˜…[39m 1410ms [90mtime[39m [90mâ˜…[39m 455B[90mâ†‘[39m 396B[90mâ†“[39m [90msize[39m [90mâ˜…[39m 9[90mâ†‘[39m 4[90mâ†“[39m [90mheaders[39m [90mâ˜…[39m 0 [90mcookies[39m
  [37mâ”Œ[39m [37mâ†“[39m text/plain [90mâ˜…[39m text [90mâ˜…[39m plain [90mâ˜…[39m euc-kr [90mâ˜…[39m 263B
[90m  [37mâ”‚[90m DATA=bH6El5elON5883LB3RlfF1OF1H8eZTXv49wXL8%2FAVeVzhHU[39m
[90m  [37mâ”‚[90m 5sdes40grvKmzi%2BrXpEcmh7jL8tvQ8yMKlifmpyilIjF2G0L2P%2[39m
[90m  [37mâ”‚[90m Fr4SQqZsaXQ%2Br6v6%2F9LNVNOv9las2LZpHlh3Qulz46KbvebbTu[39m
[90m  [37mâ”‚[90m veU5kTvJwRLR%2Bn3ZlLv0hrWHKQ0NgZpk5hrVV%2FPt%2BPdheqnJ[39m
[90m  [37mâ”‚[90m dwHkMlpVCx%2BaSaSkfD28dIOLN%2BT6VaXDlriB5kaM%3D[39m
[90m[39m[37m  â””[39m
  [37mprepare[39m   [37mwait[39m    [37mdns-lookup[39m   [37mtcp-handshake[39m   [37mssl-handshake[39m   [37mtransfer-start[39m   [37mdownload[39m   [37mprocess[39m   [37mtotal[39m  
  [90m651Âµs[39m     [90m185Âµs[39m   [90m(cache)[39m      [90m(cache)[39m         [90m(cache)[39m         [90m1408ms[39m           [90m526Âµs[39m      [90m33Âµs[39m      [90m1410ms[39m 

[33m  â”Œ[39m
[33m[39m[90m  [33mâ”‚[90m [90m`Using "CryptoJS" is deprecated. Use "require('cr[39m
[90m  [33mâ”‚[90m ypto-js')" instead.`[90m[39m
[90m[39m[90m  [90mâ”‚[90m [90m'ë³µí˜¸í™” ê²°ê³¼ : '[90m[37m, [90m[90m'RETURNCODE=0000[39m
[90m  [90mâ”‚[90m &RETURNMSG=%BC%BA%B0%F8&BALANCE=0&O_TID=20260107032504[39m
[90m  [90mâ”‚[90m 1687213400&TID=202601070325058327223400&TRANTIME=03250[39m
[90m  [90mâ”‚[90m 5&TRANDATE=20260107&AMOUNT=301&DEPOSIT_AMT=0'[90m[39m
[90m[39m[90m  â””[39m
[90m[39m[32m  âˆš [39m [90mê²°ê³¼ì½”ë“œ(RETURNCODE) ì •ìƒì¶œë ¥[39m
[32m  âˆš [39m [90mê²°ê³¼ë©”ì„¸ì§€(RETURNMSG) ì •ìƒì¶œë ¥[39m
[32m  âˆš [39m [90mì·¨ì†Œ í›„ ì”ì•¡(BALANCE) ì •ìƒì¶œë ¥[39m
[32m  âˆš [39m [90më‹¤ë‚  ì› ê±°ë˜ í‚¤(O_TID) ì •ìƒì¶œë ¥[39m
[32m  âˆš [39m [90më‹¤ë‚  ê±°ë˜ í‚¤(TID) ì •ìƒì¶œë ¥[39m
[32m  âˆš [39m [90mìŠ¹ì¸ ë°œìƒì‹œê°„(TRANTIME) ì •ìƒì¶œë ¥[39m
[32m  âˆš [39m [90mìŠ¹ì¸ ë°œìƒì¼ì(TRANDATE)[39m
[32m  âˆš [39m [90mìŠ¹ì¸ ì·¨ì†Œ ê¸ˆì•¡(AMOUNT) ì •ìƒì¶œë ¥[39m
[32m  âˆš [39m [90mì»µ ë³´ì¦ê¸ˆ(DEPOSIT_AMT) ì •ìƒì¶œë ¥[39m

â–¡ [0mí˜„ëŒ€ì¹´ë“œ[0m
â”” [0mì •ê¸°ê²°ì œ ìš”ì²­ (OTBILL)[0m
[33m  â”Œ[39m
[33m[39m[90m  [33mâ”‚[90m [90m`Using "CryptoJS" is deprecated. Use "require('cr[39m
[90m  [33mâ”‚[90m ypto-js')" instead.`[90m[39m
[90m[39m[33m  â””[39m
[33m[39m  [90mPOST[39m [90mhttps://tx-creditcard.danalpay.com/credit/?CPID=A010037544&DATA=wcpoTy27mkzR%2FoCmuhu%2BEL1VevUN6wQgs96fAg0NJdKChw9Ccm7hXXJcj%2FUGj%2Bb8z5dq8TvydwIj3RXPjUXi4KzQHH0ZG0DZA03Udge2eI0IsrkEsoTSxKLbYyq5iCvbykTt6GhW9hCDbp8fHC1zGJEYvBJNsjEqz2X9zw2JzceacjSE9wkZ8OEcuyhqS4aTCOgYJsVDSvmkj%2FNDn1RD1w%3D%3D[39m  
  200 OK [90mâ˜…[39m 1276ms [90mtime[39m [90mâ˜…[39m 549B[90mâ†‘[39m 572B[90mâ†“[39m [90msize[39m [90mâ˜…[39m 9[90mâ†‘[39m 4[90mâ†“[39m [90mheaders[39m [90mâ˜…[39m 0 [90mcookies[39m
  [37mâ”Œ[39m [37mâ†“[39m text/plain [90mâ˜…[39m text [90mâ˜…[39m plain [90mâ˜…[39m euc-kr [90mâ˜…[39m 439B
[90m  [37mâ”‚[90m DATA=bH6El5elON5883LB3RlfF1OF1H8eZTXv49wXL8%2FAVeUOrT2[39m
[90m  [37mâ”‚[90m zbTtZtAh642sVeJ6S5FXThRFDGzadCfRKoaJkk27Nama6Wo84QdTlk[39m
[90m  [37mâ”‚[90m StjccovPqXEkrAt%2B4n6HZDW3WiYgzwGxGbPN8ZlVgJyPQ5mmaGEI[39m
[90m  [37mâ”‚[90m htjErWYIzZWIwhIHzkHxn%2F2YkvGRI3wpvDJfRhJGdKFpHMEYMDRH[39m
[90m  [37mâ”‚[90m v%2BnuDdrM%2F5MRGSdEE1EIcL0b4l9JB4rpoVkR5ZbDGile%2Fn3%[39m
[90m  [37mâ”‚[90m 2FV%2BNaaDV4x4jpo0Mou9tcwPpTgcJ%2FQkBJ48lRmQwAFwr6iGvP[39m
[90m  [37mâ”‚[90m jqWW%2Bw4IMjIgcGtOiCKzjJWTqPvFFIFqY%2Bh8PeaOWcssFeTAV4[39m
[90m  [37mâ”‚[90m EleAtYdOi7nKTzdiCOxPwXKsMwA2YXnfZ9Sl3F2smRxR0Z5ul9j4L7[39m
[90m  [37mâ”‚[90m Q%3D%3D[39m
[90m[39m[37m  â””[39m
  [37mprepare[39m   [37mwait[39m    [37mdns-lookup[39m   [37mtcp-handshake[39m   [37mssl-handshake[39m   [37mtransfer-start[39m   [37mdownload[39m   [37mprocess[39m   [37mtotal[39m  
  [90m578Âµs[39m     [90m182Âµs[39m   [90m(cache)[39m      [90m(cache)[39m         [90m(cache)[39m         [90m1274ms[39m           [90m637Âµs[39m      [90m34Âµs[39m      [90m1275ms[39m 

[33m  â”Œ[39m
[33m[39m[90m  [33mâ”‚[90m [90m`Using "CryptoJS" is deprecated. Use "require('cr[39m
[90m  [33mâ”‚[90m ypto-js')" instead.`[90m[39m
[90m[39m[90m  [90mâ”‚[90m [90m'ë³µí˜¸í™” ê²°ê³¼ : '[90m[37m, [90m[90m'RETURNCODE=0000[39m
[90m  [90mâ”‚[90m &RETURNMSG=%BC%BA%B0%F8&CARDCODE=0400&USERPHONE=&QUOTA[39m
[90m  [90mâ”‚[90m =00&TRANTIME=032508&TRANDATE=20260107&AMOUNT=301&ITEMN[39m
[90m  [90mâ”‚[90m AME=apiautotest&DEPOSIT_AMT=0&TID=20260107032507406723[39m
[90m  [90mâ”‚[90m 3400&ORDERID=&CARDNO=403293******4003&CARDAUTHNO=00936[39m
[90m  [90mâ”‚[90m 512&CARDNAME=%C7%F6%B4%EB%C4%AB%B5%E5&USERNAME=&USERID[39m
[90m  [90mâ”‚[90m =hnkim'[90m[39m
[90m[39m[90m  â””[39m
[90m[39m[32m  âˆš [39m [90mê²°ê³¼ì½”ë“œ(RETURNCODE) ì •ìƒì¶œë ¥[39m
[32m  âˆš [39m [90mê²°ê³¼ë©”ì„¸ì§€(RETURNMSG) ì •ìƒì¶œë ¥[39m
[32m  âˆš [39m [90mì¹´ë“œì‚¬ ì½”ë“œ(CARDCODE ì •ìƒì¶œë ¥[39m
[32m  âˆš [39m [90mêµ¬ë§¤ì ì „í™”ë²ˆí˜¸(USERPHONE) ë¹ˆê°’ í™•ì¸[39m
[32m  âˆš [39m [90mí• ë¶€ ê°œì›” ìˆ˜(QUOTA) ì •ìƒì¶œë ¥[39m
[32m  âˆš [39m [90më§¤ì¶œ ë°œìƒì‹œê°„(TRANTIME) Â±5ì´ˆ ì´ë‚´ ê²€ì¦[39m
[32m  âˆš [39m [90më§¤ì¶œ ë°œìƒì¼ì(TRANDATE) ì •ìƒì¶œë ¥[39m
[32m  âˆš [39m [90mìŠ¹ì¸ê¸ˆì•¡(AMOUNT) ì •ìƒì¶œë ¥[39m
[32m  âˆš [39m [90mìƒí’ˆëª…(ITEMNAME) ì •ìƒì¶œë ¥[39m
[32m  âˆš [39m [90mì»µ ë³´ì¦ê¸ˆ(DEPOSIT_AMT) ì •ìƒì¶œë ¥[39m
[32m  âˆš [39m [90më‹¤ë‚  ê±°ë˜ í‚¤(TID) ì •ìƒì¶œë ¥[39m
[32m  âˆš [39m [90mê°€ë§¹ì  ì£¼ë¬¸ë²ˆí˜¸(ORDERID) ë¹ˆê°’ í™•ì¸[39m
[32m  âˆš [39m [90mì¹´ë“œë²ˆí˜¸(CARDNO) ì •ìƒì¶œë ¥[39m
[32m  âˆš [39m [90mê±°ë˜ ìŠ¹ì¸ ë²ˆí˜¸(CARDAUTHNO) ì •ìƒì¶œë ¥[39m
[32m  âˆš [39m [90mì¹´ë“œì‚¬ ëª…(CARDNAME) ì •ìƒì¶œë ¥[39m
[32m  âˆš [39m [90mêµ¬ë§¤ì ì´ë¦„(USERNAME) ì •ìƒì¶œë ¥[39m
[32m  âˆš [39m [90mêµ¬ë§¤ì ID(USERID) ì •ìƒì¶œë ¥[39m

â”” [0mì¹´ë“œ ìŠ¹ì¸ ì·¨ì†Œ (BILLCANCEL)[0m
[33m  â”Œ[39m
[33m[39m[90m  [33mâ”‚[90m [90m`Using "CryptoJS" is deprecated. Use "require('cr[39m
[90m  [33mâ”‚[90m ypto-js')" instead.`[90m[39m
[90m[39m[33m  â””[39m
[33m[39m  [90mPOST[39m [90mhttps://tx-creditcard.danalpay.com/credit/?CPID=A010037544&DATA=8kvDIwvdID7NWcBMND4uDe33RJrSSPNpQgt01G2v1Ch1VHJjc6pNG5Cjp%2BuBAi8IUELi93Iqlq3hdO%2BoS1%2FZ%2B9v12RQ%2Fnde0JdMfq2L3tdGl0Zqmv8jNYmovhafK5V9t[39m  
  200 OK [90mâ˜…[39m 1573ms [90mtime[39m [90mâ˜…[39m 457B[90mâ†‘[39m 382B[90mâ†“[39m [90msize[39m [90mâ˜…[39m 9[90mâ†‘[39m 4[90mâ†“[39m [90mheaders[39m [90mâ˜…[39m 0 [90mcookies[39m
  [37mâ”Œ[39m [37mâ†“[39m text/plain [90mâ˜…[39m text [90mâ˜…[39m plain [90mâ˜…[39m euc-kr [90mâ˜…[39m 249B
[90m  [37mâ”‚[90m DATA=bH6El5elON5883LB3RlfF1OF1H8eZTXv49wXL8%2FAVeVzhHU[39m
[90m  [37mâ”‚[90m 5sdes40grvKmzi%2BrXpEcmh7jL8tvQ8yMKlifmp5T5R1FRkWMs7ju[39m
[90m  [37mâ”‚[90m GYeUZtaxoOhC4liNvPCYKAHiol1G03wgCkk4gwbRSPhg0pRk3Ks3KW[39m
[90m  [37mâ”‚[90m yVVQsWrVebq5kJNtjN5Cm4t4rTFuZYNNVWR6%2BXSNge6nPYCr1Qdo[39m
[90m  [37mâ”‚[90m elnHR6IK69AxEAJK6FXNHXQDjtu23w%3D[39m
[90m[39m[37m  â””[39m
  [37mprepare[39m   [37mwait[39m    [37mdns-lookup[39m   [37mtcp-handshake[39m   [37mssl-handshake[39m   [37mtransfer-start[39m   [37mdownload[39m   [37mprocess[39m   [37mtotal[39m  
  [90m533Âµs[39m     [90m236Âµs[39m   [90m(cache)[39m      [90m(cache)[39m         [90m(cache)[39m         [90m1571ms[39m           [90m649Âµs[39m      [90m24Âµs[39m      [90m1572ms[39m 

[33m  â”Œ[39m
[33m[39m[90m  [33mâ”‚[90m [90m`Using "CryptoJS" is deprecated. Use "require('cr[39m
[90m  [33mâ”‚[90m ypto-js')" instead.`[90m[39m
[90m[39m[90m  [90mâ”‚[90m [90m'ë³µí˜¸í™” ê²°ê³¼ : '[90m[37m, [90m[90m'RETURNCODE=0000[39m
[90m  [90mâ”‚[90m &RETURNMSG=%BC%BA%B0%F8&BALANCE=0&O_TID=20260107032507[39m
[90m  [90mâ”‚[90m 4067233400&TID=202601070325088517243400&TRANTIME=03250[39m
[90m  [90mâ”‚[90m 8&TRANDATE=20260107&AMOUNT=301&DEPOSIT_AMT=0'[90m[39m
[90m[39m[90m  â””[39m
[90m[39m[32m  âˆš [39m [90mê²°ê³¼ì½”ë“œ(RETURNCODE) ì •ìƒì¶œë ¥[39m
[32m  âˆš [39m [90mê²°ê³¼ë©”ì„¸ì§€(RETURNMSG) ì •ìƒì¶œë ¥[39m
[32m  âˆš [39m [90mì·¨ì†Œ í›„ ì”ì•¡(BALANCE) ì •ìƒì¶œë ¥[39m
[32m  âˆš [39m [90më‹¤ë‚  ì› ê±°ë˜ í‚¤(O_TID) ì •ìƒì¶œë ¥[39m
[32m  âˆš [39m [90më‹¤ë‚  ê±°ë˜ í‚¤(TID) ì •ìƒì¶œë ¥[39m
[32m  âˆš [39m [90mìŠ¹ì¸ ë°œìƒì‹œê°„(TRANTIME) ì •ìƒì¶œë ¥[39m
[32m  âˆš [39m [90mìŠ¹ì¸ ë°œìƒì¼ì(TRANDATE)[39m
[32m  âˆš [39m [90mìŠ¹ì¸ ì·¨ì†Œ ê¸ˆì•¡(AMOUNT) ì •ìƒì¶œë ¥[39m
[32m  âˆš [39m [90mì»µ ë³´ì¦ê¸ˆ(DEPOSIT_AMT) ì •ìƒì¶œë ¥[39m

â–¡ [0mì‹ í•œì¹´ë“œ[0m
â”” [0mì •ê¸°ê²°ì œ ìš”ì²­ (OTBILL)[0m
[33m  â”Œ[39m
[33m[39m[90m  [33mâ”‚[90m [90m`Using "CryptoJS" is deprecated. Use "require('cr[39m
[90m  [33mâ”‚[90m ypto-js')" instead.`[90m[39m
[90m[39m[33m  â””[39m
[33m[39m  [90mPOST[39m [90mhttps://tx-creditcard.danalpay.com/credit/?CPID=A010037544&DATA=wcpoTy27mkzR%2FoCmuhu%2BEL1VevUN6wQgs96fAg0NJdKChw9Ccm7hXXJcj%2FUGj%2Bb8z5dq8TvydwIj3RXPjUXi4KzQHH0ZG0DZA03Udge2eI0IsrkEsoTSxKLbYyq5iCvbykTt6GhW9hCDbp8fHC1zGJEYvBJNsjEqz2X9zw2JzcfXTTxRRh%2BjuC1%2BxTb3aJM2weIs3zf7UG56%2FZflpkMYeg%3D%3D[39m  
  200 OK [90mâ˜…[39m 1429ms [90mtime[39m [90mâ˜…[39m 553B[90mâ†‘[39m 562B[90mâ†“[39m [90msize[39m [90mâ˜…[39m 9[90mâ†‘[39m 4[90mâ†“[39m [90mheaders[39m [90mâ˜…[39m 0 [90mcookies[39m
  [37mâ”Œ[39m [37mâ†“[39m text/plain [90mâ˜…[39m text [90mâ˜…[39m plain [90mâ˜…[39m euc-kr [90mâ˜…[39m 429B
[90m  [37mâ”‚[90m DATA=bH6El5elON5883LB3RlfF1OF1H8eZTXv49wXL8%2FAVeUOrT2[39m
[90m  [37mâ”‚[90m zbTtZtAh642sVeJ6SFDScsYvg4YcySL%2B5NLVNtgajIlwiSgIYcRP[39m
[90m  [37mâ”‚[90m %2BZ35Q591QIH5ybAfTIHWU3cTHZ3YecZCyiPpAAbZR9T35KAW3Y09[39m
[90m  [37mâ”‚[90m CY7QKt7IXRcIiMzqi1lXEyHaODplkMVeG2kjGpTdPA6ubDMG9VpTqH[39m
[90m  [37mâ”‚[90m yvL7CB6urLiiLDxS3sEzk3fH4G0BVQmqR8LxwKj%2BMJ3BL759QXpr[39m
[90m  [37mâ”‚[90m Q6iOnJdob7lBzjCG4i31fzfDWxBlx55mEkE0ofwudNvV0CmhXzTooT[39m
[90m  [37mâ”‚[90m MXTIJ7k%2BWOpwDwLo9zmdOU5pFrvIJHp%2BlIzcXCyB5IlPDUcAx1[39m
[90m  [37mâ”‚[90m 3gsGi3huiWfYgltChZFRgrOvKV10YfA9N2POyYgGg8IUw%3D%3D[39m
[90m[39m[37m  â””[39m
  [37mprepare[39m   [37mwait[39m    [37mdns-lookup[39m   [37mtcp-handshake[39m   [37mssl-handshake[39m   [37mtransfer-start[39m   [37mdownload[39m   [37mprocess[39m   [37mtotal[39m  
  [90m658Âµs[39m     [90m154Âµs[39m   [90m(cache)[39m      [90m(cache)[39m         [90m(cache)[39m         [90m1427ms[39m           [90m894Âµs[39m      [90m35Âµs[39m      [90m1429ms[39m 

[33m  â”Œ[39m
[33m[39m[90m  [33mâ”‚[90m [90m`Using "CryptoJS" is deprecated. Use "require('cr[39m
[90m  [33mâ”‚[90m ypto-js')" instead.`[90m[39m
[90m[39m[90m  [90mâ”‚[90m [90m'ë³µí˜¸í™” ê²°ê³¼ : '[90m[37m, [90m[90m'RETURNCODE=0000[39m
[90m  [90mâ”‚[90m &RETURNMSG=%BC%BA%B0%F8&CARDCODE=0100&USERPHONE=&QUOTA[39m
[90m  [90mâ”‚[90m =00&TRANTIME=032511&TRANDATE=20260107&AMOUNT=301&ITEMN[39m
[90m  [90mâ”‚[90m AME=apiautotest&DEPOSIT_AMT=0&TID=20260107032510584725[39m
[90m  [90mâ”‚[90m 3400&ORDERID=&CARDNO=451842******5446&CARDAUTHNO=01335[39m
[90m  [90mâ”‚[90m 055&CARDNAME=%BD%C5%C7%D1%C4%AB%B5%E5&USERNAME=&USERID[39m
[90m  [90mâ”‚[90m =hnkim'[90m[39m
[90m[39m[90m  â””[39m
[90m[39m[32m  âˆš [39m [90mê²°ê³¼ì½”ë“œ(RETURNCODE) ì •ìƒì¶œë ¥[39m
[32m  âˆš [39m [90mê²°ê³¼ë©”ì„¸ì§€(RETURNMSG) ì •ìƒì¶œë ¥[39m
[32m  âˆš [39m [90mì¹´ë“œì‚¬ ì½”ë“œ(CARDCODE ì •ìƒì¶œë ¥[39m
[32m  âˆš [39m [90mêµ¬ë§¤ì ì „í™”ë²ˆí˜¸(USERPHONE) ë¹ˆê°’ í™•ì¸[39m
[32m  âˆš [39m [90mí• ë¶€ ê°œì›” ìˆ˜(QUOTA) ì •ìƒì¶œë ¥[39m
[32m  âˆš [39m [90më§¤ì¶œ ë°œìƒì‹œê°„(TRANTIME) Â±5ì´ˆ ì´ë‚´ ê²€ì¦[39m
[32m  âˆš [39m [90më§¤ì¶œ ë°œìƒì¼ì(TRANDATE) ì •ìƒì¶œë ¥[39m
[32m  âˆš [39m [90mìŠ¹ì¸ê¸ˆì•¡(AMOUNT) ì •ìƒì¶œë ¥[39m
[32m  âˆš [39m [90mìƒí’ˆëª…(ITEMNAME) ì •ìƒì¶œë ¥[39m
[32m  âˆš [39m [90mì»µ ë³´ì¦ê¸ˆ(DEPOSIT_AMT) ì •ìƒì¶œë ¥[39m
[32m  âˆš [39m [90më‹¤ë‚  ê±°ë˜ í‚¤(TID) ì •ìƒì¶œë ¥[39m
[32m  âˆš [39m [90mê°€ë§¹ì  ì£¼ë¬¸ë²ˆí˜¸(ORDERID) ë¹ˆê°’ í™•ì¸[39m
[32m  âˆš [39m [90mì¹´ë“œë²ˆí˜¸(CARDNO) ì •ìƒì¶œë ¥[39m
[32m  âˆš [39m [90mê±°ë˜ ìŠ¹ì¸ ë²ˆí˜¸(CARDAUTHNO) ì •ìƒì¶œë ¥[39m
[32m  âˆš [39m [90mì¹´ë“œì‚¬ ëª…(CARDNAME) ì •ìƒì¶œë ¥[39m
[32m  âˆš [39m [90mêµ¬ë§¤ì ì´ë¦„(USERNAME) ì •ìƒì¶œë ¥[39m
[32m  âˆš [39m [90mêµ¬ë§¤ì ID(USERID) ì •ìƒì¶œë ¥[39m

â”” [0mì¹´ë“œ ìŠ¹ì¸ ì·¨ì†Œ (BILLCANCEL)[0m
[33m  â”Œ[39m
[33m[39m[90m  [33mâ”‚[90m [90m`Using "CryptoJS" is deprecated. Use "require('cr[39m
[90m  [33mâ”‚[90m ypto-js')" instead.`[90m[39m
[90m[39m[33m  â””[39m
[33m[39m  [90mPOST[39m [90mhttps://tx-creditcard.danalpay.com/credit/?CPID=A010037544&DATA=8kvDIwvdID7NWcBMND4uDcZ2uBvShwscZSjr6iUOnb9cRWt1Zb2I%2Fk8tXfkkGDtNu6vWoAxnvNz6ED1CUPHm1nYGnEuvfdsg%2FiaB5M2QuKfwoI%2BbmDKRAmJyc9WSx%2Bv8[39m  
  200 OK [90mâ˜…[39m 1356ms [90mtime[39m [90mâ˜…[39m 455B[90mâ†‘[39m 388B[90mâ†“[39m [90msize[39m [90mâ˜…[39m 9[90mâ†‘[39m 4[90mâ†“[39m [90mheaders[39m [90mâ˜…[39m 0 [90mcookies[39m
  [37mâ”Œ[39m [37mâ†“[39m text/plain [90mâ˜…[39m text [90mâ˜…[39m plain [90mâ˜…[39m euc-kr [90mâ˜…[39m 255B
[90m  [37mâ”‚[90m DATA=bH6El5elON5883LB3RlfF1OF1H8eZTXv49wXL8%2FAVeVzhHU[39m
[90m  [37mâ”‚[90m 5sdes40grvKmzi%2BrXpEcmh7jL8tvQ8yMKlifmp3Uxd8A1Wa61HzP[39m
[90m  [37mâ”‚[90m EC4Szo%2FogDUB%2FERME%2Bln8I%2BCbeXDOYk1OfMtfvnvdvJsgp[39m
[90m  [37mâ”‚[90m W2quF0zYFzgCVGPpAOyZKeKIbBCDvkbWHkCxTpIv6CVmKfh56TJqVo[39m
[90m  [37mâ”‚[90m 1fea9Wsb4ttaBseZhjxTVQjrAwAmy6N3jNtI%3D[39m
[90m[39m[37m  â””[39m
  [37mprepare[39m   [37mwait[39m    [37mdns-lookup[39m   [37mtcp-handshake[39m   [37mssl-handshake[39m   [37mtransfer-start[39m   [37mdownload[39m   [37mprocess[39m   [37mtotal[39m  
  [90m891Âµs[39m     [90m320Âµs[39m   [90m(cache)[39m      [90m(cache)[39m         [90m(cache)[39m         [90m1354ms[39m           [90m837Âµs[39m      [90m53Âµs[39m      [90m1356ms[39m 

[33m  â”Œ[39m
[33m[39m[90m  [33mâ”‚[90m [90m`Using "CryptoJS" is deprecated. Use "require('cr[39m
[90m  [33mâ”‚[90m ypto-js')" instead.`[90m[39m
[90m[39m[90m  [90mâ”‚[90m [90m'ë³µí˜¸í™” ê²°ê³¼ : '[90m[37m, [90m[90m'RETURNCODE=0000[39m
[90m  [90mâ”‚[90m &RETURNMSG=%BC%BA%B0%F8&BALANCE=0&O_TID=20260107032510[39m
[90m  [90mâ”‚[90m 5847253400&TID=202601070325121347273400&TRANTIME=03251[39m
[90m  [90mâ”‚[90m 1&TRANDATE=20260107&AMOUNT=301&DEPOSIT_AMT=0'[90m[39m
[90m[39m[90m  â””[39m
[90m[39m[32m  âˆš [39m [90mê²°ê³¼ì½”ë“œ(RETURNCODE) ì •ìƒì¶œë ¥[39m
[32m  âˆš [39m [90mê²°ê³¼ë©”ì„¸ì§€(RETURNMSG) ì •ìƒì¶œë ¥[39m
[32m  âˆš [39m [90mì·¨ì†Œ í›„ ì”ì•¡(BALANCE) ì •ìƒì¶œë ¥[39m
[32m  âˆš [39m [90më‹¤ë‚  ì› ê±°ë˜ í‚¤(O_TID) ì •ìƒì¶œë ¥[39m
[32m  âˆš [39m [90më‹¤ë‚  ê±°ë˜ í‚¤(TID) ì •ìƒì¶œë ¥[39m
[32m  âˆš [39m [90mìŠ¹ì¸ ë°œìƒì‹œê°„(TRANTIME) ì •ìƒì¶œë ¥[39m
[32m  âˆš [39m [90mìŠ¹ì¸ ë°œìƒì¼ì(TRANDATE)[39m
[32m  âˆš [39m [90mìŠ¹ì¸ ì·¨ì†Œ ê¸ˆì•¡(AMOUNT) ì •ìƒì¶œë ¥[39m
[32m  âˆš [39m [90mì»µ ë³´ì¦ê¸ˆ(DEPOSIT_AMT) ì •ìƒì¶œë ¥[39m

â–¡ [0më†í˜‘ì¹´ë“œ[0m
â”” [0mì •ê¸°ê²°ì œ ìš”ì²­ (OTBILL)[0m
[33m  â”Œ[39m
[33m[39m[90m  [33mâ”‚[90m [90m`Using "CryptoJS" is deprecated. Use "require('cr[39m
[90m  [33mâ”‚[90m ypto-js')" instead.`[90m[39m
[90m[39m[33m  â””[39m
[33m[39m  [90mPOST[39m [90mhttps://tx-creditcard.danalpay.com/credit/?CPID=A010037544&DATA=wcpoTy27mkzR%2FoCmuhu%2BEL1VevUN6wQgs96fAg0NJdKChw9Ccm7hXXJcj%2FUGj%2Bb8z5dq8TvydwIj3RXPjUXi4KzQHH0ZG0DZA03Udge2eI0IsrkEsoTSxKLbYyq5iCvbykTt6GhW9hCDbp8fHC1zGJEYvBJNsjEqz2X9zw2JzcfqMk1YAIjfTKOzEfoXN7bENBxmDICbQksXQP2fAKPCnw%3D%3D[39m  
  200 OK [90mâ˜…[39m 1513ms [90mtime[39m [90mâ˜…[39m 547B[90mâ†‘[39m 566B[90mâ†“[39m [90msize[39m [90mâ˜…[39m 9[90mâ†‘[39m 4[90mâ†“[39m [90mheaders[39m [90mâ˜…[39m 0 [90mcookies[39m
  [37mâ”Œ[39m [37mâ†“[39m text/plain [90mâ˜…[39m text [90mâ˜…[39m plain [90mâ˜…[39m euc-kr [90mâ˜…[39m 433B
[90m  [37mâ”‚[90m DATA=bH6El5elON5883LB3RlfF1OF1H8eZTXv49wXL8%2FAVeUOrT2[39m
[90m  [37mâ”‚[90m zbTtZtAh642sVeJ6ScL28iAqB5BoFjukygA67mUC2F05DBPFFDzRQv[39m
[90m  [37mâ”‚[90m E%2FTqj%2BW7dYsi3zhfBcX9T%2FJq8K6HVbozYKBHQ38os97S6p7S[39m
[90m  [37mâ”‚[90m oGNdbyMzuUdcU7ab9UTTg6wlxv8UbzFJWOYf9WG2pKBLB6T9RjXfNL[39m
[90m  [37mâ”‚[90m RnVOHKFxPpU5Mjq4vmnfHRrZaVUY%2FYUjleeGa27MPEgMtUX5Hdjg[39m
[90m  [37mâ”‚[90m EVIRFnV42pfCy6lM0QxHwMbyH1mDE3l%2Fivkqqa9i0V4utciRM6VC[39m
[90m  [37mâ”‚[90m QxaIgx6nD2FqXIn0Numi4jlovdIpkIpx3kSJM9%2Fg3md3uwUd3bhw[39m
[90m  [37mâ”‚[90m IqInPgwGsVpwY24KzQsKCNug1ppPlcx442MIcggV%2B7kzvFA%3D%3[39m
[90m  [37mâ”‚[90m D[39m
[90m[39m[37m  â””[39m
  [37mprepare[39m   [37mwait[39m    [37mdns-lookup[39m   [37mtcp-handshake[39m   [37mssl-handshake[39m   [37mtransfer-start[39m   [37mdownload[39m   [37mprocess[39m   [37mtotal[39m  
  [90m552Âµs[39m     [90m219Âµs[39m   [90m(cache)[39m      [90m(cache)[39m         [90m(cache)[39m         [90m1511ms[39m           [90m841Âµs[39m      [90m62Âµs[39m      [90m1512ms[39m 

[33m  â”Œ[39m
[33m[39m[90m  [33mâ”‚[90m [90m`Using "CryptoJS" is deprecated. Use "require('cr[39m
[90m  [33mâ”‚[90m ypto-js')" instead.`[90m[39m
[90m[39m[90m  [90mâ”‚[90m [90m'ë³µí˜¸í™” ê²°ê³¼ : '[90m[37m, [90m[90m'RETURNCODE=0000[39m
[90m  [90mâ”‚[90m &RETURNMSG=%BC%BA%B0%F8&CARDCODE=0800&USERPHONE=&QUOTA[39m
[90m  [90mâ”‚[90m =00&TRANTIME=032515&TRANDATE=20260107&AMOUNT=301&ITEMN[39m
[90m  [90mâ”‚[90m AME=apiautotest&DEPOSIT_AMT=0&TID=20260107032513663729[39m
[90m  [90mâ”‚[90m 3400&ORDERID=&CARDNO=542586******3820&CARDAUTHNO=54901[39m
[90m  [90mâ”‚[90m 835&CARDNAME=NH%B3%F3%C7%F9%C4%AB%B5%E5&USERNAME=&USER[39m
[90m  [90mâ”‚[90m ID=hnkim'[90m[39m
[90m[39m[90m  â””[39m
[90m[39m[32m  âˆš [39m [90mê²°ê³¼ì½”ë“œ(RETURNCODE) ì •ìƒì¶œë ¥[39m
[32m  âˆš [39m [90mê²°ê³¼ë©”ì„¸ì§€(RETURNMSG) ì •ìƒì¶œë ¥[39m
[32m  âˆš [39m [90mì¹´ë“œì‚¬ ì½”ë“œ(CARDCODE ì •ìƒì¶œë ¥[39m
[32m  âˆš [39m [90mêµ¬ë§¤ì ì „í™”ë²ˆí˜¸(USERPHONE) ë¹ˆê°’ í™•ì¸[39m
[32m  âˆš [39m [90mí• ë¶€ ê°œì›” ìˆ˜(QUOTA) ì •ìƒì¶œë ¥[39m
[32m  âˆš [39m [90më§¤ì¶œ ë°œìƒì‹œê°„(TRANTIME) Â±5ì´ˆ ì´ë‚´ ê²€ì¦[39m
[32m  âˆš [39m [90më§¤ì¶œ ë°œìƒì¼ì(TRANDATE) ì •ìƒì¶œë ¥[39m
[32m  âˆš [39m [90mìŠ¹ì¸ê¸ˆì•¡(AMOUNT) ì •ìƒì¶œë ¥[39m
[32m  âˆš [39m [90mìƒí’ˆëª…(ITEMNAME) ì •ìƒì¶œë ¥[39m
[32m  âˆš [39m [90mì»µ ë³´ì¦ê¸ˆ(DEPOSIT_AMT) ì •ìƒì¶œë ¥[39m
[32m  âˆš [39m [90më‹¤ë‚  ê±°ë˜ í‚¤(TID) ì •ìƒì¶œë ¥[39m
[32m  âˆš [39m [90mê°€ë§¹ì  ì£¼ë¬¸ë²ˆí˜¸(ORDERID) ë¹ˆê°’ í™•ì¸[39m
[32m  âˆš [39m [90mì¹´ë“œë²ˆí˜¸(CARDNO) ì •ìƒì¶œë ¥[39m
[32m  âˆš [39m [90mê±°ë˜ ìŠ¹ì¸ ë²ˆí˜¸(CARDAUTHNO) ì •ìƒì¶œë ¥[39m
[32m  âˆš [39m [90mì¹´ë“œì‚¬ ëª…(CARDNAME) ì •ìƒì¶œë ¥[39m
[32m  âˆš [39m [90mêµ¬ë§¤ì ì´ë¦„(USERNAME) ì •ìƒì¶œë ¥[39m
[32m  âˆš [39m [90mêµ¬ë§¤ì ID(USERID) ì •ìƒì¶œë ¥[39m

â”” [0mì¹´ë“œ ìŠ¹ì¸ ì·¨ì†Œ (BILLCANCEL)[0m
[33m  â”Œ[39m
[33m[39m[90m  [33mâ”‚[90m [90m`Using "CryptoJS" is deprecated. Use "require('cr[39m
[90m  [33mâ”‚[90m ypto-js')" instead.`[90m[39m
[90m[39m[33m  â””[39m
[33m[39m  [90mPOST[39m [90mhttps://tx-creditcard.danalpay.com/credit/?CPID=A010037544&DATA=8kvDIwvdID7NWcBMND4uDf%2FMHLaNC5Tyj6z2p3dkcXu2cOkbvfkET2rDdYzxCRXy5qbQ5ACm%2B3BPx644MipLtLmadQNYE7slOwHF%2FFm3e%2Fu83n686cRbv6jeeX9W%2F6O8[39m  
  200 OK [90mâ˜…[39m 1507ms [90mtime[39m [90mâ˜…[39m 457B[90mâ†‘[39m 384B[90mâ†“[39m [90msize[39m [90mâ˜…[39m 9[90mâ†‘[39m 4[90mâ†“[39m [90mheaders[39m [90mâ˜…[39m 0 [90mcookies[39m
  [37mâ”Œ[39m [37mâ†“[39m text/plain [90mâ˜…[39m text [90mâ˜…[39m plain [90mâ˜…[39m euc-kr [90mâ˜…[39m 251B
[90m  [37mâ”‚[90m DATA=bH6El5elON5883LB3RlfF1OF1H8eZTXv49wXL8%2FAVeVzhHU[39m
[90m  [37mâ”‚[90m 5sdes40grvKmzi%2BrXpEcmh7jL8tvQ8yMKlifmp1hbiodST9EBqYZ[39m
[90m  [37mâ”‚[90m aaTiy3T8ajvHz7%2FFvDfi8ZGwqWKiCbFNn6MUCMOak8sB4TPWDebf[39m
[90m  [37mâ”‚[90m 6wSTC39m4VBTYclH3xagKnO5nkHDmSN164PgPAQE9K157dtdS%2FwC[39m
[90m  [37mâ”‚[90m Xi0qG5a8g6JzlHLwb17s5wkvwCMmi8fg%3D[39m
[90m[39m[37m  â””[39m
  [37mprepare[39m   [37mwait[39m    [37mdns-lookup[39m   [37mtcp-handshake[39m   [37mssl-handshake[39m   [37mtransfer-start[39m   [37mdownload[39m   [37mprocess[39m   [37mtotal[39m  
  [90m495Âµs[39m     [90m204Âµs[39m   [90m(cache)[39m      [90m(cache)[39m         [90m(cache)[39m         [90m1506ms[39m           [90m547Âµs[39m      [90m25Âµs[39m      [90m1507ms[39m 

[33m  â”Œ[39m
[33m[39m[90m  [33mâ”‚[90m [90m`Using "CryptoJS" is deprecated. Use "require('cr[39m
[90m  [33mâ”‚[90m ypto-js')" instead.`[90m[39m
[90m[39m[90m  [90mâ”‚[90m [90m'ë³µí˜¸í™” ê²°ê³¼ : '[90m[37m, [90m[90m'RETURNCODE=0000[39m
[90m  [90mâ”‚[90m &RETURNMSG=%BC%BA%B0%F8&BALANCE=0&O_TID=20260107032513[39m
[90m  [90mâ”‚[90m 6637293400&TID=202601070325153437313400&TRANTIME=03251[39m
[90m  [90mâ”‚[90m 5&TRANDATE=20260107&AMOUNT=301&DEPOSIT_AMT=0'[90m[39m
[90m[39m[90m  â””[39m
[90m[39m[32m  âˆš [39m [90mê²°ê³¼ì½”ë“œ(RETURNCODE) ì •ìƒì¶œë ¥[39m
[32m  âˆš [39m [90mê²°ê³¼ë©”ì„¸ì§€(RETURNMSG) ì •ìƒì¶œë ¥[39m
[32m  âˆš [39m [90mì·¨ì†Œ í›„ ì”ì•¡(BALANCE) ì •ìƒì¶œë ¥[39m
[32m  âˆš [39m [90më‹¤ë‚  ì› ê±°ë˜ í‚¤(O_TID) ì •ìƒì¶œë ¥[39m
[32m  âˆš [39m [90më‹¤ë‚  ê±°ë˜ í‚¤(TID) ì •ìƒì¶œë ¥[39m
[32m  âˆš [39m [90mìŠ¹ì¸ ë°œìƒì‹œê°„(TRANTIME) ì •ìƒì¶œë ¥[39m
[32m  âˆš [39m [90mìŠ¹ì¸ ë°œìƒì¼ì(TRANDATE)[39m
[32m  âˆš [39m [90mìŠ¹ì¸ ì·¨ì†Œ ê¸ˆì•¡(AMOUNT) ì •ìƒì¶œë ¥[39m
[32m  âˆš [39m [90mì»µ ë³´ì¦ê¸ˆ(DEPOSIT_AMT) ì •ìƒì¶œë ¥[39m

â–¡ [0mêµ­ë¯¼ì¹´ë“œ[0m
â”” [0mì •ê¸°ê²°ì œ ìš”ì²­ (OTBILL)[0m
[33m  â”Œ[39m
[33m[39m[90m  [33mâ”‚[90m [90m`Using "CryptoJS" is deprecated. Use "require('cr[39m
[90m  [33mâ”‚[90m ypto-js')" instead.`[90m[39m
[90m[39m[33m  â””[39m
[33m[39m  [90mPOST[39m [90mhttps://tx-creditcard.danalpay.com/credit/?CPID=A010037544&DATA=wcpoTy27mkzR%2FoCmuhu%2BEL1VevUN6wQgs96fAg0NJdKChw9Ccm7hXXJcj%2FUGj%2Bb8z5dq8TvydwIj3RXPjUXi4KzQHH0ZG0DZA03Udge2eI0IsrkEsoTSxKLbYyq5iCvbykTt6GhW9hCDbp8fHC1zGJEYvBJNsjEqz2X9zw2JzccTXfPyWymzriWFq4iqdmp99Wj2bHxTvGvcdoWGjKzABQ%3D%3D[39m  
  200 OK [90mâ˜…[39m 1332ms [90mtime[39m [90mâ˜…[39m 547B[90mâ†‘[39m 576B[90mâ†“[39m [90msize[39m [90mâ˜…[39m 9[90mâ†‘[39m 4[90mâ†“[39m [90mheaders[39m [90mâ˜…[39m 0 [90mcookies[39m
  [37mâ”Œ[39m [37mâ†“[39m text/plain [90mâ˜…[39m text [90mâ˜…[39m plain [90mâ˜…[39m euc-kr [90mâ˜…[39m 443B
[90m  [37mâ”‚[90m DATA=bH6El5elON5883LB3RlfF1OF1H8eZTXv49wXL8%2FAVeUOrT2[39m
[90m  [37mâ”‚[90m zbTtZtAh642sVeJ6Sm%2B6GBY9kJQrtcSXyYFxE9ezCIGNm17lww00[39m
[90m  [37mâ”‚[90m zN2MOnp7B7uwxO4ZSyvbxF4L0D%2BcX8HkQIS2RJi964kBaJfTdfPO[39m
[90m  [37mâ”‚[90m 05DNpyy7HnHoSC%2BK5Yq2sBjuiKDDOLjMk1M0yjZfEEbQTksWG5HR[39m
[90m  [37mâ”‚[90m TLLuqGhAcK98Bq56CvbxKdVwCR%2F1omobxlS8MkQjex6BcrHpUks9[39m
[90m  [37mâ”‚[90m DHtt%2BmeYaq0hXDV%2Fh8r%2FOodFS9%2BtKTHOlcp86qAp%2Fude[39m
[90m  [37mâ”‚[90m %2Fp0YRiePQ4kXB%2FcvtRQBjeZzgg8zXgf3Jc%2FeWKndur9ESuXW[39m
[90m  [37mâ”‚[90m au4MVPwFFSUsejisRumMt6A5bLe3XKEhvRx6Czr8BU8MdTJOsOSpoY[39m
[90m  [37mâ”‚[90m HKcYg%3D%3D[39m
[90m[39m[37m  â””[39m
  [37mprepare[39m   [37mwait[39m    [37mdns-lookup[39m   [37mtcp-handshake[39m   [37mssl-handshake[39m   [37mtransfer-start[39m   [37mdownload[39m   [37mprocess[39m   [37mtotal[39m  
  [90m573Âµs[39m     [90m300Âµs[39m   [90m(cache)[39m      [90m(cache)[39m         [90m(cache)[39m         [90m1330ms[39m           [90m573Âµs[39m      [90m18Âµs[39m      [90m1331ms[39m 

[33m  â”Œ[39m
[33m[39m[90m  [33mâ”‚[90m [90m`Using "CryptoJS" is deprecated. Use "require('cr[39m
[90m  [33mâ”‚[90m ypto-js')" instead.`[90m[39m
[90m[39m[90m  [90mâ”‚[90m [90m'ë³µí˜¸í™” ê²°ê³¼ : '[90m[37m, [90m[90m'RETURNCODE=0000[39m
[90m  [90mâ”‚[90m &RETURNMSG=%BC%BA%B0%F8&CARDCODE=0300&USERPHONE=&QUOTA[39m
[90m  [90mâ”‚[90m =00&TRANTIME=032518&TRANDATE=20260107&AMOUNT=301&ITEMN[39m
[90m  [90mâ”‚[90m AME=apiautotest&DEPOSIT_AMT=0&TID=20260107032517010735[39m
[90m  [90mâ”‚[90m 3400&ORDERID=&CARDNO=540926******6041&CARDAUTHNO=30030[39m
[90m  [90mâ”‚[90m 135&CARDNAME=KB%B1%B9%B9%CE%C4%AB%B5%E5&USERNAME=&USER[39m
[90m  [90mâ”‚[90m ID=hnkim'[90m[39m
[90m[39m[90m  â””[39m
[90m[39m[32m  âˆš [39m [90mê²°ê³¼ì½”ë“œ(RETURNCODE) ì •ìƒì¶œë ¥[39m
[32m  âˆš [39m [90mê²°ê³¼ë©”ì„¸ì§€(RETURNMSG) ì •ìƒì¶œë ¥[39m
[32m  âˆš [39m [90mì¹´ë“œì‚¬ ì½”ë“œ(CARDCODE ì •ìƒì¶œë ¥[39m
[32m  âˆš [39m [90mêµ¬ë§¤ì ì „í™”ë²ˆí˜¸(USERPHONE) ë¹ˆê°’ í™•ì¸[39m
[32m  âˆš [39m [90mí• ë¶€ ê°œì›” ìˆ˜(QUOTA) ì •ìƒì¶œë ¥[39m
[32m  âˆš [39m [90më§¤ì¶œ ë°œìƒì‹œê°„(TRANTIME) Â±5ì´ˆ ì´ë‚´ ê²€ì¦[39m
[32m  âˆš [39m [90më§¤ì¶œ ë°œìƒì¼ì(TRANDATE) ì •ìƒì¶œë ¥[39m
[32m  âˆš [39m [90mìŠ¹ì¸ê¸ˆì•¡(AMOUNT) ì •ìƒì¶œë ¥[39m
[32m  âˆš [39m [90mìƒí’ˆëª…(ITEMNAME) ì •ìƒì¶œë ¥[39m
[32m  âˆš [39m [90më³´ì¦ê¸ˆ ê¸ˆì•¡(DEPOSIT_AMT) ì •ìƒì¶œë ¥[39m
[32m  âˆš [39m [90më‹¤ë‚  ê±°ë˜ í‚¤(TID) ì •ìƒì¶œë ¥[39m
[32m  âˆš [39m [90mê°€ë§¹ì  ì£¼ë¬¸ë²ˆí˜¸(ORDERID) ë¹ˆê°’ í™•ì¸[39m
[32m  âˆš [39m [90mì¹´ë“œë²ˆí˜¸(CARDNO) ì •ìƒì¶œë ¥[39m
[32m  âˆš [39m [90mê±°ë˜ ìŠ¹ì¸ ë²ˆí˜¸(CARDAUTHNO) ì •ìƒì¶œë ¥[39m
[32m  âˆš [39m [90mì¹´ë“œì‚¬ ëª…(CARDNAME) ì •ìƒì¶œë ¥[39m
[32m  âˆš [39m [90mêµ¬ë§¤ì ì´ë¦„(USERNAME) ì •ìƒì¶œë ¥[39m
[32m  âˆš [39m [90mêµ¬ë§¤ì ID(USERID) ì •ìƒì¶œë ¥[39m

â”” [0mì¹´ë“œ ìŠ¹ì¸ ì·¨ì†Œ (BILLCANCEL)[0m
[33m  â”Œ[39m
[33m[39m[90m  [33mâ”‚[90m [90m`Using "CryptoJS" is deprecated. Use "require('cr[39m
[90m  [33mâ”‚[90m ypto-js')" instead.`[90m[39m
[90m[39m[33m  â””[39m
[33m[39m  [90mPOST[39m [90mhttps://tx-creditcard.danalpay.com/credit/?CPID=A010037544&DATA=8kvDIwvdID7NWcBMND4uDWqsmpqc8FApIZmS0W8PuDqf%2FNlZl7vooJCQquEx2mc55i2IaCescYtlTuaKfOADPvJ55EzFuj8nooR%2Bof7dJ28%2BbTO5ywhHeQhv7hegd%2B92[39m  
  200 OK [90mâ˜…[39m 1441ms [90mtime[39m [90mâ˜…[39m 455B[90mâ†‘[39m 386B[90mâ†“[39m [90msize[39m [90mâ˜…[39m 9[90mâ†‘[39m 4[90mâ†“[39m [90mheaders[39m [90mâ˜…[39m 0 [90mcookies[39m
  [37mâ”Œ[39m [37mâ†“[39m text/plain [90mâ˜…[39m text [90mâ˜…[39m plain [90mâ˜…[39m euc-kr [90mâ˜…[39m 253B
[90m  [37mâ”‚[90m DATA=bH6El5elON5883LB3RlfF1OF1H8eZTXv49wXL8%2FAVeVzhHU[39m
[90m  [37mâ”‚[90m 5sdes40grvKmzi%2BrXpEcmh7jL8tvQ8yMKlifmpy0CsGv3xHYGZcR[39m
[90m  [37mâ”‚[90m tg%2BXHFGYCDpEsDBHscLk9qXJQuKxYNR2cR6VQn6QfHNMdjt1oFmw[39m
[90m  [37mâ”‚[90m %2FOaTFFvbqlelDaxVqqB92thkc69hA6Lxkn3P9595vqxEsK4kAqK%[39m
[90m  [37mâ”‚[90m 2BIXMZuIYdz85Vc8O1WsZmepOXtoDxim2w%3D[39m
[90m[39m[37m  â””[39m
  [37mprepare[39m   [37mwait[39m    [37mdns-lookup[39m   [37mtcp-handshake[39m   [37mssl-handshake[39m   [37mtransfer-start[39m   [37mdownload[39m   [37mprocess[39m   [37mtotal[39m  
  [90m458Âµs[39m     [90m183Âµs[39m   [90m(cache)[39m      [90m(cache)[39m         [90m(cache)[39m         [90m1440ms[39m           [90m541Âµs[39m      [90m22Âµs[39m      [90m1441ms[39m 

[33m  â”Œ[39m
[33m[39m[90m  [33mâ”‚[90m [90m`Using "CryptoJS" is deprecated. Use "require('cr[39m
[90m  [33mâ”‚[90m ypto-js')" instead.`[90m[39m
[90m[39m[90m  [90mâ”‚[90m [90m'ë³µí˜¸í™” ê²°ê³¼ : '[90m[37m, [90m[90m'RETURNCODE=0000[39m
[90m  [90mâ”‚[90m &RETURNMSG=%BC%BA%B0%F8&BALANCE=0&O_TID=20260107032517[39m
[90m  [90mâ”‚[90m 0107353400&TID=202601070325185127373400&TRANTIME=03251[39m
[90m  [90mâ”‚[90m 8&TRANDATE=20260107&AMOUNT=301&DEPOSIT_AMT=0'[90m[39m
[90m[39m[90m  â””[39m
[90m[39m[32m  âˆš [39m [90mê²°ê³¼ì½”ë“œ(RETURNCODE) ì •ìƒì¶œë ¥[39m
[32m  âˆš [39m [90mê²°ê³¼ë©”ì„¸ì§€(RETURNMSG) ì •ìƒì¶œë ¥[39m
[32m  âˆš [39m [90mì·¨ì†Œ í›„ ì”ì•¡(BALANCE) ì •ìƒì¶œë ¥[39m
[32m  âˆš [39m [90më‹¤ë‚  ì› ê±°ë˜ í‚¤(O_TID) ì •ìƒì¶œë ¥[39m
[32m  âˆš [39m [90më‹¤ë‚  ê±°ë˜ í‚¤(TID) ì •ìƒì¶œë ¥[39m
[32m  âˆš [39m [90mìŠ¹ì¸ ë°œìƒì‹œê°„(TRANTIME) ì •ìƒì¶œë ¥[39m
[32m  âˆš [39m [90mìŠ¹ì¸ ë°œìƒì¼ì(TRANDATE)[39m
[32m  âˆš [39m [90mìŠ¹ì¸ ì·¨ì†Œ ê¸ˆì•¡(AMOUNT) ì •ìƒì¶œë ¥[39m
[32m  âˆš [39m [90mì»µ ë³´ì¦ê¸ˆ(DEPOSIT_AMT) ì •ìƒì¶œë ¥[39m

â–¡ [0mìš°ë¦¬BCì¹´ë“œ[0m
â”” [0mì •ê¸°ê²°ì œ ìš”ì²­ (OTBILL)[0m
[33m  â”Œ[39m
[33m[39m[90m  [33mâ”‚[90m [90m`Using "CryptoJS" is deprecated. Use "require('cr[39m
[90m  [33mâ”‚[90m ypto-js')" instead.`[90m[39m
[90m[39m[33m  â””[39m
[33m[39m  [90mPOST[39m [90mhttps://tx-creditcard.danalpay.com/credit/?CPID=A010037544&DATA=wcpoTy27mkzR%2FoCmuhu%2BEL1VevUN6wQgs96fAg0NJdKChw9Ccm7hXXJcj%2FUGj%2Bb8z5dq8TvydwIj3RXPjUXi4KzQHH0ZG0DZA03Udge2eI0IsrkEsoTSxKLbYyq5iCvbykTt6GhW9hCDbp8fHC1zGJEYvBJNsjEqz2X9zw2JzccVRR%2FtepSx6ESumfhyCleVEPVKGpunFtzDUwUlJoNVsg%3D%3D[39m  
  200 OK [90mâ˜…[39m 1899ms [90mtime[39m [90mâ˜…[39m 549B[90mâ†‘[39m 568B[90mâ†“[39m [90msize[39m [90mâ˜…[39m 9[90mâ†‘[39m 4[90mâ†“[39m [90mheaders[39m [90mâ˜…[39m 0 [90mcookies[39m
  [37mâ”Œ[39m [37mâ†“[39m text/plain [90mâ˜…[39m text [90mâ˜…[39m plain [90mâ˜…[39m euc-kr [90mâ˜…[39m 435B
[90m  [37mâ”‚[90m DATA=bH6El5elON5883LB3RlfF1OF1H8eZTXv49wXL8%2FAVeUOrT2[39m
[90m  [37mâ”‚[90m zbTtZtAh642sVeJ6SNrFX7MCwNAs4yihLk3Z9v21%2BybDcXzwxPi7[39m
[90m  [37mâ”‚[90m hJST13uEqFuCOON83nd0iSd%2BnxzY8Jh02xNYdLKsTuxAQe76AP2j[39m
[90m  [37mâ”‚[90m x0ratDBJIWHRAUTyTEn6js8qj4zVUiR5jwjKX%2BMOpLfH%2BSLbJv[39m
[90m  [37mâ”‚[90m w%2FcGZHrzsHyJI5XJ4%2F6J3YRipOUI31HMkwNCVgf9peDic3P6jN[39m
[90m  [37mâ”‚[90m SLryUl4VF7WOcYIWr2Xl54PJJ4N3iSuDtGPHqTmuim2WY7JpM86tM3[39m
[90m  [37mâ”‚[90m VshO7T844boXqSf7S5M5QQzy2FkdGVixrVQqGEiTTrVeJYaybDddfs[39m
[90m  [37mâ”‚[90m LnKEgQVfctlovyeapNiq0v5jM%2F6SUlEJtBtXsv%2FgKiuxhiA%3D[39m
[90m  [37mâ”‚[90m %3D[39m
[90m[39m[37m  â””[39m
  [37mprepare[39m   [37mwait[39m    [37mdns-lookup[39m   [37mtcp-handshake[39m   [37mssl-handshake[39m   [37mtransfer-start[39m   [37mdownload[39m   [37mprocess[39m   [37mtotal[39m  
  [90m486Âµs[39m     [90m294Âµs[39m   [90m(cache)[39m      [90m(cache)[39m         [90m(cache)[39m         [90m1898ms[39m           [90m423Âµs[39m      [90m22Âµs[39m      [90m1899ms[39m 

[33m  â”Œ[39m
[33m[39m[90m  [33mâ”‚[90m [90m`Using "CryptoJS" is deprecated. Use "require('cr[39m
[90m  [33mâ”‚[90m ypto-js')" instead.`[90m[39m
[90m[39m[90m  [90mâ”‚[90m [90m'ë³µí˜¸í™” ê²°ê³¼ : '[90m[37m, [90m[90m'RETURNCODE=0000[39m
[90m  [90mâ”‚[90m &RETURNMSG=%BC%BA%B0%F8&CARDCODE=0202&USERPHONE=&QUOTA[39m
[90m  [90mâ”‚[90m =00&TRANTIME=032521&TRANDATE=20260107&AMOUNT=301&ITEMN[39m
[90m  [90mâ”‚[90m AME=apiautotest&DEPOSIT_AMT=0&TID=20260107032520119740[39m
[90m  [90mâ”‚[90m 3400&ORDERID=&CARDNO=538920******1226&CARDAUTHNO=39133[39m
[90m  [90mâ”‚[90m 719&CARDNAME=%BF%EC%B8%AEBC%C4%AB%B5%E5&USERNAME=&USER[39m
[90m  [90mâ”‚[90m ID=hnkim'[90m[39m
[90m[39m[90m  â””[39m
[90m[39m[32m  âˆš [39m [90mê²°ê³¼ì½”ë“œ(RETURNCODE) ì •ìƒì¶œë ¥[39m
[32m  âˆš [39m [90mê²°ê³¼ë©”ì„¸ì§€(RETURNMSG) ì •ìƒì¶œë ¥[39m
[32m  âˆš [39m [90mì¹´ë“œì‚¬ ì½”ë“œ(CARDCODE ì •ìƒì¶œë ¥[39m
[32m  âˆš [39m [90mêµ¬ë§¤ì ì „í™”ë²ˆí˜¸(USERPHONE) ë¹ˆê°’ í™•ì¸[39m
[32m  âˆš [39m [90mí• ë¶€ ê°œì›” ìˆ˜(QUOTA) ì •ìƒì¶œë ¥[39m
[32m  âˆš [39m [90më§¤ì¶œ ë°œìƒì‹œê°„(TRANTIME) Â±5ì´ˆ ì´ë‚´ ê²€ì¦[39m
[32m  âˆš [39m [90më§¤ì¶œ ë°œìƒì¼ì(TRANDATE) ì •ìƒì¶œë ¥[39m
[32m  âˆš [39m [90mìŠ¹ì¸ê¸ˆì•¡(AMOUNT) ì •ìƒì¶œë ¥[39m
[32m  âˆš [39m [90mìƒí’ˆëª…(ITEMNAME) ì •ìƒì¶œë ¥[39m
[32m  âˆš [39m [90më³´ì¦ê¸ˆ ê¸ˆì•¡(DEPOSIT_AMT) ì •ìƒì¶œë ¥[39m
[32m  âˆš [39m [90më‹¤ë‚  ê±°ë˜ í‚¤(TID) ì •ìƒì¶œë ¥[39m
[32m  âˆš [39m [90mê°€ë§¹ì  ì£¼ë¬¸ë²ˆí˜¸(ORDERID) ë¹ˆê°’ í™•ì¸[39m
[32m  âˆš [39m [90mì¹´ë“œë²ˆí˜¸(CARDNO) ì •ìƒì¶œë ¥[39m
[32m  âˆš [39m [90mê±°ë˜ ìŠ¹ì¸ ë²ˆí˜¸(CARDAUTHNO) ì •ìƒì¶œë ¥[39m
[32m  âˆš [39m [90mì¹´ë“œì‚¬ ëª…(CARDNAME) ì •ìƒì¶œë ¥[39m
[32m  âˆš [39m [90mêµ¬ë§¤ì ì´ë¦„(USERNAME) ì •ìƒì¶œë ¥[39m
[32m  âˆš [39m [90mêµ¬ë§¤ì ID(USERID) ì •ìƒì¶œë ¥[39m

â”” [0mì¹´ë“œ ìŠ¹ì¸ ì·¨ì†Œ (BILLCANCEL)[0m
[33m  â”Œ[39m
[33m[39m[90m  [33mâ”‚[90m [90m`Using "CryptoJS" is deprecated. Use "require('cr[39m
[90m  [33mâ”‚[90m ypto-js')" instead.`[90m[39m
[90m[39m[33m  â””[39m
[33m[39m  [90mPOST[39m [90mhttps://tx-creditcard.danalpay.com/credit/?CPID=A010037544&DATA=8kvDIwvdID7NWcBMND4uDYmdqFH3aSyDX7KUlLWUbL%2FGctIfYj%2BQAFuK99yf7O3BILvLDvglAAm2%2BqHJghRJ0PGf%2BbftMUqPl9%2BeZqZoIftnZCnPIrjgNacLDdKmkkQM[39m  
  200 OK [90mâ˜…[39m 1374ms [90mtime[39m [90mâ˜…[39m 457B[90mâ†‘[39m 384B[90mâ†“[39m [90msize[39m [90mâ˜…[39m 9[90mâ†‘[39m 4[90mâ†“[39m [90mheaders[39m [90mâ˜…[39m 0 [90mcookies[39m
  [37mâ”Œ[39m [37mâ†“[39m text/plain [90mâ˜…[39m text [90mâ˜…[39m plain [90mâ˜…[39m euc-kr [90mâ˜…[39m 251B
[90m  [37mâ”‚[90m DATA=bH6El5elON5883LB3RlfF1OF1H8eZTXv49wXL8%2FAVeVzhHU[39m
[90m  [37mâ”‚[90m 5sdes40grvKmzi%2BrXpEcmh7jL8tvQ8yMKlifmp%2BRJXoLXYL4ay[39m
[90m  [37mâ”‚[90m tYyL7ruVwm2ZxlpzAKuhrvD1VilrRQ41mJhKpFsa9AcFBLPgMzge6e[39m
[90m  [37mâ”‚[90m PMS5oWPf%2FOHCcblcuJLvdrxtwIaVdqTWzOkmfrs8jKY2yVSZlnpn[39m
[90m  [37mâ”‚[90m Bb7guPdyHEhjMYD26Bsk7W6XvYMP4tVY%3D[39m
[90m[39m[37m  â””[39m
  [37mprepare[39m   [37mwait[39m    [37mdns-lookup[39m   [37mtcp-handshake[39m   [37mssl-handshake[39m   [37mtransfer-start[39m   [37mdownload[39m   [37mprocess[39m   [37mtotal[39m  
  [90m453Âµs[39m     [90m209Âµs[39m   [90m(cache)[39m      [90m(cache)[39m         [90m(cache)[39m         [90m1373ms[39m           [90m413Âµs[39m      [90m30Âµs[39m      [90m1374ms[39m 

[33m  â”Œ[39m
[33m[39m[90m  [33mâ”‚[90m [90m`Using "CryptoJS" is deprecated. Use "require('cr[39m
[90m  [33mâ”‚[90m ypto-js')" instead.`[90m[39m
[90m[39m[90m  [90mâ”‚[90m [90m'ë³µí˜¸í™” ê²°ê³¼ : '[90m[37m, [90m[90m'RETURNCODE=0000[39m
[90m  [90mâ”‚[90m &RETURNMSG=%BC%BA%B0%F8&BALANCE=0&O_TID=20260107032520[39m
[90m  [90mâ”‚[90m 1197403400&TID=202601070325221777423400&TRANTIME=03252[39m
[90m  [90mâ”‚[90m 1&TRANDATE=20260107&AMOUNT=301&DEPOSIT_AMT=0'[90m[39m
[90m[39m[90m  â””[39m
[90m[39m[32m  âˆš [39m [90mê²°ê³¼ì½”ë“œ(RETURNCODE) ì •ìƒì¶œë ¥[39m
[32m  âˆš [39m [90mê²°ê³¼ë©”ì„¸ì§€(RETURNMSG) ì •ìƒì¶œë ¥[39m
[32m  âˆš [39m [90mì·¨ì†Œ í›„ ì”ì•¡(BALANCE) ì •ìƒì¶œë ¥[39m
[32m  âˆš [39m [90më‹¤ë‚  ì› ê±°ë˜ í‚¤(O_TID) ì •ìƒì¶œë ¥[39m
[32m  âˆš [39m [90më‹¤ë‚  ê±°ë˜ í‚¤(TID) ì •ìƒì¶œë ¥[39m
[32m  âˆš [39m [90mìŠ¹ì¸ ë°œìƒì‹œê°„(TRANTIME) ì •ìƒì¶œë ¥[39m
[32m  âˆš [39m [90mìŠ¹ì¸ ë°œìƒì¼ì(TRANDATE)[39m
[32m  âˆš [39m [90mìŠ¹ì¸ ì·¨ì†Œ ê¸ˆì•¡(AMOUNT) ì •ìƒì¶œë ¥[39m
[32m  âˆš [39m [90mì»µ ë³´ì¦ê¸ˆ(DEPOSIT_AMT) ì •ìƒì¶œë ¥[39m

â–¡ [0mìš°ë¦¬ë…ìì¹´ë“œ[0m
â”” [0mì •ê¸°ê²°ì œ ìš”ì²­ (OTBILL)[0m
[33m  â”Œ[39m
[33m[39m[90m  [33mâ”‚[90m [90m`Using "CryptoJS" is deprecated. Use "require('cr[39m
[90m  [33mâ”‚[90m ypto-js')" instead.`[90m[39m
[90m[39m[33m  â””[39m
[33m[39m  [90mPOST[39m [90mhttps://tx-creditcard.danalpay.com/credit/?CPID=A010037544&DATA=wcpoTy27mkzR%2FoCmuhu%2BEL1VevUN6wQgs96fAg0NJdKChw9Ccm7hXXJcj%2FUGj%2Bb8z5dq8TvydwIj3RXPjUXi4KzQHH0ZG0DZA03Udge2eI0IsrkEsoTSxKLbYyq5iCvbykTt6GhW9hCDbp8fHC1zGJEYvBJNsjEqz2X9zw2JzcextrJriQhf%2FIUYtULhB8bH62Qdp0SGru%2BMd63vyNOLHA%3D%3D[39m  
  200 OK [90mâ˜…[39m 1480ms [90mtime[39m [90mâ˜…[39m 551B[90mâ†‘[39m 584B[90mâ†“[39m [90msize[39m [90mâ˜…[39m 9[90mâ†‘[39m 4[90mâ†“[39m [90mheaders[39m [90mâ˜…[39m 0 [90mcookies[39m
  [37mâ”Œ[39m [37mâ†“[39m text/plain [90mâ˜…[39m text [90mâ˜…[39m plain [90mâ˜…[39m euc-kr [90mâ˜…[39m 451B
[90m  [37mâ”‚[90m DATA=bH6El5elON5883LB3RlfF1OF1H8eZTXv49wXL8%2FAVeUOrT2[39m
[90m  [37mâ”‚[90m zbTtZtAh642sVeJ6SCEV8X0t3vMfl9ATc0EgMVgs%2BSe2%2BMSDg6[39m
[90m  [37mâ”‚[90m %2FG%2Fhau0IHC6uRVEXMkTT4pGI5qPi%2FROS3w3NCH0Ztiarkom8[39m
[90m  [37mâ”‚[90m C3z33CObOIcCscI3diU%2Btn%2BHHbyMbm4lX4VNIlJ%2BnWQDnYj3[39m
[90m  [37mâ”‚[90m mTp%2FJ48ktguZjekYLB%2F4h9PKy31q1PDFJBDp908enIn8GiwnjK[39m
[90m  [37mâ”‚[90m LFujvrjJ79fIx%2Fpm%2Fdr8ovfwnUY2WupLoLGU%2B%2Bva9dOjV8[39m
[90m  [37mâ”‚[90m HuZ976oRtI7k%2FkYH3Oh%2FjB0mtBN9vN9FZzh4o7gadjKtKwctcz[39m
[90m  [37mâ”‚[90m GXcWPfPJTWSHbhvwf7hlLx0Gej02OQjeIaZdXZjZwdFgjD2DqFvtHb[39m
[90m  [37mâ”‚[90m 7OOpYq3PYBN0A%3D%3D[39m
[90m[39m[37m  â””[39m
  [37mprepare[39m   [37mwait[39m    [37mdns-lookup[39m   [37mtcp-handshake[39m   [37mssl-handshake[39m   [37mtransfer-start[39m   [37mdownload[39m   [37mprocess[39m   [37mtotal[39m  
  [90m388Âµs[39m     [90m137Âµs[39m   [90m(cache)[39m      [90m(cache)[39m         [90m(cache)[39m         [90m1478ms[39m           [90m504Âµs[39m      [90m27Âµs[39m      [90m1479ms[39m 

[33m  â”Œ[39m
[33m[39m[90m  [33mâ”‚[90m [90m`Using "CryptoJS" is deprecated. Use "require('cr[39m
[90m  [33mâ”‚[90m ypto-js')" instead.`[90m[39m
[90m[39m[90m  [90mâ”‚[90m [90m'ë³µí˜¸í™” ê²°ê³¼ : '[90m[37m, [90m[90m'RETURNCODE=0000[39m
[90m  [90mâ”‚[90m &RETURNMSG=%BC%BA%B0%F8&CARDCODE=0907&USERPHONE=&QUOTA[39m
[90m  [90mâ”‚[90m =00&TRANTIME=032525&TRANDATE=20260107&AMOUNT=301&ITEMN[39m
[90m  [90mâ”‚[90m AME=apiautotest&DEPOSIT_AMT=0&TID=20260107032523715743[39m
[90m  [90mâ”‚[90m 3400&ORDERID=&CARDNO=624404******8380&CARDAUTHNO=84142[39m
[90m  [90mâ”‚[90m 097&CARDNAME=%BF%EC%B8%AE%C4%AB%B5%E5&USERNAME=&USERID[39m
[90m  [90mâ”‚[90m =hnkim'[90m[39m
[90m[39m[90m  â””[39m
[90m[39m[32m  âˆš [39m [90mê²°ê³¼ì½”ë“œ(RETURNCODE) ì •ìƒì¶œë ¥[39m
[32m  âˆš [39m [90mê²°ê³¼ë©”ì„¸ì§€(RETURNMSG) ì •ìƒì¶œë ¥[39m
[32m  âˆš [39m [90mì¹´ë“œì‚¬ ì½”ë“œ(CARDCODE ì •ìƒì¶œë ¥[39m
[32m  âˆš [39m [90mêµ¬ë§¤ì ì „í™”ë²ˆí˜¸(USERPHONE) ë¹ˆê°’ í™•ì¸[39m
[32m  âˆš [39m [90mí• ë¶€ ê°œì›” ìˆ˜(QUOTA) ì •ìƒì¶œë ¥[39m
[32m  âˆš [39m [90më§¤ì¶œ ë°œìƒì‹œê°„(TRANTIME) Â±5ì´ˆ ì´ë‚´ ê²€ì¦[39m
[32m  âˆš [39m [90më§¤ì¶œ ë°œìƒì¼ì(TRANDATE) ì •ìƒì¶œë ¥[39m
[32m  âˆš [39m [90mìŠ¹ì¸ê¸ˆì•¡(AMOUNT) ì •ìƒì¶œë ¥[39m
[32m  âˆš [39m [90mìƒí’ˆëª…(ITEMNAME) ì •ìƒì¶œë ¥[39m
[32m  âˆš [39m [90më³´ì¦ê¸ˆ ê¸ˆì•¡(DEPOSIT_AMT) ì •ìƒì¶œë ¥[39m
[32m  âˆš [39m [90më‹¤ë‚  ê±°ë˜ í‚¤(TID) ì •ìƒì¶œë ¥[39m
[32m  âˆš [39m [90mê°€ë§¹ì  ì£¼ë¬¸ë²ˆí˜¸(ORDERID) ë¹ˆê°’ í™•ì¸[39m
[32m  âˆš [39m [90mì¹´ë“œë²ˆí˜¸(CARDNO) ì •ìƒì¶œë ¥[39m
[32m  âˆš [39m [90mê±°ë˜ ìŠ¹ì¸ ë²ˆí˜¸(CARDAUTHNO) ì •ìƒì¶œë ¥[39m
[32m  âˆš [39m [90mì¹´ë“œì‚¬ ëª…(CARDNAME) ì •ìƒì¶œë ¥[39m
[32m  âˆš [39m [90mêµ¬ë§¤ì ì´ë¦„(USERNAME) ì •ìƒì¶œë ¥[39m
[32m  âˆš [39m [90mêµ¬ë§¤ì ID(USERID) ì •ìƒì¶œë ¥[39m

â”” [0mì¹´ë“œ ìŠ¹ì¸ ì·¨ì†Œ (BILLCANCEL)[0m
[33m  â”Œ[39m
[33m[39m[90m  [33mâ”‚[90m [90m`Using "CryptoJS" is deprecated. Use "require('cr[39m
[90m  [33mâ”‚[90m ypto-js')" instead.`[90m[39m
[90m[39m[33m  â””[39m
[33m[39m  [90mPOST[39m [90mhttps://tx-creditcard.danalpay.com/credit/?CPID=A010037544&DATA=8kvDIwvdID7NWcBMND4uDb2ppuKo2%2BiWrblx5stIQOPo4P%2FuZDoHlrFv1RJskL6CWYnLHfbHJpz6ZfJ6BBf%2Bt3TVzF%2B1Ob2LkhkB423BtinjMahbruCwxyzcIMwWzG33[39m  
  200 OK [90mâ˜…[39m 1340ms [90mtime[39m [90mâ˜…[39m 455B[90mâ†‘[39m 390B[90mâ†“[39m [90msize[39m [90mâ˜…[39m 9[90mâ†‘[39m 4[90mâ†“[39m [90mheaders[39m [90mâ˜…[39m 0 [90mcookies[39m
  [37mâ”Œ[39m [37mâ†“[39m text/plain [90mâ˜…[39m text [90mâ˜…[39m plain [90mâ˜…[39m euc-kr [90mâ˜…[39m 257B
[90m  [37mâ”‚[90m DATA=bH6El5elON5883LB3RlfF1OF1H8eZTXv49wXL8%2FAVeVzhHU[39m
[90m  [37mâ”‚[90m 5sdes40grvKmzi%2BrXpEcmh7jL8tvQ8yMKlifmpylxX0kZqcq6zIJ[39m
[90m  [37mâ”‚[90m bsxgmaX0Oa6aVvWjKyXe1J01d5uftj%2BreiA0WLqQe2ea%2B0WAsT[39m
[90m  [37mâ”‚[90m wo6LdvtmHCYnay2eWP8iiGIl9qgVscQJbLku5%2Bz5HsF%2BQL%2Fh[39m
[90m  [37mâ”‚[90m vu2AcgWCsnrDP7ymdGlcx46cgisLfUEOgxMIRw%3D[39m
[90m[39m[37m  â””[39m
  [37mprepare[39m   [37mwait[39m    [37mdns-lookup[39m   [37mtcp-handshake[39m   [37mssl-handshake[39m   [37mtransfer-start[39m   [37mdownload[39m   [37mprocess[39m   [37mtotal[39m  
  [90m404Âµs[39m     [90m142Âµs[39m   [90m(cache)[39m      [90m(cache)[39m         [90m(cache)[39m         [90m1339ms[39m           [90m561Âµs[39m      [90m22Âµs[39m      [90m1340ms[39m 

[33m  â”Œ[39m
[33m[39m[90m  [33mâ”‚[90m [90m`Using "CryptoJS" is deprecated. Use "require('cr[39m
[90m  [33mâ”‚[90m ypto-js')" instead.`[90m[39m
[90m[39m[90m  [90mâ”‚[90m [90m'ë³µí˜¸í™” ê²°ê³¼ : '[90m[37m, [90m[90m'RETURNCODE=0000[39m
[90m  [90mâ”‚[90m &RETURNMSG=%BC%BA%B0%F8&BALANCE=0&O_TID=20260107032523[39m
[90m  [90mâ”‚[90m 7157433400&TID=202601070325253647443400&TRANTIME=03252[39m
[90m  [90mâ”‚[90m 5&TRANDATE=20260107&AMOUNT=301&DEPOSIT_AMT=0'[90m[39m
[90m[39m[90m  â””[39m
[90m[39m[32m  âˆš [39m [90mê²°ê³¼ì½”ë“œ(RETURNCODE) ì •ìƒì¶œë ¥[39m
[32m  âˆš [39m [90mê²°ê³¼ë©”ì„¸ì§€(RETURNMSG) ì •ìƒì¶œë ¥[39m
[32m  âˆš [39m [90mì·¨ì†Œ í›„ ì”ì•¡(BALANCE) ì •ìƒì¶œë ¥[39m
[32m  âˆš [39m [90më‹¤ë‚  ì› ê±°ë˜ í‚¤(O_TID) ì •ìƒì¶œë ¥[39m
[32m  âˆš [39m [90më‹¤ë‚  ê±°ë˜ í‚¤(TID) ì •ìƒì¶œë ¥[39m
[32m  âˆš [39m [90mìŠ¹ì¸ ë°œìƒì‹œê°„(TRANTIME) ì •ìƒì¶œë ¥[39m
[32m  âˆš [39m [90mìŠ¹ì¸ ë°œìƒì¼ì(TRANDATE)[39m
[32m  âˆš [39m [90mìŠ¹ì¸ ì·¨ì†Œ ê¸ˆì•¡(AMOUNT) ì •ìƒì¶œë ¥[39m
[32m  âˆš [39m [90mì»µ ë³´ì¦ê¸ˆ(DEPOSIT_AMT) ì •ìƒì¶œë ¥[39m

â–¡ [0mKbankì¹´ë“œ[0m
â”” [0mì •ê¸°ê²°ì œ ìš”ì²­ (OTBILL)[0m
[33m  â”Œ[39m
[33m[39m[90m  [33mâ”‚[90m [90m`Using "CryptoJS" is deprecated. Use "require('cr[39m
[90m  [33mâ”‚[90m ypto-js')" instead.`[90m[39m
[90m[39m[33m  â””[39m
[33m[39m  [90mPOST[39m [90mhttps://tx-creditcard.danalpay.com/credit/?CPID=A010037544&DATA=wcpoTy27mkzR%2FoCmuhu%2BEL1VevUN6wQgs96fAg0NJdKChw9Ccm7hXXJcj%2FUGj%2Bb8z5dq8TvydwIj3RXPjUXi4KzQHH0ZG0DZA03Udge2eI0IsrkEsoTSxKLbYyq5iCvbykTt6GhW9hCDbp8fHC1zGJEYvBJNsjEqz2X9zw2JzccQmxP3XnXAnB6A1V7j6yFer%2BQE%2Ba1pl7pMnq93f1iTpw%3D%3D[39m  
  200 OK [90mâ˜…[39m 1647ms [90mtime[39m [90mâ˜…[39m 551B[90mâ†‘[39m 572B[90mâ†“[39m [90msize[39m [90mâ˜…[39m 9[90mâ†‘[39m 4[90mâ†“[39m [90mheaders[39m [90mâ˜…[39m 0 [90mcookies[39m
  [37mâ”Œ[39m [37mâ†“[39m text/plain [90mâ˜…[39m text [90mâ˜…[39m plain [90mâ˜…[39m euc-kr [90mâ˜…[39m 439B
[90m  [37mâ”‚[90m DATA=bH6El5elON5883LB3RlfF1OF1H8eZTXv49wXL8%2FAVeUOrT2[39m
[90m  [37mâ”‚[90m zbTtZtAh642sVeJ6SinDkYn9ioJsD8ofeqixaZhafgVzRTFP%2FgCC[39m
[90m  [37mâ”‚[90m FxVS%2FmGZMaf7hV0QhUPR%2FQ%2FP3Tq9aiYPtNGaneHNx1ejGGx6[39m
[90m  [37mâ”‚[90m RdEND0xObI6oG1rcUK4Kd1J310v9Itv4xY4NFS3n4vdt%2FA395Z8G[39m
[90m  [37mâ”‚[90m tTgEmHSNQQp8KsdlcRha%2BpaedCrIQASz8Lysfy8ps1opIYWy1nXk[39m
[90m  [37mâ”‚[90m bHTpvanXfVaelzs%2FKgjrrleAd6GRyzXg46652jsGtv9Ioc%2F5Hf[39m
[90m  [37mâ”‚[90m VudP9rH7vda0h9Vi6eFWa7IimdNRYWYFAYHKawIsYB0WqTTm9R8H7J[39m
[90m  [37mâ”‚[90m H9Gi9kssQ5KROhjgPDX45sbiKWP3Xb%2BIC6%2FSUt2P0Im978dLEI[39m
[90m  [37mâ”‚[90m Q%3D%3D[39m
[90m[39m[37m  â””[39m
  [37mprepare[39m   [37mwait[39m    [37mdns-lookup[39m   [37mtcp-handshake[39m   [37mssl-handshake[39m   [37mtransfer-start[39m   [37mdownload[39m   [37mprocess[39m   [37mtotal[39m  
  [90m350Âµs[39m     [90m141Âµs[39m   [90m(cache)[39m      [90m(cache)[39m         [90m(cache)[39m         [90m1645ms[39m           [90m730Âµs[39m      [90m17Âµs[39m      [90m1647ms[39m 

[33m  â”Œ[39m
[33m[39m[90m  [33mâ”‚[90m [90m`Using "CryptoJS" is deprecated. Use "require('cr[39m
[90m  [33mâ”‚[90m ypto-js')" instead.`[90m[39m
[90m[39m[90m  [90mâ”‚[90m [90m'ë³µí˜¸í™” ê²°ê³¼ : '[90m[37m, [90m[90m'RETURNCODE=0000[39m
[90m  [90mâ”‚[90m &RETURNMSG=%BC%BA%B0%F8&CARDCODE=0921&USERPHONE=&QUOTA[39m
[90m  [90mâ”‚[90m =00&TRANTIME=032528&TRANDATE=20260107&AMOUNT=301&ITEMN[39m
[90m  [90mâ”‚[90m AME=apiautotest&DEPOSIT_AMT=0&TID=20260107032526874746[39m
[90m  [90mâ”‚[90m 3400&ORDERID=&CARDNO=485462******0767&CARDAUTHNO=39133[39m
[90m  [90mâ”‚[90m 761&CARDNAME=%C4%C9%C0%CC%B9%F0%C5%A9%C4%AB%B5%E5&USER[39m
[90m  [90mâ”‚[90m NAME=&USERID=hnkim'[90m[39m
[90m[39m[90m  â””[39m
[90m[39m[32m  âˆš [39m [90mê²°ê³¼ì½”ë“œ(RETURNCODE) ì •ìƒì¶œë ¥[39m
[32m  âˆš [39m [90mê²°ê³¼ë©”ì„¸ì§€(RETURNMSG) ì •ìƒì¶œë ¥[39m
[32m  âˆš [39m [90mì¹´ë“œì‚¬ ì½”ë“œ(CARDCODE ì •ìƒì¶œë ¥[39m
[32m  âˆš [39m [90mêµ¬ë§¤ì ì „í™”ë²ˆí˜¸(USERPHONE) ë¹ˆê°’ í™•ì¸[39m
[32m  âˆš [39m [90mí• ë¶€ ê°œì›” ìˆ˜(QUOTA) ì •ìƒì¶œë ¥[39m
[32m  âˆš [39m [90më§¤ì¶œ ë°œìƒì‹œê°„(TRANTIME) Â±5ì´ˆ ì´ë‚´ ê²€ì¦[39m
[32m  âˆš [39m [90më§¤ì¶œ ë°œìƒì¼ì(TRANDATE) ì •ìƒì¶œë ¥[39m
[32m  âˆš [39m [90mìŠ¹ì¸ê¸ˆì•¡(AMOUNT) ì •ìƒì¶œë ¥[39m
[32m  âˆš [39m [90mìƒí’ˆëª…(ITEMNAME) ì •ìƒì¶œë ¥[39m
[32m  âˆš [39m [90më³´ì¦ê¸ˆ ê¸ˆì•¡(DEPOSIT_AMT) ì •ìƒì¶œë ¥[39m
[32m  âˆš [39m [90më‹¤ë‚  ê±°ë˜ í‚¤(TID) ì •ìƒì¶œë ¥[39m
[32m  âˆš [39m [90mê°€ë§¹ì  ì£¼ë¬¸ë²ˆí˜¸(ORDERID) ë¹ˆê°’ í™•ì¸[39m
[32m  âˆš [39m [90mì¹´ë“œë²ˆí˜¸(CARDNO) ì •ìƒì¶œë ¥[39m
[32m  âˆš [39m [90mê±°ë˜ ìŠ¹ì¸ ë²ˆí˜¸(CARDAUTHNO) ì •ìƒì¶œë ¥[39m
[32m  âˆš [39m [90mì¹´ë“œì‚¬ ëª…(CARDNAME) ì •ìƒì¶œë ¥[39m
[32m  âˆš [39m [90mêµ¬ë§¤ì ì´ë¦„(USERNAME) ì •ìƒì¶œë ¥[39m
[32m  âˆš [39m [90mêµ¬ë§¤ì ID(USERID) ì •ìƒì¶œë ¥[39m

â”” [0mì¹´ë“œ ìŠ¹ì¸ ì·¨ì†Œ (BILLCANCEL)[0m
[33m  â”Œ[39m
[33m[39m[90m  [33mâ”‚[90m [90m`Using "CryptoJS" is deprecated. Use "require('cr[39m
[90m  [33mâ”‚[90m ypto-js')" instead.`[90m[39m
[90m[39m[33m  â””[39m
[33m[39m  [90mPOST[39m [90mhttps://tx-creditcard.danalpay.com/credit/?CPID=A010037544&DATA=8kvDIwvdID7NWcBMND4uDcb%2FtuT9fzemstg5N7DeOG2AhGESFDDgdaWjwJMV58XROPVrszqqqp74w0HgzkLM35CjftpwNS7cleaezUrUkzWtTZSAe8fyRboFReF2seby[39m  
  200 OK [90mâ˜…[39m 1363ms [90mtime[39m [90mâ˜…[39m 449B[90mâ†‘[39m 388B[90mâ†“[39m [90msize[39m [90mâ˜…[39m 9[90mâ†‘[39m 4[90mâ†“[39m [90mheaders[39m [90mâ˜…[39m 0 [90mcookies[39m
  [37mâ”Œ[39m [37mâ†“[39m text/plain [90mâ˜…[39m text [90mâ˜…[39m plain [90mâ˜…[39m euc-kr [90mâ˜…[39m 255B
[90m  [37mâ”‚[90m DATA=bH6El5elON5883LB3RlfF1OF1H8eZTXv49wXL8%2FAVeVzhHU[39m
[90m  [37mâ”‚[90m 5sdes40grvKmzi%2BrXpEcmh7jL8tvQ8yMKlifmp7kRlT28zL%2FKD[39m
[90m  [37mâ”‚[90m gaIPRsy0yu1leR4thwZ%2F4lMgQ0Fx0nc7gwwMgVOvmxB9cgKAcQcd[39m
[90m  [37mâ”‚[90m 1yA2ddbNI8C6e7eNaOOBqFdyDZV%2B6hYyrHn3MtJkjt9H2qObwien[39m
[90m  [37mâ”‚[90m Y9VN1ExFWYCsdE%2BJj5pwaoZwefST8C6ziI%3D[39m
[90m[39m[37m  â””[39m
  [37mprepare[39m   [37mwait[39m    [37mdns-lookup[39m   [37mtcp-handshake[39m   [37mssl-handshake[39m   [37mtransfer-start[39m   [37mdownload[39m   [37mprocess[39m   [37mtotal[39m  
  [90m556Âµs[39m     [90m172Âµs[39m   [90m(cache)[39m      [90m(cache)[39m         [90m(cache)[39m         [90m1361ms[39m           [90m518Âµs[39m      [90m20Âµs[39m      [90m1362ms[39m 

[33m  â”Œ[39m
[33m[39m[90m  [33mâ”‚[90m [90m`Using "CryptoJS" is deprecated. Use "require('cr[39m
[90m  [33mâ”‚[90m ypto-js')" instead.`[90m[39m
[90m[39m[90m  [90mâ”‚[90m [90m'ë³µí˜¸í™” ê²°ê³¼ : '[90m[37m, [90m[90m'RETURNCODE=0000[39m
[90m  [90mâ”‚[90m &RETURNMSG=%BC%BA%B0%F8&BALANCE=0&O_TID=20260107032526[39m
[90m  [90mâ”‚[90m 8747463400&TID=202601070325286907473400&TRANTIME=03252[39m
[90m  [90mâ”‚[90m 8&TRANDATE=20260107&AMOUNT=301&DEPOSIT_AMT=0'[90m[39m
[90m[39m[90m  â””[39m
[90m[39m[32m  âˆš [39m [90mê²°ê³¼ì½”ë“œ(RETURNCODE) ì •ìƒì¶œë ¥[39m
[32m  âˆš [39m [90mê²°ê³¼ë©”ì„¸ì§€(RETURNMSG) ì •ìƒì¶œë ¥[39m
[32m  âˆš [39m [90mì·¨ì†Œ í›„ ì”ì•¡(BALANCE) ì •ìƒì¶œë ¥[39m
[32m  âˆš [39m [90më‹¤ë‚  ì› ê±°ë˜ í‚¤(O_TID) ì •ìƒì¶œë ¥[39m
[32m  âˆš [39m [90më‹¤ë‚  ê±°ë˜ í‚¤(TID) ì •ìƒì¶œë ¥[39m
[32m  âˆš [39m [90mìŠ¹ì¸ ë°œìƒì‹œê°„(TRANTIME) ì •ìƒì¶œë ¥[39m
[32m  âˆš [39m [90mìŠ¹ì¸ ë°œìƒì¼ì(TRANDATE)[39m
[32m  âˆš [39m [90mìŠ¹ì¸ ì·¨ì†Œ ê¸ˆì•¡(AMOUNT) ì •ìƒì¶œë ¥[39m
[32m  âˆš [39m [90mì»µ ë³´ì¦ê¸ˆ(DEPOSIT_AMT) ì •ìƒì¶œë ¥[39m

â–¡ [0më¡¯ë°ì¹´ë“œ[0m
â”” [0mì •ê¸°ê²°ì œ ìš”ì²­ (OTBILL)[0m
[33m  â”Œ[39m
[33m[39m[90m  [33mâ”‚[90m [90m`Using "CryptoJS" is deprecated. Use "require('cr[39m
[90m  [33mâ”‚[90m ypto-js')" instead.`[90m[39m
[90m[39m[33m  â””[39m
[33m[39m  [90mPOST[39m [90mhttps://tx-creditcard.danalpay.com/credit/?CPID=A010037544&DATA=wcpoTy27mkzR%2FoCmuhu%2BEL1VevUN6wQgs96fAg0NJdKChw9Ccm7hXXJcj%2FUGj%2Bb8z5dq8TvydwIj3RXPjUXi4KzQHH0ZG0DZA03Udge2eI0IsrkEsoTSxKLbYyq5iCvbykTt6GhW9hCDbp8fHC1zGJEYvBJNsjEqz2X9zw2JzcfDPdPuA9czR8Lb0T%2Ba0ODlNEPIdgayTwp7V1JVXixp1g%3D%3D[39m  
  200 OK [90mâ˜…[39m 1286ms [90mtime[39m [90mâ˜…[39m 549B[90mâ†‘[39m 570B[90mâ†“[39m [90msize[39m [90mâ˜…[39m 9[90mâ†‘[39m 4[90mâ†“[39m [90mheaders[39m [90mâ˜…[39m 0 [90mcookies[39m
  [37mâ”Œ[39m [37mâ†“[39m text/plain [90mâ˜…[39m text [90mâ˜…[39m plain [90mâ˜…[39m euc-kr [90mâ˜…[39m 437B
[90m  [37mâ”‚[90m DATA=bH6El5elON5883LB3RlfF1OF1H8eZTXv49wXL8%2FAVeUOrT2[39m
[90m  [37mâ”‚[90m zbTtZtAh642sVeJ6StsCSLQrHY87ecb4BS7M9WO73D7od%2BJSwkFn[39m
[90m  [37mâ”‚[90m jsLRsnIYrSjIBbbaS65dl2PTmHFEw1GEXbyEvsskHSzh1wzoiFQrJX[39m
[90m  [37mâ”‚[90m vcP28G2fMyszdGjy0SO7oU8hbo1qddVJST19KZnLCnZlkS1vrvDZ2T[39m
[90m  [37mâ”‚[90m 0snvGSfxuHjmc9WB%2BVGHS7c1qr%2F%2FRni21BAIYKIOg4VDtOc7[39m
[90m  [37mâ”‚[90m UEyfUPoaeDpQ0nQXz5WKajVvEW9CuFn8uVssM8rlO1CkIg5ZSEM3CA[39m
[90m  [37mâ”‚[90m SZ3x80jS%2BZW%2B%2B0YOpX%2BSePvuT4JSfgiGOO1DoNRPSVav08[39m
[90m  [37mâ”‚[90m CqxGstMG3k8q%2FnIzFJyu2O0ZTghaads5f7PTWoUvOh5iJ5ikgTQ%[39m
[90m  [37mâ”‚[90m 3D%3D[39m
[90m[39m[37m  â””[39m
  [37mprepare[39m   [37mwait[39m    [37mdns-lookup[39m   [37mtcp-handshake[39m   [37mssl-handshake[39m   [37mtransfer-start[39m   [37mdownload[39m   [37mprocess[39m   [37mtotal[39m  
  [90m460Âµs[39m     [90m175Âµs[39m   [90m(cache)[39m      [90m(cache)[39m         [90m(cache)[39m         [90m1284ms[39m           [90m512Âµs[39m      [90m22Âµs[39m      [90m1286ms[39m 

[33m  â”Œ[39m
[33m[39m[90m  [33mâ”‚[90m [90m`Using "CryptoJS" is deprecated. Use "require('cr[39m
[90m  [33mâ”‚[90m ypto-js')" instead.`[90m[39m
[90m[39m[90m  [90mâ”‚[90m [90m'ë³µí˜¸í™” ê²°ê³¼ : '[90m[37m, [90m[90m'RETURNCODE=0000[39m
[90m  [90mâ”‚[90m &RETURNMSG=%BC%BA%B0%F8&CARDCODE=0700&USERPHONE=&QUOTA[39m
[90m  [90mâ”‚[90m =00&TRANTIME=032531&TRANDATE=20260107&AMOUNT=301&ITEMN[39m
[90m  [90mâ”‚[90m AME=apiautotest&DEPOSIT_AMT=0&TID=20260107032530213748[39m
[90m  [90mâ”‚[90m 3400&ORDERID=&CARDNO=513792******3380&CARDAUTHNO=20113[39m
[90m  [90mâ”‚[90m 217&CARDNAME=%B7%D4%B5%A5%C4%AB%B5%E5&USERNAME=&USERID[39m
[90m  [90mâ”‚[90m =hnkim'[90m[39m
[90m[39m[90m  â””[39m
[90m[39m[32m  âˆš [39m [90mê²°ê³¼ì½”ë“œ(RETURNCODE) ì •ìƒì¶œë ¥[39m
[32m  âˆš [39m [90mê²°ê³¼ë©”ì„¸ì§€(RETURNMSG) ì •ìƒì¶œë ¥[39m
[32m  âˆš [39m [90mì¹´ë“œì‚¬ ì½”ë“œ(CARDCODE ì •ìƒì¶œë ¥[39m
[32m  âˆš [39m [90mêµ¬ë§¤ì ì „í™”ë²ˆí˜¸(USERPHONE) ë¹ˆê°’ í™•ì¸[39m
[32m  âˆš [39m [90mí• ë¶€ ê°œì›” ìˆ˜(QUOTA) ì •ìƒì¶œë ¥[39m
[32m  âˆš [39m [90më§¤ì¶œ ë°œìƒì‹œê°„(TRANTIME) Â±5ì´ˆ ì´ë‚´ ê²€ì¦[39m
[32m  âˆš [39m [90më§¤ì¶œ ë°œìƒì¼ì(TRANDATE) ì •ìƒì¶œë ¥[39m
[32m  âˆš [39m [90mìŠ¹ì¸ê¸ˆì•¡(AMOUNT) ì •ìƒì¶œë ¥[39m
[32m  âˆš [39m [90mìƒí’ˆëª…(ITEMNAME) ì •ìƒì¶œë ¥[39m
[32m  âˆš [39m [90më³´ì¦ê¸ˆ ê¸ˆì•¡(DEPOSIT_AMT) ì •ìƒì¶œë ¥[39m
[32m  âˆš [39m [90më‹¤ë‚  ê±°ë˜ í‚¤(TID) ì •ìƒì¶œë ¥[39m
[32m  âˆš [39m [90mê°€ë§¹ì  ì£¼ë¬¸ë²ˆí˜¸(ORDERID) ë¹ˆê°’ í™•ì¸[39m
[32m  âˆš [39m [90mì¹´ë“œë²ˆí˜¸(CARDNO) ì •ìƒì¶œë ¥[39m
[32m  âˆš [39m [90mê±°ë˜ ìŠ¹ì¸ ë²ˆí˜¸(CARDAUTHNO) ì •ìƒì¶œë ¥[39m
[32m  âˆš [39m [90mì¹´ë“œì‚¬ ëª…(CARDNAME) ì •ìƒì¶œë ¥[39m
[32m  âˆš [39m [90mêµ¬ë§¤ì ì´ë¦„(USERNAME) ì •ìƒì¶œë ¥[39m
[32m  âˆš [39m [90mêµ¬ë§¤ì ID(USERID) ì •ìƒì¶œë ¥[39m

â”” [0mì¹´ë“œ ìŠ¹ì¸ ì·¨ì†Œ (BILLCANCEL)[0m
[33m  â”Œ[39m
[33m[39m[90m  [33mâ”‚[90m [90m`Using "CryptoJS" is deprecated. Use "require('cr[39m
[90m  [33mâ”‚[90m ypto-js')" instead.`[90m[39m
[90m[39m[33m  â””[39m
[33m[39m  [90mPOST[39m [90mhttps://tx-creditcard.danalpay.com/credit/?CPID=A010037544&DATA=8kvDIwvdID7NWcBMND4uDTFp2cuGQxSRyYjsTJ7lpm5CkVWvyh0YzOKrJktPoRGu92Sv8I1KmIxHH6gpKtdSvWuvREYULOef1wsD0BorbAaoOMEFlb9RVerNo0FfIfpG[39m  
  200 OK [90mâ˜…[39m 1306ms [90mtime[39m [90mâ˜…[39m 447B[90mâ†‘[39m 392B[90mâ†“[39m [90msize[39m [90mâ˜…[39m 9[90mâ†‘[39m 4[90mâ†“[39m [90mheaders[39m [90mâ˜…[39m 0 [90mcookies[39m
  [37mâ”Œ[39m [37mâ†“[39m text/plain [90mâ˜…[39m text [90mâ˜…[39m plain [90mâ˜…[39m euc-kr [90mâ˜…[39m 259B
[90m  [37mâ”‚[90m DATA=bH6El5elON5883LB3RlfF1OF1H8eZTXv49wXL8%2FAVeVzhHU[39m
[90m  [37mâ”‚[90m 5sdes40grvKmzi%2BrXpEcmh7jL8tvQ8yMKlifmp4qauPKrEspVFEc[39m
[90m  [37mâ”‚[90m hClUS4VtMDoa%2BqX48omK6x9u3ygtE8mwTs19qS%2BlS1CzSRKH6O[39m
[90m  [37mâ”‚[90m 3RhaRpl6OhePjcNouD%2BSiMBGdDHHU%2Bg4wdzqHO9ZxWNM%2BRvz[39m
[90m  [37mâ”‚[90m 2KqZnFxNBy3TgLzV9yWFjCsJSf%2FDGk7DYdMceE%3D[39m
[90m[39m[37m  â””[39m
  [37mprepare[39m   [37mwait[39m    [37mdns-lookup[39m   [37mtcp-handshake[39m   [37mssl-handshake[39m   [37mtransfer-start[39m   [37mdownload[39m   [37mprocess[39m   [37mtotal[39m  
  [90m767Âµs[39m     [90m159Âµs[39m   [90m(cache)[39m      [90m(cache)[39m         [90m(cache)[39m         [90m1304ms[39m           [90m334Âµs[39m      [90m15Âµs[39m      [90m1306ms[39m 

[33m  â”Œ[39m
[33m[39m[90m  [33mâ”‚[90m [90m`Using "CryptoJS" is deprecated. Use "require('cr[39m
[90m  [33mâ”‚[90m ypto-js')" instead.`[90m[39m
[90m[39m[90m  [90mâ”‚[90m [90m'ë³µí˜¸í™” ê²°ê³¼ : '[90m[37m, [90m[90m'RETURNCODE=0000[39m
[90m  [90mâ”‚[90m &RETURNMSG=%BC%BA%B0%F8&BALANCE=0&O_TID=20260107032530[39m
[90m  [90mâ”‚[90m 2137483400&TID=202601070325316607493400&TRANTIME=03253[39m
[90m  [90mâ”‚[90m 1&TRANDATE=20260107&AMOUNT=301&DEPOSIT_AMT=0'[90m[39m
[90m[39m[90m  â””[39m
[90m[39m[32m  âˆš [39m [90mê²°ê³¼ì½”ë“œ(RETURNCODE) ì •ìƒì¶œë ¥[39m
[32m  âˆš [39m [90mê²°ê³¼ë©”ì„¸ì§€(RETURNMSG) ì •ìƒì¶œë ¥[39m
[32m  âˆš [39m [90mì·¨ì†Œ í›„ ì”ì•¡(BALANCE) ì •ìƒì¶œë ¥[39m
[32m  âˆš [39m [90më‹¤ë‚  ì› ê±°ë˜ í‚¤(O_TID) ì •ìƒì¶œë ¥[39m
[32m  âˆš [39m [90më‹¤ë‚  ê±°ë˜ í‚¤(TID) ì •ìƒì¶œë ¥[39m
[32m  âˆš [39m [90mìŠ¹ì¸ ë°œìƒì‹œê°„(TRANTIME) ì •ìƒì¶œë ¥[39m
[32m  âˆš [39m [90mìŠ¹ì¸ ë°œìƒì¼ì(TRANDATE)[39m
[32m  âˆš [39m [90mìŠ¹ì¸ ì·¨ì†Œ ê¸ˆì•¡(AMOUNT) ì •ìƒì¶œë ¥[39m
[32m  âˆš [39m [90mì»µ ë³´ì¦ê¸ˆ(DEPOSIT_AMT) ì •ìƒì¶œë ¥[39m

[90mâ”Œâ”€â”€â”€â”€â”€â”€â”€â”€â”€â”€â”€â”€â”€â”€â”€â”€â”€â”€â”€â”€â”€â”€â”€â”€â”€[39m[90mâ”¬â”€â”€â”€â”€â”€â”€â”€â”€â”€â”€â”€â”€â”€â”€â”€â”€â”€â”€â”€â”€â”€â”€[39m[90mâ”¬â”€â”€â”€â”€â”€â”€â”€â”€â”€â”€â”€â”€â”€â”€â”€â”€â”€â”€â”€â”€â”€â”€â”[39m
[90mâ”‚[39m                         [90mâ”‚[39m             executed [90mâ”‚[39m               failed [90mâ”‚[39m
[90mâ”œâ”€â”€â”€â”€â”€â”€â”€â”€â”€â”€â”€â”€â”€â”€â”€â”€â”€â”€â”€â”€â”€â”€â”€â”€â”€[39m[90mâ”¼â”€â”€â”€â”€â”€â”€â”€â”€â”€â”€â”€â”€â”€â”€â”€â”€â”€â”€â”€â”€â”€â”€[39m[90mâ”¼â”€â”€â”€â”€â”€â”€â”€â”€â”€â”€â”€â”€â”€â”€â”€â”€â”€â”€â”€â”€â”€â”€â”¤[39m
[90mâ”‚[39m              [32miterations[39m [90mâ”‚[39m                    1 [90mâ”‚[39m                    0 [90mâ”‚[39m
[90mâ”œâ”€â”€â”€â”€â”€â”€â”€â”€â”€â”€â”€â”€â”€â”€â”€â”€â”€â”€â”€â”€â”€â”€â”€â”€â”€[39m[90mâ”¼â”€â”€â”€â”€â”€â”€â”€â”€â”€â”€â”€â”€â”€â”€â”€â”€â”€â”€â”€â”€â”€â”€[39m[90mâ”¼â”€â”€â”€â”€â”€â”€â”€â”€â”€â”€â”€â”€â”€â”€â”€â”€â”€â”€â”€â”€â”€â”€â”¤[39m
[90mâ”‚[39m                [32mrequests[39m [90mâ”‚[39m                   21 [90mâ”‚[39m                    0 [90mâ”‚[39m
[90mâ”œâ”€â”€â”€â”€â”€â”€â”€â”€â”€â”€â”€â”€â”€â”€â”€â”€â”€â”€â”€â”€â”€â”€â”€â”€â”€[39m[90mâ”¼â”€â”€â”€â”€â”€â”€â”€â”€â”€â”€â”€â”€â”€â”€â”€â”€â”€â”€â”€â”€â”€â”€[39m[90mâ”¼â”€â”€â”€â”€â”€â”€â”€â”€â”€â”€â”€â”€â”€â”€â”€â”€â”€â”€â”€â”€â”€â”€â”¤[39m
[90mâ”‚[39m            [32mtest-scripts[39m [90mâ”‚[39m                   21 [90mâ”‚[39m                    0 [90mâ”‚[39m
[90mâ”œâ”€â”€â”€â”€â”€â”€â”€â”€â”€â”€â”€â”€â”€â”€â”€â”€â”€â”€â”€â”€â”€â”€â”€â”€â”€[39m[90mâ”¼â”€â”€â”€â”€â”€â”€â”€â”€â”€â”€â”€â”€â”€â”€â”€â”€â”€â”€â”€â”€â”€â”€[39m[90mâ”¼â”€â”€â”€â”€â”€â”€â”€â”€â”€â”€â”€â”€â”€â”€â”€â”€â”€â”€â”€â”€â”€â”€â”¤[39m
[90mâ”‚[39m      [32mprerequest-scripts[39m [90mâ”‚[39m                   21 [90mâ”‚[39m                    0 [90mâ”‚[39m
[90mâ”œâ”€â”€â”€â”€â”€â”€â”€â”€â”€â”€â”€â”€â”€â”€â”€â”€â”€â”€â”€â”€â”€â”€â”€â”€â”€[39m[90mâ”¼â”€â”€â”€â”€â”€â”€â”€â”€â”€â”€â”€â”€â”€â”€â”€â”€â”€â”€â”€â”€â”€â”€[39m[90mâ”¼â”€â”€â”€â”€â”€â”€â”€â”€â”€â”€â”€â”€â”€â”€â”€â”€â”€â”€â”€â”€â”€â”€â”¤[39m
[90mâ”‚[39m              [32massertions[39m [90mâ”‚[39m                  250 [90mâ”‚[39m                    0 [90mâ”‚[39m
[90mâ”œâ”€â”€â”€â”€â”€â”€â”€â”€â”€â”€â”€â”€â”€â”€â”€â”€â”€â”€â”€â”€â”€â”€â”€â”€â”€â”´â”€â”€â”€â”€â”€â”€â”€â”€â”€â”€â”€â”€â”€â”€â”€â”€â”€â”€â”€â”€â”€â”€â”´â”€â”€â”€â”€â”€â”€â”€â”€â”€â”€â”€â”€â”€â”€â”€â”€â”€â”€â”€â”€â”€â”€â”¤[39m
[90mâ”‚[39m total run duration: 29.9s                                             [90mâ”‚[39m
[90mâ”œâ”€â”€â”€â”€â”€â”€â”€â”€â”€â”€â”€â”€â”€â”€â”€â”€â”€â”€â”€â”€â”€â”€â”€â”€â”€â”€â”€â”€â”€â”€â”€â”€â”€â”€â”€â”€â”€â”€â”€â”€â”€â”€â”€â”€â”€â”€â”€â”€â”€â”€â”€â”€â”€â”€â”€â”€â”€â”€â”€â”€â”€â”€â”€â”€â”€â”€â”€â”€â”€â”€â”€â”¤[39m
[90mâ”‚[39m total data received: 8.01kB (approx)                                  [90mâ”‚[39m
[90mâ”œâ”€â”€â”€â”€â”€â”€â”€â”€â”€â”€â”€â”€â”€â”€â”€â”€â”€â”€â”€â”€â”€â”€â”€â”€â”€â”€â”€â”€â”€â”€â”€â”€â”€â”€â”€â”€â”€â”€â”€â”€â”€â”€â”€â”€â”€â”€â”€â”€â”€â”€â”€â”€â”€â”€â”€â”€â”€â”€â”€â”€â”€â”€â”€â”€â”€â”€â”€â”€â”€â”€â”€â”¤[39m
[90mâ”‚[39m average response time: 1263ms [min: 19ms, max: 1899ms, s.d.: 475ms]   [90mâ”‚[39m
[90mâ”œâ”€â”€â”€â”€â”€â”€â”€â”€â”€â”€â”€â”€â”€â”€â”€â”€â”€â”€â”€â”€â”€â”€â”€â”€â”€â”€â”€â”€â”€â”€â”€â”€â”€â”€â”€â”€â”€â”€â”€â”€â”€â”€â”€â”€â”€â”€â”€â”€â”€â”€â”€â”€â”€â”€â”€â”€â”€â”€â”€â”€â”€â”€â”€â”€â”€â”€â”€â”€â”€â”€â”€â”¤[39m
[90mâ”‚[39m average DNS lookup time: 368ms [min: 368ms, max: 368ms, s.d.: 0Âµs]    [90mâ”‚[39m
[90mâ”œâ”€â”€â”€â”€â”€â”€â”€â”€â”€â”€â”€â”€â”€â”€â”€â”€â”€â”€â”€â”€â”€â”€â”€â”€â”€â”€â”€â”€â”€â”€â”€â”€â”€â”€â”€â”€â”€â”€â”€â”€â”€â”€â”€â”€â”€â”€â”€â”€â”€â”€â”€â”€â”€â”€â”€â”€â”€â”€â”€â”€â”€â”€â”€â”€â”€â”€â”€â”€â”€â”€â”€â”¤[39m
[90mâ”‚[39m average first byte time: 1243ms [min: 18ms, max: 1898ms, s.d.: 514ms] [90mâ”‚[39m
[90mâ””â”€â”€â”€â”€â”€â”€â”€â”€â”€â”€â”€â”€â”€â”€â”€â”€â”€â”€â”€â”€â”€â”€â”€â”€â”€â”€â”€â”€â”€â”€â”€â”€â”€â”€â”€â”€â”€â”€â”€â”€â”€â”€â”€â”€â”€â”€â”€â”€â”€â”€â”€â”€â”€â”€â”€â”€â”€â”€â”€â”€â”€â”€â”€â”€â”€â”€â”€â”€â”€â”€â”€â”˜[39m
